[ T - Deposit ]
    title = [t-deposit: icntl=0]
     mesh =  xyz            # mesh type is xyz scoring mesh
   x-type =    2            # x-mesh is linear given by xmin, xmax and nx
     xmin = -0.1000000      # minimum value of x-mesh points
     xmax =  0.1000000      # maximum value of x-mesh points
#    xdel =  0.2000000      # mesh width of x-mesh points
       nx =    1            # number of x-mesh points
#    data = ( x(i), i = 1, nx + 1 )
#          -1.00000E-01  1.00000E-01
   y-type =    2            # y-mesh is linear given by ymin, ymax and ny
     ymin =   0.000000      # minimum value of y-mesh points
     ymax =   30.00000      # maximum value of y-mesh points
#    ydel =  0.2000000      # mesh width of y-mesh points
       ny =  150            # number of y-mesh points
#    data = ( y(i), i = 1, ny + 1 )
#           0.00000E+00  2.00000E-01  4.00000E-01  6.00000E-01  8.00000E-01
#           1.00000E+00  1.20000E+00  1.40000E+00  1.60000E+00  1.80000E+00
#           2.00000E+00  2.20000E+00  2.40000E+00  2.60000E+00  2.80000E+00
#           3.00000E+00  3.20000E+00  3.40000E+00  3.60000E+00  3.80000E+00
#           4.00000E+00  4.20000E+00  4.40000E+00  4.60000E+00  4.80000E+00
#           5.00000E+00  5.20000E+00  5.40000E+00  5.60000E+00  5.80000E+00
#           6.00000E+00  6.20000E+00  6.40000E+00  6.60000E+00  6.80000E+00
#           7.00000E+00  7.20000E+00  7.40000E+00  7.60000E+00  7.80000E+00
#           8.00000E+00  8.20000E+00  8.40000E+00  8.60000E+00  8.80000E+00
#           9.00000E+00  9.20000E+00  9.40000E+00  9.60000E+00  9.80000E+00
#           1.00000E+01  1.02000E+01  1.04000E+01  1.06000E+01  1.08000E+01
#           1.10000E+01  1.12000E+01  1.14000E+01  1.16000E+01  1.18000E+01
#           1.20000E+01  1.22000E+01  1.24000E+01  1.26000E+01  1.28000E+01
#           1.30000E+01  1.32000E+01  1.34000E+01  1.36000E+01  1.38000E+01
#           1.40000E+01  1.42000E+01  1.44000E+01  1.46000E+01  1.48000E+01
#           1.50000E+01  1.52000E+01  1.54000E+01  1.56000E+01  1.58000E+01
#           1.60000E+01  1.62000E+01  1.64000E+01  1.66000E+01  1.68000E+01
#           1.70000E+01  1.72000E+01  1.74000E+01  1.76000E+01  1.78000E+01
#           1.80000E+01  1.82000E+01  1.84000E+01  1.86000E+01  1.88000E+01
#           1.90000E+01  1.92000E+01  1.94000E+01  1.96000E+01  1.98000E+01
#           2.00000E+01  2.02000E+01  2.04000E+01  2.06000E+01  2.08000E+01
#           2.10000E+01  2.12000E+01  2.14000E+01  2.16000E+01  2.18000E+01
#           2.20000E+01  2.22000E+01  2.24000E+01  2.26000E+01  2.28000E+01
#           2.30000E+01  2.32000E+01  2.34000E+01  2.36000E+01  2.38000E+01
#           2.40000E+01  2.42000E+01  2.44000E+01  2.46000E+01  2.48000E+01
#           2.50000E+01  2.52000E+01  2.54000E+01  2.56000E+01  2.58000E+01
#           2.60000E+01  2.62000E+01  2.64000E+01  2.66000E+01  2.68000E+01
#           2.70000E+01  2.72000E+01  2.74000E+01  2.76000E+01  2.78000E+01
#           2.80000E+01  2.82000E+01  2.84000E+01  2.86000E+01  2.88000E+01
#           2.90000E+01  2.92000E+01  2.94000E+01  2.96000E+01  2.98000E+01
#           3.00000E+01
   z-type =    2            # z-mesh is linear given by zmin, zmax and nz
     zmin = -0.1000000      # minimum value of z-mesh points
     zmax =  0.1000000      # maximum value of z-mesh points
#    zdel =  0.2000000      # mesh width of z-mesh points
       nz =    1            # number of z-mesh points
#    data = ( z(i), i = 1, nz + 1 )
#          -1.00000E-01  1.00000E-01
     unit =    0            # unit is [Gy/source]
   letmat =    0            # (D=0) mat ID for LET, 0:real mat, <0: electron for H2O
  dedxfnc =    0            # (D=0) user defined multiplier, 0(no), 1, 2
 material =  all            # (D=all) number of specific material
   output =  dose           # total deposit energy
  deposit =    0            # (D=0) 0-> total deposit dist, 1-> each process
     axis =     y           # axis of output
     file = deposit-y-water.out  # file name of output for the above axis
     part =  all      
# kf/name :  0        
   epsout =    1            # (D=0) generate eps file by ANGEL
#    used :        main (  %)        temp (  %)       total (  %)
#  memory :         158 (  0)           0 (  0)         158 (  0)

#------------------------------------------------------------------------------
#newpage:
#   no. =  1   ix  =  1   iz  =  1
#   x = (  -1.0000E-01  -   1.0000E-01  )
#   z = (  -1.0000E-01  -   1.0000E-01  )

x: y [cm]
y: Dose [Gy/source]      
p: xlin ylog afac(0.8) form(0.9)
h: n            x            y(all     ),hh0l   n 
#  y-lower      y-upper      all         r.err 
   0.0000E+00   2.0000E-01   8.4989E-14  0.0101
   2.0000E-01   4.0000E-01   1.4480E-13  0.0100
   4.0000E-01   6.0000E-01   1.7157E-13  0.0056
   6.0000E-01   8.0000E-01   1.8947E-13  0.0119
   8.0000E-01   1.0000E+00   1.9725E-13  0.0076
   1.0000E+00   1.2000E+00   2.0592E-13  0.0117
   1.2000E+00   1.4000E+00   2.0345E-13  0.0055
   1.4000E+00   1.6000E+00   2.0622E-13  0.0106
   1.6000E+00   1.8000E+00   2.0611E-13  0.0074
   1.8000E+00   2.0000E+00   2.0319E-13  0.0149
   2.0000E+00   2.2000E+00   2.0124E-13  0.0132
   2.2000E+00   2.4000E+00   2.0180E-13  0.0135
   2.4000E+00   2.6000E+00   1.9801E-13  0.0108
   2.6000E+00   2.8000E+00   1.9658E-13  0.0081
   2.8000E+00   3.0000E+00   1.8898E-13  0.0064
   3.0000E+00   3.2000E+00   1.9016E-13  0.0089
   3.2000E+00   3.4000E+00   1.8755E-13  0.0088
   3.4000E+00   3.6000E+00   1.8049E-13  0.0096
   3.6000E+00   3.8000E+00   1.8201E-13  0.0107
   3.8000E+00   4.0000E+00   1.8263E-13  0.0096
   4.0000E+00   4.2000E+00   1.7931E-13  0.0118
   4.2000E+00   4.4000E+00   1.7446E-13  0.0119
   4.4000E+00   4.6000E+00   1.7505E-13  0.0124
   4.6000E+00   4.8000E+00   1.6934E-13  0.0084
   4.8000E+00   5.0000E+00   1.6858E-13  0.0093
   5.0000E+00   5.2000E+00   1.6713E-13  0.0130
   5.2000E+00   5.4000E+00   1.6215E-13  0.0100
   5.4000E+00   5.6000E+00   1.5953E-13  0.0091
   5.6000E+00   5.8000E+00   1.6062E-13  0.0113
   5.8000E+00   6.0000E+00   1.5526E-13  0.0117
   6.0000E+00   6.2000E+00   1.5384E-13  0.0149
   6.2000E+00   6.4000E+00   1.5111E-13  0.0122
   6.4000E+00   6.6000E+00   1.4697E-13  0.0115
   6.6000E+00   6.8000E+00   1.4516E-13  0.0118
   6.8000E+00   7.0000E+00   1.4413E-13  0.0085
   7.0000E+00   7.2000E+00   1.4057E-13  0.0092
   7.2000E+00   7.4000E+00   1.4044E-13  0.0067
   7.4000E+00   7.6000E+00   1.3818E-13  0.0134
   7.6000E+00   7.8000E+00   1.3667E-13  0.0104
   7.8000E+00   8.0000E+00   1.3405E-13  0.0130
   8.0000E+00   8.2000E+00   1.3098E-13  0.0142
   8.2000E+00   8.4000E+00   1.3081E-13  0.0104
   8.4000E+00   8.6000E+00   1.2681E-13  0.0077
   8.6000E+00   8.8000E+00   1.2596E-13  0.0095
   8.8000E+00   9.0000E+00   1.2341E-13  0.0152
   9.0000E+00   9.2000E+00   1.2143E-13  0.0130
   9.2000E+00   9.4000E+00   1.2177E-13  0.0191
   9.4000E+00   9.6000E+00   1.2289E-13  0.0179
   9.6000E+00   9.8000E+00   1.1895E-13  0.0133
   9.8000E+00   1.0000E+01   1.1568E-13  0.0087
   1.0000E+01   1.0200E+01   1.1560E-13  0.0096
   1.0200E+01   1.0400E+01   1.1196E-13  0.0136
   1.0400E+01   1.0600E+01   1.1316E-13  0.0163
   1.0600E+01   1.0800E+01   1.0904E-13  0.0160
   1.0800E+01   1.1000E+01   1.0878E-13  0.0124
   1.1000E+01   1.1200E+01   1.0733E-13  0.0097
   1.1200E+01   1.1400E+01   1.0787E-13  0.0119
   1.1400E+01   1.1600E+01   1.0581E-13  0.0137
   1.1600E+01   1.1800E+01   1.0408E-13  0.0126
   1.1800E+01   1.2000E+01   1.0251E-13  0.0113
   1.2000E+01   1.2200E+01   1.0084E-13  0.0180
   1.2200E+01   1.2400E+01   1.0080E-13  0.0091
   1.2400E+01   1.2600E+01   9.7160E-14  0.0167
   1.2600E+01   1.2800E+01   9.6322E-14  0.0183
   1.2800E+01   1.3000E+01   9.2620E-14  0.0120
   1.3000E+01   1.3200E+01   9.3460E-14  0.0158
   1.3200E+01   1.3400E+01   9.3017E-14  0.0128
   1.3400E+01   1.3600E+01   9.1493E-14  0.0105
   1.3600E+01   1.3800E+01   9.0593E-14  0.0155
   1.3800E+01   1.4000E+01   8.7079E-14  0.0160
   1.4000E+01   1.4200E+01   8.8505E-14  0.0208
   1.4200E+01   1.4400E+01   8.7682E-14  0.0145
   1.4400E+01   1.4600E+01   8.3726E-14  0.0234
   1.4600E+01   1.4800E+01   8.5009E-14  0.0138
   1.4800E+01   1.5000E+01   8.2350E-14  0.0198
   1.5000E+01   1.5200E+01   8.2114E-14  0.0196
   1.5200E+01   1.5400E+01   8.1215E-14  0.0164
   1.5400E+01   1.5600E+01   7.8443E-14  0.0147
   1.5600E+01   1.5800E+01   7.9303E-14  0.0106
   1.5800E+01   1.6000E+01   7.6146E-14  0.0161
   1.6000E+01   1.6200E+01   7.5302E-14  0.0124
   1.6200E+01   1.6400E+01   7.6631E-14  0.0185
   1.6400E+01   1.6600E+01   7.5560E-14  0.0141
   1.6600E+01   1.6800E+01   7.1600E-14  0.0173
   1.6800E+01   1.7000E+01   7.1731E-14  0.0187
   1.7000E+01   1.7200E+01   7.2584E-14  0.0145
   1.7200E+01   1.7400E+01   7.0929E-14  0.0175
   1.7400E+01   1.7600E+01   7.0570E-14  0.0107
   1.7600E+01   1.7800E+01   7.0200E-14  0.0192
   1.7800E+01   1.8000E+01   6.8454E-14  0.0162
   1.8000E+01   1.8200E+01   6.5708E-14  0.0150
   1.8200E+01   1.8400E+01   6.5731E-14  0.0170
   1.8400E+01   1.8600E+01   6.3857E-14  0.0131
   1.8600E+01   1.8800E+01   6.5273E-14  0.0177
   1.8800E+01   1.9000E+01   6.3185E-14  0.0145
   1.9000E+01   1.9200E+01   6.1453E-14  0.0105
   1.9200E+01   1.9400E+01   6.2039E-14  0.0114
   1.9400E+01   1.9600E+01   6.1852E-14  0.0188
   1.9600E+01   1.9800E+01   6.0593E-14  0.0123
   1.9800E+01   2.0000E+01   6.0310E-14  0.0186
   2.0000E+01   2.0200E+01   5.9097E-14  0.0185
   2.0200E+01   2.0400E+01   5.8437E-14  0.0152
   2.0400E+01   2.0600E+01   5.5912E-14  0.0106
   2.0600E+01   2.0800E+01   5.7009E-14  0.0199
   2.0800E+01   2.1000E+01   5.6206E-14  0.0196
   2.1000E+01   2.1200E+01   5.5195E-14  0.0170
   2.1200E+01   2.1400E+01   5.4524E-14  0.0169
   2.1400E+01   2.1600E+01   5.4342E-14  0.0227
   2.1600E+01   2.1800E+01   5.3488E-14  0.0211
   2.1800E+01   2.2000E+01   5.1442E-14  0.0184
   2.2000E+01   2.2200E+01   5.0924E-14  0.0189
   2.2200E+01   2.2400E+01   5.1430E-14  0.0230
   2.2400E+01   2.2600E+01   5.1184E-14  0.0210
   2.2600E+01   2.2800E+01   4.8129E-14  0.0110
   2.2800E+01   2.3000E+01   5.0799E-14  0.0217
   2.3000E+01   2.3200E+01   4.7341E-14  0.0294
   2.3200E+01   2.3400E+01   4.9845E-14  0.0223
   2.3400E+01   2.3600E+01   4.6194E-14  0.0186
   2.3600E+01   2.3800E+01   4.7347E-14  0.0231
   2.3800E+01   2.4000E+01   4.6188E-14  0.0239
   2.4000E+01   2.4200E+01   4.5685E-14  0.0201
   2.4200E+01   2.4400E+01   4.4238E-14  0.0196
   2.4400E+01   2.4600E+01   4.5363E-14  0.0278
   2.4600E+01   2.4800E+01   4.3386E-14  0.0267
   2.4800E+01   2.5000E+01   4.2731E-14  0.0290
   2.5000E+01   2.5200E+01   4.3338E-14  0.0197
   2.5200E+01   2.5400E+01   4.3200E-14  0.0274
   2.5400E+01   2.5600E+01   4.0296E-14  0.0198
   2.5600E+01   2.5800E+01   4.0320E-14  0.0155
   2.5800E+01   2.6000E+01   3.9559E-14  0.0240
   2.6000E+01   2.6200E+01   3.7819E-14  0.0265
   2.6200E+01   2.6400E+01   3.9108E-14  0.0275
   2.6400E+01   2.6600E+01   3.9735E-14  0.0252
   2.6600E+01   2.6800E+01   3.8683E-14  0.0138
   2.6800E+01   2.7000E+01   3.8423E-14  0.0218
   2.7000E+01   2.7200E+01   3.8833E-14  0.0155
   2.7200E+01   2.7400E+01   3.6666E-14  0.0191
   2.7400E+01   2.7600E+01   3.5887E-14  0.0241
   2.7600E+01   2.7800E+01   3.5930E-14  0.0155
   2.7800E+01   2.8000E+01   3.5195E-14  0.0373
   2.8000E+01   2.8200E+01   3.5454E-14  0.0247
   2.8200E+01   2.8400E+01   3.5492E-14  0.0229
   2.8400E+01   2.8600E+01   3.5401E-14  0.0211
   2.8600E+01   2.8800E+01   3.4639E-14  0.0285
   2.8800E+01   2.9000E+01   3.4017E-14  0.0230
   2.9000E+01   2.9200E+01   3.3941E-14  0.0164
   2.9200E+01   2.9400E+01   3.3074E-14  0.0215
   2.9400E+01   2.9600E+01   3.2559E-14  0.0202
   2.9600E+01   2.9800E+01   3.2024E-14  0.0211
   2.9800E+01   3.0000E+01   3.0993E-14  0.0245

'no. =  1,  iz =  1,  ix =  1'
msuc: {\huge [t-deposit: icntl=0]}
msdr: {\it plotted by \ANGEL \version}
msdl: {\it calculated by \PHITS  3.02}
wt: s(0.7)
\vspace{-3}
  xmin  &=&  -1.0000E-01 [cm]
  xmax  &=&   1.0000E-01 [cm]
  zmin  &=&  -1.0000E-01 [cm]
  zmax  &=&   1.0000E-01 [cm]
e:
 
# Information for Restart Calculation
# This calculation was newly started
# istdev =  1 # 1:Batch variance, 2:History variance
# resc2  = 7.34884522270773459E+01 # Total source weight or Total source weight / maxcas
# resc3  = 1.00000000000000000E+01 # Total history number or Total batch number
# maxcas =     5000000 # History / Batch, only used for istdev=1
# rijklst= 105815716415641.0 # Next initial random number
