[ T - C r o s s ]
    title = energy spectrum
     mesh =  xyz            # mesh type is xyz scoring mesh
   x-type =    2            # x-mesh is linear given by xmin, xmax and nx
     xmin = -0.5000000      # minimum value of x-mesh points
     xmax =  0.5000000      # maximum value of x-mesh points
#    xdel =   1.000000      # mesh width of x-mesh points
       nx =    1            # number of x-mesh points
#    data = ( x(i), i = 1, nx + 1 )
#          -5.00000E-01  5.00000E-01
   y-type =    2            # y-mesh is linear given by ymin, ymax and ny
     ymin = -0.5000000      # minimum value of y-mesh points
     ymax =  0.5000000      # maximum value of y-mesh points
#    ydel =   1.000000      # mesh width of y-mesh points
       ny =    1            # number of y-mesh points
#    data = ( y(i), i = 1, ny + 1 )
#          -5.00000E-01  5.00000E-01
   z-type =    1            # z-mesh is given by the below data
       nz =      1          # number of z-mesh points
#    data = ( z(i), i = 1, nz + 1 )
            7.00000E+01  9.00000E+01
   e-type =    2            # e-mesh is linear given by emin, emax and ne
     emin =   0.000000      # minimum value of e-mesh points
     emax =   7.000000      # maximum value of e-mesh points
#    edel =  0.1000000      # mesh width of e-mesh points
       ne =   70            # number of e-mesh points
#    data = ( e(i), i = 1, ne + 1 )
#           0.00000E+00  1.00000E-01  2.00000E-01  3.00000E-01  4.00000E-01
#           5.00000E-01  6.00000E-01  7.00000E-01  8.00000E-01  9.00000E-01
#           1.00000E+00  1.10000E+00  1.20000E+00  1.30000E+00  1.40000E+00
#           1.50000E+00  1.60000E+00  1.70000E+00  1.80000E+00  1.90000E+00
#           2.00000E+00  2.10000E+00  2.20000E+00  2.30000E+00  2.40000E+00
#           2.50000E+00  2.60000E+00  2.70000E+00  2.80000E+00  2.90000E+00
#           3.00000E+00  3.10000E+00  3.20000E+00  3.30000E+00  3.40000E+00
#           3.50000E+00  3.60000E+00  3.70000E+00  3.80000E+00  3.90000E+00
#           4.00000E+00  4.10000E+00  4.20000E+00  4.30000E+00  4.40000E+00
#           4.50000E+00  4.60000E+00  4.70000E+00  4.80000E+00  4.90000E+00
#           5.00000E+00  5.10000E+00  5.20000E+00  5.30000E+00  5.40000E+00
#           5.50000E+00  5.60000E+00  5.70000E+00  5.80000E+00  5.90000E+00
#           6.00000E+00  6.10000E+00  6.20000E+00  6.30000E+00  6.40000E+00
#           6.50000E+00  6.60000E+00  6.70000E+00  6.80000E+00  6.90000E+00
#           7.00000E+00
     unit =    2            # unit is [1/cm^2/MeV/source]
     axis =  eng            # axis of output
     file = cross_eng.out   # file name of output for the above axis
   output = flux            # surface crossing flux
     part =  photon   
# kf/name :  22       
    angel = ylin
   epsout =    1            # (D=0) generate eps file by ANGEL
#    used :        main (  %)        temp (  %)       total (  %)
#  memory :          81 (  0)           0 (  0)          81 (  0)

#------------------------------------------------------------------------------
#newpage:
#   no. =  1   iz surf =  1   ix  =  1   iy  =  1
#   zmesh =    7.0000E+01
#   x = (  -5.0000E-01  -   5.0000E-01  )
#   y = (  -5.0000E-01  -   5.0000E-01  )

x: Energy [MeV]
y:   Flux  [1/cm^2/MeV/source]             
p: xlin ylog afac(0.8) form(0.9)
p: ylin
h: n            x            y(photon  ),hh0l   n 
#  e-lower      e-upper      photon      r.err 
   0.0000E+00   1.0000E-01   2.3400E-02  0.0394
   1.0000E-01   2.0000E-01   1.6901E-01  0.0079
   2.0000E-01   3.0000E-01   3.6296E-01  0.0061
   3.0000E-01   4.0000E-01   3.7378E-01  0.0007
   4.0000E-01   5.0000E-01   3.2980E-01  0.0089
   5.0000E-01   6.0000E-01   2.9087E-01  0.0052
   6.0000E-01   7.0000E-01   2.5398E-01  0.0028
   7.0000E-01   8.0000E-01   2.2126E-01  0.0073
   8.0000E-01   9.0000E-01   1.9576E-01  0.0053
   9.0000E-01   1.0000E+00   1.7807E-01  0.0047
   1.0000E+00   1.1000E+00   1.6187E-01  0.0164
   1.1000E+00   1.2000E+00   1.4619E-01  0.0088
   1.2000E+00   1.3000E+00   1.3251E-01  0.0086
   1.3000E+00   1.4000E+00   1.2399E-01  0.0063
   1.4000E+00   1.5000E+00   1.1587E-01  0.0010
   1.5000E+00   1.6000E+00   1.0302E-01  0.0061
   1.6000E+00   1.7000E+00   9.6415E-02  0.0230
   1.7000E+00   1.8000E+00   8.9788E-02  0.0132
   1.8000E+00   1.9000E+00   8.4348E-02  0.0139
   1.9000E+00   2.0000E+00   7.8552E-02  0.0076
   2.0000E+00   2.1000E+00   7.3281E-02  0.0143
   2.1000E+00   2.2000E+00   6.9688E-02  0.0112
   2.2000E+00   2.3000E+00   6.4129E-02  0.0026
   2.3000E+00   2.4000E+00   5.9791E-02  0.0028
   2.4000E+00   2.5000E+00   5.6249E-02  0.0250
   2.5000E+00   2.6000E+00   5.3503E-02  0.0124
   2.6000E+00   2.7000E+00   5.0216E-02  0.0010
   2.7000E+00   2.8000E+00   4.8063E-02  0.0254
   2.8000E+00   2.9000E+00   4.6691E-02  0.0098
   2.9000E+00   3.0000E+00   4.1589E-02  0.0033
   3.0000E+00   3.1000E+00   4.2081E-02  0.0060
   3.1000E+00   3.2000E+00   3.8047E-02  0.0307
   3.2000E+00   3.3000E+00   3.6963E-02  0.0170
   3.3000E+00   3.4000E+00   3.5793E-02  0.0180
   3.4000E+00   3.5000E+00   3.4082E-02  0.0194
   3.5000E+00   3.6000E+00   3.1811E-02  0.0123
   3.6000E+00   3.7000E+00   3.1099E-02  0.0311
   3.7000E+00   3.8000E+00   2.9268E-02  0.0318
   3.8000E+00   3.9000E+00   2.8082E-02  0.0223
   3.9000E+00   4.0000E+00   2.5286E-02  0.0416
   4.0000E+00   4.1000E+00   2.5574E-02  0.0033
   4.1000E+00   4.2000E+00   2.4591E-02  0.0145
   4.2000E+00   4.3000E+00   2.3116E-02  0.0484
   4.3000E+00   4.4000E+00   2.1981E-02  0.0362
   4.4000E+00   4.5000E+00   2.0947E-02  0.0243
   4.5000E+00   4.6000E+00   2.0049E-02  0.0144
   4.6000E+00   4.7000E+00   1.8083E-02  0.0141
   4.7000E+00   4.8000E+00   1.7659E-02  0.0557
   4.8000E+00   4.9000E+00   1.6998E-02  0.0668
   4.9000E+00   5.0000E+00   1.5914E-02  0.0053
   5.0000E+00   5.1000E+00   1.5016E-02  0.0090
   5.1000E+00   5.2000E+00   1.3677E-02  0.0037
   5.2000E+00   5.3000E+00   1.3558E-02  0.0225
   5.3000E+00   5.4000E+00   1.2524E-02  0.0095
   5.4000E+00   5.5000E+00   1.2490E-02  0.0502
   5.5000E+00   5.6000E+00   1.1067E-02  0.0413
   5.6000E+00   5.7000E+00   1.0948E-02  0.0093
   5.7000E+00   5.8000E+00   1.0728E-02  0.0269
   5.8000E+00   5.9000E+00   9.6093E-03  0.0229
   5.9000E+00   6.0000E+00   8.3551E-03  0.0669
   6.0000E+00   6.1000E+00   8.1179E-03  0.0146
   6.1000E+00   6.2000E+00   7.2366E-03  0.0679
   6.2000E+00   6.3000E+00   6.4909E-03  0.0183
   6.3000E+00   6.4000E+00   5.7622E-03  0.0412
   6.4000E+00   6.5000E+00   5.1182E-03  0.0199
   6.5000E+00   6.6000E+00   4.4911E-03  0.0038
   6.6000E+00   6.7000E+00   3.3217E-03  0.0612
   6.7000E+00   6.8000E+00   2.7455E-03  0.1481
   6.8000E+00   6.9000E+00   2.1523E-03  0.0866
   6.9000E+00   7.0000E+00   1.0846E-03  0.1250

#   sum over                 4.7966E-01

'no. =  1,  iz surf =  1,  ix =  1,  iy =  1'
msuc: {\huge energy spectrum}
msdr: {\it plotted by \ANGEL \version}
msdl: {\it calculated by \PHITS  3.02}
wt: s(0.7)
\vspace{-3}
  z surface crossing
  z     &=&   7.0000E+01 [cm]
  area  &=&   1.0000E+00 [cm^2]
  xmin  &=&  -5.0000E-01 [cm]
  xmax  &=&   5.0000E-01 [cm]
  ymin  &=&  -5.0000E-01 [cm]
  ymax  &=&   5.0000E-01 [cm]
e:

#------------------------------------------------------------------------------
 newpage:
#   no. =  2   iz surf =  2   ix  =  1   iy  =  1
#   zmesh =    9.0000E+01
#   x = (  -5.0000E-01  -   5.0000E-01  )
#   y = (  -5.0000E-01  -   5.0000E-01  )

x: Energy [MeV]
y:   Flux  [1/cm^2/MeV/source]             
p: xlin ylog afac(0.8) form(0.9)
p: ylin
h: n            x            y(photon  ),hh0l   n 
#  e-lower      e-upper      photon      r.err 
   0.0000E+00   1.0000E-01   3.1885E-02  0.0156
   1.0000E-01   2.0000E-01   2.0668E-01  0.0022
   2.0000E-01   3.0000E-01   3.3334E-01  0.0017
   3.0000E-01   4.0000E-01   3.0738E-01  0.0063
   4.0000E-01   5.0000E-01   2.6825E-01  0.0025
   5.0000E-01   6.0000E-01   2.3478E-01  0.0093
   6.0000E-01   7.0000E-01   2.0378E-01  0.0050
   7.0000E-01   8.0000E-01   1.7683E-01  0.0098
   8.0000E-01   9.0000E-01   1.5600E-01  0.0016
   9.0000E-01   1.0000E+00   1.4206E-01  0.0141
   1.0000E+00   1.1000E+00   1.2870E-01  0.0255
   1.1000E+00   1.2000E+00   1.1614E-01  0.0039
   1.2000E+00   1.3000E+00   1.0526E-01  0.0050
   1.3000E+00   1.4000E+00   9.8753E-02  0.0112
   1.4000E+00   1.5000E+00   9.2602E-02  0.0011
   1.5000E+00   1.6000E+00   8.1383E-02  0.0025
   1.6000E+00   1.7000E+00   7.6891E-02  0.0267
   1.7000E+00   1.8000E+00   7.0773E-02  0.0086
   1.8000E+00   1.9000E+00   6.7112E-02  0.0101
   1.9000E+00   2.0000E+00   6.2486E-02  0.0111
   2.0000E+00   2.1000E+00   5.8774E-02  0.0225
   2.1000E+00   2.2000E+00   5.5486E-02  0.0006
   2.2000E+00   2.3000E+00   5.1148E-02  0.0013
   2.3000E+00   2.4000E+00   4.7504E-02  0.0032
   2.4000E+00   2.5000E+00   4.4623E-02  0.0133
   2.5000E+00   2.6000E+00   4.2860E-02  0.0154
   2.6000E+00   2.7000E+00   3.9674E-02  0.0115
   2.7000E+00   2.8000E+00   3.8132E-02  0.0284
   2.8000E+00   2.9000E+00   3.7318E-02  0.0073
   2.9000E+00   3.0000E+00   3.3082E-02  0.0041
   3.0000E+00   3.1000E+00   3.3454E-02  0.0041
   3.1000E+00   3.2000E+00   3.0455E-02  0.0440
   3.2000E+00   3.3000E+00   2.9201E-02  0.0238
   3.3000E+00   3.4000E+00   2.8472E-02  0.0250
   3.4000E+00   3.5000E+00   2.7082E-02  0.0050
   3.5000E+00   3.6000E+00   2.5218E-02  0.0228
   3.6000E+00   3.7000E+00   2.5031E-02  0.0291
   3.7000E+00   3.8000E+00   2.3659E-02  0.0372
   3.8000E+00   3.9000E+00   2.2439E-02  0.0498
   3.9000E+00   4.0000E+00   1.9710E-02  0.0404
   4.0000E+00   4.1000E+00   2.0591E-02  0.0008
   4.1000E+00   4.2000E+00   1.9540E-02  0.0113
   4.2000E+00   4.3000E+00   1.8219E-02  0.0195
   4.3000E+00   4.4000E+00   1.7439E-02  0.0535
   4.4000E+00   4.5000E+00   1.6422E-02  0.0279
   4.5000E+00   4.6000E+00   1.5744E-02  0.0334
   4.6000E+00   4.7000E+00   1.4626E-02  0.0035
   4.7000E+00   4.8000E+00   1.4168E-02  0.0646
   4.8000E+00   4.9000E+00   1.3694E-02  0.0594
   4.9000E+00   5.0000E+00   1.2846E-02  0.0079
   5.0000E+00   5.1000E+00   1.2202E-02  0.0389
   5.1000E+00   5.2000E+00   1.0880E-02  0.0187
   5.2000E+00   5.3000E+00   1.0897E-02  0.0575
   5.3000E+00   5.4000E+00   1.0135E-02  0.0067
   5.4000E+00   5.5000E+00   1.0067E-02  0.0606
   5.5000E+00   5.6000E+00   8.9144E-03  0.0608
   5.6000E+00   5.7000E+00   8.7110E-03  0.0039
   5.7000E+00   5.8000E+00   8.5754E-03  0.0237
   5.8000E+00   5.9000E+00   7.9823E-03  0.0361
   5.9000E+00   6.0000E+00   6.7112E-03  0.0859
   6.0000E+00   6.1000E+00   6.2875E-03  0.0027
   6.1000E+00   6.2000E+00   5.7283E-03  0.0769
   6.2000E+00   6.3000E+00   5.2198E-03  0.0065
   6.3000E+00   6.4000E+00   4.6606E-03  0.0255
   6.4000E+00   6.5000E+00   4.3047E-03  0.0157
   6.5000E+00   6.6000E+00   3.8132E-03  0.0222
   6.6000E+00   6.7000E+00   2.5252E-03  0.0738
   6.7000E+00   6.8000E+00   2.2201E-03  0.1756
   6.8000E+00   6.9000E+00   1.8642E-03  0.1091
   6.9000E+00   7.0000E+00   8.9822E-04  0.1698

#   sum over                 3.9703E-01

'no. =  2,  iz surf =  2,  ix =  1,  iy =  1'
msuc: {\huge energy spectrum}
msdr: {\it plotted by \ANGEL \version}
msdl: {\it calculated by \PHITS  3.02}
wt: s(0.7)
\vspace{-3}
  z surface crossing
  z     &=&   9.0000E+01 [cm]
  area  &=&   1.0000E+00 [cm^2]
  xmin  &=&  -5.0000E-01 [cm]
  xmax  &=&   5.0000E-01 [cm]
  ymin  &=&  -5.0000E-01 [cm]
  ymax  &=&   5.0000E-01 [cm]
e:
 
# Information for Restart Calculation
# This calculation was newly started
# istdev =  1 # 1:Batch variance, 2:History variance
# resc2  = 5.90058234610611816E-05 # Total source weight or Total source weight / maxcas
# resc3  = 2.00000000000000000E+00 # Total history number or Total batch number
# maxcas =      500000 # History / Batch, only used for istdev=1
# rijklst=  85461988288409.0 # Next initial random number
