[ T - C r o s s ]
    title = energy spectrum
     mesh =  xyz            # mesh type is xyz scoring mesh
   x-type =    2            # x-mesh is linear given by xmin, xmax and nx
     xmin = -0.3000000      # minimum value of x-mesh points
     xmax =  0.3000000      # maximum value of x-mesh points
#    xdel =  0.6000000      # mesh width of x-mesh points
       nx =      1          # number of x-mesh points
#    data = ( x(i), i = 1, nx + 1 )
#          -3.00000E-01  3.00000E-01
   y-type =    1            # y-mesh is given by the below data
       ny =      1          # number of y-mesh points
#    data = ( y(i), i = 1, ny + 1 )
           -3.00000E+01 -1.00000E+01
   z-type =    2            # z-mesh is linear given by zmin, zmax and nz
     zmin = -0.3000000      # minimum value of z-mesh points
     zmax =  0.3000000      # maximum value of z-mesh points
#    zdel =  0.6000000      # mesh width of z-mesh points
       nz =      1          # number of z-mesh points
#    data = ( z(i), i = 1, nz + 1 )
#          -3.00000E-01  3.00000E-01
   e-type =    2            # e-mesh is linear given by emin, emax and ne
     emin =   0.000000      # minimum value of e-mesh points
     emax =   7.000000      # maximum value of e-mesh points
#    edel =  0.1000000      # mesh width of e-mesh points
       ne =     70          # number of e-mesh points
#    data = ( e(i), i = 1, ne + 1 )
#           0.00000E+00  1.00000E-01  2.00000E-01  3.00000E-01  4.00000E-01
#           5.00000E-01  6.00000E-01  7.00000E-01  8.00000E-01  9.00000E-01
#           1.00000E+00  1.10000E+00  1.20000E+00  1.30000E+00  1.40000E+00
#           1.50000E+00  1.60000E+00  1.70000E+00  1.80000E+00  1.90000E+00
#           2.00000E+00  2.10000E+00  2.20000E+00  2.30000E+00  2.40000E+00
#           2.50000E+00  2.60000E+00  2.70000E+00  2.80000E+00  2.90000E+00
#           3.00000E+00  3.10000E+00  3.20000E+00  3.30000E+00  3.40000E+00
#           3.50000E+00  3.60000E+00  3.70000E+00  3.80000E+00  3.90000E+00
#           4.00000E+00  4.10000E+00  4.20000E+00  4.30000E+00  4.40000E+00
#           4.50000E+00  4.60000E+00  4.70000E+00  4.80000E+00  4.90000E+00
#           5.00000E+00  5.10000E+00  5.20000E+00  5.30000E+00  5.40000E+00
#           5.50000E+00  5.60000E+00  5.70000E+00  5.80000E+00  5.90000E+00
#           6.00000E+00  6.10000E+00  6.20000E+00  6.30000E+00  6.40000E+00
#           6.50000E+00  6.60000E+00  6.70000E+00  6.80000E+00  6.90000E+00
#           7.00000E+00
     unit =    2            # unit is [1/cm^2/MeV/source]
     axis =  eng            # axis of output
     file = cross_eng-w.out  # file name of output for the above axis
   output = flux            # surface crossing flux
     part =  photon     electron 
# kf/name :  22         11       
    angel = ylin
   epsout =    1            # (D=0) generate eps file by ANGEL
#    used :        main (  %)        temp (  %)       total (  %)
#  memory :          81 (  0)           0 (  0)          81 (  0)

#------------------------------------------------------------------------------
#newpage:
#   no. =  1   iz surf =  1   ix  =  1   iy  =  1
#   zmesh =   -3.0000E-01
#   x = (  -3.0000E-01  -   3.0000E-01  )
#   y = (  -3.0000E+01  -  -1.0000E+01  )

x: Energy [MeV]
y:   Flux  [1/cm^2/MeV/source]             
p: xlin ylog afac(0.8) form(0.9)
p: ylin
h: n            x            y(photon  ),hh0l   n y(electron),hh0dr  n 
#  e-lower      e-upper      photon      r.err    electron    r.err 
   0.0000E+00   1.0000E-01   2.3732E-02  0.0081   0.0000E+00  0.0000
   1.0000E-01   2.0000E-01   1.8031E-01  0.0026   1.1316E-04  0.0384
   2.0000E-01   3.0000E-01   3.8313E-01  0.0028   8.1382E-05  0.0433
   3.0000E-01   4.0000E-01   3.9825E-01  0.0018   5.8830E-05  0.0464
   4.0000E-01   5.0000E-01   3.5541E-01  0.0029   4.5766E-05  0.0443
   5.0000E-01   6.0000E-01   3.4704E-01  0.0027   4.2952E-05  0.0409
   6.0000E-01   7.0000E-01   2.7300E-01  0.0024   3.6881E-05  0.0492
   7.0000E-01   8.0000E-01   2.4149E-01  0.0027   3.2341E-05  0.1188
   8.0000E-01   9.0000E-01   2.1665E-01  0.0024   2.7951E-05  0.0871
   9.0000E-01   1.0000E+00   1.9318E-01  0.0021   2.2824E-05  0.0685
   1.0000E+00   1.1000E+00   1.7557E-01  0.0030   2.0089E-05  0.0504
   1.1000E+00   1.2000E+00   1.6036E-01  0.0031   2.0386E-05  0.1730
   1.2000E+00   1.3000E+00   1.4743E-01  0.0021   1.6701E-05  0.1275
   1.3000E+00   1.4000E+00   1.3562E-01  0.0034   1.7672E-05  0.1037
   1.4000E+00   1.5000E+00   1.2514E-01  0.0034   1.2227E-05  0.1345
   1.5000E+00   1.6000E+00   1.1509E-01  0.0050   1.2787E-05  0.1026
   1.6000E+00   1.7000E+00   1.0666E-01  0.0047   1.2554E-05  0.0980
   1.7000E+00   1.8000E+00   9.9722E-02  0.0050   1.0640E-05  0.1323
   1.8000E+00   1.9000E+00   9.3001E-02  0.0033   1.0441E-05  0.1616
   1.9000E+00   2.0000E+00   8.7156E-02  0.0038   8.6122E-06  0.1020
   2.0000E+00   2.1000E+00   8.1100E-02  0.0045   9.8596E-06  0.1278
   2.1000E+00   2.2000E+00   7.6426E-02  0.0064   1.0610E-05  0.1893
   2.2000E+00   2.3000E+00   7.1979E-02  0.0050   1.0681E-05  0.1429
   2.3000E+00   2.4000E+00   6.8403E-02  0.0051   9.5904E-06  0.3100
   2.4000E+00   2.5000E+00   6.4793E-02  0.0063   7.1281E-06  0.1619
   2.5000E+00   2.6000E+00   6.0625E-02  0.0042   5.8518E-06  0.0726
   2.6000E+00   2.7000E+00   5.6422E-02  0.0050   6.9016E-06  0.2314
   2.7000E+00   2.8000E+00   5.3301E-02  0.0042   7.6906E-06  0.2328
   2.8000E+00   2.9000E+00   5.1287E-02  0.0057   9.2422E-06  0.2567
   2.9000E+00   3.0000E+00   4.8846E-02  0.0035   4.1832E-06  0.2823
   3.0000E+00   3.1000E+00   4.5701E-02  0.0070   5.1743E-06  0.1935
   3.1000E+00   3.2000E+00   4.4496E-02  0.0059   4.7527E-06  0.1896
   3.2000E+00   3.3000E+00   4.1408E-02  0.0050   3.9721E-06  0.1852
   3.3000E+00   3.4000E+00   3.9940E-02  0.0081   3.5373E-06  0.3379
   3.4000E+00   3.5000E+00   3.8172E-02  0.0055   2.9427E-06  0.2051
   3.5000E+00   3.6000E+00   3.6036E-02  0.0048   3.9447E-06  0.4542
   3.6000E+00   3.7000E+00   3.4577E-02  0.0075   4.8067E-06  0.3627
   3.7000E+00   3.8000E+00   3.2475E-02  0.0047   2.4077E-06  0.2281
   3.8000E+00   3.9000E+00   3.0954E-02  0.0085   2.6341E-06  0.2701
   3.9000E+00   4.0000E+00   2.9454E-02  0.0069   2.9797E-06  0.1750
   4.0000E+00   4.1000E+00   2.7954E-02  0.0094   2.9170E-06  0.3401
   4.1000E+00   4.2000E+00   2.6441E-02  0.0098   4.2893E-06  0.2312
   4.2000E+00   4.3000E+00   2.5527E-02  0.0066   1.8125E-06  0.2474
   4.3000E+00   4.4000E+00   2.4370E-02  0.0077   3.1549E-06  0.2248
   4.4000E+00   4.5000E+00   2.3361E-02  0.0084   2.4515E-06  0.3557
   4.5000E+00   4.6000E+00   2.2424E-02  0.0058   3.4417E-06  0.3568
   4.6000E+00   4.7000E+00   2.0651E-02  0.0055   3.0395E-06  0.2291
   4.7000E+00   4.8000E+00   2.0297E-02  0.0068   2.2185E-06  0.4878
   4.8000E+00   4.9000E+00   1.8684E-02  0.0122   9.2503E-06  0.6681
   4.9000E+00   5.0000E+00   1.7995E-02  0.0099   1.5480E-06  0.3238
   5.0000E+00   5.1000E+00   1.7245E-02  0.0111   6.9009E-07  0.2839
   5.1000E+00   5.2000E+00   1.5999E-02  0.0112   1.6803E-06  0.4723
   5.2000E+00   5.3000E+00   1.5256E-02  0.0081   1.1120E-06  0.4949
   5.3000E+00   5.4000E+00   1.4108E-02  0.0132   1.5149E-06  0.6463
   5.4000E+00   5.5000E+00   1.3686E-02  0.0100   1.9991E-06  0.5236
   5.5000E+00   5.6000E+00   1.2938E-02  0.0116   1.0218E-06  0.4757
   5.6000E+00   5.7000E+00   1.2293E-02  0.0054   4.9000E-07  0.5560
   5.7000E+00   5.8000E+00   1.1254E-02  0.0127   8.7661E-07  0.5206
   5.8000E+00   5.9000E+00   1.0659E-02  0.0142   2.6208E-06  0.3858
   5.9000E+00   6.0000E+00   9.8482E-03  0.0115   3.9386E-07  0.7031
   6.0000E+00   6.1000E+00   8.9486E-03  0.0190   0.0000E+00  0.0000
   6.1000E+00   6.2000E+00   8.2957E-03  0.0132   3.0993E-07  0.6812
   6.2000E+00   6.3000E+00   7.1675E-03  0.0169   4.9498E-07  0.5016
   6.3000E+00   6.4000E+00   6.5435E-03  0.0089   2.7583E-07  0.6617
   6.4000E+00   6.5000E+00   5.7526E-03  0.0148   2.8364E-07  1.0000
   6.5000E+00   6.6000E+00   4.9492E-03  0.0171   0.0000E+00  0.0000
   6.6000E+00   6.7000E+00   3.9314E-03  0.0160   0.0000E+00  0.0000
   6.7000E+00   6.8000E+00   3.0335E-03  0.0287   0.0000E+00  0.0000
   6.8000E+00   6.9000E+00   2.2124E-03  0.0210   0.0000E+00  0.0000
   6.9000E+00   7.0000E+00   1.0001E-03  0.0331   0.0000E+00  0.0000

#   sum over                 5.2772E-01           7.7098E-05

'no. =  1,  iz surf =  1,  ix =  1,  iy =  1'
msuc: {\huge energy spectrum}
msdr: {\it plotted by \ANGEL \version}
msdl: {\it calculated by \PHITS  3.08}
wt: s(0.7)
\vspace{-3}
  z surface crossing
  z     &=&  -3.0000E-01 [cm]
  area  &=&   1.2000E+01 [cm^2]
  xmin  &=&  -3.0000E-01 [cm]
  xmax  &=&   3.0000E-01 [cm]
  ymin  &=&  -3.0000E+01 [cm]
  ymax  &=&  -1.0000E+01 [cm]
e:

#------------------------------------------------------------------------------
 newpage:
#   no. =  2   iz surf =  2   ix  =  1   iy  =  1
#   zmesh =    3.0000E-01
#   x = (  -3.0000E-01  -   3.0000E-01  )
#   y = (  -3.0000E+01  -  -1.0000E+01  )

x: Energy [MeV]
y:   Flux  [1/cm^2/MeV/source]             
p: xlin ylog afac(0.8) form(0.9)
p: ylin
h: n            x            y(photon  ),hh0l   n y(electron),hh0dr  n 
#  e-lower      e-upper      photon      r.err    electron    r.err 
   0.0000E+00   1.0000E-01   2.3936E-02  0.0093   0.0000E+00  0.0000
   1.0000E-01   2.0000E-01   1.7983E-01  0.0038   1.2345E-04  0.0587
   2.0000E-01   3.0000E-01   3.8384E-01  0.0016   7.5839E-05  0.0387
   3.0000E-01   4.0000E-01   3.9917E-01  0.0014   6.9987E-05  0.0623
   4.0000E-01   5.0000E-01   3.5598E-01  0.0013   5.0852E-05  0.0414
   5.0000E-01   6.0000E-01   3.4741E-01  0.0019   3.5675E-05  0.0507
   6.0000E-01   7.0000E-01   2.7323E-01  0.0019   3.6658E-05  0.0788
   7.0000E-01   8.0000E-01   2.4138E-01  0.0029   2.9751E-05  0.1073
   8.0000E-01   9.0000E-01   2.1775E-01  0.0014   2.8288E-05  0.0588
   9.0000E-01   1.0000E+00   1.9284E-01  0.0042   2.5333E-05  0.0998
   1.0000E+00   1.1000E+00   1.7593E-01  0.0036   1.8890E-05  0.1375
   1.1000E+00   1.2000E+00   1.6130E-01  0.0016   1.9350E-05  0.1074
   1.2000E+00   1.3000E+00   1.4787E-01  0.0038   2.0744E-05  0.0940
   1.3000E+00   1.4000E+00   1.3542E-01  0.0033   1.7927E-05  0.1106
   1.4000E+00   1.5000E+00   1.2509E-01  0.0025   1.2669E-05  0.0930
   1.5000E+00   1.6000E+00   1.1487E-01  0.0042   1.1086E-05  0.1378
   1.6000E+00   1.7000E+00   1.0724E-01  0.0036   1.2561E-05  0.1852
   1.7000E+00   1.8000E+00   1.0054E-01  0.0045   1.4981E-05  0.1396
   1.8000E+00   1.9000E+00   9.3781E-02  0.0046   8.8240E-06  0.1544
   1.9000E+00   2.0000E+00   8.7596E-02  0.0026   9.0840E-06  0.1498
   2.0000E+00   2.1000E+00   8.1035E-02  0.0054   1.0359E-05  0.1285
   2.1000E+00   2.2000E+00   7.7373E-02  0.0028   7.3553E-06  0.1295
   2.2000E+00   2.3000E+00   7.2521E-02  0.0075   7.4395E-06  0.1175
   2.3000E+00   2.4000E+00   6.8964E-02  0.0071   7.1325E-06  0.1681
   2.4000E+00   2.5000E+00   6.4414E-02  0.0054   6.7857E-06  0.1501
   2.5000E+00   2.6000E+00   6.0667E-02  0.0048   4.9586E-06  0.1459
   2.6000E+00   2.7000E+00   5.6709E-02  0.0042   4.2417E-06  0.1656
   2.7000E+00   2.8000E+00   5.4037E-02  0.0061   5.2610E-06  0.1733
   2.8000E+00   2.9000E+00   5.0559E-02  0.0084   8.1222E-06  0.1955
   2.9000E+00   3.0000E+00   4.8941E-02  0.0052   5.1993E-06  0.2630
   3.0000E+00   3.1000E+00   4.6451E-02  0.0052   5.6473E-06  0.2575
   3.1000E+00   3.2000E+00   4.3742E-02  0.0078   6.6410E-06  0.4709
   3.2000E+00   3.3000E+00   4.1652E-02  0.0045   5.3441E-06  0.1545
   3.3000E+00   3.4000E+00   3.9433E-02  0.0062   5.6940E-06  0.1099
   3.4000E+00   3.5000E+00   3.7962E-02  0.0071   4.3463E-06  0.2326
   3.5000E+00   3.6000E+00   3.5821E-02  0.0097   1.5941E-06  0.3585
   3.6000E+00   3.7000E+00   3.4816E-02  0.0052   2.6304E-06  0.2798
   3.7000E+00   3.8000E+00   3.2109E-02  0.0054   7.0055E-06  0.6533
   3.8000E+00   3.9000E+00   3.0457E-02  0.0078   2.3719E-06  0.3586
   3.9000E+00   4.0000E+00   2.9197E-02  0.0072   4.4680E-06  0.2305
   4.0000E+00   4.1000E+00   2.8307E-02  0.0084   3.2613E-06  0.2542
   4.1000E+00   4.2000E+00   2.6544E-02  0.0070   3.8864E-06  0.3322
   4.2000E+00   4.3000E+00   2.5926E-02  0.0083   2.0625E-06  0.4341
   4.3000E+00   4.4000E+00   2.3972E-02  0.0094   3.1348E-06  0.3415
   4.4000E+00   4.5000E+00   2.3627E-02  0.0077   1.3300E-06  0.2807
   4.5000E+00   4.6000E+00   2.2009E-02  0.0052   1.7358E-06  0.2875
   4.6000E+00   4.7000E+00   2.0406E-02  0.0063   1.5173E-06  0.3213
   4.7000E+00   4.8000E+00   2.0143E-02  0.0095   1.6931E-06  0.5924
   4.8000E+00   4.9000E+00   1.8609E-02  0.0065   1.6200E-06  0.3687
   4.9000E+00   5.0000E+00   1.8067E-02  0.0145   1.5506E-06  0.3470
   5.0000E+00   5.1000E+00   1.7384E-02  0.0056   2.2855E-06  0.5434
   5.1000E+00   5.2000E+00   1.6112E-02  0.0094   1.5291E-06  0.3314
   5.2000E+00   5.3000E+00   1.5527E-02  0.0103   7.5522E-06  0.7635
   5.3000E+00   5.4000E+00   1.4359E-02  0.0150   2.2146E-06  0.3975
   5.4000E+00   5.5000E+00   1.3735E-02  0.0105   6.9264E-07  0.4635
   5.5000E+00   5.6000E+00   1.2836E-02  0.0053   1.6930E-06  0.4608
   5.6000E+00   5.7000E+00   1.2293E-02  0.0091   6.4670E-07  0.4385
   5.7000E+00   5.8000E+00   1.1323E-02  0.0119   2.8552E-07  0.5108
   5.8000E+00   5.9000E+00   1.0412E-02  0.0092   2.4683E-06  0.5364
   5.9000E+00   6.0000E+00   9.8936E-03  0.0108   1.2568E-07  1.0000
   6.0000E+00   6.1000E+00   8.7264E-03  0.0065   2.4755E-07  1.0000
   6.1000E+00   6.2000E+00   8.0245E-03  0.0166   1.0272E-07  1.0000
   6.2000E+00   6.3000E+00   7.2196E-03  0.0196   1.7909E-07  1.0000
   6.3000E+00   6.4000E+00   6.4631E-03  0.0198   0.0000E+00  0.0000
   6.4000E+00   6.5000E+00   5.7864E-03  0.0117   0.0000E+00  0.0000
   6.5000E+00   6.6000E+00   4.8508E-03  0.0222   0.0000E+00  0.0000
   6.6000E+00   6.7000E+00   3.9783E-03  0.0101   0.0000E+00  0.0000
   6.7000E+00   6.8000E+00   3.1698E-03  0.0247   0.0000E+00  0.0000
   6.8000E+00   6.9000E+00   2.1192E-03  0.0393   0.0000E+00  0.0000
   6.9000E+00   7.0000E+00   1.0280E-03  0.0330   0.0000E+00  0.0000

#   sum over                 5.2847E-01           7.7636E-05

'no. =  2,  iz surf =  2,  ix =  1,  iy =  1'
msuc: {\huge energy spectrum}
msdr: {\it plotted by \ANGEL \version}
msdl: {\it calculated by \PHITS  3.08}
wt: s(0.7)
\vspace{-3}
  z surface crossing
  z     &=&   3.0000E-01 [cm]
  area  &=&   1.2000E+01 [cm^2]
  xmin  &=&  -3.0000E-01 [cm]
  xmax  &=&   3.0000E-01 [cm]
  ymin  &=&  -3.0000E+01 [cm]
  ymax  &=&  -1.0000E+01 [cm]
e:
 
# Information for Restart Calculation
# This calculation was newly started
# istdev =  1 # 1:Batch variance, 2:History variance
# resc2  = 9.00000000000000000E+00 # Total source weight or Total source weight / maxcas
# resc3  = 9.00000000000000000E+00 # Total history number or Total batch number
# maxcas =    10000000 # History / Batch, only used for istdev=1
# rijklst= 197409415753881.0 # Next initial random number
