[ T - T r a c k ]
    title = [t-track: icntl=0]
     mesh =  xyz            # mesh type is xyz scoring mesh
   x-type =    2            # x-mesh is linear given by xmin, xmax and nx
     xmin =  -2.000000      # minimum value of x-mesh points
     xmax =   2.000000      # maximum value of x-mesh points
#    xdel =  5.0000000E-02  # mesh width of x-mesh points
       nx =     80          # number of x-mesh points
#    data = ( x(i), i = 1, nx + 1 )
#          -2.00000E+00 -1.95000E+00 -1.90000E+00 -1.85000E+00 -1.80000E+00
#          -1.75000E+00 -1.70000E+00 -1.65000E+00 -1.60000E+00 -1.55000E+00
#          -1.50000E+00 -1.45000E+00 -1.40000E+00 -1.35000E+00 -1.30000E+00
#          -1.25000E+00 -1.20000E+00 -1.15000E+00 -1.10000E+00 -1.05000E+00
#          -1.00000E+00 -9.50000E-01 -9.00000E-01 -8.50000E-01 -8.00000E-01
#          -7.50000E-01 -7.00000E-01 -6.50000E-01 -6.00000E-01 -5.50000E-01
#          -5.00000E-01 -4.50000E-01 -4.00000E-01 -3.50000E-01 -3.00000E-01
#          -2.50000E-01 -2.00000E-01 -1.50000E-01 -1.00000E-01 -5.00000E-02
#           0.00000E+00  5.00000E-02  1.00000E-01  1.50000E-01  2.00000E-01
#           2.50000E-01  3.00000E-01  3.50000E-01  4.00000E-01  4.50000E-01
#           5.00000E-01  5.50000E-01  6.00000E-01  6.50000E-01  7.00000E-01
#           7.50000E-01  8.00000E-01  8.50000E-01  9.00000E-01  9.50000E-01
#           1.00000E+00  1.05000E+00  1.10000E+00  1.15000E+00  1.20000E+00
#           1.25000E+00  1.30000E+00  1.35000E+00  1.40000E+00  1.45000E+00
#           1.50000E+00  1.55000E+00  1.60000E+00  1.65000E+00  1.70000E+00
#           1.75000E+00  1.80000E+00  1.85000E+00  1.90000E+00  1.95000E+00
#           2.00000E+00
   y-type =    2            # y-mesh is linear given by ymin, ymax and ny
     ymin =   1.400000      # minimum value of y-mesh points
     ymax =   1.600000      # maximum value of y-mesh points
#    ydel =  0.2000000      # mesh width of y-mesh points
       ny =      1          # number of y-mesh points
#    data = ( y(i), i = 1, ny + 1 )
#           1.40000E+00  1.60000E+00
   z-type =    2            # z-mesh is linear given by zmin, zmax and nz
     zmin =  -2.000000      # minimum value of z-mesh points
     zmax =   2.000000      # maximum value of z-mesh points
#    zdel =  5.0000000E-02  # mesh width of z-mesh points
       nz =     80          # number of z-mesh points
#    data = ( z(i), i = 1, nz + 1 )
#          -2.00000E+00 -1.95000E+00 -1.90000E+00 -1.85000E+00 -1.80000E+00
#          -1.75000E+00 -1.70000E+00 -1.65000E+00 -1.60000E+00 -1.55000E+00
#          -1.50000E+00 -1.45000E+00 -1.40000E+00 -1.35000E+00 -1.30000E+00
#          -1.25000E+00 -1.20000E+00 -1.15000E+00 -1.10000E+00 -1.05000E+00
#          -1.00000E+00 -9.50000E-01 -9.00000E-01 -8.50000E-01 -8.00000E-01
#          -7.50000E-01 -7.00000E-01 -6.50000E-01 -6.00000E-01 -5.50000E-01
#          -5.00000E-01 -4.50000E-01 -4.00000E-01 -3.50000E-01 -3.00000E-01
#          -2.50000E-01 -2.00000E-01 -1.50000E-01 -1.00000E-01 -5.00000E-02
#           0.00000E+00  5.00000E-02  1.00000E-01  1.50000E-01  2.00000E-01
#           2.50000E-01  3.00000E-01  3.50000E-01  4.00000E-01  4.50000E-01
#           5.00000E-01  5.50000E-01  6.00000E-01  6.50000E-01  7.00000E-01
#           7.50000E-01  8.00000E-01  8.50000E-01  9.00000E-01  9.50000E-01
#           1.00000E+00  1.05000E+00  1.10000E+00  1.15000E+00  1.20000E+00
#           1.25000E+00  1.30000E+00  1.35000E+00  1.40000E+00  1.45000E+00
#           1.50000E+00  1.55000E+00  1.60000E+00  1.65000E+00  1.70000E+00
#           1.75000E+00  1.80000E+00  1.85000E+00  1.90000E+00  1.95000E+00
#           2.00000E+00
   e-type =    2            # e-mesh is linear given by emin, emax and ne
     emin =   0.000000      # minimum value of e-mesh points
     emax =   1000.000      # maximum value of e-mesh points
#    edel =   1000.000      # mesh width of e-mesh points
       ne =      1          # number of e-mesh points
#    data = ( e(i), i = 1, ne + 1 )
#           0.00000E+00  1.00000E+03
     unit =    1            # unit is [1/cm^2/source]
 material =  all            # (D=all) number of specific material
  2D-type =    3            # 1:Cont, 2:Clust, 3:Color, 4:xyz, 5:mat, 6:Clust+Cont, 7:Col+Cont
     axis =   xz            # axis of output
     file = track-xz-water-ic.out  # file name of output for the above axis
     part =  all      
# kf/name :  0        
   epsout =    1            # (D=0) generate eps file by ANGEL
#    used :        main (  %)        temp (  %)       total (  %)
#  memory :         170 (  0)           0 (  0)         170 (  0)

#------------------------------------------------------------------------------
#newpage:
#   no. =  1   ie  =  1   iy  =  1   part. = all     
#   e = (   0.0000E+00  -   1.0000E+03  )
#   y = (   1.4000E+00  -   1.6000E+00  )

'no. =  1,  ie =  1,  iy =  1'
msuc: {\huge [t-track: icntl=0]}
msdr: {\it plotted by \ANGEL \version}
msdl: {\it calculated by \PHITS  3.08}

x: z [cm]
y: x [cm]
set: c1[ 1.000] c2[ 0.900] c5[ 0.800] c6[ 1.000] c7[ 0.000] c8[ 0.000]
p: h2fs form[c1] xfac[c2] afac[c5] scal[c6] xorg[c7] yorg[c8] nosp
set: c3[   2.972609E-03] c4[   2.857386E-01]
p: cmin[c3] cmax[c4]
p: dmin(1e-31)
p: zlog
p: xmin( -2.000000    ) xmax(  2.000000    )
p: ymin( -2.000000    ) ymax(  2.000000    )
#  nx =  80   nz =  80
# ( ( data(z,x), z = 1, nz ), x = nx, 1, -1 )

hc:  y =   1.975000     to  -1.975000     by  5.0000000E-02 ; x =  -1.975000     to   1.975000     by  5.0000000E-02 ;
  2.987E-03  3.153E-03  3.277E-03  3.267E-03  3.366E-03  3.429E-03  3.439E-03  3.521E-03  3.533E-03  3.607E-03
  3.717E-03  3.850E-03  3.791E-03  3.952E-03  3.974E-03  4.041E-03  4.131E-03  4.220E-03  4.246E-03  4.388E-03
  4.285E-03  4.321E-03  4.439E-03  4.452E-03  4.770E-03  4.666E-03  4.678E-03  4.913E-03  4.892E-03  5.073E-03
  5.127E-03  5.071E-03  5.123E-03  5.153E-03  5.077E-03  5.185E-03  5.079E-03  5.239E-03  5.208E-03  5.170E-03
  5.403E-03  5.200E-03  5.088E-03  5.147E-03  5.239E-03  5.104E-03  5.081E-03  5.017E-03  5.031E-03  4.991E-03
  4.814E-03  4.861E-03  4.743E-03  4.789E-03  4.644E-03  4.620E-03  4.664E-03  4.466E-03  4.489E-03  4.439E-03
  4.334E-03  4.216E-03  4.259E-03  4.070E-03  4.050E-03  4.092E-03  3.901E-03  3.881E-03  3.969E-03  3.897E-03
  3.746E-03  3.480E-03  3.445E-03  3.433E-03  3.340E-03  3.429E-03  3.263E-03  3.142E-03  3.167E-03  3.202E-03
  3.088E-03  3.170E-03  3.249E-03  3.372E-03  3.488E-03  3.483E-03  3.600E-03  3.506E-03  3.624E-03  3.677E-03
  3.832E-03  3.853E-03  4.054E-03  4.102E-03  3.968E-03  4.115E-03  4.127E-03  4.325E-03  4.412E-03  4.606E-03
  4.556E-03  4.460E-03  4.594E-03  4.591E-03  4.828E-03  4.937E-03  4.840E-03  5.060E-03  5.111E-03  5.200E-03
  5.211E-03  5.216E-03  5.218E-03  5.287E-03  5.420E-03  5.367E-03  5.406E-03  5.447E-03  5.263E-03  5.434E-03
  5.558E-03  5.560E-03  5.431E-03  5.552E-03  5.310E-03  5.204E-03  5.272E-03  5.303E-03  5.281E-03  5.182E-03
  5.085E-03  5.024E-03  5.015E-03  4.916E-03  4.839E-03  4.742E-03  4.740E-03  4.679E-03  4.500E-03  4.501E-03
  4.370E-03  4.304E-03  4.286E-03  4.207E-03  4.122E-03  4.213E-03  4.086E-03  3.986E-03  3.997E-03  3.962E-03
  3.638E-03  3.613E-03  3.636E-03  3.555E-03  3.492E-03  3.358E-03  3.236E-03  3.253E-03  3.247E-03  3.270E-03
  3.332E-03  3.193E-03  3.270E-03  3.455E-03  3.518E-03  3.566E-03  3.579E-03  3.670E-03  3.655E-03  3.802E-03
  3.944E-03  4.058E-03  4.231E-03  4.210E-03  4.235E-03  4.171E-03  4.319E-03  4.402E-03  4.517E-03  4.804E-03
  4.736E-03  4.592E-03  4.791E-03  4.848E-03  4.863E-03  4.972E-03  5.013E-03  5.204E-03  5.274E-03  5.395E-03
  5.415E-03  5.466E-03  5.480E-03  5.495E-03  5.588E-03  5.546E-03  5.702E-03  5.386E-03  5.570E-03  5.672E-03
  5.718E-03  5.759E-03  5.675E-03  5.625E-03  5.555E-03  5.516E-03  5.491E-03  5.434E-03  5.452E-03  5.393E-03
  5.180E-03  5.270E-03  5.199E-03  5.196E-03  5.152E-03  4.952E-03  4.969E-03  4.761E-03  4.771E-03  4.619E-03
  4.501E-03  4.502E-03  4.529E-03  4.413E-03  4.272E-03  4.231E-03  4.229E-03  4.008E-03  4.032E-03  4.014E-03
  3.828E-03  3.606E-03  3.684E-03  3.587E-03  3.585E-03  3.406E-03  3.360E-03  3.310E-03  3.292E-03  3.220E-03
  3.289E-03  3.408E-03  3.373E-03  3.393E-03  3.490E-03  3.525E-03  3.591E-03  3.709E-03  3.772E-03  3.805E-03
  4.076E-03  4.134E-03  4.191E-03  4.192E-03  4.328E-03  4.327E-03  4.471E-03  4.566E-03  4.698E-03  4.681E-03
  4.925E-03  5.088E-03  4.980E-03  5.189E-03  4.996E-03  5.162E-03  5.177E-03  5.333E-03  5.499E-03  5.656E-03
  5.580E-03  5.633E-03  5.594E-03  5.846E-03  5.890E-03  5.860E-03  5.973E-03  5.798E-03  5.888E-03  6.099E-03
  5.841E-03  5.878E-03  5.849E-03  5.953E-03  5.855E-03  5.875E-03  5.777E-03  5.723E-03  5.632E-03  5.609E-03
  5.513E-03  5.416E-03  5.409E-03  5.385E-03  5.325E-03  5.157E-03  5.037E-03  4.975E-03  5.002E-03  4.751E-03
  4.729E-03  4.640E-03  4.617E-03  4.537E-03  4.317E-03  4.303E-03  4.275E-03  4.304E-03  4.206E-03  4.079E-03
  3.844E-03  3.857E-03  3.831E-03  3.725E-03  3.640E-03  3.562E-03  3.368E-03  3.316E-03  3.237E-03  3.185E-03
  3.284E-03  3.469E-03  3.558E-03  3.519E-03  3.512E-03  3.697E-03  3.739E-03  3.743E-03  3.835E-03  3.929E-03
  4.082E-03  4.217E-03  4.358E-03  4.364E-03  4.370E-03  4.624E-03  4.601E-03  4.674E-03  4.785E-03  4.819E-03
  4.986E-03  5.235E-03  5.114E-03  5.378E-03  5.268E-03  5.467E-03  5.392E-03  5.656E-03  5.654E-03  5.782E-03
  5.865E-03  5.975E-03  5.813E-03  6.017E-03  5.990E-03  6.194E-03  6.177E-03  6.167E-03  6.155E-03  6.254E-03
  6.151E-03  6.218E-03  6.142E-03  6.228E-03  6.102E-03  6.103E-03  6.032E-03  6.030E-03  5.964E-03  5.827E-03
  5.752E-03  5.692E-03  5.629E-03  5.462E-03  5.480E-03  5.371E-03  5.284E-03  5.094E-03  5.095E-03  5.012E-03
  4.831E-03  4.827E-03  4.857E-03  4.811E-03  4.491E-03  4.481E-03  4.547E-03  4.248E-03  4.160E-03  4.034E-03
  3.979E-03  4.031E-03  3.826E-03  3.744E-03  3.702E-03  3.500E-03  3.461E-03  3.493E-03  3.401E-03  3.282E-03
  3.400E-03  3.480E-03  3.566E-03  3.580E-03  3.604E-03  3.656E-03  3.772E-03  3.874E-03  3.960E-03  4.104E-03
  4.126E-03  4.297E-03  4.432E-03  4.511E-03  4.596E-03  4.709E-03  4.832E-03  4.992E-03  4.957E-03  4.975E-03
  5.045E-03  5.210E-03  5.403E-03  5.583E-03  5.519E-03  5.574E-03  5.813E-03  5.967E-03  5.985E-03  5.908E-03
  6.128E-03  6.255E-03  6.267E-03  6.272E-03  6.363E-03  6.418E-03  6.478E-03  6.407E-03  6.516E-03  6.542E-03
  6.508E-03  6.433E-03  6.508E-03  6.375E-03  6.300E-03  6.428E-03  6.256E-03  6.392E-03  6.118E-03  6.017E-03
  5.985E-03  5.945E-03  5.805E-03  5.835E-03  5.713E-03  5.756E-03  5.476E-03  5.382E-03  5.295E-03  5.134E-03
  4.967E-03  4.902E-03  5.026E-03  4.774E-03  4.693E-03  4.724E-03  4.592E-03  4.403E-03  4.260E-03  4.226E-03
  4.157E-03  4.044E-03  3.863E-03  3.812E-03  3.668E-03  3.601E-03  3.613E-03  3.507E-03  3.547E-03  3.410E-03
  3.630E-03  3.550E-03  3.546E-03  3.622E-03  3.712E-03  3.805E-03  3.750E-03  3.993E-03  4.162E-03  4.221E-03
  4.240E-03  4.486E-03  4.507E-03  4.551E-03  4.818E-03  4.746E-03  5.004E-03  5.011E-03  5.248E-03  5.200E-03
  5.461E-03  5.381E-03  5.547E-03  5.874E-03  5.778E-03  5.893E-03  6.150E-03  6.029E-03  6.252E-03  6.136E-03
  6.311E-03  6.521E-03  6.602E-03  6.620E-03  6.633E-03  6.693E-03  6.936E-03  6.830E-03  6.572E-03  6.699E-03
  6.816E-03  6.765E-03  6.677E-03  6.688E-03  6.665E-03  6.661E-03  6.674E-03  6.564E-03  6.375E-03  6.389E-03
  6.157E-03  6.134E-03  6.030E-03  6.021E-03  6.001E-03  5.944E-03  5.721E-03  5.637E-03  5.416E-03  5.189E-03
  5.077E-03  5.136E-03  5.080E-03  4.922E-03  4.935E-03  4.827E-03  4.682E-03  4.415E-03  4.426E-03  4.263E-03
  4.345E-03  4.156E-03  3.915E-03  4.024E-03  3.841E-03  3.774E-03  3.729E-03  3.609E-03  3.509E-03  3.414E-03
  3.487E-03  3.711E-03  3.743E-03  3.720E-03  3.831E-03  3.916E-03  3.937E-03  3.975E-03  4.234E-03  4.319E-03
  4.409E-03  4.553E-03  4.646E-03  4.797E-03  4.829E-03  4.884E-03  5.291E-03  5.370E-03  5.233E-03  5.433E-03
  5.533E-03  5.724E-03  5.671E-03  5.864E-03  6.066E-03  6.064E-03  6.236E-03  6.419E-03  6.697E-03  6.470E-03
  6.745E-03  6.872E-03  7.076E-03  6.940E-03  6.969E-03  7.033E-03  7.141E-03  7.234E-03  7.126E-03  7.062E-03
  7.237E-03  7.196E-03  7.173E-03  7.052E-03  7.098E-03  6.917E-03  6.896E-03  6.952E-03  6.823E-03  6.483E-03
  6.558E-03  6.409E-03  6.481E-03  6.300E-03  6.304E-03  6.119E-03  5.821E-03  5.628E-03  5.544E-03  5.565E-03
  5.342E-03  5.271E-03  5.200E-03  5.108E-03  4.929E-03  4.875E-03  4.695E-03  4.578E-03  4.390E-03  4.428E-03
  4.323E-03  4.189E-03  4.089E-03  3.909E-03  4.020E-03  3.865E-03  3.812E-03  3.683E-03  3.545E-03  3.451E-03
  3.619E-03  3.598E-03  3.849E-03  3.860E-03  3.941E-03  4.117E-03  4.164E-03  4.114E-03  4.179E-03  4.330E-03
  4.501E-03  4.667E-03  4.778E-03  5.041E-03  5.035E-03  5.070E-03  5.232E-03  5.413E-03  5.508E-03  5.677E-03
  5.714E-03  6.039E-03  6.109E-03  6.072E-03  6.176E-03  6.363E-03  6.510E-03  6.763E-03  7.076E-03  6.932E-03
  7.109E-03  7.262E-03  7.322E-03  7.292E-03  7.199E-03  7.473E-03  7.505E-03  7.363E-03  7.517E-03  7.497E-03
  7.638E-03  7.617E-03  7.618E-03  7.397E-03  7.470E-03  7.367E-03  7.393E-03  7.332E-03  7.052E-03  6.986E-03
  6.907E-03  6.840E-03  6.682E-03  6.472E-03  6.566E-03  6.303E-03  5.986E-03  5.911E-03  5.887E-03  5.792E-03
  5.408E-03  5.496E-03  5.368E-03  5.256E-03  5.210E-03  4.929E-03  4.773E-03  4.779E-03  4.527E-03  4.561E-03
  4.307E-03  4.229E-03  4.095E-03  3.968E-03  4.007E-03  3.920E-03  3.853E-03  3.768E-03  3.683E-03  3.496E-03
  3.672E-03  3.721E-03  3.888E-03  3.949E-03  3.895E-03  4.101E-03  4.181E-03  4.287E-03  4.340E-03  4.432E-03
  4.644E-03  4.804E-03  4.932E-03  4.998E-03  5.166E-03  5.457E-03  5.386E-03  5.618E-03  5.554E-03  5.921E-03
  6.037E-03  6.128E-03  6.410E-03  6.378E-03  6.545E-03  6.678E-03  6.872E-03  7.070E-03  7.367E-03  7.346E-03
  7.646E-03  7.568E-03  7.756E-03  7.794E-03  7.735E-03  7.838E-03  7.966E-03  7.907E-03  7.764E-03  7.881E-03
  8.033E-03  8.044E-03  8.000E-03  7.741E-03  7.897E-03  7.797E-03  7.783E-03  7.875E-03  7.511E-03  7.410E-03
  7.114E-03  7.039E-03  7.147E-03  6.792E-03  6.656E-03  6.554E-03  6.211E-03  6.207E-03  6.112E-03  5.981E-03
  5.762E-03  5.675E-03  5.530E-03  5.443E-03  5.169E-03  5.134E-03  4.964E-03  4.820E-03  4.807E-03  4.564E-03
  4.495E-03  4.436E-03  4.179E-03  4.113E-03  4.096E-03  4.007E-03  3.955E-03  3.898E-03  3.699E-03  3.694E-03
  3.781E-03  3.802E-03  3.973E-03  4.040E-03  4.119E-03  4.116E-03  4.298E-03  4.300E-03  4.570E-03  4.629E-03
  4.774E-03  4.876E-03  5.174E-03  5.152E-03  5.309E-03  5.448E-03  5.485E-03  5.852E-03  5.834E-03  5.936E-03
  6.180E-03  6.397E-03  6.745E-03  6.726E-03  7.026E-03  6.966E-03  7.298E-03  7.436E-03  7.756E-03  7.842E-03
  7.989E-03  8.107E-03  8.148E-03  8.188E-03  8.366E-03  8.501E-03  8.472E-03  8.500E-03  8.465E-03  8.423E-03
  8.570E-03  8.630E-03  8.448E-03  8.545E-03  8.422E-03  8.184E-03  8.145E-03  8.282E-03  8.052E-03  7.828E-03
  7.598E-03  7.453E-03  7.465E-03  7.205E-03  7.045E-03  6.822E-03  6.676E-03  6.637E-03  6.408E-03  6.197E-03
  5.929E-03  5.877E-03  5.597E-03  5.484E-03  5.278E-03  5.355E-03  5.085E-03  5.070E-03  4.868E-03  4.717E-03
  4.615E-03  4.471E-03  4.343E-03  4.281E-03  4.205E-03  4.205E-03  3.956E-03  3.933E-03  3.818E-03  3.656E-03
  3.863E-03  3.890E-03  4.144E-03  4.076E-03  4.204E-03  4.225E-03  4.362E-03  4.540E-03  4.679E-03  4.828E-03
  4.834E-03  5.010E-03  5.247E-03  5.458E-03  5.529E-03  5.674E-03  5.811E-03  6.027E-03  6.194E-03  6.123E-03
  6.412E-03  6.659E-03  6.888E-03  7.010E-03  7.200E-03  7.326E-03  7.733E-03  8.071E-03  8.050E-03  8.166E-03
  8.448E-03  8.495E-03  8.703E-03  8.815E-03  8.994E-03  9.101E-03  8.982E-03  8.939E-03  9.149E-03  9.074E-03
  9.095E-03  9.220E-03  8.946E-03  9.177E-03  9.004E-03  8.835E-03  8.707E-03  8.661E-03  8.359E-03  8.290E-03
  8.107E-03  7.991E-03  7.992E-03  7.644E-03  7.421E-03  7.263E-03  7.098E-03  6.957E-03  6.772E-03  6.388E-03
  6.253E-03  6.031E-03  5.880E-03  5.789E-03  5.642E-03  5.443E-03  5.313E-03  5.099E-03  5.087E-03  4.997E-03
  4.674E-03  4.603E-03  4.513E-03  4.357E-03  4.273E-03  4.190E-03  4.199E-03  4.076E-03  3.954E-03  3.776E-03
  3.769E-03  3.949E-03  4.087E-03  4.236E-03  4.371E-03  4.410E-03  4.554E-03  4.602E-03  4.781E-03  4.963E-03
  5.063E-03  5.163E-03  5.301E-03  5.568E-03  5.688E-03  5.792E-03  5.970E-03  6.291E-03  6.588E-03  6.532E-03
  6.785E-03  6.892E-03  7.176E-03  7.267E-03  7.529E-03  7.716E-03  7.947E-03  8.314E-03  8.515E-03  8.824E-03
  8.849E-03  8.932E-03  9.196E-03  9.334E-03  9.374E-03  9.697E-03  9.784E-03  9.691E-03  9.776E-03  1.003E-02
  9.776E-03  9.715E-03  9.718E-03  9.640E-03  9.535E-03  9.369E-03  9.152E-03  9.295E-03  8.893E-03  8.945E-03
  8.512E-03  8.646E-03  8.312E-03  8.037E-03  7.809E-03  7.714E-03  7.468E-03  7.281E-03  6.828E-03  6.571E-03
  6.449E-03  6.213E-03  6.088E-03  5.991E-03  5.681E-03  5.763E-03  5.382E-03  5.339E-03  5.191E-03  4.977E-03
  4.831E-03  4.752E-03  4.609E-03  4.407E-03  4.341E-03  4.386E-03  4.282E-03  4.116E-03  3.941E-03  3.904E-03
  4.050E-03  4.102E-03  4.189E-03  4.296E-03  4.351E-03  4.588E-03  4.652E-03  4.682E-03  4.827E-03  5.168E-03
  5.325E-03  5.416E-03  5.493E-03  5.686E-03  5.785E-03  6.004E-03  6.258E-03  6.421E-03  6.773E-03  6.993E-03
  7.037E-03  7.339E-03  7.862E-03  7.721E-03  8.023E-03  8.372E-03  8.223E-03  8.558E-03  8.909E-03  9.146E-03
  9.558E-03  9.508E-03  9.785E-03  1.002E-02  1.003E-02  1.036E-02  1.029E-02  1.071E-02  1.043E-02  1.082E-02
  1.071E-02  1.057E-02  1.037E-02  1.044E-02  1.032E-02  1.001E-02  9.920E-03  1.002E-02  9.611E-03  9.435E-03
  9.273E-03  8.960E-03  8.730E-03  8.445E-03  8.430E-03  8.050E-03  7.756E-03  7.446E-03  7.245E-03  6.996E-03
  6.768E-03  6.606E-03  6.164E-03  6.196E-03  6.009E-03  5.870E-03  5.551E-03  5.537E-03  5.226E-03  5.120E-03
  5.060E-03  4.972E-03  4.735E-03  4.513E-03  4.462E-03  4.482E-03  4.188E-03  4.139E-03  3.974E-03  3.894E-03
  3.904E-03  4.068E-03  4.180E-03  4.266E-03  4.414E-03  4.521E-03  4.793E-03  4.854E-03  4.958E-03  5.185E-03
  5.353E-03  5.506E-03  5.627E-03  5.868E-03  5.991E-03  6.147E-03  6.423E-03  6.735E-03  6.926E-03  7.155E-03
  7.528E-03  7.759E-03  7.974E-03  8.296E-03  8.501E-03  8.819E-03  8.907E-03  9.255E-03  9.483E-03  9.697E-03
  1.013E-02  1.006E-02  1.062E-02  1.077E-02  1.085E-02  1.082E-02  1.128E-02  1.168E-02  1.137E-02  1.141E-02
  1.177E-02  1.149E-02  1.133E-02  1.146E-02  1.118E-02  1.086E-02  1.062E-02  1.058E-02  1.046E-02  1.013E-02
  1.002E-02  9.419E-03  9.222E-03  8.890E-03  8.847E-03  8.401E-03  8.164E-03  7.761E-03  7.531E-03  7.315E-03
  7.159E-03  6.688E-03  6.691E-03  6.390E-03  6.173E-03  6.076E-03  5.854E-03  5.554E-03  5.468E-03  5.368E-03
  5.141E-03  5.016E-03  4.786E-03  4.704E-03  4.665E-03  4.403E-03  4.215E-03  4.108E-03  4.058E-03  3.985E-03
  3.943E-03  4.131E-03  4.204E-03  4.404E-03  4.493E-03  4.593E-03  4.684E-03  4.939E-03  5.071E-03  5.183E-03
  5.518E-03  5.736E-03  5.710E-03  5.887E-03  6.348E-03  6.407E-03  6.594E-03  6.857E-03  7.002E-03  7.378E-03
  7.783E-03  8.191E-03  8.439E-03  8.678E-03  9.119E-03  9.054E-03  9.355E-03  9.865E-03  1.020E-02  1.070E-02
  1.091E-02  1.099E-02  1.146E-02  1.165E-02  1.202E-02  1.201E-02  1.212E-02  1.240E-02  1.215E-02  1.261E-02
  1.259E-02  1.258E-02  1.254E-02  1.238E-02  1.192E-02  1.164E-02  1.157E-02  1.149E-02  1.109E-02  1.093E-02
  1.058E-02  1.019E-02  9.994E-03  9.484E-03  9.222E-03  8.786E-03  8.411E-03  8.290E-03  8.068E-03  7.648E-03
  7.147E-03  7.021E-03  7.027E-03  6.726E-03  6.428E-03  6.352E-03  5.955E-03  5.777E-03  5.631E-03  5.406E-03
  5.394E-03  5.071E-03  4.942E-03  4.855E-03  4.567E-03  4.538E-03  4.397E-03  4.170E-03  4.189E-03  3.974E-03
  4.095E-03  4.122E-03  4.351E-03  4.464E-03  4.679E-03  4.763E-03  4.946E-03  4.965E-03  5.119E-03  5.473E-03
  5.653E-03  5.909E-03  5.850E-03  6.196E-03  6.358E-03  6.559E-03  6.829E-03  7.341E-03  7.289E-03  7.608E-03
  8.074E-03  8.397E-03  9.031E-03  9.091E-03  9.388E-03  9.775E-03  9.937E-03  1.039E-02  1.086E-02  1.131E-02
  1.180E-02  1.201E-02  1.248E-02  1.278E-02  1.307E-02  1.331E-02  1.344E-02  1.370E-02  1.401E-02  1.407E-02
  1.389E-02  1.381E-02  1.376E-02  1.339E-02  1.291E-02  1.270E-02  1.254E-02  1.248E-02  1.205E-02  1.182E-02
  1.112E-02  1.100E-02  1.044E-02  9.968E-03  9.896E-03  9.231E-03  9.055E-03  8.841E-03  8.283E-03  7.828E-03
  7.621E-03  7.336E-03  7.231E-03  6.840E-03  6.561E-03  6.369E-03  6.105E-03  5.969E-03  5.771E-03  5.645E-03
  5.415E-03  5.149E-03  5.010E-03  4.715E-03  4.815E-03  4.672E-03  4.476E-03  4.381E-03  4.289E-03  4.146E-03
  4.165E-03  4.213E-03  4.344E-03  4.560E-03  4.708E-03  4.947E-03  5.150E-03  5.251E-03  5.275E-03  5.614E-03
  5.911E-03  5.847E-03  6.119E-03  6.363E-03  6.642E-03  6.940E-03  7.081E-03  7.372E-03  7.789E-03  7.996E-03
  8.381E-03  8.950E-03  9.542E-03  9.608E-03  9.748E-03  1.053E-02  1.090E-02  1.116E-02  1.161E-02  1.223E-02
  1.263E-02  1.302E-02  1.359E-02  1.417E-02  1.457E-02  1.442E-02  1.514E-02  1.548E-02  1.554E-02  1.579E-02
  1.586E-02  1.565E-02  1.509E-02  1.516E-02  1.464E-02  1.430E-02  1.393E-02  1.361E-02  1.319E-02  1.255E-02
  1.191E-02  1.167E-02  1.119E-02  1.065E-02  1.040E-02  9.826E-03  9.598E-03  9.346E-03  8.623E-03  8.204E-03
  7.999E-03  7.761E-03  7.500E-03  7.027E-03  6.911E-03  6.474E-03  6.296E-03  6.220E-03  6.020E-03  5.793E-03
  5.510E-03  5.326E-03  5.136E-03  5.039E-03  4.929E-03  4.729E-03  4.718E-03  4.473E-03  4.273E-03  4.107E-03
  4.315E-03  4.302E-03  4.402E-03  4.573E-03  4.734E-03  4.897E-03  5.144E-03  5.314E-03  5.503E-03  5.575E-03
  6.002E-03  6.170E-03  6.429E-03  6.625E-03  6.955E-03  7.159E-03  7.449E-03  7.806E-03  8.202E-03  8.608E-03
  8.791E-03  9.297E-03  9.787E-03  1.022E-02  1.065E-02  1.119E-02  1.162E-02  1.215E-02  1.274E-02  1.334E-02
  1.392E-02  1.433E-02  1.519E-02  1.583E-02  1.627E-02  1.863E-02  3.581E-02  6.628E-02  8.806E-02  1.012E-01
  1.005E-01  8.830E-02  6.542E-02  3.569E-02  1.850E-02  1.657E-02  1.575E-02  1.517E-02  1.430E-02  1.391E-02
  1.338E-02  1.268E-02  1.209E-02  1.164E-02  1.106E-02  1.043E-02  1.021E-02  9.787E-03  9.142E-03  8.720E-03
  8.567E-03  8.145E-03  7.697E-03  7.377E-03  7.197E-03  6.851E-03  6.620E-03  6.309E-03  6.090E-03  5.897E-03
  5.520E-03  5.427E-03  5.333E-03  5.173E-03  5.030E-03  4.738E-03  4.569E-03  4.565E-03  4.288E-03  4.163E-03
  4.389E-03  4.580E-03  4.585E-03  4.637E-03  4.820E-03  5.058E-03  5.257E-03  5.369E-03  5.697E-03  5.857E-03
  6.006E-03  6.321E-03  6.573E-03  6.771E-03  7.114E-03  7.567E-03  7.637E-03  8.155E-03  8.414E-03  9.052E-03
  9.357E-03  9.861E-03  1.022E-02  1.101E-02  1.145E-02  1.224E-02  1.272E-02  1.318E-02  1.400E-02  1.475E-02
  1.539E-02  1.620E-02  2.976E-02  9.802E-02  1.731E-01  2.334E-01  2.627E-01  2.710E-01  2.710E-01  2.717E-01
  2.711E-01  2.711E-01  2.714E-01  2.613E-01  2.319E-01  1.729E-01  9.825E-02  2.972E-02  1.625E-02  1.584E-02
  1.485E-02  1.413E-02  1.312E-02  1.269E-02  1.183E-02  1.128E-02  1.072E-02  1.030E-02  9.595E-03  9.256E-03
  8.944E-03  8.267E-03  8.119E-03  7.835E-03  7.449E-03  7.136E-03  6.869E-03  6.655E-03  6.293E-03  5.959E-03
  5.792E-03  5.674E-03  5.444E-03  5.245E-03  5.015E-03  4.706E-03  4.692E-03  4.533E-03  4.353E-03  4.366E-03
  4.425E-03  4.624E-03  4.654E-03  4.775E-03  4.898E-03  5.144E-03  5.391E-03  5.555E-03  5.766E-03  5.985E-03
  6.214E-03  6.428E-03  6.556E-03  7.045E-03  7.316E-03  7.703E-03  7.838E-03  8.186E-03  8.603E-03  9.182E-03
  9.779E-03  1.039E-02  1.091E-02  1.125E-02  1.198E-02  1.306E-02  1.370E-02  1.465E-02  1.538E-02  1.647E-02
  5.257E-02  1.608E-01  2.495E-01  2.698E-01  2.713E-01  2.735E-01  2.720E-01  2.716E-01  2.731E-01  2.735E-01
  2.714E-01  2.723E-01  2.724E-01  2.715E-01  2.710E-01  2.711E-01  2.710E-01  2.482E-01  1.613E-01  5.263E-02
  1.662E-02  1.526E-02  1.415E-02  1.370E-02  1.284E-02  1.219E-02  1.163E-02  1.077E-02  1.014E-02  9.859E-03
  9.397E-03  8.876E-03  8.545E-03  8.163E-03  7.729E-03  7.442E-03  7.033E-03  6.669E-03  6.381E-03  6.154E-03
  6.066E-03  5.647E-03  5.398E-03  5.322E-03  5.163E-03  5.067E-03  4.799E-03  4.573E-03  4.411E-03  4.339E-03
  4.541E-03  4.601E-03  4.934E-03  5.042E-03  5.085E-03  5.354E-03  5.608E-03  5.688E-03  5.994E-03  6.225E-03
  6.496E-03  6.706E-03  6.933E-03  7.404E-03  7.637E-03  8.106E-03  8.411E-03  8.812E-03  9.129E-03  9.568E-03
  1.034E-02  1.082E-02  1.168E-02  1.233E-02  1.292E-02  1.373E-02  1.491E-02  1.608E-02  3.667E-02  1.610E-01
  2.609E-01  2.712E-01  2.723E-01  2.720E-01  2.720E-01  2.729E-01  2.736E-01  2.741E-01  2.741E-01  2.754E-01
  2.727E-01  2.740E-01  2.749E-01  2.748E-01  2.734E-01  2.729E-01  2.724E-01  2.700E-01  2.694E-01  2.623E-01
  1.602E-01  3.727E-02  1.594E-02  1.497E-02  1.405E-02  1.282E-02  1.223E-02  1.136E-02  1.079E-02  1.031E-02
  9.614E-03  9.128E-03  8.811E-03  8.341E-03  8.013E-03  7.636E-03  7.286E-03  6.881E-03  6.693E-03  6.351E-03
  6.071E-03  5.783E-03  5.490E-03  5.534E-03  5.483E-03  5.138E-03  4.802E-03  4.737E-03  4.530E-03  4.423E-03
  4.471E-03  4.684E-03  4.780E-03  5.013E-03  5.201E-03  5.321E-03  5.545E-03  5.906E-03  6.005E-03  6.283E-03
  6.447E-03  6.900E-03  7.164E-03  7.588E-03  7.856E-03  8.210E-03  8.609E-03  9.021E-03  9.832E-03  1.027E-02
  1.090E-02  1.155E-02  1.242E-02  1.312E-02  1.410E-02  1.512E-02  1.715E-02  9.391E-02  2.416E-01  2.704E-01
  2.714E-01  2.709E-01  2.740E-01  2.746E-01  2.728E-01  2.741E-01  2.762E-01  2.758E-01  2.757E-01  2.758E-01
  2.754E-01  2.729E-01  2.754E-01  2.755E-01  2.758E-01  2.750E-01  2.741E-01  2.736E-01  2.732E-01  2.705E-01
  2.703E-01  2.435E-01  9.432E-02  1.727E-02  1.519E-02  1.402E-02  1.290E-02  1.236E-02  1.167E-02  1.079E-02
  1.004E-02  9.855E-03  9.117E-03  8.818E-03  8.227E-03  7.822E-03  7.443E-03  7.136E-03  6.899E-03  6.597E-03
  6.353E-03  6.069E-03  5.902E-03  5.730E-03  5.376E-03  5.061E-03  4.802E-03  4.757E-03  4.611E-03  4.473E-03
  4.565E-03  4.776E-03  4.975E-03  5.063E-03  5.297E-03  5.560E-03  5.694E-03  5.852E-03  6.193E-03  6.456E-03
  6.832E-03  7.286E-03  7.472E-03  7.802E-03  8.254E-03  8.525E-03  9.035E-03  9.607E-03  1.007E-02  1.087E-02
  1.144E-02  1.225E-02  1.321E-02  1.435E-02  1.530E-02  2.119E-02  1.483E-01  2.665E-01  2.716E-01  2.704E-01
  2.741E-01  2.726E-01  2.738E-01  2.748E-01  2.756E-01  2.768E-01  2.761E-01  2.765E-01  2.760E-01  2.762E-01
  2.752E-01  2.763E-01  2.775E-01  2.756E-01  2.762E-01  2.769E-01  2.752E-01  2.749E-01  2.759E-01  2.739E-01
  2.715E-01  2.724E-01  2.667E-01  1.491E-01  2.070E-02  1.532E-02  1.410E-02  1.319E-02  1.235E-02  1.132E-02
  1.082E-02  1.021E-02  9.460E-03  9.001E-03  8.471E-03  7.950E-03  7.486E-03  7.427E-03  7.197E-03  6.759E-03
  6.400E-03  6.346E-03  6.018E-03  5.731E-03  5.442E-03  5.339E-03  5.126E-03  4.756E-03  4.719E-03  4.665E-03
  4.662E-03  4.776E-03  4.998E-03  5.098E-03  5.229E-03  5.372E-03  5.620E-03  6.039E-03  6.343E-03  6.673E-03
  6.898E-03  7.243E-03  7.683E-03  8.089E-03  8.459E-03  8.777E-03  9.529E-03  1.007E-02  1.063E-02  1.146E-02
  1.203E-02  1.308E-02  1.411E-02  1.526E-02  2.340E-02  1.768E-01  2.685E-01  2.726E-01  2.745E-01  2.733E-01
  2.746E-01  2.754E-01  2.754E-01  2.758E-01  2.744E-01  2.793E-01  2.773E-01  2.773E-01  2.762E-01  2.774E-01
  2.798E-01  2.765E-01  2.757E-01  2.772E-01  2.781E-01  2.759E-01  2.766E-01  2.771E-01  2.755E-01  2.739E-01
  2.737E-01  2.713E-01  2.717E-01  2.702E-01  1.775E-01  2.371E-02  1.558E-02  1.419E-02  1.308E-02  1.215E-02
  1.131E-02  1.078E-02  9.979E-03  9.208E-03  8.796E-03  8.392E-03  7.906E-03  7.650E-03  7.279E-03  6.917E-03
  6.530E-03  6.367E-03  6.089E-03  5.830E-03  5.567E-03  5.346E-03  5.109E-03  4.959E-03  4.874E-03  4.677E-03
  4.806E-03  4.925E-03  5.135E-03  5.317E-03  5.596E-03  5.741E-03  5.819E-03  6.113E-03  6.432E-03  6.812E-03
  7.092E-03  7.324E-03  7.856E-03  8.245E-03  8.600E-03  9.251E-03  9.681E-03  1.042E-02  1.095E-02  1.179E-02
  1.289E-02  1.388E-02  1.524E-02  2.101E-02  1.774E-01  2.698E-01  2.718E-01  2.739E-01  2.739E-01  2.745E-01
  2.755E-01  2.755E-01  2.769E-01  2.785E-01  2.785E-01  2.778E-01  2.787E-01  2.794E-01  2.763E-01  2.799E-01
  2.788E-01  2.778E-01  2.790E-01  2.805E-01  2.792E-01  2.789E-01  2.758E-01  2.762E-01  2.755E-01  2.757E-01
  2.746E-01  2.757E-01  2.738E-01  2.719E-01  2.698E-01  1.765E-01  2.106E-02  1.535E-02  1.393E-02  1.275E-02
  1.187E-02  1.100E-02  1.016E-02  9.384E-03  8.846E-03  8.507E-03  8.236E-03  7.857E-03  7.348E-03  7.074E-03
  6.756E-03  6.409E-03  6.141E-03  5.872E-03  5.729E-03  5.454E-03  5.178E-03  5.058E-03  4.905E-03  4.604E-03
  4.779E-03  4.948E-03  5.114E-03  5.401E-03  5.593E-03  5.942E-03  6.020E-03  6.278E-03  6.670E-03  6.994E-03
  7.349E-03  7.598E-03  8.148E-03  8.512E-03  9.105E-03  9.656E-03  1.016E-02  1.081E-02  1.139E-02  1.232E-02
  1.360E-02  1.486E-02  1.701E-02  1.499E-01  2.714E-01  2.727E-01  2.735E-01  2.744E-01  2.745E-01  2.755E-01
  2.747E-01  2.765E-01  2.752E-01  2.785E-01  2.789E-01  2.774E-01  2.801E-01  2.782E-01  2.796E-01  2.803E-01
  2.796E-01  2.776E-01  2.786E-01  2.775E-01  2.795E-01  2.769E-01  2.786E-01  2.791E-01  2.762E-01  2.777E-01
  2.768E-01  2.737E-01  2.753E-01  2.737E-01  2.707E-01  2.687E-01  1.480E-01  1.701E-02  1.485E-02  1.353E-02
  1.258E-02  1.155E-02  1.085E-02  1.001E-02  9.510E-03  8.934E-03  8.458E-03  7.999E-03  7.506E-03  7.161E-03
  6.963E-03  6.740E-03  6.464E-03  6.008E-03  5.768E-03  5.445E-03  5.240E-03  5.085E-03  4.914E-03  4.842E-03
  4.728E-03  4.996E-03  5.109E-03  5.305E-03  5.635E-03  5.835E-03  6.225E-03  6.463E-03  6.650E-03  7.020E-03
  7.522E-03  7.813E-03  8.267E-03  8.887E-03  9.328E-03  9.875E-03  1.063E-02  1.132E-02  1.221E-02  1.331E-02
  1.439E-02  1.594E-02  9.451E-02  2.666E-01  2.721E-01  2.748E-01  2.744E-01  2.754E-01  2.755E-01  2.759E-01
  2.777E-01  2.782E-01  2.785E-01  2.777E-01  2.787E-01  2.778E-01  2.779E-01  2.800E-01  2.787E-01  2.812E-01
  2.805E-01  2.816E-01  2.801E-01  2.799E-01  2.816E-01  2.791E-01  2.776E-01  2.779E-01  2.773E-01  2.778E-01
  2.754E-01  2.780E-01  2.749E-01  2.743E-01  2.717E-01  2.707E-01  2.667E-01  9.391E-02  1.589E-02  1.443E-02
  1.309E-02  1.226E-02  1.125E-02  1.087E-02  1.007E-02  9.252E-03  8.717E-03  8.158E-03  7.780E-03  7.337E-03
  7.058E-03  6.663E-03  6.235E-03  5.994E-03  5.880E-03  5.553E-03  5.432E-03  5.132E-03  5.047E-03  4.825E-03
  4.921E-03  5.081E-03  5.322E-03  5.554E-03  5.735E-03  5.940E-03  6.228E-03  6.639E-03  6.858E-03  7.255E-03
  7.516E-03  7.954E-03  8.314E-03  8.981E-03  9.493E-03  1.013E-02  1.128E-02  1.189E-02  1.291E-02  1.401E-02
  1.557E-02  3.708E-02  2.420E-01  2.721E-01  2.737E-01  2.754E-01  2.746E-01  2.734E-01  2.764E-01  2.784E-01
  2.766E-01  2.796E-01  2.790E-01  2.802E-01  2.813E-01  2.773E-01  2.798E-01  2.821E-01  2.808E-01  2.803E-01
  2.807E-01  2.811E-01  2.802E-01  2.798E-01  2.805E-01  2.797E-01  2.805E-01  2.788E-01  2.789E-01  2.776E-01
  2.773E-01  2.778E-01  2.741E-01  2.737E-01  2.721E-01  2.723E-01  2.718E-01  2.408E-01  3.710E-02  1.511E-02
  1.395E-02  1.268E-02  1.172E-02  1.099E-02  1.008E-02  9.355E-03  8.934E-03  8.551E-03  8.087E-03  7.564E-03
  7.231E-03  6.834E-03  6.393E-03  6.229E-03  5.881E-03  5.712E-03  5.384E-03  5.198E-03  4.934E-03  4.874E-03
  4.993E-03  5.126E-03  5.269E-03  5.444E-03  5.700E-03  6.098E-03  6.238E-03  6.510E-03  7.028E-03  7.237E-03
  7.809E-03  8.374E-03  8.683E-03  9.256E-03  9.831E-03  1.072E-02  1.133E-02  1.224E-02  1.328E-02  1.462E-02
  1.683E-02  1.632E-01  2.707E-01  2.726E-01  2.733E-01  2.742E-01  2.761E-01  2.766E-01  2.759E-01  2.803E-01
  2.792E-01  2.806E-01  2.784E-01  2.782E-01  2.819E-01  2.824E-01  2.810E-01  2.810E-01  2.791E-01  2.811E-01
  2.807E-01  2.820E-01  2.804E-01  2.813E-01  2.830E-01  2.820E-01  2.800E-01  2.785E-01  2.781E-01  2.802E-01
  2.778E-01  2.764E-01  2.772E-01  2.767E-01  2.756E-01  2.742E-01  2.742E-01  2.707E-01  1.618E-01  1.679E-02
  1.480E-02  1.333E-02  1.206E-02  1.134E-02  1.057E-02  9.703E-03  9.138E-03  8.570E-03  8.031E-03  7.650E-03
  7.254E-03  6.889E-03  6.519E-03  6.251E-03  5.843E-03  5.737E-03  5.636E-03  5.347E-03  5.213E-03  4.959E-03
  5.031E-03  5.229E-03  5.349E-03  5.537E-03  5.675E-03  6.187E-03  6.541E-03  6.642E-03  7.067E-03  7.260E-03
  7.707E-03  8.223E-03  8.817E-03  9.520E-03  1.015E-02  1.080E-02  1.168E-02  1.266E-02  1.395E-02  1.546E-02
  5.213E-02  2.605E-01  2.710E-01  2.748E-01  2.745E-01  2.745E-01  2.762E-01  2.781E-01  2.794E-01  2.791E-01
  2.805E-01  2.803E-01  2.801E-01  2.800E-01  2.821E-01  2.823E-01  2.809E-01  2.800E-01  2.799E-01  2.809E-01
  2.793E-01  2.809E-01  2.810E-01  2.815E-01  2.798E-01  2.804E-01  2.806E-01  2.784E-01  2.797E-01  2.808E-01
  2.785E-01  2.762E-01  2.791E-01  2.756E-01  2.739E-01  2.746E-01  2.733E-01  2.714E-01  2.616E-01  5.302E-02
  1.571E-02  1.412E-02  1.286E-02  1.145E-02  1.080E-02  1.002E-02  9.444E-03  8.988E-03  8.347E-03  7.808E-03
  7.317E-03  6.929E-03  6.652E-03  6.357E-03  6.165E-03  5.947E-03  5.694E-03  5.522E-03  5.239E-03  5.005E-03
  4.986E-03  5.173E-03  5.507E-03  5.616E-03  5.851E-03  6.214E-03  6.555E-03  6.806E-03  7.012E-03  7.427E-03
  7.909E-03  8.419E-03  9.053E-03  9.727E-03  1.053E-02  1.116E-02  1.220E-02  1.320E-02  1.456E-02  1.668E-02
  1.604E-01  2.711E-01  2.707E-01  2.716E-01  2.751E-01  2.754E-01  2.770E-01  2.785E-01  2.803E-01  2.781E-01
  2.789E-01  2.794E-01  2.793E-01  2.804E-01  2.817E-01  2.836E-01  2.816E-01  2.806E-01  2.816E-01  2.797E-01
  2.815E-01  2.799E-01  2.832E-01  2.815E-01  2.818E-01  2.792E-01  2.814E-01  2.791E-01  2.805E-01  2.809E-01
  2.803E-01  2.790E-01  2.784E-01  2.763E-01  2.785E-01  2.762E-01  2.750E-01  2.737E-01  2.703E-01  1.608E-01
  1.651E-02  1.439E-02  1.304E-02  1.194E-02  1.117E-02  1.034E-02  9.744E-03  9.193E-03  8.629E-03  8.070E-03
  7.521E-03  7.120E-03  6.751E-03  6.488E-03  6.151E-03  5.926E-03  5.593E-03  5.487E-03  5.266E-03  5.084E-03
  5.226E-03  5.403E-03  5.620E-03  5.783E-03  6.044E-03  6.166E-03  6.377E-03  6.787E-03  7.144E-03  7.412E-03
  7.869E-03  8.537E-03  9.214E-03  9.836E-03  1.071E-02  1.158E-02  1.244E-02  1.384E-02  1.541E-02  3.068E-02
  2.493E-01  2.704E-01  2.731E-01  2.738E-01  2.756E-01  2.772E-01  2.783E-01  2.775E-01  2.777E-01  2.791E-01
  2.794E-01  2.793E-01  2.797E-01  2.806E-01  2.820E-01  2.811E-01  2.795E-01  2.808E-01  2.816E-01  2.818E-01
  2.815E-01  2.819E-01  2.811E-01  2.813E-01  2.821E-01  2.811E-01  2.809E-01  2.803E-01  2.803E-01  2.806E-01
  2.808E-01  2.804E-01  2.778E-01  2.786E-01  2.777E-01  2.770E-01  2.752E-01  2.737E-01  2.694E-01  2.507E-01
  3.074E-02  1.525E-02  1.378E-02  1.253E-02  1.143E-02  1.076E-02  9.957E-03  9.218E-03  8.725E-03  8.099E-03
  7.608E-03  7.156E-03  6.906E-03  6.724E-03  6.270E-03  5.975E-03  5.663E-03  5.402E-03  5.179E-03  5.008E-03
  5.168E-03  5.176E-03  5.557E-03  5.860E-03  6.130E-03  6.413E-03  6.670E-03  6.890E-03  7.278E-03  7.628E-03
  8.198E-03  8.731E-03  9.094E-03  9.991E-03  1.078E-02  1.153E-02  1.275E-02  1.415E-02  1.580E-02  9.858E-02
  2.711E-01  2.722E-01  2.739E-01  2.763E-01  2.771E-01  2.777E-01  2.782E-01  2.786E-01  2.799E-01  2.816E-01
  2.784E-01  2.813E-01  2.813E-01  2.828E-01  2.811E-01  2.815E-01  2.812E-01  2.837E-01  2.821E-01  2.819E-01
  2.827E-01  2.832E-01  2.840E-01  2.794E-01  2.823E-01  2.813E-01  2.807E-01  2.816E-01  2.821E-01  2.787E-01
  2.785E-01  2.780E-01  2.788E-01  2.782E-01  2.771E-01  2.769E-01  2.750E-01  2.746E-01  2.731E-01  2.715E-01
  9.820E-02  1.569E-02  1.391E-02  1.278E-02  1.197E-02  1.099E-02  9.900E-03  9.357E-03  8.741E-03  8.078E-03
  7.695E-03  7.352E-03  7.015E-03  6.595E-03  6.438E-03  6.045E-03  5.679E-03  5.474E-03  5.347E-03  5.094E-03
  5.043E-03  5.222E-03  5.440E-03  5.629E-03  6.025E-03  6.285E-03  6.591E-03  6.953E-03  7.522E-03  7.870E-03
  8.300E-03  8.892E-03  9.338E-03  9.906E-03  1.084E-02  1.200E-02  1.297E-02  1.409E-02  1.613E-02  1.727E-01
  2.695E-01  2.732E-01  2.756E-01  2.760E-01  2.764E-01  2.765E-01  2.773E-01  2.774E-01  2.783E-01  2.795E-01
  2.796E-01  2.814E-01  2.835E-01  2.833E-01  2.818E-01  2.803E-01  2.817E-01  2.818E-01  2.807E-01  2.829E-01
  2.831E-01  2.824E-01  2.803E-01  2.812E-01  2.807E-01  2.813E-01  2.825E-01  2.811E-01  2.809E-01  2.816E-01
  2.804E-01  2.801E-01  2.787E-01  2.774E-01  2.783E-01  2.766E-01  2.756E-01  2.747E-01  2.726E-01  2.716E-01
  1.723E-01  1.653E-02  1.454E-02  1.310E-02  1.213E-02  1.098E-02  1.014E-02  9.541E-03  8.818E-03  8.237E-03
  7.706E-03  7.409E-03  7.160E-03  6.791E-03  6.474E-03  6.266E-03  5.976E-03  5.616E-03  5.395E-03  5.131E-03
  5.042E-03  5.249E-03  5.692E-03  5.741E-03  5.951E-03  6.349E-03  6.788E-03  7.070E-03  7.466E-03  8.022E-03
  8.497E-03  8.991E-03  9.623E-03  1.043E-02  1.134E-02  1.224E-02  1.353E-02  1.485E-02  1.891E-02  2.321E-01
  2.695E-01  2.729E-01  2.749E-01  2.746E-01  2.774E-01  2.775E-01  2.765E-01  2.793E-01  2.780E-01  2.814E-01
  2.805E-01  2.821E-01  2.817E-01  2.837E-01  2.810E-01  2.826E-01  2.826E-01  2.810E-01  2.813E-01  2.824E-01
  2.823E-01  2.809E-01  2.810E-01  2.805E-01  2.821E-01  2.815E-01  2.823E-01  2.813E-01  2.814E-01  2.796E-01
  2.804E-01  2.804E-01  2.794E-01  2.775E-01  2.788E-01  2.784E-01  2.767E-01  2.750E-01  2.734E-01  2.713E-01
  2.314E-01  1.892E-02  1.487E-02  1.352E-02  1.213E-02  1.113E-02  1.038E-02  9.621E-03  8.984E-03  8.382E-03
  8.002E-03  7.555E-03  7.149E-03  6.849E-03  6.660E-03  6.274E-03  5.858E-03  5.551E-03  5.482E-03  5.388E-03
  5.091E-03  5.277E-03  5.477E-03  5.746E-03  6.052E-03  6.339E-03  6.769E-03  7.123E-03  7.645E-03  7.988E-03
  8.498E-03  9.075E-03  9.628E-03  1.046E-02  1.131E-02  1.233E-02  1.375E-02  1.525E-02  3.773E-02  2.622E-01
  2.723E-01  2.731E-01  2.750E-01  2.753E-01  2.759E-01  2.766E-01  2.786E-01  2.812E-01  2.793E-01  2.803E-01
  2.802E-01  2.808E-01  2.823E-01  2.803E-01  2.833E-01  2.821E-01  2.830E-01  2.833E-01  2.851E-01  2.827E-01
  2.817E-01  2.842E-01  2.824E-01  2.818E-01  2.849E-01  2.810E-01  2.809E-01  2.814E-01  2.811E-01  2.801E-01
  2.816E-01  2.781E-01  2.791E-01  2.797E-01  2.785E-01  2.762E-01  2.755E-01  2.756E-01  2.746E-01  2.739E-01
  2.628E-01  3.698E-02  1.516E-02  1.375E-02  1.233E-02  1.109E-02  1.038E-02  9.646E-03  9.001E-03  8.372E-03
  8.079E-03  7.653E-03  7.220E-03  6.831E-03  6.400E-03  6.028E-03  5.890E-03  5.584E-03  5.356E-03  5.105E-03
  5.171E-03  5.308E-03  5.611E-03  5.848E-03  6.044E-03  6.403E-03  6.774E-03  7.105E-03  7.618E-03  8.039E-03
  8.568E-03  8.970E-03  9.721E-03  1.073E-02  1.160E-02  1.246E-02  1.346E-02  1.524E-02  6.527E-02  2.699E-01
  2.715E-01  2.720E-01  2.756E-01  2.755E-01  2.785E-01  2.790E-01  2.782E-01  2.798E-01  2.801E-01  2.796E-01
  2.815E-01  2.794E-01  2.804E-01  2.823E-01  2.822E-01  2.835E-01  2.825E-01  2.838E-01  2.823E-01  2.844E-01
  2.843E-01  2.846E-01  2.856E-01  2.823E-01  2.835E-01  2.820E-01  2.825E-01  2.827E-01  2.805E-01  2.825E-01
  2.795E-01  2.797E-01  2.794E-01  2.802E-01  2.775E-01  2.762E-01  2.753E-01  2.739E-01  2.733E-01  2.721E-01
  2.689E-01  6.469E-02  1.527E-02  1.360E-02  1.235E-02  1.142E-02  1.067E-02  9.871E-03  9.366E-03  8.868E-03
  8.129E-03  7.600E-03  7.302E-03  6.886E-03  6.552E-03  6.276E-03  5.998E-03  5.733E-03  5.391E-03  5.209E-03
  5.164E-03  5.272E-03  5.578E-03  5.917E-03  6.208E-03  6.464E-03  6.795E-03  7.169E-03  7.539E-03  8.241E-03
  8.585E-03  9.144E-03  9.953E-03  1.058E-02  1.144E-02  1.278E-02  1.373E-02  1.549E-02  8.884E-02  2.702E-01
  2.718E-01  2.744E-01  2.753E-01  2.758E-01  2.780E-01  2.790E-01  2.788E-01  2.796E-01  2.790E-01  2.822E-01
  2.815E-01  2.816E-01  2.810E-01  2.813E-01  2.826E-01  2.816E-01  2.816E-01  2.834E-01  2.824E-01  2.835E-01
  2.849E-01  2.830E-01  2.836E-01  2.830E-01  2.837E-01  2.828E-01  2.836E-01  2.804E-01  2.823E-01  2.811E-01
  2.798E-01  2.817E-01  2.805E-01  2.803E-01  2.785E-01  2.755E-01  2.780E-01  2.745E-01  2.726E-01  2.722E-01
  2.698E-01  8.890E-02  1.543E-02  1.374E-02  1.240E-02  1.135E-02  1.065E-02  9.764E-03  9.144E-03  8.673E-03
  8.000E-03  7.510E-03  7.317E-03  6.966E-03  6.558E-03  6.238E-03  5.917E-03  5.731E-03  5.460E-03  5.205E-03
  5.152E-03  5.434E-03  5.653E-03  5.871E-03  6.220E-03  6.624E-03  6.898E-03  7.289E-03  7.695E-03  8.214E-03
  8.865E-03  9.236E-03  9.766E-03  1.046E-02  1.126E-02  1.262E-02  1.388E-02  1.559E-02  1.015E-01  2.714E-01
  2.712E-01  2.744E-01  2.755E-01  2.755E-01  2.773E-01  2.789E-01  2.785E-01  2.800E-01  2.800E-01  2.788E-01
  2.806E-01  2.822E-01  2.811E-01  2.811E-01  2.831E-01  2.824E-01  2.835E-01  2.828E-01  2.842E-01  2.840E-01
  2.807E-01  2.834E-01  2.836E-01  2.832E-01  2.813E-01  2.829E-01  2.833E-01  2.813E-01  2.819E-01  2.819E-01
  2.799E-01  2.804E-01  2.784E-01  2.771E-01  2.781E-01  2.791E-01  2.766E-01  2.743E-01  2.741E-01  2.722E-01
  2.713E-01  1.013E-01  1.558E-02  1.387E-02  1.247E-02  1.156E-02  1.047E-02  9.711E-03  8.998E-03  8.674E-03
  8.245E-03  7.846E-03  7.456E-03  6.930E-03  6.561E-03  6.203E-03  5.905E-03  5.639E-03  5.478E-03  5.092E-03
  5.100E-03  5.380E-03  5.680E-03  6.019E-03  6.309E-03  6.639E-03  6.939E-03  7.273E-03  7.698E-03  8.106E-03
  8.676E-03  9.232E-03  9.900E-03  1.057E-02  1.134E-02  1.251E-02  1.402E-02  1.585E-02  1.002E-01  2.720E-01
  2.737E-01  2.756E-01  2.750E-01  2.759E-01  2.790E-01  2.769E-01  2.795E-01  2.794E-01  2.806E-01  2.814E-01
  2.806E-01  2.821E-01  2.811E-01  2.803E-01  2.792E-01  2.818E-01  2.830E-01  2.837E-01  2.817E-01  2.837E-01
  2.813E-01  2.813E-01  2.841E-01  2.828E-01  2.827E-01  2.818E-01  2.817E-01  2.801E-01  2.805E-01  2.821E-01
  2.799E-01  2.832E-01  2.781E-01  2.784E-01  2.781E-01  2.775E-01  2.756E-01  2.762E-01  2.738E-01  2.724E-01
  2.696E-01  1.007E-01  1.555E-02  1.387E-02  1.256E-02  1.144E-02  1.049E-02  9.776E-03  9.159E-03  8.614E-03
  8.052E-03  7.567E-03  7.096E-03  6.688E-03  6.528E-03  6.330E-03  5.850E-03  5.655E-03  5.435E-03  5.159E-03
  5.223E-03  5.413E-03  5.720E-03  6.033E-03  6.337E-03  6.479E-03  6.886E-03  7.248E-03  7.719E-03  8.210E-03
  8.461E-03  9.033E-03  9.740E-03  1.075E-02  1.157E-02  1.253E-02  1.388E-02  1.555E-02  8.873E-02  2.703E-01
  2.737E-01  2.742E-01  2.747E-01  2.796E-01  2.791E-01  2.797E-01  2.788E-01  2.803E-01  2.819E-01  2.818E-01
  2.812E-01  2.811E-01  2.840E-01  2.820E-01  2.843E-01  2.819E-01  2.840E-01  2.808E-01  2.842E-01  2.827E-01
  2.823E-01  2.833E-01  2.836E-01  2.816E-01  2.816E-01  2.815E-01  2.825E-01  2.818E-01  2.822E-01  2.820E-01
  2.822E-01  2.791E-01  2.793E-01  2.797E-01  2.791E-01  2.785E-01  2.748E-01  2.771E-01  2.741E-01  2.716E-01
  2.698E-01  8.945E-02  1.550E-02  1.409E-02  1.261E-02  1.148E-02  1.063E-02  9.664E-03  9.039E-03  8.567E-03
  8.138E-03  7.607E-03  7.198E-03  6.707E-03  6.402E-03  6.049E-03  5.759E-03  5.622E-03  5.304E-03  5.166E-03
  5.194E-03  5.491E-03  5.587E-03  5.817E-03  6.186E-03  6.442E-03  6.840E-03  7.272E-03  7.541E-03  7.907E-03
  8.547E-03  9.217E-03  9.917E-03  1.089E-02  1.151E-02  1.262E-02  1.412E-02  1.558E-02  6.440E-02  2.684E-01
  2.734E-01  2.735E-01  2.760E-01  2.778E-01  2.773E-01  2.777E-01  2.785E-01  2.811E-01  2.802E-01  2.800E-01
  2.804E-01  2.813E-01  2.817E-01  2.833E-01  2.829E-01  2.818E-01  2.812E-01  2.814E-01  2.819E-01  2.842E-01
  2.831E-01  2.820E-01  2.857E-01  2.836E-01  2.824E-01  2.830E-01  2.822E-01  2.836E-01  2.811E-01  2.812E-01
  2.816E-01  2.805E-01  2.785E-01  2.792E-01  2.797E-01  2.781E-01  2.741E-01  2.755E-01  2.745E-01  2.734E-01
  2.699E-01  6.627E-02  1.556E-02  1.389E-02  1.266E-02  1.155E-02  1.068E-02  9.853E-03  9.066E-03  8.383E-03
  7.951E-03  7.525E-03  6.939E-03  6.738E-03  6.444E-03  6.139E-03  5.792E-03  5.636E-03  5.535E-03  5.249E-03
  5.353E-03  5.510E-03  5.692E-03  5.814E-03  6.135E-03  6.431E-03  6.858E-03  6.972E-03  7.365E-03  7.968E-03
  8.572E-03  9.143E-03  9.777E-03  1.052E-02  1.137E-02  1.231E-02  1.345E-02  1.519E-02  3.747E-02  2.609E-01
  2.720E-01  2.746E-01  2.756E-01  2.786E-01  2.765E-01  2.794E-01  2.785E-01  2.802E-01  2.825E-01  2.819E-01
  2.806E-01  2.813E-01  2.815E-01  2.815E-01  2.813E-01  2.833E-01  2.823E-01  2.824E-01  2.837E-01  2.812E-01
  2.826E-01  2.827E-01  2.840E-01  2.823E-01  2.820E-01  2.825E-01  2.807E-01  2.821E-01  2.818E-01  2.808E-01
  2.810E-01  2.807E-01  2.798E-01  2.791E-01  2.784E-01  2.785E-01  2.755E-01  2.737E-01  2.726E-01  2.726E-01
  2.624E-01  3.736E-02  1.515E-02  1.357E-02  1.238E-02  1.152E-02  1.068E-02  9.730E-03  9.040E-03  8.489E-03
  7.854E-03  7.560E-03  7.247E-03  6.792E-03  6.497E-03  6.118E-03  5.857E-03  5.614E-03  5.390E-03  5.291E-03
  5.110E-03  5.298E-03  5.489E-03  5.662E-03  6.068E-03  6.298E-03  6.617E-03  7.100E-03  7.327E-03  7.873E-03
  8.488E-03  8.670E-03  9.625E-03  1.035E-02  1.106E-02  1.200E-02  1.330E-02  1.474E-02  1.920E-02  2.310E-01
  2.708E-01  2.731E-01  2.751E-01  2.759E-01  2.772E-01  2.752E-01  2.771E-01  2.780E-01  2.804E-01  2.793E-01
  2.808E-01  2.812E-01  2.826E-01  2.794E-01  2.832E-01  2.826E-01  2.805E-01  2.819E-01  2.808E-01  2.808E-01
  2.816E-01  2.843E-01  2.830E-01  2.846E-01  2.819E-01  2.818E-01  2.804E-01  2.815E-01  2.793E-01  2.813E-01
  2.796E-01  2.808E-01  2.777E-01  2.797E-01  2.778E-01  2.757E-01  2.752E-01  2.747E-01  2.735E-01  2.720E-01
  2.321E-01  1.900E-02  1.464E-02  1.315E-02  1.200E-02  1.129E-02  1.034E-02  9.512E-03  8.856E-03  8.286E-03
  7.925E-03  7.531E-03  7.128E-03  6.760E-03  6.505E-03  6.248E-03  5.957E-03  5.711E-03  5.473E-03  5.206E-03
  5.220E-03  5.278E-03  5.466E-03  5.656E-03  5.839E-03  6.289E-03  6.663E-03  6.759E-03  7.210E-03  7.943E-03
  8.482E-03  9.072E-03  9.672E-03  1.019E-02  1.097E-02  1.179E-02  1.295E-02  1.466E-02  1.631E-02  1.715E-01
  2.720E-01  2.737E-01  2.744E-01  2.756E-01  2.774E-01  2.776E-01  2.776E-01  2.786E-01  2.799E-01  2.793E-01
  2.819E-01  2.816E-01  2.803E-01  2.814E-01  2.824E-01  2.818E-01  2.801E-01  2.830E-01  2.819E-01  2.826E-01
  2.833E-01  2.824E-01  2.827E-01  2.809E-01  2.805E-01  2.802E-01  2.797E-01  2.812E-01  2.818E-01  2.805E-01
  2.809E-01  2.794E-01  2.788E-01  2.781E-01  2.778E-01  2.778E-01  2.744E-01  2.761E-01  2.728E-01  2.712E-01
  1.729E-01  1.635E-02  1.441E-02  1.302E-02  1.196E-02  1.128E-02  1.041E-02  9.557E-03  8.859E-03  8.264E-03
  7.695E-03  7.475E-03  7.121E-03  6.734E-03  6.366E-03  6.084E-03  5.788E-03  5.603E-03  5.393E-03  5.172E-03
  5.098E-03  5.332E-03  5.495E-03  5.583E-03  5.849E-03  6.095E-03  6.532E-03  6.948E-03  7.323E-03  7.784E-03
  8.186E-03  8.877E-03  9.334E-03  9.856E-03  1.053E-02  1.144E-02  1.258E-02  1.417E-02  1.582E-02  9.847E-02
  2.691E-01  2.725E-01  2.737E-01  2.754E-01  2.764E-01  2.768E-01  2.773E-01  2.777E-01  2.791E-01  2.796E-01
  2.793E-01  2.792E-01  2.813E-01  2.806E-01  2.803E-01  2.814E-01  2.820E-01  2.837E-01  2.823E-01  2.839E-01
  2.814E-01  2.832E-01  2.801E-01  2.793E-01  2.821E-01  2.816E-01  2.801E-01  2.804E-01  2.786E-01  2.812E-01
  2.808E-01  2.795E-01  2.780E-01  2.799E-01  2.775E-01  2.779E-01  2.748E-01  2.743E-01  2.731E-01  2.707E-01
  9.751E-02  1.565E-02  1.395E-02  1.268E-02  1.169E-02  1.074E-02  1.003E-02  9.562E-03  8.775E-03  8.279E-03
  7.780E-03  7.312E-03  6.964E-03  6.726E-03  6.243E-03  5.945E-03  5.772E-03  5.497E-03  5.300E-03  5.167E-03
  5.075E-03  5.351E-03  5.530E-03  5.873E-03  6.042E-03  6.296E-03  6.576E-03  6.907E-03  7.320E-03  7.804E-03
  8.326E-03  8.703E-03  9.282E-03  9.836E-03  1.047E-02  1.145E-02  1.243E-02  1.388E-02  1.510E-02  3.077E-02
  2.490E-01  2.701E-01  2.731E-01  2.752E-01  2.771E-01  2.770E-01  2.786E-01  2.787E-01  2.772E-01  2.785E-01
  2.766E-01  2.790E-01  2.795E-01  2.818E-01  2.807E-01  2.810E-01  2.799E-01  2.831E-01  2.800E-01  2.813E-01
  2.836E-01  2.799E-01  2.800E-01  2.841E-01  2.813E-01  2.827E-01  2.802E-01  2.793E-01  2.809E-01  2.805E-01
  2.796E-01  2.784E-01  2.773E-01  2.768E-01  2.787E-01  2.755E-01  2.751E-01  2.743E-01  2.722E-01  2.487E-01
  3.047E-02  1.518E-02  1.353E-02  1.227E-02  1.143E-02  1.055E-02  9.734E-03  9.004E-03  8.551E-03  8.052E-03
  7.701E-03  7.220E-03  6.953E-03  6.684E-03  6.276E-03  6.096E-03  5.804E-03  5.596E-03  5.376E-03  5.153E-03
  4.946E-03  5.209E-03  5.504E-03  5.672E-03  5.900E-03  6.235E-03  6.531E-03  6.960E-03  7.306E-03  7.779E-03
  8.240E-03  8.618E-03  9.179E-03  9.780E-03  1.036E-02  1.124E-02  1.194E-02  1.289E-02  1.444E-02  1.630E-02
  1.599E-01  2.709E-01  2.714E-01  2.750E-01  2.762E-01  2.758E-01  2.797E-01  2.778E-01  2.793E-01  2.781E-01
  2.786E-01  2.797E-01  2.805E-01  2.796E-01  2.820E-01  2.806E-01  2.801E-01  2.803E-01  2.813E-01  2.807E-01
  2.822E-01  2.815E-01  2.820E-01  2.820E-01  2.806E-01  2.810E-01  2.796E-01  2.798E-01  2.813E-01  2.789E-01
  2.781E-01  2.779E-01  2.785E-01  2.745E-01  2.758E-01  2.761E-01  2.740E-01  2.722E-01  2.718E-01  1.608E-01
  1.630E-02  1.440E-02  1.329E-02  1.212E-02  1.119E-02  1.056E-02  9.757E-03  9.050E-03  8.426E-03  7.950E-03
  7.675E-03  7.263E-03  6.844E-03  6.554E-03  6.178E-03  5.908E-03  5.637E-03  5.439E-03  5.251E-03  5.005E-03
  5.090E-03  5.322E-03  5.457E-03  5.533E-03  5.901E-03  6.144E-03  6.522E-03  6.737E-03  7.294E-03  7.570E-03
  7.966E-03  8.357E-03  8.885E-03  9.518E-03  1.026E-02  1.084E-02  1.161E-02  1.275E-02  1.394E-02  1.554E-02
  5.259E-02  2.621E-01  2.714E-01  2.733E-01  2.756E-01  2.767E-01  2.770E-01  2.780E-01  2.806E-01  2.775E-01
  2.768E-01  2.797E-01  2.796E-01  2.795E-01  2.815E-01  2.815E-01  2.816E-01  2.819E-01  2.815E-01  2.813E-01
  2.812E-01  2.811E-01  2.818E-01  2.817E-01  2.809E-01  2.803E-01  2.817E-01  2.803E-01  2.795E-01  2.786E-01
  2.799E-01  2.794E-01  2.773E-01  2.746E-01  2.738E-01  2.764E-01  2.736E-01  2.715E-01  2.602E-01  5.216E-02
  1.549E-02  1.392E-02  1.263E-02  1.167E-02  1.068E-02  1.009E-02  9.452E-03  8.957E-03  8.305E-03  7.729E-03
  7.420E-03  7.100E-03  6.800E-03  6.480E-03  6.077E-03  5.860E-03  5.549E-03  5.491E-03  5.170E-03  5.082E-03
  4.767E-03  5.072E-03  5.264E-03  5.628E-03  5.727E-03  5.943E-03  6.347E-03  6.795E-03  7.090E-03  7.356E-03
  7.623E-03  8.012E-03  8.754E-03  9.261E-03  1.005E-02  1.058E-02  1.120E-02  1.235E-02  1.353E-02  1.473E-02
  1.685E-02  1.610E-01  2.695E-01  2.730E-01  2.743E-01  2.761E-01  2.757E-01  2.755E-01  2.771E-01  2.781E-01
  2.801E-01  2.781E-01  2.794E-01  2.798E-01  2.801E-01  2.804E-01  2.801E-01  2.812E-01  2.798E-01  2.793E-01
  2.810E-01  2.801E-01  2.809E-01  2.797E-01  2.790E-01  2.806E-01  2.814E-01  2.794E-01  2.784E-01  2.784E-01
  2.783E-01  2.763E-01  2.758E-01  2.747E-01  2.733E-01  2.739E-01  2.720E-01  2.701E-01  1.604E-01  1.659E-02
  1.486E-02  1.318E-02  1.219E-02  1.139E-02  1.047E-02  1.007E-02  9.346E-03  8.794E-03  8.218E-03  7.692E-03
  7.382E-03  7.051E-03  6.585E-03  6.234E-03  6.040E-03  5.851E-03  5.429E-03  5.212E-03  5.257E-03  4.910E-03
  4.891E-03  5.139E-03  5.362E-03  5.545E-03  5.733E-03  5.957E-03  6.309E-03  6.566E-03  6.746E-03  7.130E-03
  7.531E-03  7.974E-03  8.406E-03  8.818E-03  9.512E-03  1.001E-02  1.079E-02  1.179E-02  1.281E-02  1.383E-02
  1.524E-02  3.747E-02  2.431E-01  2.719E-01  2.741E-01  2.743E-01  2.739E-01  2.747E-01  2.765E-01  2.780E-01
  2.784E-01  2.766E-01  2.778E-01  2.799E-01  2.800E-01  2.795E-01  2.803E-01  2.791E-01  2.798E-01  2.801E-01
  2.798E-01  2.806E-01  2.808E-01  2.793E-01  2.784E-01  2.802E-01  2.780E-01  2.798E-01  2.778E-01  2.793E-01
  2.776E-01  2.780E-01  2.769E-01  2.727E-01  2.745E-01  2.733E-01  2.718E-01  2.405E-01  3.696E-02  1.525E-02
  1.391E-02  1.266E-02  1.159E-02  1.086E-02  1.022E-02  9.694E-03  9.038E-03  8.569E-03  8.069E-03  7.582E-03
  7.283E-03  7.027E-03  6.563E-03  6.280E-03  5.947E-03  5.679E-03  5.571E-03  5.298E-03  5.209E-03  4.971E-03
  4.935E-03  5.132E-03  5.202E-03  5.372E-03  5.370E-03  5.726E-03  5.999E-03  6.421E-03  6.729E-03  7.042E-03
  7.439E-03  7.869E-03  8.093E-03  8.859E-03  9.322E-03  9.806E-03  1.067E-02  1.125E-02  1.191E-02  1.296E-02
  1.437E-02  1.609E-02  9.260E-02  2.662E-01  2.725E-01  2.737E-01  2.739E-01  2.765E-01  2.771E-01  2.769E-01
  2.763E-01  2.786E-01  2.775E-01  2.783E-01  2.774E-01  2.789E-01  2.795E-01  2.814E-01  2.782E-01  2.782E-01
  2.800E-01  2.794E-01  2.792E-01  2.790E-01  2.779E-01  2.773E-01  2.790E-01  2.782E-01  2.783E-01  2.775E-01
  2.780E-01  2.765E-01  2.749E-01  2.770E-01  2.714E-01  2.732E-01  2.660E-01  9.363E-02  1.595E-02  1.429E-02
  1.311E-02  1.222E-02  1.125E-02  1.056E-02  9.919E-03  9.440E-03  8.815E-03  8.198E-03  7.977E-03  7.454E-03
  7.072E-03  6.785E-03  6.520E-03  6.143E-03  5.936E-03  5.715E-03  5.469E-03  5.240E-03  5.328E-03  4.963E-03
  4.687E-03  4.934E-03  5.149E-03  5.358E-03  5.607E-03  5.732E-03  6.167E-03  6.502E-03  6.609E-03  6.844E-03
  7.388E-03  7.511E-03  7.817E-03  8.540E-03  8.942E-03  9.538E-03  1.020E-02  1.067E-02  1.153E-02  1.260E-02
  1.359E-02  1.482E-02  1.723E-02  1.495E-01  2.709E-01  2.723E-01  2.742E-01  2.752E-01  2.773E-01  2.780E-01
  2.762E-01  2.781E-01  2.792E-01  2.780E-01  2.774E-01  2.793E-01  2.798E-01  2.784E-01  2.799E-01  2.787E-01
  2.803E-01  2.775E-01  2.795E-01  2.777E-01  2.774E-01  2.785E-01  2.766E-01  2.790E-01  2.761E-01  2.785E-01
  2.749E-01  2.751E-01  2.749E-01  2.715E-01  2.715E-01  2.715E-01  1.469E-01  1.728E-02  1.517E-02  1.368E-02
  1.234E-02  1.154E-02  1.072E-02  1.020E-02  9.556E-03  9.088E-03  8.394E-03  8.082E-03  7.550E-03  7.113E-03
  7.019E-03  6.655E-03  6.209E-03  5.956E-03  5.708E-03  5.505E-03  5.366E-03  5.106E-03  5.077E-03  4.954E-03
  4.719E-03  4.782E-03  4.894E-03  5.224E-03  5.537E-03  5.918E-03  6.043E-03  6.327E-03  6.375E-03  6.851E-03
  7.080E-03  7.374E-03  7.664E-03  8.203E-03  8.648E-03  9.228E-03  9.789E-03  1.023E-02  1.095E-02  1.197E-02
  1.270E-02  1.406E-02  1.538E-02  2.096E-02  1.760E-01  2.716E-01  2.706E-01  2.711E-01  2.725E-01  2.752E-01
  2.764E-01  2.749E-01  2.775E-01  2.773E-01  2.808E-01  2.778E-01  2.788E-01  2.777E-01  2.794E-01  2.785E-01
  2.787E-01  2.784E-01  2.768E-01  2.769E-01  2.773E-01  2.777E-01  2.769E-01  2.762E-01  2.745E-01  2.748E-01
  2.753E-01  2.748E-01  2.730E-01  2.721E-01  2.698E-01  1.768E-01  2.143E-02  1.514E-02  1.393E-02  1.287E-02
  1.211E-02  1.105E-02  1.028E-02  9.706E-03  9.138E-03  8.828E-03  8.106E-03  7.688E-03  7.397E-03  7.094E-03
  6.658E-03  6.437E-03  6.150E-03  5.872E-03  5.784E-03  5.560E-03  5.289E-03  5.018E-03  4.858E-03  4.667E-03
  4.594E-03  4.694E-03  4.902E-03  5.174E-03  5.588E-03  5.750E-03  6.066E-03  6.170E-03  6.422E-03  6.598E-03
  6.807E-03  7.126E-03  7.470E-03  8.067E-03  8.484E-03  8.849E-03  9.369E-03  9.832E-03  1.059E-02  1.125E-02
  1.230E-02  1.314E-02  1.426E-02  1.525E-02  2.360E-02  1.754E-01  2.696E-01  2.717E-01  2.707E-01  2.725E-01
  2.742E-01  2.756E-01  2.757E-01  2.761E-01  2.761E-01  2.761E-01  2.776E-01  2.773E-01  2.787E-01  2.780E-01
  2.779E-01  2.755E-01  2.767E-01  2.782E-01  2.770E-01  2.772E-01  2.754E-01  2.758E-01  2.759E-01  2.762E-01
  2.732E-01  2.744E-01  2.723E-01  2.696E-01  1.770E-01  2.402E-02  1.544E-02  1.410E-02  1.283E-02  1.226E-02
  1.156E-02  1.070E-02  1.011E-02  9.494E-03  9.098E-03  8.660E-03  8.050E-03  7.591E-03  7.140E-03  6.911E-03
  6.573E-03  6.197E-03  5.975E-03  5.812E-03  5.482E-03  5.251E-03  5.193E-03  4.987E-03  4.781E-03  4.569E-03
  4.626E-03  4.748E-03  4.917E-03  5.163E-03  5.342E-03  5.688E-03  5.815E-03  6.074E-03  6.136E-03  6.243E-03
  6.602E-03  6.967E-03  7.303E-03  7.651E-03  8.130E-03  8.297E-03  8.915E-03  9.631E-03  1.004E-02  1.073E-02
  1.148E-02  1.229E-02  1.311E-02  1.387E-02  1.545E-02  2.133E-02  1.484E-01  2.665E-01  2.722E-01  2.724E-01
  2.726E-01  2.744E-01  2.744E-01  2.752E-01  2.745E-01  2.750E-01  2.761E-01  2.752E-01  2.759E-01  2.747E-01
  2.775E-01  2.793E-01  2.769E-01  2.758E-01  2.744E-01  2.746E-01  2.747E-01  2.742E-01  2.734E-01  2.721E-01
  2.724E-01  2.719E-01  2.670E-01  1.483E-01  2.116E-02  1.554E-02  1.401E-02  1.306E-02  1.208E-02  1.156E-02
  1.088E-02  1.014E-02  9.609E-03  9.135E-03  8.569E-03  8.261E-03  7.864E-03  7.398E-03  7.010E-03  6.736E-03
  6.463E-03  6.195E-03  5.825E-03  5.818E-03  5.319E-03  5.207E-03  4.991E-03  4.816E-03  4.706E-03  4.545E-03
  4.554E-03  4.668E-03  4.877E-03  5.053E-03  5.311E-03  5.382E-03  5.620E-03  5.665E-03  5.985E-03  6.086E-03
  6.418E-03  6.646E-03  7.125E-03  7.455E-03  7.692E-03  8.130E-03  8.527E-03  9.044E-03  9.506E-03  1.009E-02
  1.067E-02  1.152E-02  1.250E-02  1.319E-02  1.399E-02  1.519E-02  1.703E-02  9.367E-02  2.420E-01  2.699E-01
  2.727E-01  2.728E-01  2.722E-01  2.738E-01  2.755E-01  2.745E-01  2.749E-01  2.764E-01  2.744E-01  2.737E-01
  2.748E-01  2.747E-01  2.751E-01  2.761E-01  2.733E-01  2.749E-01  2.728E-01  2.717E-01  2.730E-01  2.722E-01
  2.720E-01  2.415E-01  9.497E-02  1.680E-02  1.512E-02  1.408E-02  1.325E-02  1.244E-02  1.143E-02  1.079E-02
  1.040E-02  9.748E-03  9.082E-03  8.709E-03  8.386E-03  7.787E-03  7.595E-03  7.441E-03  6.881E-03  6.412E-03
  6.328E-03  6.262E-03  5.859E-03  5.636E-03  5.424E-03  5.188E-03  4.969E-03  4.815E-03  4.722E-03  4.545E-03
  4.350E-03  4.591E-03  4.842E-03  4.954E-03  5.036E-03  5.220E-03  5.307E-03  5.534E-03  5.793E-03  5.932E-03
  6.305E-03  6.619E-03  6.944E-03  7.204E-03  7.396E-03  7.817E-03  8.159E-03  8.714E-03  9.215E-03  9.816E-03
  1.010E-02  1.055E-02  1.164E-02  1.199E-02  1.285E-02  1.399E-02  1.488E-02  1.606E-02  3.705E-02  1.615E-01
  2.616E-01  2.711E-01  2.706E-01  2.721E-01  2.714E-01  2.720E-01  2.734E-01  2.750E-01  2.750E-01  2.732E-01
  2.742E-01  2.746E-01  2.741E-01  2.741E-01  2.718E-01  2.724E-01  2.719E-01  2.713E-01  2.709E-01  2.625E-01
  1.606E-01  3.636E-02  1.592E-02  1.481E-02  1.390E-02  1.309E-02  1.206E-02  1.161E-02  1.086E-02  1.044E-02
  9.734E-03  9.241E-03  8.635E-03  8.326E-03  7.997E-03  7.560E-03  7.252E-03  7.078E-03  6.845E-03  6.194E-03
  5.996E-03  6.003E-03  5.723E-03  5.377E-03  5.335E-03  5.019E-03  4.870E-03  4.849E-03  4.581E-03  4.504E-03
  4.431E-03  4.478E-03  4.631E-03  4.828E-03  4.943E-03  5.108E-03  5.302E-03  5.466E-03  5.763E-03  5.995E-03
  6.281E-03  6.644E-03  6.767E-03  6.919E-03  7.158E-03  7.827E-03  7.907E-03  8.283E-03  8.837E-03  9.418E-03
  9.604E-03  9.914E-03  1.055E-02  1.135E-02  1.206E-02  1.285E-02  1.352E-02  1.454E-02  1.576E-02  1.656E-02
  5.219E-02  1.631E-01  2.505E-01  2.711E-01  2.720E-01  2.732E-01  2.731E-01  2.724E-01  2.727E-01  2.744E-01
  2.714E-01  2.749E-01  2.733E-01  2.700E-01  2.718E-01  2.725E-01  2.698E-01  2.493E-01  1.611E-01  5.169E-02
  1.670E-02  1.507E-02  1.440E-02  1.362E-02  1.278E-02  1.218E-02  1.145E-02  1.123E-02  1.031E-02  9.814E-03
  9.065E-03  8.867E-03  8.534E-03  7.991E-03  7.735E-03  7.284E-03  6.963E-03  6.664E-03  6.449E-03  6.254E-03
  5.970E-03  5.780E-03  5.611E-03  5.346E-03  5.307E-03  5.000E-03  4.844E-03  4.658E-03  4.523E-03  4.524E-03
  4.267E-03  4.450E-03  4.535E-03  4.596E-03  4.922E-03  5.114E-03  5.215E-03  5.361E-03  5.819E-03  5.811E-03
  6.175E-03  6.225E-03  6.351E-03  6.692E-03  7.167E-03  7.322E-03  7.712E-03  8.055E-03  8.495E-03  8.705E-03
  8.968E-03  9.518E-03  1.007E-02  1.065E-02  1.117E-02  1.189E-02  1.272E-02  1.319E-02  1.372E-02  1.466E-02
  1.550E-02  1.659E-02  3.015E-02  9.881E-02  1.725E-01  2.312E-01  2.630E-01  2.693E-01  2.693E-01  2.708E-01
  2.689E-01  2.717E-01  2.695E-01  2.626E-01  2.319E-01  1.718E-01  9.898E-02  3.021E-02  1.634E-02  1.557E-02
  1.468E-02  1.364E-02  1.315E-02  1.258E-02  1.191E-02  1.125E-02  1.073E-02  1.048E-02  9.889E-03  9.298E-03
  8.602E-03  8.486E-03  8.188E-03  7.703E-03  7.472E-03  7.038E-03  6.820E-03  6.594E-03  6.316E-03  6.144E-03
  5.813E-03  5.644E-03  5.540E-03  5.216E-03  5.113E-03  4.839E-03  4.745E-03  4.657E-03  4.553E-03  4.322E-03
  4.207E-03  4.335E-03  4.457E-03  4.689E-03  4.764E-03  5.009E-03  5.188E-03  5.437E-03  5.463E-03  5.528E-03
  5.719E-03  6.014E-03  6.331E-03  6.569E-03  6.860E-03  7.061E-03  7.356E-03  7.770E-03  7.983E-03  8.342E-03
  8.764E-03  9.297E-03  9.660E-03  9.816E-03  1.057E-02  1.108E-02  1.175E-02  1.240E-02  1.269E-02  1.314E-02
  1.396E-02  1.461E-02  1.509E-02  1.585E-02  1.626E-02  1.843E-02  3.523E-02  6.443E-02  8.984E-02  1.010E-01
  1.007E-01  8.857E-02  6.500E-02  3.541E-02  1.852E-02  1.634E-02  1.552E-02  1.521E-02  1.464E-02  1.369E-02
  1.326E-02  1.259E-02  1.230E-02  1.175E-02  1.120E-02  1.053E-02  9.942E-03  9.618E-03  9.253E-03  8.667E-03
  8.480E-03  8.165E-03  7.767E-03  7.486E-03  7.093E-03  6.759E-03  6.585E-03  6.339E-03  6.201E-03  5.958E-03
  5.801E-03  5.419E-03  5.339E-03  5.202E-03  4.885E-03  4.764E-03  4.550E-03  4.505E-03  4.366E-03  4.307E-03
  4.134E-03  4.299E-03  4.504E-03  4.873E-03  4.855E-03  4.833E-03  4.956E-03  5.097E-03  5.222E-03  5.485E-03
  5.759E-03  5.837E-03  6.128E-03  6.331E-03  6.714E-03  6.915E-03  7.228E-03  7.556E-03  7.969E-03  8.092E-03
  8.567E-03  8.849E-03  9.009E-03  9.534E-03  9.884E-03  1.038E-02  1.079E-02  1.146E-02  1.180E-02  1.218E-02
  1.266E-02  1.324E-02  1.380E-02  1.413E-02  1.427E-02  1.484E-02  1.520E-02  1.532E-02  1.567E-02  1.576E-02
  1.557E-02  1.578E-02  1.533E-02  1.497E-02  1.472E-02  1.458E-02  1.388E-02  1.356E-02  1.341E-02  1.272E-02
  1.219E-02  1.165E-02  1.131E-02  1.081E-02  1.048E-02  1.005E-02  9.460E-03  9.091E-03  8.819E-03  8.311E-03
  7.969E-03  7.773E-03  7.506E-03  7.268E-03  6.890E-03  6.691E-03  6.426E-03  6.235E-03  5.921E-03  5.739E-03
  5.542E-03  5.377E-03  5.080E-03  5.013E-03  4.848E-03  4.763E-03  4.465E-03  4.390E-03  4.494E-03  4.153E-03
  4.047E-03  4.177E-03  4.364E-03  4.426E-03  4.622E-03  4.868E-03  4.871E-03  5.090E-03  5.320E-03  5.552E-03
  5.642E-03  5.935E-03  5.967E-03  6.273E-03  6.575E-03  6.671E-03  7.101E-03  7.157E-03  7.462E-03  7.685E-03
  8.080E-03  8.309E-03  8.737E-03  9.153E-03  9.572E-03  9.651E-03  1.016E-02  1.060E-02  1.095E-02  1.127E-02
  1.181E-02  1.226E-02  1.251E-02  1.281E-02  1.305E-02  1.332E-02  1.345E-02  1.386E-02  1.388E-02  1.387E-02
  1.388E-02  1.381E-02  1.357E-02  1.341E-02  1.316E-02  1.309E-02  1.253E-02  1.237E-02  1.212E-02  1.150E-02
  1.127E-02  1.070E-02  1.046E-02  1.003E-02  9.746E-03  9.287E-03  9.127E-03  8.570E-03  8.293E-03  8.148E-03
  7.741E-03  7.375E-03  7.261E-03  6.909E-03  6.845E-03  6.520E-03  6.420E-03  5.983E-03  5.985E-03  5.691E-03
  5.462E-03  5.263E-03  5.000E-03  4.781E-03  4.606E-03  4.415E-03  4.456E-03  4.219E-03  4.218E-03  4.174E-03
  4.026E-03  4.107E-03  4.252E-03  4.338E-03  4.516E-03  4.655E-03  4.844E-03  5.149E-03  5.099E-03  5.377E-03
  5.569E-03  5.653E-03  5.977E-03  6.152E-03  6.171E-03  6.562E-03  6.895E-03  6.940E-03  7.124E-03  7.443E-03
  7.591E-03  7.904E-03  8.102E-03  8.504E-03  9.040E-03  9.267E-03  9.606E-03  9.830E-03  1.024E-02  1.052E-02
  1.076E-02  1.125E-02  1.159E-02  1.158E-02  1.197E-02  1.204E-02  1.233E-02  1.254E-02  1.255E-02  1.260E-02
  1.250E-02  1.244E-02  1.219E-02  1.230E-02  1.188E-02  1.199E-02  1.159E-02  1.143E-02  1.102E-02  1.070E-02
  1.048E-02  1.010E-02  9.857E-03  9.525E-03  8.929E-03  8.715E-03  8.566E-03  8.358E-03  7.844E-03  7.437E-03
  7.378E-03  7.176E-03  6.948E-03  6.814E-03  6.520E-03  6.288E-03  6.167E-03  5.971E-03  5.762E-03  5.520E-03
  5.297E-03  5.164E-03  4.970E-03  4.760E-03  4.635E-03  4.429E-03  4.348E-03  4.248E-03  4.146E-03  4.109E-03
  3.810E-03  4.019E-03  4.156E-03  4.164E-03  4.429E-03  4.666E-03  4.896E-03  4.866E-03  4.971E-03  5.126E-03
  5.268E-03  5.487E-03  5.651E-03  5.919E-03  6.058E-03  6.312E-03  6.508E-03  6.636E-03  6.715E-03  7.040E-03
  7.349E-03  7.383E-03  7.831E-03  8.033E-03  8.466E-03  8.745E-03  8.932E-03  9.346E-03  9.457E-03  9.632E-03
  1.005E-02  1.016E-02  1.045E-02  1.065E-02  1.109E-02  1.135E-02  1.130E-02  1.134E-02  1.160E-02  1.173E-02
  1.154E-02  1.141E-02  1.133E-02  1.130E-02  1.101E-02  1.095E-02  1.072E-02  1.049E-02  1.028E-02  1.021E-02
  9.788E-03  9.399E-03  9.143E-03  8.855E-03  8.535E-03  8.370E-03  8.052E-03  7.899E-03  7.591E-03  7.288E-03
  7.114E-03  6.922E-03  6.791E-03  6.413E-03  6.234E-03  6.214E-03  5.882E-03  5.746E-03  5.602E-03  5.526E-03
  5.093E-03  5.000E-03  4.896E-03  4.762E-03  4.614E-03  4.395E-03  4.263E-03  4.218E-03  4.029E-03  3.866E-03
  3.837E-03  3.994E-03  4.190E-03  4.235E-03  4.477E-03  4.705E-03  4.644E-03  4.763E-03  4.750E-03  4.864E-03
  5.168E-03  5.458E-03  5.481E-03  5.611E-03  5.810E-03  6.056E-03  6.379E-03  6.376E-03  6.551E-03  6.834E-03
  6.929E-03  7.393E-03  7.414E-03  7.643E-03  8.043E-03  8.171E-03  8.515E-03  8.718E-03  8.884E-03  8.957E-03
  9.373E-03  9.487E-03  9.780E-03  1.008E-02  1.028E-02  1.070E-02  1.034E-02  1.068E-02  1.083E-02  1.063E-02
  1.031E-02  1.060E-02  1.056E-02  1.045E-02  1.016E-02  1.029E-02  9.891E-03  9.634E-03  9.447E-03  9.362E-03
  9.265E-03  8.974E-03  8.441E-03  8.381E-03  8.218E-03  7.959E-03  7.745E-03  7.548E-03  7.383E-03  7.040E-03
  6.735E-03  6.540E-03  6.591E-03  6.404E-03  6.187E-03  5.811E-03  5.591E-03  5.431E-03  5.292E-03  5.298E-03
  5.113E-03  4.925E-03  4.680E-03  4.708E-03  4.479E-03  4.347E-03  4.210E-03  4.076E-03  4.091E-03  3.885E-03
  3.876E-03  4.002E-03  4.086E-03  4.200E-03  4.354E-03  4.462E-03  4.500E-03  4.405E-03  4.679E-03  4.856E-03
  5.029E-03  5.218E-03  5.247E-03  5.490E-03  5.766E-03  5.829E-03  5.832E-03  6.142E-03  6.354E-03  6.619E-03
  6.704E-03  6.882E-03  7.182E-03  7.276E-03  7.412E-03  7.671E-03  8.137E-03  8.231E-03  8.339E-03  8.503E-03
  8.801E-03  8.968E-03  9.305E-03  9.393E-03  9.573E-03  9.860E-03  9.809E-03  9.933E-03  1.001E-02  9.891E-03
  9.718E-03  9.833E-03  9.809E-03  9.786E-03  9.439E-03  9.588E-03  9.427E-03  8.871E-03  8.868E-03  8.714E-03
  8.452E-03  8.302E-03  8.243E-03  7.782E-03  7.825E-03  7.798E-03  7.447E-03  7.281E-03  7.031E-03  6.736E-03
  6.447E-03  6.263E-03  6.115E-03  5.983E-03  6.032E-03  5.754E-03  5.492E-03  5.188E-03  5.066E-03  5.047E-03
  4.977E-03  4.902E-03  4.640E-03  4.554E-03  4.366E-03  4.256E-03  4.248E-03  3.996E-03  3.890E-03  3.965E-03
  3.722E-03  3.832E-03  4.033E-03  4.107E-03  4.265E-03  4.428E-03  4.241E-03  4.458E-03  4.580E-03  4.760E-03
  4.895E-03  5.085E-03  5.174E-03  5.292E-03  5.600E-03  5.510E-03  5.939E-03  5.975E-03  6.175E-03  6.296E-03
  6.317E-03  6.561E-03  6.754E-03  7.014E-03  7.170E-03  7.338E-03  7.554E-03  7.851E-03  8.021E-03  8.171E-03
  8.426E-03  8.414E-03  8.698E-03  8.773E-03  9.065E-03  9.114E-03  9.033E-03  9.189E-03  9.112E-03  9.292E-03
  9.214E-03  9.084E-03  9.112E-03  9.169E-03  8.892E-03  8.818E-03  8.620E-03  8.386E-03  8.383E-03  8.278E-03
  8.049E-03  7.847E-03  7.674E-03  7.493E-03  7.235E-03  7.493E-03  7.029E-03  6.903E-03  6.749E-03  6.599E-03
  6.296E-03  6.014E-03  5.836E-03  5.778E-03  5.677E-03  5.675E-03  5.351E-03  5.115E-03  4.890E-03  4.705E-03
  4.729E-03  4.744E-03  4.523E-03  4.430E-03  4.327E-03  4.245E-03  4.046E-03  3.967E-03  3.831E-03  3.728E-03
  3.710E-03  3.792E-03  3.985E-03  4.085E-03  4.161E-03  4.141E-03  4.331E-03  4.418E-03  4.515E-03  4.658E-03
  4.639E-03  4.875E-03  4.904E-03  5.073E-03  5.202E-03  5.534E-03  5.717E-03  5.772E-03  5.755E-03  6.082E-03
  6.135E-03  6.481E-03  6.623E-03  6.669E-03  7.016E-03  7.296E-03  7.183E-03  7.419E-03  7.695E-03  7.772E-03
  7.832E-03  7.918E-03  8.297E-03  8.329E-03  8.538E-03  8.547E-03  8.336E-03  8.517E-03  8.461E-03  8.769E-03
  8.727E-03  8.664E-03  8.597E-03  8.746E-03  8.349E-03  8.362E-03  8.186E-03  8.065E-03  7.920E-03  7.680E-03
  7.592E-03  7.357E-03  7.216E-03  7.081E-03  6.857E-03  6.782E-03  6.734E-03  6.426E-03  6.424E-03  6.217E-03
  5.989E-03  5.856E-03  5.733E-03  5.599E-03  5.481E-03  5.438E-03  5.196E-03  4.937E-03  4.948E-03  4.726E-03
  4.567E-03  4.552E-03  4.449E-03  4.281E-03  4.376E-03  4.047E-03  4.065E-03  3.879E-03  3.803E-03  3.774E-03
  3.738E-03  3.897E-03  3.905E-03  3.907E-03  3.966E-03  4.110E-03  4.191E-03  4.232E-03  4.331E-03  4.515E-03
  4.584E-03  4.616E-03  4.838E-03  4.958E-03  5.237E-03  5.349E-03  5.517E-03  5.590E-03  5.787E-03  5.868E-03
  5.817E-03  6.232E-03  6.436E-03  6.416E-03  6.759E-03  6.823E-03  6.973E-03  7.024E-03  7.118E-03  7.359E-03
  7.442E-03  7.574E-03  7.699E-03  7.800E-03  7.786E-03  7.919E-03  7.901E-03  7.922E-03  8.165E-03  8.102E-03
  8.308E-03  8.174E-03  8.040E-03  8.252E-03  7.936E-03  7.950E-03  7.804E-03  7.805E-03  7.373E-03  7.218E-03
  7.165E-03  6.944E-03  6.889E-03  6.793E-03  6.722E-03  6.537E-03  6.340E-03  6.233E-03  6.066E-03  5.994E-03
  5.713E-03  5.566E-03  5.463E-03  5.441E-03  5.375E-03  5.039E-03  5.037E-03  4.906E-03  4.687E-03  4.726E-03
  4.456E-03  4.378E-03  4.228E-03  4.192E-03  4.202E-03  3.996E-03  3.857E-03  3.856E-03  3.647E-03  3.624E-03
  3.744E-03  3.650E-03  3.780E-03  3.965E-03  4.004E-03  4.008E-03  4.110E-03  4.194E-03  4.355E-03  4.511E-03
  4.328E-03  4.536E-03  4.702E-03  4.997E-03  5.033E-03  5.293E-03  5.335E-03  5.346E-03  5.627E-03  5.716E-03
  5.684E-03  5.925E-03  6.076E-03  6.184E-03  6.325E-03  6.541E-03  6.610E-03  6.496E-03  6.823E-03  6.954E-03
  7.022E-03  7.126E-03  7.399E-03  7.153E-03  7.427E-03  7.606E-03  7.582E-03  7.563E-03  7.769E-03  7.591E-03
  7.667E-03  7.640E-03  7.509E-03  7.570E-03  7.576E-03  7.508E-03  7.329E-03  7.248E-03  7.130E-03  6.820E-03
  6.917E-03  6.626E-03  6.687E-03  6.550E-03  6.403E-03  6.198E-03  6.033E-03  6.060E-03  5.906E-03  5.629E-03
  5.613E-03  5.419E-03  5.177E-03  5.320E-03  5.162E-03  5.048E-03  4.855E-03  4.773E-03  4.585E-03  4.475E-03
  4.326E-03  4.264E-03  4.267E-03  4.205E-03  3.909E-03  3.995E-03  3.814E-03  3.760E-03  3.685E-03  3.566E-03
  3.548E-03  3.607E-03  3.826E-03  3.886E-03  3.816E-03  4.029E-03  4.094E-03  4.189E-03  4.292E-03  4.334E-03
  4.369E-03  4.541E-03  4.558E-03  4.756E-03  4.950E-03  5.101E-03  5.045E-03  5.341E-03  5.398E-03  5.321E-03
  5.363E-03  5.752E-03  5.828E-03  5.873E-03  6.034E-03  6.168E-03  6.227E-03  6.357E-03  6.555E-03  6.512E-03
  6.697E-03  6.679E-03  6.945E-03  6.939E-03  6.986E-03  7.124E-03  7.245E-03  7.355E-03  7.308E-03  7.326E-03
  7.211E-03  7.269E-03  7.166E-03  7.073E-03  7.082E-03  7.056E-03  6.937E-03  6.804E-03  6.717E-03  6.601E-03
  6.584E-03  6.470E-03  6.350E-03  6.284E-03  6.188E-03  6.038E-03  5.857E-03  5.782E-03  5.768E-03  5.402E-03
  5.279E-03  5.291E-03  5.222E-03  5.087E-03  5.016E-03  4.884E-03  4.790E-03  4.586E-03  4.530E-03  4.423E-03
  4.365E-03  4.211E-03  4.018E-03  4.080E-03  3.960E-03  3.799E-03  3.818E-03  3.742E-03  3.614E-03  3.469E-03
  3.356E-03  3.510E-03  3.725E-03  3.655E-03  3.605E-03  3.968E-03  4.061E-03  4.192E-03  4.157E-03  4.133E-03
  4.395E-03  4.449E-03  4.599E-03  4.701E-03  4.793E-03  4.778E-03  5.058E-03  5.193E-03  5.140E-03  5.024E-03
  5.309E-03  5.569E-03  5.498E-03  5.553E-03  5.859E-03  5.851E-03  5.919E-03  6.106E-03  6.387E-03  6.233E-03
  6.325E-03  6.596E-03  6.516E-03  6.775E-03  6.747E-03  6.680E-03  6.934E-03  6.902E-03  6.941E-03  6.878E-03
  6.804E-03  6.798E-03  6.769E-03  6.826E-03  6.678E-03  6.796E-03  6.691E-03  6.584E-03  6.453E-03  6.186E-03
  6.318E-03  6.228E-03  6.225E-03  5.936E-03  5.885E-03  5.818E-03  5.620E-03  5.576E-03  5.536E-03  5.381E-03
  5.092E-03  4.801E-03  5.069E-03  4.953E-03  4.897E-03  4.761E-03  4.658E-03  4.426E-03  4.464E-03  4.317E-03
  4.318E-03  4.132E-03  3.912E-03  4.022E-03  3.865E-03  3.853E-03  3.678E-03  3.673E-03  3.536E-03  3.454E-03
  3.342E-03  3.574E-03  3.557E-03  3.473E-03  3.711E-03  3.912E-03  3.887E-03  4.014E-03  4.087E-03  4.122E-03
  4.334E-03  4.402E-03  4.540E-03  4.600E-03  4.637E-03  4.703E-03  4.821E-03  4.927E-03  4.827E-03  5.092E-03
  5.005E-03  5.267E-03  5.270E-03  5.279E-03  5.570E-03  5.726E-03  5.868E-03  5.889E-03  5.985E-03  5.926E-03
  6.169E-03  6.332E-03  6.247E-03  6.424E-03  6.403E-03  6.435E-03  6.602E-03  6.500E-03  6.598E-03  6.529E-03
  6.404E-03  6.521E-03  6.344E-03  6.532E-03  6.251E-03  6.458E-03  6.307E-03  6.199E-03  6.107E-03  5.981E-03
  5.906E-03  5.860E-03  5.882E-03  5.834E-03  5.762E-03  5.523E-03  5.494E-03  5.271E-03  5.282E-03  5.183E-03
  5.023E-03  4.798E-03  4.742E-03  4.871E-03  4.588E-03  4.510E-03  4.507E-03  4.405E-03  4.315E-03  4.295E-03
  4.201E-03  4.031E-03  3.974E-03  3.787E-03  3.704E-03  3.648E-03  3.638E-03  3.608E-03  3.452E-03  3.429E-03
  3.308E-03  3.519E-03  3.451E-03  3.593E-03  3.682E-03  3.698E-03  3.702E-03  3.843E-03  4.000E-03  3.909E-03
  4.118E-03  4.313E-03  4.427E-03  4.471E-03  4.585E-03  4.663E-03  4.676E-03  4.666E-03  4.712E-03  4.897E-03
  4.974E-03  5.061E-03  5.034E-03  5.146E-03  5.361E-03  5.458E-03  5.611E-03  5.616E-03  5.737E-03  5.785E-03
  5.876E-03  5.913E-03  5.929E-03  6.044E-03  6.072E-03  6.084E-03  6.227E-03  6.318E-03  6.240E-03  6.343E-03
  6.075E-03  6.129E-03  6.006E-03  6.052E-03  6.026E-03  5.950E-03  5.960E-03  5.929E-03  5.972E-03  5.711E-03
  5.773E-03  5.850E-03  5.631E-03  5.508E-03  5.468E-03  5.335E-03  5.345E-03  5.162E-03  5.121E-03  5.107E-03
  4.862E-03  4.735E-03  4.576E-03  4.547E-03  4.522E-03  4.555E-03  4.260E-03  4.263E-03  4.107E-03  4.154E-03
  4.142E-03  3.973E-03  3.963E-03  3.761E-03  3.713E-03  3.618E-03  3.445E-03  3.493E-03  3.318E-03  3.299E-03
  3.328E-03  3.406E-03  3.432E-03  3.625E-03  3.485E-03  3.590E-03  3.788E-03  3.749E-03  3.713E-03  3.964E-03
  3.999E-03  4.110E-03  4.292E-03  4.277E-03  4.420E-03  4.551E-03  4.548E-03  4.720E-03  4.574E-03  4.757E-03
  4.787E-03  4.784E-03  4.965E-03  5.058E-03  5.212E-03  5.196E-03  5.287E-03  5.455E-03  5.508E-03  5.505E-03
  5.696E-03  5.553E-03  5.763E-03  5.724E-03  5.872E-03  5.814E-03  5.899E-03  6.080E-03  5.901E-03  6.102E-03
  5.879E-03  5.947E-03  5.769E-03  5.782E-03  5.751E-03  5.803E-03  5.730E-03  5.745E-03  5.516E-03  5.616E-03
  5.477E-03  5.509E-03  5.490E-03  5.325E-03  5.179E-03  5.099E-03  5.078E-03  5.037E-03  4.922E-03  4.872E-03
  4.754E-03  4.629E-03  4.470E-03  4.365E-03  4.332E-03  4.432E-03  4.213E-03  4.187E-03  4.030E-03  4.075E-03
  3.993E-03  3.911E-03  3.852E-03  3.691E-03  3.538E-03  3.567E-03  3.446E-03  3.538E-03  3.389E-03  3.237E-03
  3.199E-03  3.294E-03  3.381E-03  3.448E-03  3.441E-03  3.577E-03  3.589E-03  3.732E-03  3.754E-03  3.817E-03
  3.882E-03  3.965E-03  4.070E-03  4.147E-03  4.195E-03  4.350E-03  4.524E-03  4.404E-03  4.591E-03  4.627E-03
  4.647E-03  4.680E-03  4.836E-03  4.844E-03  5.037E-03  5.006E-03  5.116E-03  5.207E-03  5.386E-03  5.274E-03
  5.452E-03  5.377E-03  5.584E-03  5.552E-03  5.598E-03  5.596E-03  5.700E-03  5.759E-03  5.672E-03  5.674E-03
  5.700E-03  5.628E-03  5.504E-03  5.637E-03  5.599E-03  5.655E-03  5.510E-03  5.551E-03  5.355E-03  5.394E-03
  5.307E-03  5.259E-03  5.183E-03  5.179E-03  5.015E-03  4.979E-03  4.883E-03  4.953E-03  4.801E-03  4.631E-03
  4.541E-03  4.442E-03  4.349E-03  4.189E-03  4.224E-03  4.195E-03  4.199E-03  4.050E-03  3.929E-03  4.026E-03
  3.949E-03  3.951E-03  3.769E-03  3.779E-03  3.495E-03  3.368E-03  3.401E-03  3.340E-03  3.351E-03  3.188E-03
  3.178E-03  3.152E-03  3.317E-03  3.347E-03  3.415E-03  3.442E-03  3.668E-03  3.625E-03  3.565E-03  3.728E-03
  3.749E-03  3.853E-03  3.773E-03  3.953E-03  3.910E-03  4.146E-03  4.360E-03  4.348E-03  4.462E-03  4.357E-03
  4.451E-03  4.539E-03  4.685E-03  4.607E-03  4.956E-03  4.800E-03  5.050E-03  5.077E-03  5.211E-03  5.036E-03
  5.192E-03  5.268E-03  5.294E-03  5.358E-03  5.376E-03  5.415E-03  5.500E-03  5.469E-03  5.411E-03  5.356E-03
  5.511E-03  5.441E-03  5.331E-03  5.373E-03  5.442E-03  5.473E-03  5.234E-03  5.132E-03  5.043E-03  5.086E-03
  5.100E-03  4.907E-03  5.038E-03  5.032E-03  4.902E-03  4.814E-03  4.776E-03  4.660E-03  4.532E-03  4.486E-03
  4.287E-03  4.301E-03  4.269E-03  4.080E-03  4.119E-03  4.084E-03  4.086E-03  4.059E-03  3.871E-03  3.856E-03
  3.744E-03  3.745E-03  3.727E-03  3.544E-03  3.615E-03  3.453E-03  3.328E-03  3.222E-03  3.167E-03  3.216E-03
  3.074E-03  3.103E-03  3.229E-03  3.320E-03  3.478E-03  3.457E-03  3.505E-03  3.423E-03  3.540E-03  3.693E-03
  3.720E-03  3.753E-03  3.666E-03  3.884E-03  3.914E-03  3.998E-03  4.215E-03  4.257E-03  4.219E-03  4.204E-03
  4.331E-03  4.564E-03  4.508E-03  4.534E-03  4.588E-03  4.674E-03  4.829E-03  4.940E-03  4.885E-03  4.985E-03
  5.031E-03  4.932E-03  5.148E-03  5.214E-03  5.173E-03  5.086E-03  5.380E-03  5.247E-03  5.219E-03  5.313E-03
  5.276E-03  5.163E-03  5.178E-03  5.135E-03  5.228E-03  5.098E-03  5.071E-03  4.969E-03  4.951E-03  4.970E-03
  4.837E-03  4.788E-03  4.748E-03  4.899E-03  4.749E-03  4.654E-03  4.628E-03  4.471E-03  4.285E-03  4.415E-03
  4.216E-03  4.108E-03  4.185E-03  3.974E-03  4.026E-03  3.997E-03  3.983E-03  3.865E-03  3.822E-03  3.631E-03
  3.657E-03  3.606E-03  3.584E-03  3.580E-03  3.454E-03  3.370E-03  3.241E-03  3.222E-03  3.141E-03  2.973E-03

#------------------------------------------------------------------------------
z: xorg(1.03)
p: xfac[c2*0.05] form[c1/0.05] notc noxt noyt dmin(1)
p: ymin(0) ymax(1) xmin(0) xmax(1) cmin(1) cmax(100) nosp
hc: y= 0.005 to 0.995 by 0.01 ; x= 0.5 to 0.5 by 1 ;
 1  2  3  4  5  6  7  8  9 10 11 12 13 14 15 16 17 18 19 20
21 22 23 24 25 26 27 28 29 30 31 32 33 34 35 36 37 38 39 40
41 42 43 44 45 46 47 48 49 50 51 52 53 54 55 56 57 58 59 60
61 62 63 64 65 66 67 68 69 70 71 72 73 74 75 76 77 78 79 80
81 82 83 84 85 86 87 88 89 90 91 92 93 94 95 96 97 98 99 100
z: xorg(0.0)
p: xfac[c2*0.05] form[c1/0.05] nosp afac[c5*0.625] ymin[c3] ymax[c4]
p: noxt noxn ytxt(-1) ynum(-1) xltd(-1) xstd(-1) itic(1) ylog
y: Flux [1/cm^2/source]              
#------------------------------------------------------------------------------

wt: s[c5]
\vspace{-3}
  emin  &=&   0.0000E+00 [MeV]
  emax  &=&   1.0000E+03 [MeV]
  ymin  &=&   1.4000E+00 [cm]
  ymax  &=&   1.6000E+00 [cm]
  part. &=& all     
e:

#------------------------------------------------------------------------------
z: xorg[-1.03/0.05]
p: form[c1] xfac[c2] afac[c5] nosp notf
p: xmin( -2.000000    ) xmax(  2.000000    )
p: ymin( -2.000000    ) ymax(  2.000000    )
 
# Information for Restart Calculation
# This calculation was newly started
# istdev =  1 # 1:Batch variance, 2:History variance
# resc2  = 9.00000000000000000E+00 # Total source weight or Total source weight / maxcas
# resc3  = 9.00000000000000000E+00 # Total history number or Total batch number
# maxcas =    10000000 # History / Batch, only used for istdev=1
# rijklst= 197409415753881.0 # Next initial random number
