[ T - T r a c k ]
    title = [t-track: icntl=0]
     mesh =  xyz            # mesh type is xyz scoring mesh
   x-type =    2            # x-mesh is linear given by xmin, xmax and nx
     xmin = -2.0000000E-02  # minimum value of x-mesh points
     xmax =  2.0000000E-02  # maximum value of x-mesh points
#    xdel =  5.0000000E-04  # mesh width of x-mesh points
       nx =     80          # number of x-mesh points
#    data = ( x(i), i = 1, nx + 1 )
#          -2.00000E-02 -1.95000E-02 -1.90000E-02 -1.85000E-02 -1.80000E-02
#          -1.75000E-02 -1.70000E-02 -1.65000E-02 -1.60000E-02 -1.55000E-02
#          -1.50000E-02 -1.45000E-02 -1.40000E-02 -1.35000E-02 -1.30000E-02
#          -1.25000E-02 -1.20000E-02 -1.15000E-02 -1.10000E-02 -1.05000E-02
#          -1.00000E-02 -9.50000E-03 -9.00000E-03 -8.50000E-03 -8.00000E-03
#          -7.50000E-03 -7.00000E-03 -6.50000E-03 -6.00000E-03 -5.50000E-03
#          -5.00000E-03 -4.50000E-03 -4.00000E-03 -3.50000E-03 -3.00000E-03
#          -2.50000E-03 -2.00000E-03 -1.50000E-03 -1.00000E-03 -5.00000E-04
#           0.00000E+00  5.00000E-04  1.00000E-03  1.50000E-03  2.00000E-03
#           2.50000E-03  3.00000E-03  3.50000E-03  4.00000E-03  4.50000E-03
#           5.00000E-03  5.50000E-03  6.00000E-03  6.50000E-03  7.00000E-03
#           7.50000E-03  8.00000E-03  8.50000E-03  9.00000E-03  9.50000E-03
#           1.00000E-02  1.05000E-02  1.10000E-02  1.15000E-02  1.20000E-02
#           1.25000E-02  1.30000E-02  1.35000E-02  1.40000E-02  1.45000E-02
#           1.50000E-02  1.55000E-02  1.60000E-02  1.65000E-02  1.70000E-02
#           1.75000E-02  1.80000E-02  1.85000E-02  1.90000E-02  1.95000E-02
#           2.00000E-02
   y-type =    2            # y-mesh is linear given by ymin, ymax and ny
     ymin =  -78.60000      # minimum value of y-mesh points
     ymax =  -78.40000      # maximum value of y-mesh points
#    ydel =  0.2000000      # mesh width of y-mesh points
       ny =      1          # number of y-mesh points
#    data = ( y(i), i = 1, ny + 1 )
#          -7.86000E+01 -7.84000E+01
   z-type =    2            # z-mesh is linear given by zmin, zmax and nz
     zmin = -2.0000000E-02  # minimum value of z-mesh points
     zmax =  2.0000000E-02  # maximum value of z-mesh points
#    zdel =  5.0000000E-04  # mesh width of z-mesh points
       nz =     80          # number of z-mesh points
#    data = ( z(i), i = 1, nz + 1 )
#          -2.00000E-02 -1.95000E-02 -1.90000E-02 -1.85000E-02 -1.80000E-02
#          -1.75000E-02 -1.70000E-02 -1.65000E-02 -1.60000E-02 -1.55000E-02
#          -1.50000E-02 -1.45000E-02 -1.40000E-02 -1.35000E-02 -1.30000E-02
#          -1.25000E-02 -1.20000E-02 -1.15000E-02 -1.10000E-02 -1.05000E-02
#          -1.00000E-02 -9.50000E-03 -9.00000E-03 -8.50000E-03 -8.00000E-03
#          -7.50000E-03 -7.00000E-03 -6.50000E-03 -6.00000E-03 -5.50000E-03
#          -5.00000E-03 -4.50000E-03 -4.00000E-03 -3.50000E-03 -3.00000E-03
#          -2.50000E-03 -2.00000E-03 -1.50000E-03 -1.00000E-03 -5.00000E-04
#           0.00000E+00  5.00000E-04  1.00000E-03  1.50000E-03  2.00000E-03
#           2.50000E-03  3.00000E-03  3.50000E-03  4.00000E-03  4.50000E-03
#           5.00000E-03  5.50000E-03  6.00000E-03  6.50000E-03  7.00000E-03
#           7.50000E-03  8.00000E-03  8.50000E-03  9.00000E-03  9.50000E-03
#           1.00000E-02  1.05000E-02  1.10000E-02  1.15000E-02  1.20000E-02
#           1.25000E-02  1.30000E-02  1.35000E-02  1.40000E-02  1.45000E-02
#           1.50000E-02  1.55000E-02  1.60000E-02  1.65000E-02  1.70000E-02
#           1.75000E-02  1.80000E-02  1.85000E-02  1.90000E-02  1.95000E-02
#           2.00000E-02
   e-type =    2            # e-mesh is linear given by emin, emax and ne
     emin =   0.000000      # minimum value of e-mesh points
     emax =   1000.000      # maximum value of e-mesh points
#    edel =   1000.000      # mesh width of e-mesh points
       ne =      1          # number of e-mesh points
#    data = ( e(i), i = 1, ne + 1 )
#           0.00000E+00  1.00000E+03
     unit =    1            # unit is [1/cm^2/source]
 material =  all            # (D=all) number of specific material
  2D-type =    3            # 1:Cont, 2:Clust, 3:Color, 4:xyz, 5:mat, 6:Clust+Cont, 7:Col+Cont
     axis =   xz            # axis of output
     file = track-xz-water-tg.out  # file name of output for the above axis
     part =  all      
# kf/name :  0        
   epsout =    1            # (D=0) generate eps file by ANGEL
#    used :        main (  %)        temp (  %)       total (  %)
#  memory :         170 (  0)           0 (  0)         170 (  0)

#------------------------------------------------------------------------------
#newpage:
#   no. =  1   ie  =  1   iy  =  1   part. = all     
#   e = (   0.0000E+00  -   1.0000E+03  )
#   y = (  -7.8600E+01  -  -7.8400E+01  )

'no. =  1,  ie =  1,  iy =  1'
msuc: {\huge [t-track: icntl=0]}
msdr: {\it plotted by \ANGEL \version}
msdl: {\it calculated by \PHITS  3.08}

x: z [cm]
y: x [cm]
set: c1[ 1.000] c2[ 0.900] c5[ 0.800] c6[ 1.000] c7[ 0.000] c8[ 0.000]
p: h2fs form[c1] xfac[c2] afac[c5] scal[c6] xorg[c7] yorg[c8] nosp
set: c3[   5.007323E+01] c4[   8.437679E+02]
p: cmin[c3] cmax[c4]
p: dmin(1e-31)
p: zlog
p: xmin(-2.0000000E-02) xmax( 2.0000000E-02)
p: ymin(-2.0000000E-02) ymax( 2.0000000E-02)
#  nx =  80   nz =  80
# ( ( data(z,x), z = 1, nz ), x = nx, 1, -1 )

hc:  y =  1.9750000E-02 to -1.9750000E-02 by  5.0000000E-04 ; x = -1.9750000E-02 to  1.9750000E-02 by  5.0000000E-04 ;
  5.150E+01  5.824E+01  6.522E+01  7.358E+01  8.088E+01  8.922E+01  9.619E+01  1.047E+02  1.133E+02  1.249E+02
  1.347E+02  1.436E+02  1.526E+02  1.643E+02  1.725E+02  1.801E+02  1.910E+02  2.034E+02  2.113E+02  2.220E+02
  2.342E+02  2.437E+02  2.518E+02  2.597E+02  2.720E+02  2.835E+02  2.920E+02  3.020E+02  3.075E+02  3.166E+02
  3.270E+02  3.289E+02  3.406E+02  3.436E+02  3.491E+02  3.521E+02  3.550E+02  3.572E+02  3.575E+02  3.598E+02
  3.580E+02  3.565E+02  3.532E+02  3.500E+02  3.506E+02  3.471E+02  3.441E+02  3.378E+02  3.309E+02  3.275E+02
  3.190E+02  3.093E+02  2.999E+02  2.902E+02  2.841E+02  2.722E+02  2.645E+02  2.521E+02  2.429E+02  2.340E+02
  2.227E+02  2.122E+02  2.010E+02  1.936E+02  1.827E+02  1.714E+02  1.613E+02  1.528E+02  1.426E+02  1.337E+02
  1.272E+02  1.154E+02  1.065E+02  9.770E+01  8.916E+01  8.215E+01  7.423E+01  6.605E+01  5.874E+01  5.222E+01
  5.805E+01  6.578E+01  7.379E+01  8.145E+01  9.223E+01  9.951E+01  1.082E+02  1.174E+02  1.263E+02  1.376E+02
  1.467E+02  1.581E+02  1.663E+02  1.790E+02  1.907E+02  1.998E+02  2.073E+02  2.204E+02  2.340E+02  2.428E+02
  2.540E+02  2.647E+02  2.777E+02  2.836E+02  2.952E+02  3.060E+02  3.192E+02  3.280E+02  3.337E+02  3.429E+02
  3.535E+02  3.550E+02  3.667E+02  3.685E+02  3.737E+02  3.766E+02  3.806E+02  3.822E+02  3.828E+02  3.857E+02
  3.843E+02  3.821E+02  3.799E+02  3.768E+02  3.759E+02  3.733E+02  3.701E+02  3.634E+02  3.563E+02  3.539E+02
  3.415E+02  3.348E+02  3.256E+02  3.166E+02  3.076E+02  2.977E+02  2.849E+02  2.765E+02  2.633E+02  2.550E+02
  2.429E+02  2.304E+02  2.210E+02  2.113E+02  2.016E+02  1.874E+02  1.767E+02  1.673E+02  1.567E+02  1.500E+02
  1.378E+02  1.284E+02  1.199E+02  1.077E+02  1.009E+02  9.199E+01  8.273E+01  7.521E+01  6.669E+01  5.891E+01
  6.738E+01  7.424E+01  8.330E+01  9.183E+01  1.017E+02  1.113E+02  1.209E+02  1.296E+02  1.407E+02  1.512E+02
  1.610E+02  1.712E+02  1.817E+02  1.929E+02  2.064E+02  2.181E+02  2.275E+02  2.370E+02  2.514E+02  2.642E+02
  2.753E+02  2.870E+02  2.997E+02  3.076E+02  3.216E+02  3.295E+02  3.435E+02  3.539E+02  3.586E+02  3.689E+02
  3.780E+02  3.833E+02  3.931E+02  3.946E+02  4.001E+02  4.018E+02  4.048E+02  4.080E+02  4.097E+02  4.128E+02
  4.091E+02  4.095E+02  4.067E+02  4.051E+02  4.009E+02  3.980E+02  3.959E+02  3.903E+02  3.828E+02  3.786E+02
  3.674E+02  3.601E+02  3.496E+02  3.424E+02  3.291E+02  3.209E+02  3.103E+02  2.975E+02  2.856E+02  2.751E+02
  2.637E+02  2.517E+02  2.408E+02  2.297E+02  2.161E+02  2.035E+02  1.950E+02  1.830E+02  1.736E+02  1.621E+02
  1.521E+02  1.420E+02  1.312E+02  1.206E+02  1.111E+02  1.013E+02  9.350E+01  8.307E+01  7.501E+01  6.711E+01
  7.544E+01  8.413E+01  9.164E+01  1.022E+02  1.129E+02  1.237E+02  1.324E+02  1.431E+02  1.543E+02  1.636E+02
  1.780E+02  1.875E+02  1.992E+02  2.096E+02  2.228E+02  2.346E+02  2.476E+02  2.580E+02  2.694E+02  2.813E+02
  2.965E+02  3.090E+02  3.195E+02  3.323E+02  3.420E+02  3.555E+02  3.673E+02  3.776E+02  3.836E+02  3.969E+02
  4.026E+02  4.094E+02  4.194E+02  4.201E+02  4.259E+02  4.293E+02  4.321E+02  4.316E+02  4.377E+02  4.370E+02
  4.371E+02  4.371E+02  4.366E+02  4.320E+02  4.266E+02  4.226E+02  4.242E+02  4.153E+02  4.084E+02  4.055E+02
  3.938E+02  3.847E+02  3.748E+02  3.677E+02  3.512E+02  3.448E+02  3.330E+02  3.215E+02  3.070E+02  2.963E+02
  2.828E+02  2.729E+02  2.602E+02  2.458E+02  2.363E+02  2.227E+02  2.110E+02  1.974E+02  1.896E+02  1.772E+02
  1.658E+02  1.560E+02  1.445E+02  1.328E+02  1.222E+02  1.144E+02  1.027E+02  9.378E+01  8.401E+01  7.427E+01
  8.484E+01  9.368E+01  1.036E+02  1.129E+02  1.238E+02  1.354E+02  1.458E+02  1.561E+02  1.685E+02  1.803E+02
  1.915E+02  2.043E+02  2.172E+02  2.289E+02  2.418E+02  2.535E+02  2.651E+02  2.783E+02  2.923E+02  3.019E+02
  3.162E+02  3.297E+02  3.414E+02  3.552E+02  3.667E+02  3.773E+02  3.918E+02  4.000E+02  4.098E+02  4.215E+02
  4.300E+02  4.350E+02  4.440E+02  4.471E+02  4.527E+02  4.569E+02  4.582E+02  4.598E+02  4.663E+02  4.626E+02
  4.646E+02  4.614E+02  4.630E+02  4.562E+02  4.557E+02  4.481E+02  4.485E+02  4.419E+02  4.374E+02  4.267E+02
  4.192E+02  4.110E+02  4.017E+02  3.897E+02  3.775E+02  3.680E+02  3.556E+02  3.457E+02  3.286E+02  3.171E+02
  3.054E+02  2.913E+02  2.785E+02  2.666E+02  2.550E+02  2.400E+02  2.270E+02  2.172E+02  2.057E+02  1.905E+02
  1.814E+02  1.711E+02  1.578E+02  1.452E+02  1.349E+02  1.247E+02  1.137E+02  1.029E+02  9.195E+01  8.446E+01
  9.303E+01  1.050E+02  1.141E+02  1.261E+02  1.361E+02  1.470E+02  1.588E+02  1.712E+02  1.854E+02  1.966E+02
  2.081E+02  2.192E+02  2.323E+02  2.482E+02  2.591E+02  2.740E+02  2.861E+02  2.955E+02  3.112E+02  3.230E+02
  3.403E+02  3.510E+02  3.627E+02  3.793E+02  3.961E+02  4.048E+02  4.152E+02  4.286E+02  4.338E+02  4.471E+02
  4.568E+02  4.605E+02  4.671E+02  4.712E+02  4.795E+02  4.839E+02  4.859E+02  4.881E+02  4.911E+02  4.910E+02
  4.891E+02  4.883E+02  4.866E+02  4.822E+02  4.832E+02  4.778E+02  4.754E+02  4.671E+02  4.607E+02  4.522E+02
  4.460E+02  4.353E+02  4.276E+02  4.148E+02  4.021E+02  3.954E+02  3.833E+02  3.676E+02  3.520E+02  3.397E+02
  3.244E+02  3.102E+02  2.994E+02  2.880E+02  2.738E+02  2.593E+02  2.457E+02  2.325E+02  2.184E+02  2.099E+02
  1.972E+02  1.843E+02  1.695E+02  1.580E+02  1.495E+02  1.371E+02  1.248E+02  1.116E+02  1.044E+02  9.298E+01
  1.025E+02  1.131E+02  1.260E+02  1.365E+02  1.492E+02  1.604E+02  1.726E+02  1.841E+02  1.993E+02  2.116E+02
  2.236E+02  2.380E+02  2.505E+02  2.647E+02  2.777E+02  2.932E+02  3.067E+02  3.180E+02  3.332E+02  3.439E+02
  3.634E+02  3.743E+02  3.894E+02  4.001E+02  4.192E+02  4.356E+02  4.427E+02  4.550E+02  4.592E+02  4.723E+02
  4.809E+02  4.865E+02  4.938E+02  4.983E+02  5.060E+02  5.096E+02  5.128E+02  5.117E+02  5.149E+02  5.177E+02
  5.162E+02  5.132E+02  5.128E+02  5.080E+02  5.088E+02  5.071E+02  4.980E+02  4.942E+02  4.871E+02  4.787E+02
  4.678E+02  4.623E+02  4.525E+02  4.446E+02  4.324E+02  4.218E+02  4.077E+02  3.895E+02  3.762E+02  3.619E+02
  3.450E+02  3.327E+02  3.215E+02  3.096E+02  2.945E+02  2.780E+02  2.638E+02  2.499E+02  2.369E+02  2.250E+02
  2.133E+02  2.002E+02  1.840E+02  1.744E+02  1.632E+02  1.483E+02  1.345E+02  1.259E+02  1.131E+02  1.022E+02
  1.146E+02  1.251E+02  1.354E+02  1.491E+02  1.615E+02  1.736E+02  1.867E+02  1.999E+02  2.138E+02  2.296E+02
  2.408E+02  2.571E+02  2.703E+02  2.815E+02  2.969E+02  3.111E+02  3.265E+02  3.433E+02  3.574E+02  3.707E+02
  3.842E+02  3.986E+02  4.122E+02  4.242E+02  4.412E+02  4.585E+02  4.686E+02  4.785E+02  4.885E+02  4.956E+02
  5.069E+02  5.105E+02  5.172E+02  5.253E+02  5.322E+02  5.334E+02  5.345E+02  5.376E+02  5.416E+02  5.427E+02
  5.423E+02  5.413E+02  5.366E+02  5.335E+02  5.353E+02  5.308E+02  5.248E+02  5.204E+02  5.085E+02  5.029E+02
  4.952E+02  4.893E+02  4.778E+02  4.691E+02  4.601E+02  4.439E+02  4.323E+02  4.153E+02  3.994E+02  3.842E+02
  3.701E+02  3.552E+02  3.431E+02  3.296E+02  3.125E+02  2.990E+02  2.844E+02  2.710E+02  2.537E+02  2.409E+02
  2.301E+02  2.151E+02  1.990E+02  1.882E+02  1.734E+02  1.598E+02  1.498E+02  1.368E+02  1.235E+02  1.122E+02
  1.258E+02  1.370E+02  1.488E+02  1.613E+02  1.749E+02  1.886E+02  2.005E+02  2.159E+02  2.310E+02  2.445E+02
  2.607E+02  2.717E+02  2.891E+02  3.036E+02  3.146E+02  3.349E+02  3.454E+02  3.627E+02  3.819E+02  3.962E+02
  4.050E+02  4.233E+02  4.350E+02  4.507E+02  4.655E+02  4.808E+02  4.910E+02  5.037E+02  5.169E+02  5.227E+02
  5.317E+02  5.362E+02  5.400E+02  5.501E+02  5.552E+02  5.581E+02  5.582E+02  5.631E+02  5.666E+02  5.650E+02
  5.698E+02  5.671E+02  5.591E+02  5.618E+02  5.599E+02  5.585E+02  5.479E+02  5.452E+02  5.345E+02  5.265E+02
  5.213E+02  5.187E+02  5.057E+02  4.901E+02  4.834E+02  4.695E+02  4.551E+02  4.403E+02  4.263E+02  4.103E+02
  3.931E+02  3.787E+02  3.647E+02  3.505E+02  3.344E+02  3.167E+02  3.032E+02  2.854E+02  2.712E+02  2.599E+02
  2.452E+02  2.289E+02  2.140E+02  2.015E+02  1.882E+02  1.745E+02  1.604E+02  1.490E+02  1.353E+02  1.233E+02
  1.362E+02  1.483E+02  1.608E+02  1.745E+02  1.886E+02  2.031E+02  2.159E+02  2.285E+02  2.456E+02  2.625E+02
  2.779E+02  2.910E+02  3.072E+02  3.229E+02  3.368E+02  3.534E+02  3.678E+02  3.857E+02  4.029E+02  4.205E+02
  4.307E+02  4.456E+02  4.588E+02  4.760E+02  4.910E+02  5.077E+02  5.141E+02  5.233E+02  5.415E+02  5.498E+02
  5.586E+02  5.620E+02  5.673E+02  5.742E+02  5.794E+02  5.822E+02  5.864E+02  5.914E+02  5.882E+02  5.893E+02
  5.943E+02  5.890E+02  5.850E+02  5.852E+02  5.863E+02  5.813E+02  5.747E+02  5.687E+02  5.596E+02  5.525E+02
  5.524E+02  5.432E+02  5.309E+02  5.167E+02  5.080E+02  4.967E+02  4.783E+02  4.673E+02  4.474E+02  4.315E+02
  4.156E+02  4.004E+02  3.863E+02  3.690E+02  3.551E+02  3.368E+02  3.201E+02  3.053E+02  2.936E+02  2.762E+02
  2.592E+02  2.423E+02  2.301E+02  2.194E+02  2.010E+02  1.856E+02  1.724E+02  1.588E+02  1.459E+02  1.349E+02
  1.461E+02  1.604E+02  1.727E+02  1.874E+02  2.008E+02  2.162E+02  2.316E+02  2.446E+02  2.588E+02  2.783E+02
  2.950E+02  3.099E+02  3.261E+02  3.410E+02  3.592E+02  3.721E+02  3.910E+02  4.054E+02  4.231E+02  4.396E+02
  4.573E+02  4.705E+02  4.810E+02  5.002E+02  5.151E+02  5.291E+02  5.387E+02  5.500E+02  5.659E+02  5.723E+02
  5.788E+02  5.900E+02  5.952E+02  5.976E+02  6.050E+02  6.024E+02  6.120E+02  6.197E+02  6.130E+02  6.176E+02
  6.173E+02  6.157E+02  6.098E+02  6.112E+02  6.057E+02  6.044E+02  5.985E+02  5.923E+02  5.838E+02  5.817E+02
  5.764E+02  5.655E+02  5.583E+02  5.409E+02  5.302E+02  5.185E+02  5.017E+02  4.875E+02  4.693E+02  4.544E+02
  4.354E+02  4.208E+02  4.053E+02  3.871E+02  3.741E+02  3.556E+02  3.403E+02  3.271E+02  3.093E+02  2.916E+02
  2.754E+02  2.606E+02  2.491E+02  2.307E+02  2.139E+02  2.005E+02  1.862E+02  1.716E+02  1.571E+02  1.451E+02
  1.562E+02  1.707E+02  1.874E+02  1.996E+02  2.151E+02  2.302E+02  2.455E+02  2.621E+02  2.766E+02  2.916E+02
  3.127E+02  3.282E+02  3.435E+02  3.602E+02  3.758E+02  3.925E+02  4.117E+02  4.269E+02  4.436E+02  4.602E+02
  4.771E+02  4.911E+02  5.105E+02  5.267E+02  5.352E+02  5.538E+02  5.635E+02  5.747E+02  5.884E+02  5.954E+02
  6.020E+02  6.126E+02  6.219E+02  6.178E+02  6.305E+02  6.299E+02  6.351E+02  6.444E+02  6.350E+02  6.412E+02
  6.419E+02  6.412E+02  6.383E+02  6.324E+02  6.287E+02  6.260E+02  6.206E+02  6.150E+02  6.137E+02  6.043E+02
  5.982E+02  5.956E+02  5.774E+02  5.636E+02  5.531E+02  5.355E+02  5.271E+02  5.078E+02  4.945E+02  4.738E+02
  4.591E+02  4.435E+02  4.262E+02  4.081E+02  3.927E+02  3.744E+02  3.632E+02  3.457E+02  3.253E+02  3.089E+02
  2.948E+02  2.773E+02  2.620E+02  2.440E+02  2.278E+02  2.129E+02  1.998E+02  1.846E+02  1.697E+02  1.546E+02
  1.677E+02  1.821E+02  1.968E+02  2.129E+02  2.276E+02  2.435E+02  2.615E+02  2.760E+02  2.935E+02  3.095E+02
  3.298E+02  3.474E+02  3.621E+02  3.799E+02  3.974E+02  4.130E+02  4.312E+02  4.445E+02  4.667E+02  4.823E+02
  5.047E+02  5.138E+02  5.313E+02  5.509E+02  5.633E+02  5.757E+02  5.911E+02  5.993E+02  6.095E+02  6.170E+02
  6.272E+02  6.304E+02  6.451E+02  6.445E+02  6.522E+02  6.518E+02  6.598E+02  6.629E+02  6.619E+02  6.642E+02
  6.672E+02  6.635E+02  6.595E+02  6.595E+02  6.471E+02  6.514E+02  6.448E+02  6.414E+02  6.354E+02  6.289E+02
  6.218E+02  6.119E+02  6.009E+02  5.836E+02  5.760E+02  5.623E+02  5.506E+02  5.363E+02  5.173E+02  4.980E+02
  4.797E+02  4.636E+02  4.462E+02  4.271E+02  4.142E+02  4.003E+02  3.795E+02  3.611E+02  3.439E+02  3.272E+02
  3.092E+02  2.923E+02  2.740E+02  2.579E+02  2.428E+02  2.306E+02  2.133E+02  1.970E+02  1.818E+02  1.677E+02
  1.799E+02  1.953E+02  2.087E+02  2.252E+02  2.420E+02  2.583E+02  2.743E+02  2.940E+02  3.068E+02  3.229E+02
  3.441E+02  3.631E+02  3.818E+02  4.008E+02  4.169E+02  4.306E+02  4.489E+02  4.657E+02  4.864E+02  5.048E+02
  5.206E+02  5.396E+02  5.525E+02  5.745E+02  5.881E+02  6.004E+02  6.126E+02  6.213E+02  6.319E+02  6.425E+02
  6.507E+02  6.580E+02  6.662E+02  6.672E+02  6.726E+02  6.754E+02  6.799E+02  6.804E+02  6.868E+02  6.859E+02
  6.884E+02  6.833E+02  6.804E+02  6.799E+02  6.702E+02  6.747E+02  6.704E+02  6.644E+02  6.569E+02  6.492E+02
  6.439E+02  6.290E+02  6.254E+02  6.107E+02  5.999E+02  5.853E+02  5.735E+02  5.568E+02  5.396E+02  5.210E+02
  5.007E+02  4.843E+02  4.681E+02  4.513E+02  4.319E+02  4.153E+02  3.963E+02  3.776E+02  3.605E+02  3.439E+02
  3.223E+02  3.057E+02  2.910E+02  2.742E+02  2.587E+02  2.413E+02  2.267E+02  2.089E+02  1.942E+02  1.779E+02
  1.915E+02  2.073E+02  2.248E+02  2.396E+02  2.560E+02  2.717E+02  2.902E+02  3.079E+02  3.241E+02  3.406E+02
  3.562E+02  3.809E+02  3.976E+02  4.164E+02  4.368E+02  4.535E+02  4.703E+02  4.898E+02  5.069E+02  5.261E+02
  5.420E+02  5.594E+02  5.746E+02  5.951E+02  6.106E+02  6.220E+02  6.319E+02  6.407E+02  6.525E+02  6.618E+02
  6.738E+02  6.803E+02  6.865E+02  6.940E+02  6.915E+02  6.915E+02  7.058E+02  7.008E+02  7.079E+02  7.084E+02
  7.080E+02  7.106E+02  7.017E+02  7.022E+02  6.986E+02  6.946E+02  6.898E+02  6.842E+02  6.809E+02  6.752E+02
  6.610E+02  6.542E+02  6.472E+02  6.323E+02  6.217E+02  6.112E+02  5.940E+02  5.754E+02  5.609E+02  5.388E+02
  5.243E+02  5.083E+02  4.896E+02  4.682E+02  4.512E+02  4.333E+02  4.146E+02  3.939E+02  3.783E+02  3.566E+02
  3.419E+02  3.251E+02  3.073E+02  2.876E+02  2.727E+02  2.555E+02  2.389E+02  2.197E+02  2.067E+02  1.880E+02
  2.035E+02  2.191E+02  2.336E+02  2.531E+02  2.687E+02  2.877E+02  3.046E+02  3.235E+02  3.403E+02  3.579E+02
  3.747E+02  3.937E+02  4.142E+02  4.362E+02  4.566E+02  4.754E+02  4.901E+02  5.085E+02  5.302E+02  5.488E+02
  5.665E+02  5.812E+02  5.991E+02  6.159E+02  6.305E+02  6.432E+02  6.522E+02  6.646E+02  6.752E+02  6.801E+02
  6.930E+02  7.053E+02  7.039E+02  7.116E+02  7.130E+02  7.173E+02  7.208E+02  7.309E+02  7.303E+02  7.254E+02
  7.307E+02  7.288E+02  7.212E+02  7.249E+02  7.179E+02  7.096E+02  7.135E+02  7.055E+02  7.040E+02  6.898E+02
  6.807E+02  6.749E+02  6.638E+02  6.543E+02  6.471E+02  6.340E+02  6.133E+02  5.975E+02  5.838E+02  5.676E+02
  5.503E+02  5.294E+02  5.060E+02  4.871E+02  4.686E+02  4.512E+02  4.333E+02  4.167E+02  3.966E+02  3.791E+02
  3.598E+02  3.413E+02  3.235E+02  3.055E+02  2.874E+02  2.708E+02  2.524E+02  2.381E+02  2.173E+02  2.035E+02
  2.142E+02  2.330E+02  2.506E+02  2.643E+02  2.828E+02  3.001E+02  3.198E+02  3.366E+02  3.547E+02  3.772E+02
  3.946E+02  4.129E+02  4.319E+02  4.493E+02  4.733E+02  4.946E+02  5.118E+02  5.260E+02  5.481E+02  5.695E+02
  5.862E+02  6.052E+02  6.203E+02  6.370E+02  6.575E+02  6.631E+02  6.771E+02  6.909E+02  6.987E+02  7.067E+02
  7.161E+02  7.220E+02  7.239E+02  7.283E+02  7.311E+02  7.375E+02  7.404E+02  7.503E+02  7.492E+02  7.453E+02
  7.471E+02  7.431E+02  7.445E+02  7.402E+02  7.398E+02  7.320E+02  7.328E+02  7.258E+02  7.170E+02  7.156E+02
  7.007E+02  6.967E+02  6.890E+02  6.758E+02  6.693E+02  6.537E+02  6.371E+02  6.220E+02  6.078E+02  5.884E+02
  5.706E+02  5.472E+02  5.285E+02  5.084E+02  4.901E+02  4.743E+02  4.563E+02  4.326E+02  4.131E+02  3.956E+02
  3.765E+02  3.586E+02  3.389E+02  3.200E+02  3.022E+02  2.833E+02  2.674E+02  2.491E+02  2.323E+02  2.146E+02
  2.221E+02  2.407E+02  2.592E+02  2.818E+02  2.977E+02  3.146E+02  3.355E+02  3.560E+02  3.729E+02  3.915E+02
  4.110E+02  4.302E+02  4.527E+02  4.699E+02  4.885E+02  5.140E+02  5.285E+02  5.458E+02  5.637E+02  5.887E+02
  6.091E+02  6.212E+02  6.444E+02  6.535E+02  6.799E+02  6.891E+02  6.976E+02  7.107E+02  7.186E+02  7.261E+02
  7.384E+02  7.445E+02  7.417E+02  7.471E+02  7.539E+02  7.573E+02  7.606E+02  7.624E+02  7.625E+02  7.637E+02
  7.637E+02  7.647E+02  7.641E+02  7.588E+02  7.565E+02  7.615E+02  7.478E+02  7.437E+02  7.358E+02  7.334E+02
  7.209E+02  7.157E+02  7.099E+02  6.990E+02  6.877E+02  6.749E+02  6.589E+02  6.434E+02  6.273E+02  6.073E+02
  5.895E+02  5.662E+02  5.478E+02  5.265E+02  5.130E+02  4.936E+02  4.712E+02  4.488E+02  4.285E+02  4.104E+02
  3.904E+02  3.735E+02  3.534E+02  3.348E+02  3.165E+02  2.958E+02  2.790E+02  2.597E+02  2.433E+02  2.256E+02
  2.363E+02  2.528E+02  2.712E+02  2.898E+02  3.135E+02  3.314E+02  3.479E+02  3.712E+02  3.934E+02  4.104E+02
  4.291E+02  4.455E+02  4.657E+02  4.876E+02  5.049E+02  5.252E+02  5.476E+02  5.639E+02  5.859E+02  6.096E+02
  6.286E+02  6.457E+02  6.608E+02  6.760E+02  6.934E+02  7.069E+02  7.177E+02  7.224E+02  7.368E+02  7.431E+02
  7.499E+02  7.635E+02  7.615E+02  7.650E+02  7.745E+02  7.719E+02  7.776E+02  7.777E+02  7.742E+02  7.768E+02
  7.733E+02  7.791E+02  7.785E+02  7.779E+02  7.806E+02  7.711E+02  7.635E+02  7.596E+02  7.536E+02  7.538E+02
  7.491E+02  7.362E+02  7.288E+02  7.221E+02  7.082E+02  6.972E+02  6.804E+02  6.639E+02  6.471E+02  6.281E+02
  6.050E+02  5.880E+02  5.677E+02  5.479E+02  5.303E+02  5.072E+02  4.899E+02  4.685E+02  4.477E+02  4.274E+02
  4.097E+02  3.899E+02  3.713E+02  3.504E+02  3.281E+02  3.106E+02  2.906E+02  2.710E+02  2.549E+02  2.361E+02
  2.489E+02  2.670E+02  2.870E+02  3.076E+02  3.240E+02  3.430E+02  3.621E+02  3.834E+02  4.062E+02  4.264E+02
  4.443E+02  4.646E+02  4.809E+02  5.048E+02  5.249E+02  5.472E+02  5.671E+02  5.904E+02  6.067E+02  6.258E+02
  6.464E+02  6.630E+02  6.787E+02  6.900E+02  7.102E+02  7.247E+02  7.313E+02  7.391E+02  7.473E+02  7.537E+02
  7.693E+02  7.725E+02  7.765E+02  7.839E+02  7.867E+02  7.916E+02  7.903E+02  7.967E+02  7.883E+02  7.960E+02
  7.893E+02  7.929E+02  7.854E+02  7.940E+02  7.905E+02  7.858E+02  7.757E+02  7.762E+02  7.763E+02  7.632E+02
  7.596E+02  7.513E+02  7.394E+02  7.378E+02  7.253E+02  7.134E+02  6.973E+02  6.827E+02  6.646E+02  6.467E+02
  6.233E+02  6.067E+02  5.888E+02  5.624E+02  5.419E+02  5.261E+02  5.085E+02  4.886E+02  4.668E+02  4.463E+02
  4.230E+02  4.032E+02  3.851E+02  3.622E+02  3.411E+02  3.226E+02  3.032E+02  2.842E+02  2.678E+02  2.488E+02
  2.600E+02  2.806E+02  2.974E+02  3.183E+02  3.383E+02  3.586E+02  3.764E+02  3.948E+02  4.177E+02  4.383E+02
  4.563E+02  4.771E+02  4.936E+02  5.160E+02  5.403E+02  5.598E+02  5.810E+02  6.032E+02  6.285E+02  6.449E+02
  6.660E+02  6.812E+02  6.989E+02  7.126E+02  7.193E+02  7.399E+02  7.494E+02  7.563E+02  7.624E+02  7.642E+02
  7.792E+02  7.881E+02  7.857E+02  7.961E+02  7.971E+02  7.996E+02  8.009E+02  8.075E+02  8.004E+02  8.026E+02
  7.982E+02  8.006E+02  7.948E+02  8.075E+02  8.006E+02  7.966E+02  7.994E+02  7.883E+02  7.886E+02  7.774E+02
  7.730E+02  7.631E+02  7.596E+02  7.450E+02  7.383E+02  7.211E+02  7.125E+02  6.961E+02  6.759E+02  6.614E+02
  6.436E+02  6.263E+02  6.028E+02  5.817E+02  5.626E+02  5.427E+02  5.218E+02  5.007E+02  4.795E+02  4.588E+02
  4.396E+02  4.219E+02  3.982E+02  3.770E+02  3.585E+02  3.376E+02  3.165E+02  2.977E+02  2.793E+02  2.608E+02
  2.697E+02  2.884E+02  3.117E+02  3.309E+02  3.535E+02  3.711E+02  3.913E+02  4.113E+02  4.285E+02  4.514E+02
  4.724E+02  4.875E+02  5.123E+02  5.317E+02  5.515E+02  5.705E+02  5.986E+02  6.177E+02  6.420E+02  6.579E+02
  6.813E+02  6.964E+02  7.122E+02  7.322E+02  7.417E+02  7.525E+02  7.635E+02  7.746E+02  7.775E+02  7.803E+02
  7.932E+02  8.032E+02  8.071E+02  8.024E+02  8.099E+02  8.031E+02  8.085E+02  8.166E+02  8.126E+02  8.086E+02
  8.120E+02  8.107E+02  8.156E+02  8.112E+02  8.112E+02  8.079E+02  8.091E+02  8.066E+02  7.894E+02  7.878E+02
  7.744E+02  7.773E+02  7.705E+02  7.589E+02  7.506E+02  7.400E+02  7.269E+02  7.074E+02  6.972E+02  6.795E+02
  6.579E+02  6.407E+02  6.169E+02  6.005E+02  5.768E+02  5.559E+02  5.359E+02  5.152E+02  4.946E+02  4.725E+02
  4.517E+02  4.317E+02  4.103E+02  3.909E+02  3.714E+02  3.516E+02  3.319E+02  3.113E+02  2.909E+02  2.721E+02
  2.830E+02  3.011E+02  3.197E+02  3.425E+02  3.631E+02  3.889E+02  4.061E+02  4.236E+02  4.441E+02  4.634E+02
  4.845E+02  5.085E+02  5.275E+02  5.505E+02  5.701E+02  5.900E+02  6.088E+02  6.313E+02  6.546E+02  6.734E+02
  6.923E+02  7.145E+02  7.240E+02  7.392E+02  7.568E+02  7.688E+02  7.727E+02  7.782E+02  7.949E+02  7.927E+02
  8.007E+02  8.086E+02  8.091E+02  8.119E+02  8.161E+02  8.183E+02  8.142E+02  8.188E+02  8.203E+02  8.180E+02
  8.200E+02  8.213E+02  8.251E+02  8.227E+02  8.160E+02  8.172E+02  8.116E+02  8.082E+02  7.972E+02  7.974E+02
  7.887E+02  7.891E+02  7.799E+02  7.763E+02  7.629E+02  7.473E+02  7.357E+02  7.153E+02  7.101E+02  7.001E+02
  6.745E+02  6.479E+02  6.301E+02  6.165E+02  5.873E+02  5.712E+02  5.467E+02  5.284E+02  5.061E+02  4.820E+02
  4.641E+02  4.484E+02  4.248E+02  4.064E+02  3.850E+02  3.631E+02  3.422E+02  3.246E+02  3.029E+02  2.822E+02
  2.939E+02  3.134E+02  3.324E+02  3.532E+02  3.716E+02  3.938E+02  4.176E+02  4.405E+02  4.567E+02  4.768E+02
  4.952E+02  5.210E+02  5.406E+02  5.578E+02  5.821E+02  5.996E+02  6.240E+02  6.422E+02  6.651E+02  6.829E+02
  7.068E+02  7.205E+02  7.373E+02  7.510E+02  7.600E+02  7.717E+02  7.811E+02  7.885E+02  7.965E+02  8.021E+02
  8.065E+02  8.141E+02  8.076E+02  8.150E+02  8.214E+02  8.168E+02  8.220E+02  8.184E+02  8.225E+02  8.160E+02
  8.235E+02  8.274E+02  8.263E+02  8.228E+02  8.263E+02  8.219E+02  8.151E+02  8.122E+02  8.081E+02  8.015E+02
  7.956E+02  7.941E+02  7.824E+02  7.760E+02  7.705E+02  7.622E+02  7.487E+02  7.342E+02  7.263E+02  7.034E+02
  6.816E+02  6.658E+02  6.491E+02  6.286E+02  6.030E+02  5.854E+02  5.634E+02  5.419E+02  5.205E+02  4.952E+02
  4.778E+02  4.545E+02  4.341E+02  4.150E+02  3.966E+02  3.752E+02  3.574E+02  3.343E+02  3.145E+02  2.952E+02
  3.019E+02  3.244E+02  3.454E+02  3.635E+02  3.858E+02  4.054E+02  4.224E+02  4.456E+02  4.683E+02  4.879E+02
  5.119E+02  5.293E+02  5.522E+02  5.691E+02  5.930E+02  6.149E+02  6.359E+02  6.483E+02  6.725E+02  6.938E+02
  7.114E+02  7.365E+02  7.537E+02  7.641E+02  7.745E+02  7.850E+02  7.896E+02  7.957E+02  8.070E+02  8.089E+02
  8.136E+02  8.249E+02  8.187E+02  8.189E+02  8.232E+02  8.192E+02  8.237E+02  8.280E+02  8.288E+02  8.265E+02
  8.272E+02  8.337E+02  8.305E+02  8.218E+02  8.270E+02  8.269E+02  8.209E+02  8.180E+02  8.139E+02  8.029E+02
  8.063E+02  8.031E+02  7.946E+02  7.908E+02  7.886E+02  7.685E+02  7.558E+02  7.494E+02  7.303E+02  7.153E+02
  6.984E+02  6.790E+02  6.530E+02  6.330E+02  6.161E+02  5.951E+02  5.732E+02  5.559E+02  5.327E+02  5.077E+02
  4.892E+02  4.656E+02  4.466E+02  4.255E+02  4.082E+02  3.895E+02  3.656E+02  3.427E+02  3.232E+02  3.047E+02
  3.134E+02  3.338E+02  3.548E+02  3.759E+02  3.935E+02  4.154E+02  4.365E+02  4.597E+02  4.800E+02  5.019E+02
  5.191E+02  5.410E+02  5.571E+02  5.777E+02  6.057E+02  6.252E+02  6.435E+02  6.582E+02  6.861E+02  7.108E+02
  7.212E+02  7.421E+02  7.535E+02  7.671E+02  7.804E+02  7.897E+02  7.928E+02  8.007E+02  8.028E+02  8.117E+02
  8.195E+02  8.207E+02  8.191E+02  8.202E+02  8.213E+02  8.261E+02  8.254E+02  8.317E+02  8.340E+02  8.276E+02
  8.270E+02  8.331E+02  8.358E+02  8.231E+02  8.272E+02  8.288E+02  8.179E+02  8.197E+02  8.159E+02  8.153E+02
  8.183E+02  8.021E+02  8.009E+02  7.982E+02  7.847E+02  7.803E+02  7.712E+02  7.654E+02  7.469E+02  7.213E+02
  7.059E+02  6.798E+02  6.614E+02  6.436E+02  6.273E+02  6.007E+02  5.876E+02  5.654E+02  5.408E+02  5.192E+02
  5.003E+02  4.784E+02  4.599E+02  4.432E+02  4.194E+02  3.978E+02  3.746E+02  3.547E+02  3.356E+02  3.127E+02
  3.236E+02  3.449E+02  3.641E+02  3.859E+02  4.067E+02  4.263E+02  4.478E+02  4.655E+02  4.878E+02  5.070E+02
  5.309E+02  5.534E+02  5.693E+02  5.893E+02  6.100E+02  6.306E+02  6.493E+02  6.724E+02  6.941E+02  7.163E+02
  7.372E+02  7.515E+02  7.598E+02  7.778E+02  7.938E+02  7.974E+02  8.043E+02  8.035E+02  8.056E+02  8.136E+02
  8.164E+02  8.275E+02  8.302E+02  8.234E+02  8.214E+02  8.240E+02  8.270E+02  8.291E+02  8.318E+02  8.324E+02
  8.320E+02  8.297E+02  8.340E+02  8.266E+02  8.223E+02  8.187E+02  8.207E+02  8.208E+02  8.168E+02  8.164E+02
  8.171E+02  8.151E+02  8.170E+02  8.040E+02  7.924E+02  7.887E+02  7.751E+02  7.639E+02  7.478E+02  7.330E+02
  7.195E+02  6.946E+02  6.709E+02  6.583E+02  6.371E+02  6.158E+02  5.965E+02  5.695E+02  5.465E+02  5.282E+02
  5.094E+02  4.900E+02  4.710E+02  4.454E+02  4.254E+02  4.050E+02  3.863E+02  3.670E+02  3.430E+02  3.247E+02
  3.297E+02  3.506E+02  3.735E+02  3.926E+02  4.123E+02  4.342E+02  4.549E+02  4.772E+02  4.964E+02  5.168E+02
  5.362E+02  5.595E+02  5.825E+02  5.984E+02  6.168E+02  6.409E+02  6.665E+02  6.838E+02  7.069E+02  7.194E+02
  7.423E+02  7.543E+02  7.674E+02  7.850E+02  7.966E+02  8.019E+02  8.044E+02  8.128E+02  8.142E+02  8.143E+02
  8.161E+02  8.217E+02  8.286E+02  8.305E+02  8.298E+02  8.337E+02  8.396E+02  8.307E+02  8.272E+02  8.229E+02
  8.254E+02  8.222E+02  8.314E+02  8.231E+02  8.242E+02  8.252E+02  8.242E+02  8.219E+02  8.246E+02  8.185E+02
  8.193E+02  8.141E+02  8.068E+02  8.129E+02  8.075E+02  7.933E+02  7.877E+02  7.702E+02  7.566E+02  7.400E+02
  7.286E+02  7.043E+02  6.852E+02  6.658E+02  6.431E+02  6.273E+02  6.036E+02  5.812E+02  5.588E+02  5.407E+02
  5.203E+02  4.985E+02  4.760E+02  4.552E+02  4.340E+02  4.167E+02  3.972E+02  3.753E+02  3.533E+02  3.317E+02
  3.385E+02  3.572E+02  3.815E+02  4.038E+02  4.237E+02  4.449E+02  4.646E+02  4.854E+02  5.050E+02  5.281E+02
  5.481E+02  5.641E+02  5.836E+02  6.064E+02  6.229E+02  6.472E+02  6.740E+02  6.920E+02  7.151E+02  7.340E+02
  7.535E+02  7.707E+02  7.796E+02  7.893E+02  7.974E+02  7.994E+02  8.057E+02  8.129E+02  8.162E+02  8.186E+02
  8.221E+02  8.276E+02  8.283E+02  8.346E+02  8.297E+02  8.259E+02  8.361E+02  8.346E+02  8.295E+02  8.312E+02
  8.257E+02  8.187E+02  8.338E+02  8.318E+02  8.336E+02  8.298E+02  8.243E+02  8.280E+02  8.290E+02  8.227E+02
  8.175E+02  8.118E+02  8.160E+02  8.123E+02  8.037E+02  7.997E+02  7.914E+02  7.764E+02  7.630E+02  7.501E+02
  7.332E+02  7.087E+02  6.912E+02  6.668E+02  6.511E+02  6.329E+02  6.117E+02  5.901E+02  5.721E+02  5.497E+02
  5.260E+02  5.074E+02  4.818E+02  4.607E+02  4.410E+02  4.217E+02  4.013E+02  3.800E+02  3.572E+02  3.361E+02
  3.464E+02  3.682E+02  3.882E+02  4.092E+02  4.283E+02  4.459E+02  4.714E+02  4.959E+02  5.158E+02  5.372E+02
  5.568E+02  5.752E+02  5.898E+02  6.111E+02  6.328E+02  6.552E+02  6.808E+02  6.954E+02  7.195E+02  7.388E+02
  7.628E+02  7.729E+02  7.858E+02  7.929E+02  8.055E+02  8.047E+02  8.052E+02  8.095E+02  8.251E+02  8.145E+02
  8.251E+02  8.289E+02  8.276E+02  8.320E+02  8.331E+02  8.340E+02  8.336E+02  8.276E+02  8.314E+02  8.300E+02
  8.287E+02  8.267E+02  8.287E+02  8.333E+02  8.308E+02  8.280E+02  8.271E+02  8.310E+02  8.295E+02  8.236E+02
  8.251E+02  8.230E+02  8.216E+02  8.131E+02  8.095E+02  8.011E+02  7.912E+02  7.811E+02  7.735E+02  7.632E+02
  7.412E+02  7.206E+02  7.015E+02  6.802E+02  6.613E+02  6.417E+02  6.212E+02  5.923E+02  5.717E+02  5.551E+02
  5.343E+02  5.129E+02  4.896E+02  4.727E+02  4.505E+02  4.273E+02  4.066E+02  3.846E+02  3.626E+02  3.463E+02
  3.516E+02  3.702E+02  3.927E+02  4.150E+02  4.356E+02  4.563E+02  4.741E+02  4.965E+02  5.202E+02  5.430E+02
  5.621E+02  5.858E+02  6.034E+02  6.206E+02  6.407E+02  6.555E+02  6.818E+02  7.041E+02  7.283E+02  7.454E+02
  7.613E+02  7.823E+02  7.954E+02  7.972E+02  8.050E+02  8.189E+02  8.143E+02  8.207E+02  8.277E+02  8.277E+02
  8.257E+02  8.272E+02  8.343E+02  8.330E+02  8.363E+02  8.239E+02  8.311E+02  8.296E+02  8.305E+02  8.327E+02
  8.302E+02  8.249E+02  8.252E+02  8.258E+02  8.240E+02  8.215E+02  8.283E+02  8.328E+02  8.277E+02  8.336E+02
  8.288E+02  8.282E+02  8.199E+02  8.116E+02  8.172E+02  8.065E+02  8.025E+02  7.903E+02  7.836E+02  7.650E+02
  7.414E+02  7.226E+02  7.038E+02  6.856E+02  6.658E+02  6.460E+02  6.234E+02  5.993E+02  5.838E+02  5.638E+02
  5.430E+02  5.198E+02  4.981E+02  4.772E+02  4.582E+02  4.370E+02  4.159E+02  3.941E+02  3.735E+02  3.533E+02
  3.584E+02  3.797E+02  3.973E+02  4.174E+02  4.389E+02  4.631E+02  4.837E+02  5.036E+02  5.244E+02  5.447E+02
  5.660E+02  5.826E+02  6.053E+02  6.231E+02  6.499E+02  6.696E+02  6.906E+02  7.058E+02  7.275E+02  7.540E+02
  7.684E+02  7.837E+02  7.983E+02  8.060E+02  8.107E+02  8.121E+02  8.196E+02  8.222E+02  8.288E+02  8.225E+02
  8.250E+02  8.255E+02  8.357E+02  8.340E+02  8.388E+02  8.288E+02  8.340E+02  8.323E+02  8.305E+02  8.302E+02
  8.349E+02  8.290E+02  8.247E+02  8.227E+02  8.265E+02  8.249E+02  8.307E+02  8.226E+02  8.217E+02  8.306E+02
  8.276E+02  8.241E+02  8.232E+02  8.214E+02  8.214E+02  8.156E+02  8.070E+02  7.972E+02  7.853E+02  7.653E+02
  7.487E+02  7.254E+02  7.057E+02  6.898E+02  6.703E+02  6.507E+02  6.294E+02  6.093E+02  5.869E+02  5.659E+02
  5.438E+02  5.205E+02  5.003E+02  4.820E+02  4.598E+02  4.418E+02  4.200E+02  3.986E+02  3.798E+02  3.597E+02
  3.624E+02  3.833E+02  4.044E+02  4.258E+02  4.477E+02  4.660E+02  4.862E+02  5.067E+02  5.253E+02  5.507E+02
  5.751E+02  5.909E+02  6.107E+02  6.326E+02  6.537E+02  6.741E+02  6.976E+02  7.196E+02  7.373E+02  7.601E+02
  7.736E+02  7.949E+02  8.022E+02  8.112E+02  8.134E+02  8.188E+02  8.266E+02  8.284E+02  8.237E+02  8.289E+02
  8.295E+02  8.287E+02  8.302E+02  8.319E+02  8.385E+02  8.277E+02  8.266E+02  8.321E+02  8.309E+02  8.350E+02
  8.337E+02  8.225E+02  8.223E+02  8.230E+02  8.304E+02  8.268E+02  8.285E+02  8.249E+02  8.259E+02  8.248E+02
  8.269E+02  8.241E+02  8.242E+02  8.223E+02  8.186E+02  8.193E+02  8.087E+02  8.019E+02  7.903E+02  7.744E+02
  7.600E+02  7.369E+02  7.184E+02  6.976E+02  6.749E+02  6.546E+02  6.328E+02  6.059E+02  5.916E+02  5.690E+02
  5.438E+02  5.256E+02  5.068E+02  4.856E+02  4.668E+02  4.456E+02  4.229E+02  4.040E+02  3.823E+02  3.625E+02
  3.688E+02  3.882E+02  4.093E+02  4.271E+02  4.463E+02  4.668E+02  4.886E+02  5.093E+02  5.313E+02  5.521E+02
  5.728E+02  5.933E+02  6.124E+02  6.321E+02  6.611E+02  6.818E+02  7.003E+02  7.187E+02  7.389E+02  7.577E+02
  7.769E+02  7.895E+02  8.067E+02  8.152E+02  8.140E+02  8.240E+02  8.295E+02  8.281E+02  8.296E+02  8.323E+02
  8.175E+02  8.277E+02  8.333E+02  8.300E+02  8.246E+02  8.263E+02  8.318E+02  8.249E+02  8.337E+02  8.300E+02
  8.330E+02  8.317E+02  8.266E+02  8.283E+02  8.250E+02  8.272E+02  8.313E+02  8.316E+02  8.320E+02  8.308E+02
  8.265E+02  8.260E+02  8.269E+02  8.280E+02  8.195E+02  8.182E+02  8.106E+02  8.022E+02  7.892E+02  7.724E+02
  7.660E+02  7.410E+02  7.231E+02  7.014E+02  6.784E+02  6.585E+02  6.407E+02  6.190E+02  5.989E+02  5.784E+02
  5.582E+02  5.338E+02  5.147E+02  4.943E+02  4.742E+02  4.504E+02  4.312E+02  4.085E+02  3.881E+02  3.667E+02
  3.695E+02  3.913E+02  4.107E+02  4.309E+02  4.516E+02  4.702E+02  4.912E+02  5.166E+02  5.380E+02  5.566E+02
  5.753E+02  5.942E+02  6.167E+02  6.410E+02  6.624E+02  6.821E+02  6.979E+02  7.228E+02  7.478E+02  7.657E+02
  7.810E+02  7.955E+02  8.076E+02  8.197E+02  8.221E+02  8.287E+02  8.276E+02  8.292E+02  8.227E+02  8.306E+02
  8.273E+02  8.254E+02  8.293E+02  8.240E+02  8.347E+02  8.357E+02  8.325E+02  8.206E+02  8.268E+02  8.279E+02
  8.337E+02  8.333E+02  8.320E+02  8.234E+02  8.301E+02  8.317E+02  8.307E+02  8.360E+02  8.270E+02  8.310E+02
  8.289E+02  8.297E+02  8.329E+02  8.385E+02  8.229E+02  8.236E+02  8.183E+02  8.061E+02  7.932E+02  7.805E+02
  7.638E+02  7.387E+02  7.194E+02  7.017E+02  6.838E+02  6.665E+02  6.426E+02  6.191E+02  5.996E+02  5.802E+02
  5.571E+02  5.376E+02  5.158E+02  4.965E+02  4.762E+02  4.563E+02  4.364E+02  4.180E+02  3.934E+02  3.700E+02
  3.715E+02  3.903E+02  4.117E+02  4.340E+02  4.564E+02  4.814E+02  4.987E+02  5.200E+02  5.446E+02  5.594E+02
  5.813E+02  5.994E+02  6.191E+02  6.391E+02  6.625E+02  6.815E+02  7.063E+02  7.310E+02  7.473E+02  7.619E+02
  7.783E+02  7.994E+02  8.125E+02  8.183E+02  8.208E+02  8.295E+02  8.331E+02  8.311E+02  8.288E+02  8.267E+02
  8.324E+02  8.331E+02  8.305E+02  8.301E+02  8.317E+02  8.328E+02  8.322E+02  8.286E+02  8.250E+02  8.302E+02
  8.296E+02  8.352E+02  8.328E+02  8.311E+02  8.323E+02  8.274E+02  8.352E+02  8.304E+02  8.281E+02  8.199E+02
  8.309E+02  8.265E+02  8.303E+02  8.271E+02  8.189E+02  8.216E+02  8.166E+02  8.217E+02  8.027E+02  7.834E+02
  7.684E+02  7.447E+02  7.257E+02  7.073E+02  6.858E+02  6.662E+02  6.459E+02  6.242E+02  5.996E+02  5.772E+02
  5.611E+02  5.389E+02  5.168E+02  4.961E+02  4.787E+02  4.607E+02  4.389E+02  4.144E+02  3.924E+02  3.714E+02
  3.792E+02  3.973E+02  4.181E+02  4.395E+02  4.615E+02  4.786E+02  5.023E+02  5.267E+02  5.464E+02  5.664E+02
  5.845E+02  6.015E+02  6.232E+02  6.406E+02  6.668E+02  6.897E+02  7.043E+02  7.254E+02  7.475E+02  7.693E+02
  7.863E+02  7.968E+02  8.104E+02  8.212E+02  8.218E+02  8.210E+02  8.235E+02  8.266E+02  8.371E+02  8.259E+02
  8.305E+02  8.293E+02  8.351E+02  8.282E+02  8.233E+02  8.340E+02  8.278E+02  8.197E+02  8.254E+02  8.210E+02
  8.283E+02  8.350E+02  8.280E+02  8.330E+02  8.350E+02  8.291E+02  8.261E+02  8.268E+02  8.268E+02  8.222E+02
  8.302E+02  8.304E+02  8.300E+02  8.278E+02  8.284E+02  8.334E+02  8.221E+02  8.179E+02  7.984E+02  7.855E+02
  7.648E+02  7.524E+02  7.344E+02  7.093E+02  6.938E+02  6.741E+02  6.493E+02  6.286E+02  6.027E+02  5.830E+02
  5.598E+02  5.399E+02  5.186E+02  4.976E+02  4.801E+02  4.583E+02  4.379E+02  4.176E+02  3.977E+02  3.751E+02
  3.810E+02  4.037E+02  4.226E+02  4.429E+02  4.602E+02  4.840E+02  5.049E+02  5.183E+02  5.427E+02  5.635E+02
  5.846E+02  6.067E+02  6.256E+02  6.472E+02  6.697E+02  6.888E+02  7.079E+02  7.230E+02  7.485E+02  7.707E+02
  7.860E+02  8.030E+02  8.188E+02  8.175E+02  8.205E+02  8.264E+02  8.261E+02  8.210E+02  8.332E+02  8.226E+02
  8.304E+02  8.234E+02  8.229E+02  8.302E+02  8.236E+02  8.255E+02  8.254E+02  8.264E+02  8.313E+02  8.294E+02
  8.301E+02  8.342E+02  8.368E+02  8.255E+02  8.199E+02  8.300E+02  8.269E+02  8.256E+02  8.293E+02  8.265E+02
  8.363E+02  8.328E+02  8.243E+02  8.234E+02  8.240E+02  8.313E+02  8.206E+02  8.110E+02  8.018E+02  7.843E+02
  7.685E+02  7.545E+02  7.320E+02  7.095E+02  6.941E+02  6.684E+02  6.459E+02  6.250E+02  6.072E+02  5.879E+02
  5.681E+02  5.414E+02  5.227E+02  5.027E+02  4.811E+02  4.592E+02  4.388E+02  4.191E+02  3.986E+02  3.802E+02
  3.774E+02  3.978E+02  4.206E+02  4.416E+02  4.621E+02  4.811E+02  5.035E+02  5.263E+02  5.482E+02  5.697E+02
  5.879E+02  6.059E+02  6.286E+02  6.469E+02  6.730E+02  6.935E+02  7.164E+02  7.328E+02  7.505E+02  7.735E+02
  7.907E+02  8.022E+02  8.136E+02  8.233E+02  8.245E+02  8.297E+02  8.326E+02  8.287E+02  8.309E+02  8.307E+02
  8.323E+02  8.310E+02  8.332E+02  8.257E+02  8.203E+02  8.375E+02  8.283E+02  8.282E+02  8.227E+02  8.286E+02
  8.285E+02  8.299E+02  8.267E+02  8.254E+02  8.272E+02  8.281E+02  8.274E+02  8.300E+02  8.265E+02  8.334E+02
  8.320E+02  8.297E+02  8.281E+02  8.289E+02  8.254E+02  8.255E+02  8.214E+02  8.121E+02  8.082E+02  7.951E+02
  7.764E+02  7.528E+02  7.333E+02  7.123E+02  6.851E+02  6.676E+02  6.507E+02  6.335E+02  6.075E+02  5.874E+02
  5.633E+02  5.463E+02  5.221E+02  5.027E+02  4.818E+02  4.677E+02  4.447E+02  4.215E+02  4.017E+02  3.800E+02
  3.817E+02  4.020E+02  4.212E+02  4.426E+02  4.612E+02  4.810E+02  5.045E+02  5.276E+02  5.500E+02  5.694E+02
  5.897E+02  6.103E+02  6.289E+02  6.462E+02  6.650E+02  6.893E+02  7.188E+02  7.332E+02  7.503E+02  7.669E+02
  7.929E+02  8.090E+02  8.145E+02  8.225E+02  8.266E+02  8.334E+02  8.325E+02  8.328E+02  8.308E+02  8.233E+02
  8.290E+02  8.312E+02  8.351E+02  8.273E+02  8.244E+02  8.320E+02  8.320E+02  8.273E+02  8.280E+02  8.260E+02
  8.248E+02  8.264E+02  8.274E+02  8.279E+02  8.343E+02  8.303E+02  8.286E+02  8.259E+02  8.243E+02  8.300E+02
  8.256E+02  8.251E+02  8.342E+02  8.233E+02  8.273E+02  8.273E+02  8.218E+02  8.193E+02  8.066E+02  7.909E+02
  7.723E+02  7.520E+02  7.272E+02  7.135E+02  6.914E+02  6.717E+02  6.548E+02  6.302E+02  6.082E+02  5.820E+02
  5.596E+02  5.454E+02  5.268E+02  5.030E+02  4.812E+02  4.594E+02  4.453E+02  4.249E+02  4.007E+02  3.782E+02
  3.772E+02  4.000E+02  4.216E+02  4.446E+02  4.663E+02  4.860E+02  5.047E+02  5.263E+02  5.442E+02  5.684E+02
  5.893E+02  6.094E+02  6.301E+02  6.497E+02  6.698E+02  6.928E+02  7.125E+02  7.371E+02  7.586E+02  7.701E+02
  7.917E+02  8.049E+02  8.169E+02  8.264E+02  8.304E+02  8.267E+02  8.250E+02  8.255E+02  8.264E+02  8.256E+02
  8.248E+02  8.281E+02  8.253E+02  8.276E+02  8.282E+02  8.298E+02  8.276E+02  8.287E+02  8.259E+02  8.299E+02
  8.311E+02  8.315E+02  8.318E+02  8.242E+02  8.263E+02  8.285E+02  8.247E+02  8.241E+02  8.305E+02  8.327E+02
  8.259E+02  8.247E+02  8.326E+02  8.268E+02  8.303E+02  8.302E+02  8.206E+02  8.150E+02  8.046E+02  7.924E+02
  7.719E+02  7.518E+02  7.257E+02  7.088E+02  6.895E+02  6.727E+02  6.498E+02  6.277E+02  6.077E+02  5.858E+02
  5.655E+02  5.420E+02  5.185E+02  5.030E+02  4.835E+02  4.602E+02  4.363E+02  4.189E+02  4.012E+02  3.786E+02
  3.772E+02  4.003E+02  4.223E+02  4.429E+02  4.674E+02  4.884E+02  5.054E+02  5.208E+02  5.467E+02  5.678E+02
  5.893E+02  6.048E+02  6.353E+02  6.563E+02  6.707E+02  6.879E+02  7.127E+02  7.305E+02  7.507E+02  7.764E+02
  7.852E+02  8.005E+02  8.113E+02  8.169E+02  8.294E+02  8.212E+02  8.290E+02  8.330E+02  8.321E+02  8.307E+02
  8.269E+02  8.327E+02  8.296E+02  8.289E+02  8.265E+02  8.256E+02  8.226E+02  8.244E+02  8.308E+02  8.320E+02
  8.249E+02  8.241E+02  8.355E+02  8.306E+02  8.276E+02  8.315E+02  8.319E+02  8.197E+02  8.225E+02  8.276E+02
  8.293E+02  8.287E+02  8.333E+02  8.226E+02  8.300E+02  8.253E+02  8.266E+02  8.148E+02  8.023E+02  7.878E+02
  7.719E+02  7.539E+02  7.337E+02  7.099E+02  6.856E+02  6.678E+02  6.490E+02  6.321E+02  6.093E+02  5.848E+02
  5.670E+02  5.460E+02  5.246E+02  5.044E+02  4.860E+02  4.655E+02  4.426E+02  4.197E+02  3.994E+02  3.787E+02
  3.775E+02  3.978E+02  4.164E+02  4.386E+02  4.612E+02  4.825E+02  4.997E+02  5.195E+02  5.406E+02  5.632E+02
  5.849E+02  6.059E+02  6.261E+02  6.494E+02  6.654E+02  6.862E+02  7.063E+02  7.281E+02  7.524E+02  7.698E+02
  7.877E+02  8.000E+02  8.103E+02  8.181E+02  8.207E+02  8.291E+02  8.319E+02  8.269E+02  8.260E+02  8.330E+02
  8.311E+02  8.280E+02  8.321E+02  8.265E+02  8.265E+02  8.360E+02  8.216E+02  8.212E+02  8.274E+02  8.248E+02
  8.297E+02  8.273E+02  8.225E+02  8.310E+02  8.301E+02  8.393E+02  8.298E+02  8.332E+02  8.304E+02  8.306E+02
  8.206E+02  8.321E+02  8.333E+02  8.290E+02  8.284E+02  8.280E+02  8.224E+02  8.105E+02  7.995E+02  7.903E+02
  7.674E+02  7.490E+02  7.313E+02  7.125E+02  6.885E+02  6.657E+02  6.462E+02  6.298E+02  6.137E+02  5.920E+02
  5.673E+02  5.446E+02  5.284E+02  5.066E+02  4.809E+02  4.577E+02  4.373E+02  4.194E+02  3.966E+02  3.753E+02
  3.739E+02  3.970E+02  4.155E+02  4.344E+02  4.559E+02  4.779E+02  4.986E+02  5.231E+02  5.467E+02  5.653E+02
  5.827E+02  6.037E+02  6.219E+02  6.427E+02  6.679E+02  6.880E+02  7.066E+02  7.283E+02  7.454E+02  7.625E+02
  7.848E+02  8.009E+02  8.070E+02  8.185E+02  8.202E+02  8.207E+02  8.251E+02  8.307E+02  8.353E+02  8.285E+02
  8.265E+02  8.233E+02  8.304E+02  8.350E+02  8.289E+02  8.275E+02  8.273E+02  8.320E+02  8.236E+02  8.224E+02
  8.344E+02  8.438E+02  8.304E+02  8.318E+02  8.267E+02  8.238E+02  8.252E+02  8.249E+02  8.198E+02  8.309E+02
  8.312E+02  8.363E+02  8.331E+02  8.327E+02  8.271E+02  8.269E+02  8.197E+02  8.152E+02  8.016E+02  7.913E+02
  7.700E+02  7.447E+02  7.286E+02  7.079E+02  6.852E+02  6.660E+02  6.452E+02  6.274E+02  6.054E+02  5.833E+02
  5.630E+02  5.473E+02  5.237E+02  5.035E+02  4.810E+02  4.566E+02  4.337E+02  4.133E+02  3.947E+02  3.758E+02
  3.752E+02  3.941E+02  4.156E+02  4.350E+02  4.561E+02  4.769E+02  4.999E+02  5.175E+02  5.364E+02  5.568E+02
  5.773E+02  6.017E+02  6.247E+02  6.414E+02  6.633E+02  6.831E+02  7.081E+02  7.320E+02  7.484E+02  7.710E+02
  7.827E+02  8.022E+02  8.024E+02  8.165E+02  8.230E+02  8.168E+02  8.283E+02  8.262E+02  8.279E+02  8.297E+02
  8.300E+02  8.259E+02  8.288E+02  8.296E+02  8.300E+02  8.297E+02  8.246E+02  8.270E+02  8.255E+02  8.264E+02
  8.329E+02  8.344E+02  8.305E+02  8.296E+02  8.260E+02  8.251E+02  8.262E+02  8.337E+02  8.264E+02  8.230E+02
  8.293E+02  8.308E+02  8.271E+02  8.287E+02  8.254E+02  8.254E+02  8.177E+02  8.122E+02  7.992E+02  7.854E+02
  7.697E+02  7.471E+02  7.265E+02  7.059E+02  6.881E+02  6.647E+02  6.419E+02  6.227E+02  6.049E+02  5.858E+02
  5.641E+02  5.394E+02  5.187E+02  4.973E+02  4.795E+02  4.590E+02  4.359E+02  4.145E+02  3.935E+02  3.713E+02
  3.718E+02  3.916E+02  4.134E+02  4.330E+02  4.532E+02  4.754E+02  4.947E+02  5.169E+02  5.381E+02  5.591E+02
  5.787E+02  5.970E+02  6.150E+02  6.449E+02  6.634E+02  6.789E+02  7.010E+02  7.229E+02  7.448E+02  7.593E+02
  7.805E+02  8.010E+02  8.078E+02  8.125E+02  8.193E+02  8.192E+02  8.229E+02  8.240E+02  8.237E+02  8.305E+02
  8.238E+02  8.269E+02  8.317E+02  8.262E+02  8.270E+02  8.292E+02  8.316E+02  8.290E+02  8.288E+02  8.284E+02
  8.299E+02  8.343E+02  8.321E+02  8.256E+02  8.312E+02  8.358E+02  8.319E+02  8.317E+02  8.258E+02  8.295E+02
  8.277E+02  8.262E+02  8.283E+02  8.290E+02  8.220E+02  8.186E+02  8.158E+02  8.056E+02  7.923E+02  7.780E+02
  7.633E+02  7.450E+02  7.238E+02  7.010E+02  6.814E+02  6.613E+02  6.413E+02  6.205E+02  6.040E+02  5.836E+02
  5.583E+02  5.369E+02  5.174E+02  4.958E+02  4.733E+02  4.536E+02  4.338E+02  4.100E+02  3.891E+02  3.697E+02
  3.676E+02  3.883E+02  4.079E+02  4.299E+02  4.541E+02  4.711E+02  4.894E+02  5.101E+02  5.310E+02  5.507E+02
  5.714E+02  5.881E+02  6.143E+02  6.364E+02  6.573E+02  6.772E+02  7.028E+02  7.234E+02  7.426E+02  7.611E+02
  7.768E+02  7.903E+02  8.044E+02  8.158E+02  8.156E+02  8.200E+02  8.200E+02  8.221E+02  8.237E+02  8.340E+02
  8.292E+02  8.274E+02  8.270E+02  8.300E+02  8.298E+02  8.275E+02  8.300E+02  8.339E+02  8.327E+02  8.306E+02
  8.320E+02  8.306E+02  8.324E+02  8.268E+02  8.292E+02  8.285E+02  8.301E+02  8.286E+02  8.336E+02  8.268E+02
  8.316E+02  8.312E+02  8.266E+02  8.247E+02  8.233E+02  8.183E+02  8.048E+02  7.971E+02  7.984E+02  7.738E+02
  7.535E+02  7.391E+02  7.199E+02  7.018E+02  6.754E+02  6.575E+02  6.340E+02  6.141E+02  5.967E+02  5.765E+02
  5.560E+02  5.327E+02  5.107E+02  4.903E+02  4.712E+02  4.495E+02  4.265E+02  4.065E+02  3.870E+02  3.686E+02
  3.623E+02  3.833E+02  4.055E+02  4.267E+02  4.463E+02  4.662E+02  4.867E+02  5.085E+02  5.280E+02  5.481E+02
  5.698E+02  5.936E+02  6.157E+02  6.350E+02  6.501E+02  6.749E+02  6.960E+02  7.208E+02  7.383E+02  7.607E+02
  7.767E+02  7.870E+02  8.029E+02  8.127E+02  8.135E+02  8.166E+02  8.228E+02  8.235E+02  8.287E+02  8.259E+02
  8.291E+02  8.248E+02  8.242E+02  8.244E+02  8.287E+02  8.312E+02  8.313E+02  8.274E+02  8.294E+02  8.292E+02
  8.289E+02  8.278E+02  8.290E+02  8.341E+02  8.318E+02  8.303E+02  8.303E+02  8.295E+02  8.247E+02  8.264E+02
  8.298E+02  8.279E+02  8.300E+02  8.168E+02  8.130E+02  8.164E+02  8.079E+02  7.964E+02  7.902E+02  7.747E+02
  7.642E+02  7.427E+02  7.174E+02  6.936E+02  6.708E+02  6.547E+02  6.321E+02  6.127E+02  5.949E+02  5.737E+02
  5.487E+02  5.288E+02  5.113E+02  4.897E+02  4.655E+02  4.473E+02  4.274E+02  4.048E+02  3.822E+02  3.626E+02
  3.580E+02  3.803E+02  4.015E+02  4.245E+02  4.469E+02  4.650E+02  4.829E+02  5.021E+02  5.194E+02  5.433E+02
  5.672E+02  5.843E+02  6.065E+02  6.292E+02  6.468E+02  6.684E+02  6.892E+02  7.119E+02  7.326E+02  7.552E+02
  7.679E+02  7.852E+02  7.983E+02  8.081E+02  8.072E+02  8.163E+02  8.186E+02  8.205E+02  8.185E+02  8.314E+02
  8.312E+02  8.248E+02  8.281E+02  8.275E+02  8.281E+02  8.275E+02  8.255E+02  8.295E+02  8.319E+02  8.374E+02
  8.352E+02  8.280E+02  8.257E+02  8.333E+02  8.268E+02  8.220E+02  8.341E+02  8.258E+02  8.294E+02  8.196E+02
  8.187E+02  8.225E+02  8.207E+02  8.206E+02  8.096E+02  8.082E+02  8.047E+02  7.999E+02  7.877E+02  7.694E+02
  7.490E+02  7.300E+02  7.058E+02  6.926E+02  6.699E+02  6.461E+02  6.267E+02  6.071E+02  5.911E+02  5.660E+02
  5.453E+02  5.226E+02  5.008E+02  4.842E+02  4.660E+02  4.388E+02  4.182E+02  4.004E+02  3.801E+02  3.589E+02
  3.550E+02  3.761E+02  3.960E+02  4.188E+02  4.386E+02  4.555E+02  4.773E+02  4.988E+02  5.206E+02  5.426E+02
  5.559E+02  5.789E+02  6.006E+02  6.232E+02  6.415E+02  6.600E+02  6.835E+02  7.064E+02  7.230E+02  7.406E+02
  7.567E+02  7.785E+02  7.932E+02  7.974E+02  8.110E+02  8.071E+02  8.099E+02  8.191E+02  8.214E+02  8.239E+02
  8.299E+02  8.250E+02  8.257E+02  8.285E+02  8.281E+02  8.285E+02  8.265E+02  8.312E+02  8.242E+02  8.291E+02
  8.234E+02  8.325E+02  8.279E+02  8.354E+02  8.263E+02  8.247E+02  8.261E+02  8.311E+02  8.266E+02  8.182E+02
  8.228E+02  8.252E+02  8.227E+02  8.177E+02  8.155E+02  8.075E+02  8.043E+02  7.925E+02  7.783E+02  7.597E+02
  7.432E+02  7.234E+02  7.059E+02  6.849E+02  6.611E+02  6.441E+02  6.256E+02  6.033E+02  5.826E+02  5.603E+02
  5.387E+02  5.215E+02  5.037E+02  4.841E+02  4.593E+02  4.358E+02  4.121E+02  3.911E+02  3.734E+02  3.519E+02
  3.471E+02  3.667E+02  3.890E+02  4.099E+02  4.290E+02  4.520E+02  4.708E+02  4.943E+02  5.138E+02  5.332E+02
  5.561E+02  5.736E+02  5.954E+02  6.145E+02  6.363E+02  6.523E+02  6.741E+02  6.999E+02  7.180E+02  7.381E+02
  7.549E+02  7.757E+02  7.827E+02  7.888E+02  8.009E+02  7.999E+02  8.111E+02  8.133E+02  8.229E+02  8.190E+02
  8.284E+02  8.214E+02  8.237E+02  8.371E+02  8.312E+02  8.297E+02  8.323E+02  8.302E+02  8.269E+02  8.259E+02
  8.284E+02  8.279E+02  8.376E+02  8.304E+02  8.244E+02  8.286E+02  8.269E+02  8.297E+02  8.252E+02  8.255E+02
  8.230E+02  8.260E+02  8.193E+02  8.140E+02  8.033E+02  7.966E+02  7.940E+02  7.904E+02  7.786E+02  7.586E+02
  7.332E+02  7.185E+02  6.984E+02  6.812E+02  6.561E+02  6.370E+02  6.151E+02  5.937E+02  5.740E+02  5.550E+02
  5.324E+02  5.117E+02  4.942E+02  4.770E+02  4.565E+02  4.338E+02  4.120E+02  3.862E+02  3.661E+02  3.470E+02
  3.374E+02  3.601E+02  3.799E+02  3.992E+02  4.208E+02  4.421E+02  4.640E+02  4.829E+02  5.040E+02  5.225E+02
  5.417E+02  5.673E+02  5.859E+02  6.111E+02  6.312E+02  6.476E+02  6.659E+02  6.903E+02  7.151E+02  7.320E+02
  7.506E+02  7.649E+02  7.830E+02  7.879E+02  8.010E+02  8.031E+02  8.065E+02  8.104E+02  8.182E+02  8.227E+02
  8.270E+02  8.282E+02  8.296E+02  8.281E+02  8.342E+02  8.339E+02  8.265E+02  8.258E+02  8.245E+02  8.251E+02
  8.338E+02  8.359E+02  8.321E+02  8.277E+02  8.237E+02  8.250E+02  8.303E+02  8.276E+02  8.232E+02  8.237E+02
  8.240E+02  8.177E+02  8.128E+02  8.075E+02  8.058E+02  8.012E+02  7.920E+02  7.855E+02  7.653E+02  7.525E+02
  7.345E+02  7.108E+02  6.926E+02  6.730E+02  6.560E+02  6.288E+02  6.072E+02  5.866E+02  5.677E+02  5.456E+02
  5.233E+02  5.048E+02  4.842E+02  4.624E+02  4.467E+02  4.263E+02  4.010E+02  3.815E+02  3.595E+02  3.384E+02
  3.297E+02  3.517E+02  3.731E+02  3.940E+02  4.137E+02  4.332E+02  4.562E+02  4.753E+02  4.956E+02  5.139E+02
  5.394E+02  5.567E+02  5.814E+02  6.051E+02  6.267E+02  6.420E+02  6.603E+02  6.842E+02  7.011E+02  7.214E+02
  7.404E+02  7.592E+02  7.667E+02  7.806E+02  7.971E+02  8.000E+02  8.009E+02  8.107E+02  8.192E+02  8.295E+02
  8.182E+02  8.178E+02  8.261E+02  8.263E+02  8.280E+02  8.335E+02  8.244E+02  8.234E+02  8.278E+02  8.320E+02
  8.311E+02  8.362E+02  8.347E+02  8.239E+02  8.259E+02  8.280E+02  8.295E+02  8.234E+02  8.219E+02  8.225E+02
  8.189E+02  8.185E+02  8.088E+02  8.042E+02  8.029E+02  7.934E+02  7.874E+02  7.733E+02  7.600E+02  7.454E+02
  7.255E+02  7.077E+02  6.825E+02  6.591E+02  6.443E+02  6.230E+02  6.021E+02  5.802E+02  5.598E+02  5.390E+02
  5.149E+02  4.957E+02  4.755E+02  4.556E+02  4.359E+02  4.153E+02  3.925E+02  3.703E+02  3.511E+02  3.297E+02
  3.253E+02  3.416E+02  3.635E+02  3.857E+02  4.062E+02  4.276E+02  4.442E+02  4.682E+02  4.876E+02  5.107E+02
  5.257E+02  5.473E+02  5.694E+02  5.936E+02  6.153E+02  6.365E+02  6.551E+02  6.752E+02  6.935E+02  7.178E+02
  7.332E+02  7.506E+02  7.614E+02  7.784E+02  7.894E+02  7.926E+02  8.012E+02  8.078E+02  8.142E+02  8.228E+02
  8.174E+02  8.149E+02  8.230E+02  8.207E+02  8.272E+02  8.259E+02  8.282E+02  8.269E+02  8.280E+02  8.303E+02
  8.245E+02  8.282E+02  8.307E+02  8.250E+02  8.236E+02  8.249E+02  8.298E+02  8.199E+02  8.197E+02  8.227E+02
  8.165E+02  8.155E+02  8.111E+02  7.967E+02  7.964E+02  7.861E+02  7.756E+02  7.668E+02  7.538E+02  7.391E+02
  7.192E+02  6.960E+02  6.770E+02  6.542E+02  6.347E+02  6.117E+02  5.907E+02  5.703E+02  5.462E+02  5.255E+02
  5.078E+02  4.894E+02  4.695E+02  4.418E+02  4.259E+02  4.081E+02  3.864E+02  3.649E+02  3.444E+02  3.236E+02
  3.148E+02  3.339E+02  3.533E+02  3.729E+02  3.960E+02  4.208E+02  4.405E+02  4.578E+02  4.779E+02  5.002E+02
  5.216E+02  5.461E+02  5.635E+02  5.819E+02  5.981E+02  6.226E+02  6.472E+02  6.652E+02  6.870E+02  7.073E+02
  7.273E+02  7.377E+02  7.469E+02  7.636E+02  7.743E+02  7.902E+02  7.928E+02  8.009E+02  8.029E+02  8.077E+02
  8.100E+02  8.142E+02  8.181E+02  8.215E+02  8.257E+02  8.232E+02  8.242E+02  8.339E+02  8.347E+02  8.258E+02
  8.267E+02  8.274E+02  8.280E+02  8.363E+02  8.317E+02  8.251E+02  8.181E+02  8.284E+02  8.270E+02  8.183E+02
  8.138E+02  8.098E+02  8.028E+02  7.902E+02  7.874E+02  7.836E+02  7.679E+02  7.581E+02  7.386E+02  7.265E+02
  7.093E+02  6.895E+02  6.652E+02  6.474E+02  6.267E+02  6.051E+02  5.820E+02  5.648E+02  5.374E+02  5.177E+02
  4.993E+02  4.773E+02  4.574E+02  4.411E+02  4.180E+02  3.984E+02  3.778E+02  3.560E+02  3.364E+02  3.141E+02
  3.043E+02  3.235E+02  3.440E+02  3.669E+02  3.894E+02  4.092E+02  4.278E+02  4.435E+02  4.706E+02  4.894E+02
  5.137E+02  5.299E+02  5.489E+02  5.698E+02  5.987E+02  6.148E+02  6.312E+02  6.562E+02  6.763E+02  6.939E+02
  7.131E+02  7.279E+02  7.475E+02  7.627E+02  7.696E+02  7.814E+02  7.878E+02  7.963E+02  7.994E+02  8.091E+02
  8.149E+02  8.160E+02  8.154E+02  8.165E+02  8.116E+02  8.234E+02  8.205E+02  8.247E+02  8.266E+02  8.237E+02
  8.261E+02  8.240E+02  8.184E+02  8.279E+02  8.317E+02  8.231E+02  8.148E+02  8.163E+02  8.188E+02  8.123E+02
  8.078E+02  8.028E+02  7.955E+02  7.892E+02  7.799E+02  7.752E+02  7.684E+02  7.483E+02  7.294E+02  7.169E+02
  6.981E+02  6.793E+02  6.508E+02  6.319E+02  6.142E+02  5.924E+02  5.767E+02  5.543E+02  5.330E+02  5.099E+02
  4.895E+02  4.689E+02  4.465E+02  4.264E+02  4.055E+02  3.867E+02  3.657E+02  3.454E+02  3.241E+02  3.056E+02
  2.924E+02  3.140E+02  3.333E+02  3.562E+02  3.757E+02  3.955E+02  4.105E+02  4.341E+02  4.556E+02  4.791E+02
  4.974E+02  5.193E+02  5.442E+02  5.617E+02  5.810E+02  6.040E+02  6.235E+02  6.484E+02  6.649E+02  6.853E+02
  7.005E+02  7.206E+02  7.372E+02  7.564E+02  7.663E+02  7.704E+02  7.789E+02  7.870E+02  7.946E+02  7.955E+02
  8.037E+02  8.099E+02  8.162E+02  8.139E+02  8.146E+02  8.122E+02  8.181E+02  8.229E+02  8.263E+02  8.169E+02
  8.197E+02  8.183E+02  8.233E+02  8.181E+02  8.180E+02  8.211E+02  8.129E+02  8.115E+02  8.051E+02  8.075E+02
  7.987E+02  7.979E+02  7.915E+02  7.822E+02  7.703E+02  7.607E+02  7.475E+02  7.404E+02  7.197E+02  7.015E+02
  6.882E+02  6.665E+02  6.431E+02  6.187E+02  5.981E+02  5.814E+02  5.620E+02  5.403E+02  5.172E+02  5.014E+02
  4.773E+02  4.579E+02  4.378E+02  4.167E+02  3.973E+02  3.773E+02  3.559E+02  3.369E+02  3.147E+02  2.951E+02
  2.839E+02  3.039E+02  3.230E+02  3.435E+02  3.643E+02  3.850E+02  4.048E+02  4.233E+02  4.453E+02  4.640E+02
  4.853E+02  5.071E+02  5.245E+02  5.449E+02  5.645E+02  5.882E+02  6.126E+02  6.289E+02  6.513E+02  6.747E+02
  6.899E+02  7.088E+02  7.306E+02  7.411E+02  7.466E+02  7.581E+02  7.723E+02  7.812E+02  7.891E+02  7.962E+02
  8.004E+02  8.040E+02  8.123E+02  8.125E+02  8.172E+02  8.125E+02  8.213E+02  8.196E+02  8.210E+02  8.142E+02
  8.194E+02  8.166E+02  8.184E+02  8.145E+02  8.114E+02  8.176E+02  8.097E+02  8.063E+02  8.014E+02  7.987E+02
  7.916E+02  7.818E+02  7.797E+02  7.734E+02  7.623E+02  7.526E+02  7.373E+02  7.270E+02  7.109E+02  6.895E+02
  6.708E+02  6.535E+02  6.302E+02  6.088E+02  5.888E+02  5.667E+02  5.496E+02  5.288E+02  5.057E+02  4.851E+02
  4.666E+02  4.451E+02  4.218E+02  4.021E+02  3.849E+02  3.673E+02  3.458E+02  3.215E+02  3.012E+02  2.822E+02
  2.738E+02  2.932E+02  3.122E+02  3.326E+02  3.532E+02  3.718E+02  3.912E+02  4.101E+02  4.290E+02  4.530E+02
  4.764E+02  4.936E+02  5.119E+02  5.327E+02  5.528E+02  5.747E+02  5.978E+02  6.180E+02  6.379E+02  6.614E+02
  6.772E+02  6.969E+02  7.140E+02  7.243E+02  7.327E+02  7.475E+02  7.586E+02  7.710E+02  7.821E+02  7.804E+02
  7.830E+02  7.964E+02  7.947E+02  8.016E+02  8.029E+02  8.085E+02  8.120E+02  8.132E+02  8.176E+02  8.153E+02
  8.174E+02  8.161E+02  8.107E+02  8.136E+02  8.036E+02  8.024E+02  8.002E+02  8.032E+02  7.957E+02  7.879E+02
  7.834E+02  7.756E+02  7.680E+02  7.604E+02  7.550E+02  7.398E+02  7.266E+02  7.062E+02  6.981E+02  6.740E+02
  6.593E+02  6.353E+02  6.167E+02  5.933E+02  5.722E+02  5.528E+02  5.332E+02  5.119E+02  4.952E+02  4.774E+02
  4.536E+02  4.322E+02  4.144E+02  3.912E+02  3.732E+02  3.537E+02  3.342E+02  3.130E+02  2.906E+02  2.715E+02
  2.610E+02  2.795E+02  2.991E+02  3.190E+02  3.361E+02  3.589E+02  3.783E+02  3.971E+02  4.153E+02  4.375E+02
  4.596E+02  4.804E+02  4.977E+02  5.187E+02  5.397E+02  5.577E+02  5.845E+02  5.990E+02  6.192E+02  6.453E+02
  6.626E+02  6.826E+02  7.018E+02  7.093E+02  7.212E+02  7.315E+02  7.423E+02  7.540E+02  7.677E+02  7.729E+02
  7.762E+02  7.802E+02  7.845E+02  7.900E+02  7.916E+02  7.984E+02  7.995E+02  8.063E+02  8.016E+02  8.055E+02
  8.062E+02  8.132E+02  8.022E+02  8.050E+02  7.995E+02  7.917E+02  7.914E+02  7.887E+02  7.814E+02  7.761E+02
  7.665E+02  7.636E+02  7.604E+02  7.444E+02  7.359E+02  7.310E+02  7.084E+02  6.923E+02  6.808E+02  6.664E+02
  6.469E+02  6.241E+02  6.020E+02  5.855E+02  5.590E+02  5.378E+02  5.179E+02  4.966E+02  4.808E+02  4.571E+02
  4.408E+02  4.226E+02  3.972E+02  3.808E+02  3.593E+02  3.366E+02  3.202E+02  3.002E+02  2.807E+02  2.583E+02
  2.508E+02  2.686E+02  2.885E+02  3.060E+02  3.260E+02  3.440E+02  3.606E+02  3.817E+02  4.029E+02  4.232E+02
  4.454E+02  4.630E+02  4.841E+02  5.029E+02  5.215E+02  5.422E+02  5.643E+02  5.819E+02  6.066E+02  6.312E+02
  6.470E+02  6.623E+02  6.810E+02  6.924E+02  7.079E+02  7.196E+02  7.291E+02  7.400E+02  7.462E+02  7.544E+02
  7.639E+02  7.696E+02  7.752E+02  7.791E+02  7.847E+02  7.841E+02  7.876E+02  7.879E+02  7.909E+02  7.874E+02
  7.893E+02  7.957E+02  7.912E+02  7.944E+02  7.891E+02  7.845E+02  7.769E+02  7.773E+02  7.690E+02  7.673E+02
  7.589E+02  7.472E+02  7.471E+02  7.324E+02  7.224E+02  7.112E+02  6.979E+02  6.778E+02  6.607E+02  6.462E+02
  6.298E+02  6.075E+02  5.832E+02  5.637E+02  5.445E+02  5.216E+02  5.056E+02  4.811E+02  4.615E+02  4.445E+02
  4.210E+02  4.037E+02  3.841E+02  3.626E+02  3.427E+02  3.263E+02  3.066E+02  2.891E+02  2.697E+02  2.505E+02
  2.360E+02  2.548E+02  2.712E+02  2.912E+02  3.096E+02  3.272E+02  3.489E+02  3.669E+02  3.863E+02  4.087E+02
  4.255E+02  4.497E+02  4.667E+02  4.876E+02  5.060E+02  5.275E+02  5.429E+02  5.620E+02  5.889E+02  6.089E+02
  6.270E+02  6.448E+02  6.611E+02  6.744E+02  6.878E+02  7.009E+02  7.159E+02  7.214E+02  7.268E+02  7.409E+02
  7.481E+02  7.581E+02  7.592E+02  7.707E+02  7.755E+02  7.725E+02  7.728E+02  7.732E+02  7.766E+02  7.784E+02
  7.781E+02  7.831E+02  7.757E+02  7.754E+02  7.675E+02  7.673E+02  7.668E+02  7.628E+02  7.542E+02  7.522E+02
  7.496E+02  7.276E+02  7.268E+02  7.131E+02  7.101E+02  6.910E+02  6.751E+02  6.592E+02  6.460E+02  6.264E+02
  6.067E+02  5.887E+02  5.640E+02  5.459E+02  5.287E+02  5.067E+02  4.850E+02  4.671E+02  4.451E+02  4.251E+02
  4.074E+02  3.883E+02  3.683E+02  3.502E+02  3.297E+02  3.108E+02  2.903E+02  2.734E+02  2.566E+02  2.393E+02
  2.245E+02  2.414E+02  2.626E+02  2.796E+02  2.942E+02  3.127E+02  3.328E+02  3.490E+02  3.718E+02  3.917E+02
  4.124E+02  4.294E+02  4.490E+02  4.717E+02  4.883E+02  5.082E+02  5.283E+02  5.494E+02  5.709E+02  5.870E+02
  6.067E+02  6.280E+02  6.427E+02  6.584E+02  6.709E+02  6.835E+02  6.934E+02  7.028E+02  7.153E+02  7.276E+02
  7.316E+02  7.445E+02  7.425E+02  7.481E+02  7.517E+02  7.565E+02  7.535E+02  7.565E+02  7.590E+02  7.651E+02
  7.646E+02  7.623E+02  7.596E+02  7.582E+02  7.531E+02  7.556E+02  7.476E+02  7.440E+02  7.406E+02  7.355E+02
  7.276E+02  7.180E+02  7.098E+02  6.996E+02  6.878E+02  6.762E+02  6.550E+02  6.355E+02  6.239E+02  6.073E+02
  5.867E+02  5.705E+02  5.546E+02  5.325E+02  5.097E+02  4.901E+02  4.695E+02  4.512E+02  4.307E+02  4.108E+02
  3.917E+02  3.698E+02  3.522E+02  3.332E+02  3.168E+02  2.992E+02  2.811E+02  2.610E+02  2.441E+02  2.267E+02
  2.125E+02  2.309E+02  2.470E+02  2.610E+02  2.821E+02  3.014E+02  3.188E+02  3.380E+02  3.601E+02  3.760E+02
  3.998E+02  4.153E+02  4.334E+02  4.549E+02  4.738E+02  4.883E+02  5.110E+02  5.292E+02  5.444E+02  5.701E+02
  5.894E+02  6.065E+02  6.232E+02  6.361E+02  6.541E+02  6.631E+02  6.765E+02  6.900E+02  7.001E+02  7.097E+02
  7.135E+02  7.217E+02  7.239E+02  7.351E+02  7.334E+02  7.412E+02  7.369E+02  7.384E+02  7.411E+02  7.439E+02
  7.440E+02  7.413E+02  7.378E+02  7.407E+02  7.395E+02  7.355E+02  7.279E+02  7.205E+02  7.233E+02  7.195E+02
  7.147E+02  6.980E+02  6.860E+02  6.792E+02  6.654E+02  6.554E+02  6.428E+02  6.213E+02  6.029E+02  5.872E+02
  5.708E+02  5.499E+02  5.316E+02  5.124E+02  4.878E+02  4.735E+02  4.549E+02  4.330E+02  4.146E+02  3.936E+02
  3.785E+02  3.582E+02  3.382E+02  3.186E+02  2.998E+02  2.839E+02  2.669E+02  2.486E+02  2.321E+02  2.161E+02
  2.022E+02  2.168E+02  2.321E+02  2.516E+02  2.698E+02  2.877E+02  3.053E+02  3.250E+02  3.433E+02  3.621E+02
  3.793E+02  3.951E+02  4.167E+02  4.353E+02  4.517E+02  4.709E+02  4.904E+02  5.062E+02  5.259E+02  5.503E+02
  5.649E+02  5.825E+02  5.985E+02  6.146E+02  6.305E+02  6.422E+02  6.555E+02  6.712E+02  6.764E+02  6.919E+02
  6.924E+02  6.951E+02  7.055E+02  7.103E+02  7.133E+02  7.172E+02  7.210E+02  7.230E+02  7.227E+02  7.259E+02
  7.232E+02  7.252E+02  7.190E+02  7.221E+02  7.200E+02  7.166E+02  7.100E+02  7.014E+02  6.995E+02  6.959E+02
  6.870E+02  6.793E+02  6.682E+02  6.545E+02  6.439E+02  6.303E+02  6.177E+02  6.049E+02  5.833E+02  5.612E+02
  5.492E+02  5.310E+02  5.107E+02  4.904E+02  4.697E+02  4.504E+02  4.396E+02  4.159E+02  3.976E+02  3.774E+02
  3.572E+02  3.436E+02  3.252E+02  3.053E+02  2.855E+02  2.698E+02  2.516E+02  2.344E+02  2.176E+02  2.030E+02
  1.895E+02  2.046E+02  2.218E+02  2.393E+02  2.555E+02  2.733E+02  2.904E+02  3.087E+02  3.232E+02  3.436E+02
  3.586E+02  3.768E+02  3.974E+02  4.127E+02  4.349E+02  4.531E+02  4.721E+02  4.880E+02  5.076E+02  5.255E+02
  5.455E+02  5.618E+02  5.752E+02  5.951E+02  6.078E+02  6.206E+02  6.310E+02  6.476E+02  6.553E+02  6.697E+02
  6.693E+02  6.772E+02  6.842E+02  6.867E+02  6.953E+02  7.008E+02  6.995E+02  7.040E+02  7.063E+02  7.064E+02
  7.025E+02  7.050E+02  7.033E+02  6.980E+02  6.958E+02  6.961E+02  6.923E+02  6.830E+02  6.771E+02  6.699E+02
  6.668E+02  6.557E+02  6.478E+02  6.286E+02  6.199E+02  6.114E+02  5.989E+02  5.807E+02  5.645E+02  5.451E+02
  5.249E+02  5.135E+02  4.890E+02  4.707E+02  4.495E+02  4.290E+02  4.158E+02  3.981E+02  3.773E+02  3.581E+02
  3.434E+02  3.247E+02  3.087E+02  2.921E+02  2.745E+02  2.538E+02  2.408E+02  2.222E+02  2.060E+02  1.903E+02
  1.798E+02  1.928E+02  2.097E+02  2.243E+02  2.412E+02  2.573E+02  2.750E+02  2.904E+02  3.089E+02  3.264E+02
  3.431E+02  3.607E+02  3.763E+02  3.960E+02  4.163E+02  4.332E+02  4.519E+02  4.672E+02  4.854E+02  5.042E+02
  5.209E+02  5.397E+02  5.553E+02  5.737E+02  5.862E+02  5.998E+02  6.098E+02  6.260E+02  6.376E+02  6.397E+02
  6.478E+02  6.572E+02  6.606E+02  6.678E+02  6.788E+02  6.754E+02  6.796E+02  6.822E+02  6.791E+02  6.819E+02
  6.859E+02  6.866E+02  6.815E+02  6.769E+02  6.753E+02  6.753E+02  6.704E+02  6.648E+02  6.542E+02  6.474E+02
  6.427E+02  6.352E+02  6.239E+02  6.111E+02  5.955E+02  5.865E+02  5.718E+02  5.583E+02  5.443E+02  5.226E+02
  5.055E+02  4.871E+02  4.706E+02  4.513E+02  4.314E+02  4.124E+02  3.945E+02  3.832E+02  3.614E+02  3.426E+02
  3.221E+02  3.096E+02  2.919E+02  2.744E+02  2.599E+02  2.415E+02  2.254E+02  2.101E+02  1.929E+02  1.792E+02
  1.658E+02  1.826E+02  1.957E+02  2.118E+02  2.255E+02  2.422E+02  2.591E+02  2.739E+02  2.940E+02  3.109E+02
  3.285E+02  3.400E+02  3.612E+02  3.790E+02  3.948E+02  4.131E+02  4.302E+02  4.457E+02  4.649E+02  4.827E+02
  4.976E+02  5.180E+02  5.358E+02  5.490E+02  5.644E+02  5.731E+02  5.917E+02  5.987E+02  6.109E+02  6.193E+02
  6.302E+02  6.352E+02  6.399E+02  6.472E+02  6.550E+02  6.514E+02  6.535E+02  6.614E+02  6.558E+02  6.662E+02
  6.619E+02  6.639E+02  6.578E+02  6.552E+02  6.541E+02  6.480E+02  6.522E+02  6.382E+02  6.318E+02  6.273E+02
  6.174E+02  6.086E+02  6.025E+02  5.888E+02  5.775E+02  5.623E+02  5.475E+02  5.328E+02  5.195E+02  5.007E+02
  4.817E+02  4.662E+02  4.474E+02  4.289E+02  4.128E+02  3.957E+02  3.766E+02  3.631E+02  3.470E+02  3.278E+02
  3.070E+02  2.887E+02  2.759E+02  2.605E+02  2.423E+02  2.272E+02  2.102E+02  1.956E+02  1.821E+02  1.668E+02
  1.570E+02  1.698E+02  1.847E+02  1.957E+02  2.110E+02  2.297E+02  2.460E+02  2.608E+02  2.749E+02  2.935E+02
  3.091E+02  3.237E+02  3.418E+02  3.592E+02  3.741E+02  3.900E+02  4.078E+02  4.244E+02  4.446E+02  4.603E+02
  4.797E+02  4.957E+02  5.100E+02  5.247E+02  5.383E+02  5.505E+02  5.686E+02  5.736E+02  5.864E+02  5.946E+02
  6.053E+02  6.128E+02  6.182E+02  6.276E+02  6.294E+02  6.287E+02  6.313E+02  6.369E+02  6.369E+02  6.426E+02
  6.438E+02  6.357E+02  6.396E+02  6.340E+02  6.274E+02  6.249E+02  6.253E+02  6.138E+02  6.082E+02  6.044E+02
  5.943E+02  5.845E+02  5.786E+02  5.668E+02  5.528E+02  5.378E+02  5.243E+02  5.071E+02  4.910E+02  4.772E+02
  4.573E+02  4.438E+02  4.263E+02  4.080E+02  3.912E+02  3.751E+02  3.587E+02  3.417E+02  3.284E+02  3.122E+02
  2.945E+02  2.736E+02  2.580E+02  2.443E+02  2.280E+02  2.140E+02  1.979E+02  1.841E+02  1.685E+02  1.577E+02
  1.454E+02  1.582E+02  1.708E+02  1.854E+02  2.002E+02  2.147E+02  2.288E+02  2.433E+02  2.600E+02  2.760E+02
  2.908E+02  3.065E+02  3.247E+02  3.404E+02  3.552E+02  3.719E+02  3.871E+02  4.050E+02  4.234E+02  4.383E+02
  4.560E+02  4.708E+02  4.870E+02  5.018E+02  5.143E+02  5.259E+02  5.399E+02  5.469E+02  5.610E+02  5.698E+02
  5.820E+02  5.849E+02  5.948E+02  6.031E+02  6.093E+02  6.065E+02  6.107E+02  6.101E+02  6.091E+02  6.193E+02
  6.163E+02  6.140E+02  6.140E+02  6.133E+02  6.074E+02  6.019E+02  5.972E+02  5.925E+02  5.880E+02  5.801E+02
  5.737E+02  5.611E+02  5.502E+02  5.423E+02  5.318E+02  5.138E+02  5.047E+02  4.855E+02  4.683E+02  4.528E+02
  4.373E+02  4.219E+02  4.046E+02  3.877E+02  3.718E+02  3.562E+02  3.381E+02  3.249E+02  3.102E+02  2.909E+02
  2.779E+02  2.604E+02  2.457E+02  2.275E+02  2.131E+02  1.981E+02  1.856E+02  1.707E+02  1.586E+02  1.438E+02
  1.339E+02  1.480E+02  1.597E+02  1.713E+02  1.859E+02  2.012E+02  2.146E+02  2.283E+02  2.452E+02  2.614E+02
  2.723E+02  2.914E+02  3.065E+02  3.202E+02  3.369E+02  3.514E+02  3.671E+02  3.845E+02  3.993E+02  4.167E+02
  4.278E+02  4.482E+02  4.620E+02  4.804E+02  4.903E+02  5.069E+02  5.145E+02  5.219E+02  5.375E+02  5.474E+02
  5.549E+02  5.627E+02  5.683E+02  5.805E+02  5.862E+02  5.810E+02  5.866E+02  5.861E+02  5.865E+02  5.920E+02
  5.902E+02  5.886E+02  5.882E+02  5.894E+02  5.851E+02  5.813E+02  5.742E+02  5.669E+02  5.615E+02  5.564E+02
  5.504E+02  5.390E+02  5.271E+02  5.127E+02  5.056E+02  4.904E+02  4.769E+02  4.634E+02  4.446E+02  4.317E+02
  4.177E+02  3.982E+02  3.848E+02  3.666E+02  3.534E+02  3.353E+02  3.194E+02  3.037E+02  2.899E+02  2.765E+02
  2.595E+02  2.455E+02  2.292E+02  2.150E+02  2.007E+02  1.863E+02  1.720E+02  1.598E+02  1.465E+02  1.342E+02
  1.233E+02  1.352E+02  1.471E+02  1.599E+02  1.733E+02  1.859E+02  2.019E+02  2.158E+02  2.310E+02  2.413E+02
  2.581E+02  2.729E+02  2.894E+02  3.017E+02  3.168E+02  3.327E+02  3.450E+02  3.632E+02  3.761E+02  3.933E+02
  4.060E+02  4.244E+02  4.372E+02  4.530E+02  4.666E+02  4.816E+02  4.916E+02  5.000E+02  5.118E+02  5.218E+02
  5.309E+02  5.373E+02  5.452E+02  5.539E+02  5.609E+02  5.583E+02  5.602E+02  5.610E+02  5.630E+02  5.675E+02
  5.664E+02  5.664E+02  5.596E+02  5.622E+02  5.569E+02  5.569E+02  5.515E+02  5.413E+02  5.358E+02  5.264E+02
  5.261E+02  5.136E+02  5.044E+02  4.901E+02  4.826E+02  4.630E+02  4.519E+02  4.344E+02  4.227E+02  4.088E+02
  3.941E+02  3.784E+02  3.624E+02  3.490E+02  3.299E+02  3.194E+02  3.034E+02  2.854E+02  2.736E+02  2.574E+02
  2.464E+02  2.307E+02  2.168E+02  1.999E+02  1.866E+02  1.725E+02  1.603E+02  1.476E+02  1.364E+02  1.243E+02
  1.127E+02  1.246E+02  1.359E+02  1.482E+02  1.620E+02  1.747E+02  1.867E+02  2.005E+02  2.138E+02  2.256E+02
  2.424E+02  2.553E+02  2.701E+02  2.847E+02  2.977E+02  3.117E+02  3.256E+02  3.417E+02  3.578E+02  3.675E+02
  3.868E+02  4.000E+02  4.122E+02  4.274E+02  4.408E+02  4.576E+02  4.688E+02  4.752E+02  4.857E+02  4.953E+02
  5.071E+02  5.132E+02  5.203E+02  5.252E+02  5.303E+02  5.297E+02  5.354E+02  5.386E+02  5.393E+02  5.411E+02
  5.441E+02  5.417E+02  5.354E+02  5.361E+02  5.300E+02  5.327E+02  5.229E+02  5.163E+02  5.159E+02  5.020E+02
  4.996E+02  4.894E+02  4.811E+02  4.645E+02  4.571E+02  4.420E+02  4.282E+02  4.122E+02  3.981E+02  3.880E+02
  3.697E+02  3.580E+02  3.413E+02  3.285E+02  3.125E+02  2.963E+02  2.840E+02  2.700E+02  2.550E+02  2.414E+02
  2.265E+02  2.174E+02  2.013E+02  1.880E+02  1.725E+02  1.620E+02  1.486E+02  1.358E+02  1.241E+02  1.141E+02
  1.028E+02  1.146E+02  1.244E+02  1.367E+02  1.496E+02  1.616E+02  1.731E+02  1.851E+02  2.001E+02  2.097E+02
  2.232E+02  2.378E+02  2.515E+02  2.644E+02  2.803E+02  2.919E+02  3.047E+02  3.204E+02  3.366E+02  3.497E+02
  3.611E+02  3.756E+02  3.891E+02  4.017E+02  4.201E+02  4.336E+02  4.463E+02  4.510E+02  4.615E+02  4.720E+02
  4.773E+02  4.881E+02  4.934E+02  4.995E+02  5.012E+02  5.050E+02  5.084E+02  5.137E+02  5.140E+02  5.132E+02
  5.158E+02  5.176E+02  5.116E+02  5.131E+02  5.058E+02  5.035E+02  4.964E+02  4.922E+02  4.886E+02  4.782E+02
  4.738E+02  4.643E+02  4.562E+02  4.422E+02  4.304E+02  4.180E+02  4.075E+02  3.940E+02  3.744E+02  3.648E+02
  3.472E+02  3.354E+02  3.200E+02  3.057E+02  2.927E+02  2.781E+02  2.665E+02  2.523E+02  2.374E+02  2.233E+02
  2.106E+02  1.990E+02  1.870E+02  1.724E+02  1.619E+02  1.481E+02  1.371E+02  1.260E+02  1.142E+02  1.039E+02
  9.487E+01  1.033E+02  1.145E+02  1.261E+02  1.385E+02  1.482E+02  1.584E+02  1.726E+02  1.814E+02  1.935E+02
  2.063E+02  2.204E+02  2.355E+02  2.483E+02  2.582E+02  2.720E+02  2.873E+02  3.011E+02  3.156E+02  3.273E+02
  3.378E+02  3.523E+02  3.658E+02  3.793E+02  3.955E+02  4.043E+02  4.176E+02  4.277E+02  4.376E+02  4.440E+02
  4.519E+02  4.624E+02  4.707E+02  4.748E+02  4.752E+02  4.831E+02  4.844E+02  4.880E+02  4.865E+02  4.889E+02
  4.891E+02  4.898E+02  4.859E+02  4.897E+02  4.798E+02  4.771E+02  4.696E+02  4.672E+02  4.608E+02  4.526E+02
  4.465E+02  4.386E+02  4.274E+02  4.201E+02  4.085E+02  3.933E+02  3.804E+02  3.690E+02  3.538E+02  3.408E+02
  3.286E+02  3.125E+02  2.995E+02  2.857E+02  2.725E+02  2.602E+02  2.480E+02  2.345E+02  2.207E+02  2.080E+02
  1.926E+02  1.842E+02  1.728E+02  1.594E+02  1.478E+02  1.378E+02  1.237E+02  1.141E+02  1.046E+02  9.294E+01
  8.410E+01  9.298E+01  1.044E+02  1.157E+02  1.255E+02  1.342E+02  1.473E+02  1.566E+02  1.659E+02  1.777E+02
  1.928E+02  2.067E+02  2.181E+02  2.295E+02  2.400E+02  2.543E+02  2.700E+02  2.799E+02  2.942E+02  3.042E+02
  3.187E+02  3.290E+02  3.421E+02  3.559E+02  3.678E+02  3.765E+02  3.907E+02  4.015E+02  4.083E+02  4.180E+02
  4.318E+02  4.395E+02  4.436E+02  4.500E+02  4.506E+02  4.541E+02  4.563E+02  4.616E+02  4.619E+02  4.608E+02
  4.642E+02  4.616E+02  4.645E+02  4.641E+02  4.548E+02  4.504E+02  4.473E+02  4.386E+02  4.353E+02  4.231E+02
  4.217E+02  4.126E+02  4.026E+02  3.916E+02  3.834E+02  3.697E+02  3.571E+02  3.425E+02  3.321E+02  3.172E+02
  3.064E+02  2.940E+02  2.785E+02  2.648E+02  2.539E+02  2.405E+02  2.303E+02  2.164E+02  2.042E+02  1.920E+02
  1.810E+02  1.671E+02  1.578E+02  1.467E+02  1.352E+02  1.255E+02  1.143E+02  1.031E+02  9.278E+01  8.458E+01
  7.421E+01  8.437E+01  9.396E+01  1.030E+02  1.130E+02  1.231E+02  1.337E+02  1.424E+02  1.533E+02  1.659E+02
  1.777E+02  1.901E+02  2.033E+02  2.108E+02  2.211E+02  2.384E+02  2.475E+02  2.604E+02  2.700E+02  2.844E+02
  2.961E+02  3.095E+02  3.179E+02  3.320E+02  3.409E+02  3.508E+02  3.642E+02  3.767E+02  3.856E+02  3.949E+02
  4.049E+02  4.129E+02  4.169E+02  4.244E+02  4.241E+02  4.268E+02  4.310E+02  4.338E+02  4.379E+02  4.362E+02
  4.371E+02  4.366E+02  4.405E+02  4.366E+02  4.321E+02  4.255E+02  4.237E+02  4.137E+02  4.117E+02  3.982E+02
  3.929E+02  3.873E+02  3.735E+02  3.659E+02  3.579E+02  3.447E+02  3.339E+02  3.218E+02  3.108E+02  2.946E+02
  2.855E+02  2.729E+02  2.586E+02  2.468E+02  2.339E+02  2.263E+02  2.112E+02  1.991E+02  1.874E+02  1.768E+02
  1.656E+02  1.560E+02  1.437E+02  1.340E+02  1.225E+02  1.130E+02  1.048E+02  9.409E+01  8.424E+01  7.501E+01
  6.670E+01  7.478E+01  8.306E+01  9.315E+01  1.019E+02  1.122E+02  1.205E+02  1.305E+02  1.429E+02  1.523E+02
  1.635E+02  1.736E+02  1.868E+02  1.930E+02  2.061E+02  2.209E+02  2.288E+02  2.374E+02  2.516E+02  2.640E+02
  2.771E+02  2.871E+02  2.959E+02  3.065E+02  3.157E+02  3.266E+02  3.416E+02  3.522E+02  3.614E+02  3.677E+02
  3.788E+02  3.858E+02  3.905E+02  3.946E+02  3.967E+02  4.010E+02  4.037E+02  4.044E+02  4.147E+02  4.099E+02
  4.106E+02  4.118E+02  4.110E+02  4.072E+02  4.089E+02  3.983E+02  3.956E+02  3.895E+02  3.855E+02  3.743E+02
  3.652E+02  3.607E+02  3.484E+02  3.432E+02  3.333E+02  3.202E+02  3.088E+02  3.008E+02  2.899E+02  2.746E+02
  2.648E+02  2.515E+02  2.407E+02  2.278E+02  2.149E+02  2.073E+02  1.975E+02  1.831E+02  1.736E+02  1.598E+02
  1.509E+02  1.407E+02  1.319E+02  1.208E+02  1.111E+02  1.010E+02  9.349E+01  8.335E+01  7.509E+01  6.727E+01
  5.799E+01  6.519E+01  7.408E+01  8.258E+01  9.235E+01  1.003E+02  1.090E+02  1.203E+02  1.297E+02  1.367E+02
  1.487E+02  1.585E+02  1.698E+02  1.768E+02  1.890E+02  2.002E+02  2.095E+02  2.197E+02  2.325E+02  2.452E+02
  2.552E+02  2.643E+02  2.726E+02  2.835E+02  2.948E+02  3.061E+02  3.174E+02  3.243E+02  3.358E+02  3.428E+02
  3.501E+02  3.583E+02  3.631E+02  3.662E+02  3.718E+02  3.727E+02  3.784E+02  3.800E+02  3.864E+02  3.828E+02
  3.848E+02  3.845E+02  3.828E+02  3.829E+02  3.813E+02  3.730E+02  3.668E+02  3.628E+02  3.575E+02  3.509E+02
  3.413E+02  3.332E+02  3.240E+02  3.158E+02  3.094E+02  2.955E+02  2.820E+02  2.777E+02  2.679E+02  2.554E+02
  2.437E+02  2.306E+02  2.224E+02  2.093E+02  1.981E+02  1.871E+02  1.801E+02  1.703E+02  1.593E+02  1.470E+02
  1.358E+02  1.285E+02  1.180E+02  1.082E+02  1.003E+02  8.994E+01  8.271E+01  7.393E+01  6.605E+01  5.850E+01
  5.007E+01  5.728E+01  6.463E+01  7.359E+01  8.110E+01  8.945E+01  9.818E+01  1.071E+02  1.152E+02  1.251E+02
  1.342E+02  1.460E+02  1.521E+02  1.609E+02  1.703E+02  1.829E+02  1.917E+02  2.029E+02  2.125E+02  2.252E+02
  2.327E+02  2.435E+02  2.528E+02  2.628E+02  2.741E+02  2.823E+02  2.912E+02  2.987E+02  3.104E+02  3.172E+02
  3.230E+02  3.323E+02  3.363E+02  3.421E+02  3.457E+02  3.480E+02  3.491E+02  3.576E+02  3.576E+02  3.577E+02
  3.572E+02  3.575E+02  3.583E+02  3.577E+02  3.532E+02  3.483E+02  3.419E+02  3.347E+02  3.298E+02  3.249E+02
  3.171E+02  3.094E+02  2.995E+02  2.901E+02  2.845E+02  2.730E+02  2.606E+02  2.533E+02  2.446E+02  2.353E+02
  2.246E+02  2.102E+02  2.021E+02  1.926E+02  1.806E+02  1.716E+02  1.629E+02  1.522E+02  1.451E+02  1.354E+02
  1.251E+02  1.140E+02  1.055E+02  9.748E+01  8.882E+01  8.050E+01  7.269E+01  6.594E+01  5.770E+01  5.141E+01

#------------------------------------------------------------------------------
z: xorg(1.03)
p: xfac[c2*0.05] form[c1/0.05] notc noxt noyt dmin(1)
p: ymin(0) ymax(1) xmin(0) xmax(1) cmin(1) cmax(100) nosp
hc: y= 0.005 to 0.995 by 0.01 ; x= 0.5 to 0.5 by 1 ;
 1  2  3  4  5  6  7  8  9 10 11 12 13 14 15 16 17 18 19 20
21 22 23 24 25 26 27 28 29 30 31 32 33 34 35 36 37 38 39 40
41 42 43 44 45 46 47 48 49 50 51 52 53 54 55 56 57 58 59 60
61 62 63 64 65 66 67 68 69 70 71 72 73 74 75 76 77 78 79 80
81 82 83 84 85 86 87 88 89 90 91 92 93 94 95 96 97 98 99 100
z: xorg(0.0)
p: xfac[c2*0.05] form[c1/0.05] nosp afac[c5*0.625] ymin[c3] ymax[c4]
p: noxt noxn ytxt(-1) ynum(-1) xltd(-1) xstd(-1) itic(1) ylog
y: Flux [1/cm^2/source]              
#------------------------------------------------------------------------------

wt: s[c5]
\vspace{-3}
  emin  &=&   0.0000E+00 [MeV]
  emax  &=&   1.0000E+03 [MeV]
  ymin  &=&  -7.8600E+01 [cm]
  ymax  &=&  -7.8400E+01 [cm]
  part. &=& all     
e:

#------------------------------------------------------------------------------
z: xorg[-1.03/0.05]
p: form[c1] xfac[c2] afac[c5] nosp notf
p: xmin(-2.0000000E-02) xmax( 2.0000000E-02)
p: ymin(-2.0000000E-02) ymax( 2.0000000E-02)
 
# Information for Restart Calculation
# This calculation was newly started
# istdev =  1 # 1:Batch variance, 2:History variance
# resc2  = 9.00000000000000000E+00 # Total source weight or Total source weight / maxcas
# resc3  = 9.00000000000000000E+00 # Total history number or Total batch number
# maxcas =    10000000 # History / Batch, only used for istdev=1
# rijklst= 197409415753881.0 # Next initial random number
