[ T - Deposit ]
    title = [t-deposit: icntl=0]
     mesh =  xyz            # mesh type is xyz scoring mesh
   x-type =    2            # x-mesh is linear given by xmin, xmax and nx
     xmin = -0.1000000      # minimum value of x-mesh points
     xmax =  0.1000000      # maximum value of x-mesh points
#    xdel =  0.2000000      # mesh width of x-mesh points
       nx =    1            # number of x-mesh points
#    data = ( x(i), i = 1, nx + 1 )
#          -1.00000E-01  1.00000E-01
   y-type =    2            # y-mesh is linear given by ymin, ymax and ny
     ymin =   0.000000      # minimum value of y-mesh points
     ymax =   30.00000      # maximum value of y-mesh points
#    ydel =  0.2000000      # mesh width of y-mesh points
       ny =  150            # number of y-mesh points
#    data = ( y(i), i = 1, ny + 1 )
#           0.00000E+00  2.00000E-01  4.00000E-01  6.00000E-01  8.00000E-01
#           1.00000E+00  1.20000E+00  1.40000E+00  1.60000E+00  1.80000E+00
#           2.00000E+00  2.20000E+00  2.40000E+00  2.60000E+00  2.80000E+00
#           3.00000E+00  3.20000E+00  3.40000E+00  3.60000E+00  3.80000E+00
#           4.00000E+00  4.20000E+00  4.40000E+00  4.60000E+00  4.80000E+00
#           5.00000E+00  5.20000E+00  5.40000E+00  5.60000E+00  5.80000E+00
#           6.00000E+00  6.20000E+00  6.40000E+00  6.60000E+00  6.80000E+00
#           7.00000E+00  7.20000E+00  7.40000E+00  7.60000E+00  7.80000E+00
#           8.00000E+00  8.20000E+00  8.40000E+00  8.60000E+00  8.80000E+00
#           9.00000E+00  9.20000E+00  9.40000E+00  9.60000E+00  9.80000E+00
#           1.00000E+01  1.02000E+01  1.04000E+01  1.06000E+01  1.08000E+01
#           1.10000E+01  1.12000E+01  1.14000E+01  1.16000E+01  1.18000E+01
#           1.20000E+01  1.22000E+01  1.24000E+01  1.26000E+01  1.28000E+01
#           1.30000E+01  1.32000E+01  1.34000E+01  1.36000E+01  1.38000E+01
#           1.40000E+01  1.42000E+01  1.44000E+01  1.46000E+01  1.48000E+01
#           1.50000E+01  1.52000E+01  1.54000E+01  1.56000E+01  1.58000E+01
#           1.60000E+01  1.62000E+01  1.64000E+01  1.66000E+01  1.68000E+01
#           1.70000E+01  1.72000E+01  1.74000E+01  1.76000E+01  1.78000E+01
#           1.80000E+01  1.82000E+01  1.84000E+01  1.86000E+01  1.88000E+01
#           1.90000E+01  1.92000E+01  1.94000E+01  1.96000E+01  1.98000E+01
#           2.00000E+01  2.02000E+01  2.04000E+01  2.06000E+01  2.08000E+01
#           2.10000E+01  2.12000E+01  2.14000E+01  2.16000E+01  2.18000E+01
#           2.20000E+01  2.22000E+01  2.24000E+01  2.26000E+01  2.28000E+01
#           2.30000E+01  2.32000E+01  2.34000E+01  2.36000E+01  2.38000E+01
#           2.40000E+01  2.42000E+01  2.44000E+01  2.46000E+01  2.48000E+01
#           2.50000E+01  2.52000E+01  2.54000E+01  2.56000E+01  2.58000E+01
#           2.60000E+01  2.62000E+01  2.64000E+01  2.66000E+01  2.68000E+01
#           2.70000E+01  2.72000E+01  2.74000E+01  2.76000E+01  2.78000E+01
#           2.80000E+01  2.82000E+01  2.84000E+01  2.86000E+01  2.88000E+01
#           2.90000E+01  2.92000E+01  2.94000E+01  2.96000E+01  2.98000E+01
#           3.00000E+01
   z-type =    2            # z-mesh is linear given by zmin, zmax and nz
     zmin = -0.1000000      # minimum value of z-mesh points
     zmax =  0.1000000      # maximum value of z-mesh points
#    zdel =  0.2000000      # mesh width of z-mesh points
       nz =    1            # number of z-mesh points
#    data = ( z(i), i = 1, nz + 1 )
#          -1.00000E-01  1.00000E-01
     unit =    0            # unit is [Gy/source]
   letmat =    0            # (D=0) mat ID for LET, 0:real mat, <0: electron for H2O
  dedxfnc =    0            # (D=0) user defined multiplier, 0(no), 1, 2
 material =  all            # (D=all) number of specific material
   output =  dose           # total deposit energy
  deposit =    0            # (D=0) 0-> total deposit dist, 1-> each process
     axis =     y           # axis of output
     file = deposit-y-water.out  # file name of output for the above axis
     part =  all      
# kf/name :  0        
   epsout =    1            # (D=0) generate eps file by ANGEL
#    used :        main (  %)        temp (  %)       total (  %)
#  memory :         158 (  0)           0 (  0)         158 (  0)

#------------------------------------------------------------------------------
#newpage:
#   no. =  1   ix  =  1   iz  =  1
#   x = (  -1.0000E-01  -   1.0000E-01  )
#   z = (  -1.0000E-01  -   1.0000E-01  )

x: y [cm]
y: Dose [Gy/source]      
p: xlin ylog afac(0.8) form(0.9)
h: n            x            y(all     ),hh0l   n 
#  y-lower      y-upper      all         r.err 
   0.0000E+00   2.0000E-01   6.3362E-14  0.0077
   2.0000E-01   4.0000E-01   1.0953E-13  0.0067
   4.0000E-01   6.0000E-01   1.2994E-13  0.0075
   6.0000E-01   8.0000E-01   1.4252E-13  0.0054
   8.0000E-01   1.0000E+00   1.4980E-13  0.0061
   1.0000E+00   1.2000E+00   1.5265E-13  0.0072
   1.2000E+00   1.4000E+00   1.5448E-13  0.0059
   1.4000E+00   1.6000E+00   1.5656E-13  0.0059
   1.6000E+00   1.8000E+00   1.5675E-13  0.0054
   1.8000E+00   2.0000E+00   1.5404E-13  0.0061
   2.0000E+00   2.2000E+00   1.5168E-13  0.0072
   2.2000E+00   2.4000E+00   1.5041E-13  0.0094
   2.4000E+00   2.6000E+00   1.4846E-13  0.0084
   2.6000E+00   2.8000E+00   1.4735E-13  0.0065
   2.8000E+00   3.0000E+00   1.4646E-13  0.0054
   3.0000E+00   3.2000E+00   1.4261E-13  0.0081
   3.2000E+00   3.4000E+00   1.4078E-13  0.0065
   3.4000E+00   3.6000E+00   1.3865E-13  0.0079
   3.6000E+00   3.8000E+00   1.3645E-13  0.0075
   3.8000E+00   4.0000E+00   1.3616E-13  0.0077
   4.0000E+00   4.2000E+00   1.3383E-13  0.0073
   4.2000E+00   4.4000E+00   1.3099E-13  0.0062
   4.4000E+00   4.6000E+00   1.3050E-13  0.0080
   4.6000E+00   4.8000E+00   1.2878E-13  0.0081
   4.8000E+00   5.0000E+00   1.2776E-13  0.0084
   5.0000E+00   5.2000E+00   1.2504E-13  0.0055
   5.2000E+00   5.4000E+00   1.2309E-13  0.0065
   5.4000E+00   5.6000E+00   1.2088E-13  0.0066
   5.6000E+00   5.8000E+00   1.1929E-13  0.0084
   5.8000E+00   6.0000E+00   1.1792E-13  0.0077
   6.0000E+00   6.2000E+00   1.1654E-13  0.0056
   6.2000E+00   6.4000E+00   1.1384E-13  0.0068
   6.4000E+00   6.6000E+00   1.1254E-13  0.0067
   6.6000E+00   6.8000E+00   1.1207E-13  0.0091
   6.8000E+00   7.0000E+00   1.0899E-13  0.0063
   7.0000E+00   7.2000E+00   1.0698E-13  0.0075
   7.2000E+00   7.4000E+00   1.0759E-13  0.0084
   7.4000E+00   7.6000E+00   1.0382E-13  0.0072
   7.6000E+00   7.8000E+00   1.0323E-13  0.0067
   7.8000E+00   8.0000E+00   1.0193E-13  0.0088
   8.0000E+00   8.2000E+00   1.0078E-13  0.0062
   8.2000E+00   8.4000E+00   9.8519E-14  0.0070
   8.4000E+00   8.6000E+00   9.7601E-14  0.0081
   8.6000E+00   8.8000E+00   9.6028E-14  0.0083
   8.8000E+00   9.0000E+00   9.4246E-14  0.0097
   9.0000E+00   9.2000E+00   9.4596E-14  0.0065
   9.2000E+00   9.4000E+00   9.3107E-14  0.0087
   9.4000E+00   9.6000E+00   9.2341E-14  0.0093
   9.6000E+00   9.8000E+00   9.0879E-14  0.0083
   9.8000E+00   1.0000E+01   9.0346E-14  0.0097
   1.0000E+01   1.0200E+01   8.8438E-14  0.0089
   1.0200E+01   1.0400E+01   8.4342E-14  0.0107
   1.0400E+01   1.0600E+01   8.5083E-14  0.0081
   1.0600E+01   1.0800E+01   8.3829E-14  0.0092
   1.0800E+01   1.1000E+01   8.3678E-14  0.0069
   1.1000E+01   1.1200E+01   8.2631E-14  0.0085
   1.1200E+01   1.1400E+01   8.1103E-14  0.0060
   1.1400E+01   1.1600E+01   7.8910E-14  0.0066
   1.1600E+01   1.1800E+01   7.7448E-14  0.0089
   1.1800E+01   1.2000E+01   7.7954E-14  0.0111
   1.2000E+01   1.2200E+01   7.6205E-14  0.0101
   1.2200E+01   1.2400E+01   7.6183E-14  0.0081
   1.2400E+01   1.2600E+01   7.4432E-14  0.0084
   1.2600E+01   1.2800E+01   7.2375E-14  0.0096
   1.2800E+01   1.3000E+01   7.0907E-14  0.0086
   1.3000E+01   1.3200E+01   7.0313E-14  0.0101
   1.3200E+01   1.3400E+01   7.0353E-14  0.0114
   1.3400E+01   1.3600E+01   6.8740E-14  0.0083
   1.3600E+01   1.3800E+01   6.8687E-14  0.0086
   1.3800E+01   1.4000E+01   6.6806E-14  0.0091
   1.4000E+01   1.4200E+01   6.6374E-14  0.0116
   1.4200E+01   1.4400E+01   6.6075E-14  0.0097
   1.4400E+01   1.4600E+01   6.4132E-14  0.0111
   1.4600E+01   1.4800E+01   6.3493E-14  0.0128
   1.4800E+01   1.5000E+01   6.2422E-14  0.0089
   1.5000E+01   1.5200E+01   6.1356E-14  0.0113
   1.5200E+01   1.5400E+01   6.0859E-14  0.0118
   1.5400E+01   1.5600E+01   6.0336E-14  0.0097
   1.5600E+01   1.5800E+01   5.8802E-14  0.0097
   1.5800E+01   1.6000E+01   5.8297E-14  0.0118
   1.6000E+01   1.6200E+01   5.6019E-14  0.0114
   1.6200E+01   1.6400E+01   5.7235E-14  0.0093
   1.6400E+01   1.6600E+01   5.7218E-14  0.0110
   1.6600E+01   1.6800E+01   5.4821E-14  0.0106
   1.6800E+01   1.7000E+01   5.4716E-14  0.0104
   1.7000E+01   1.7200E+01   5.3505E-14  0.0111
   1.7200E+01   1.7400E+01   5.3205E-14  0.0109
   1.7400E+01   1.7600E+01   5.3887E-14  0.0128
   1.7600E+01   1.7800E+01   5.3162E-14  0.0109
   1.7800E+01   1.8000E+01   5.0973E-14  0.0115
   1.8000E+01   1.8200E+01   5.0219E-14  0.0116
   1.8200E+01   1.8400E+01   4.7980E-14  0.0097
   1.8400E+01   1.8600E+01   4.8564E-14  0.0129
   1.8600E+01   1.8800E+01   4.9000E-14  0.0126
   1.8800E+01   1.9000E+01   4.8116E-14  0.0128
   1.9000E+01   1.9200E+01   4.7275E-14  0.0121
   1.9200E+01   1.9400E+01   4.7108E-14  0.0120
   1.9400E+01   1.9600E+01   4.5387E-14  0.0131
   1.9600E+01   1.9800E+01   4.5099E-14  0.0098
   1.9800E+01   2.0000E+01   4.4293E-14  0.0137
   2.0000E+01   2.0200E+01   4.4080E-14  0.0119
   2.0200E+01   2.0400E+01   4.3827E-14  0.0084
   2.0400E+01   2.0600E+01   4.2957E-14  0.0107
   2.0600E+01   2.0800E+01   4.2997E-14  0.0133
   2.0800E+01   2.1000E+01   4.2125E-14  0.0129
   2.1000E+01   2.1200E+01   4.1355E-14  0.0105
   2.1200E+01   2.1400E+01   4.2063E-14  0.0135
   2.1400E+01   2.1600E+01   4.1278E-14  0.0118
   2.1600E+01   2.1800E+01   4.0252E-14  0.0132
   2.1800E+01   2.2000E+01   3.9694E-14  0.0118
   2.2000E+01   2.2200E+01   3.9027E-14  0.0150
   2.2200E+01   2.2400E+01   3.9105E-14  0.0108
   2.2400E+01   2.2600E+01   3.8231E-14  0.0102
   2.2600E+01   2.2800E+01   3.7211E-14  0.0157
   2.2800E+01   2.3000E+01   3.7172E-14  0.0152
   2.3000E+01   2.3200E+01   3.6505E-14  0.0165
   2.3200E+01   2.3400E+01   3.6333E-14  0.0191
   2.3400E+01   2.3600E+01   3.5536E-14  0.0146
   2.3600E+01   2.3800E+01   3.4756E-14  0.0147
   2.3800E+01   2.4000E+01   3.4819E-14  0.0152
   2.4000E+01   2.4200E+01   3.4624E-14  0.0135
   2.4200E+01   2.4400E+01   3.3983E-14  0.0135
   2.4400E+01   2.4600E+01   3.4600E-14  0.0140
   2.4600E+01   2.4800E+01   3.2909E-14  0.0147
   2.4800E+01   2.5000E+01   3.2618E-14  0.0157
   2.5000E+01   2.5200E+01   3.2268E-14  0.0138
   2.5200E+01   2.5400E+01   3.1303E-14  0.0134
   2.5400E+01   2.5600E+01   3.0703E-14  0.0177
   2.5600E+01   2.5800E+01   3.1403E-14  0.0131
   2.5800E+01   2.6000E+01   3.0965E-14  0.0130
   2.6000E+01   2.6200E+01   2.9569E-14  0.0151
   2.6200E+01   2.6400E+01   2.9044E-14  0.0127
   2.6400E+01   2.6600E+01   2.9480E-14  0.0140
   2.6600E+01   2.6800E+01   3.0023E-14  0.0134
   2.6800E+01   2.7000E+01   2.9226E-14  0.0122
   2.7000E+01   2.7200E+01   2.9220E-14  0.0153
   2.7200E+01   2.7400E+01   2.7812E-14  0.0152
   2.7400E+01   2.7600E+01   2.7791E-14  0.0152
   2.7600E+01   2.7800E+01   2.7380E-14  0.0156
   2.7800E+01   2.8000E+01   2.6468E-14  0.0176
   2.8000E+01   2.8200E+01   2.5965E-14  0.0187
   2.8200E+01   2.8400E+01   2.6311E-14  0.0148
   2.8400E+01   2.8600E+01   2.6149E-14  0.0140
   2.8600E+01   2.8800E+01   2.5688E-14  0.0150
   2.8800E+01   2.9000E+01   2.5934E-14  0.0155
   2.9000E+01   2.9200E+01   2.4501E-14  0.0152
   2.9200E+01   2.9400E+01   2.5009E-14  0.0166
   2.9400E+01   2.9600E+01   2.4673E-14  0.0170
   2.9600E+01   2.9800E+01   2.4086E-14  0.0139
   2.9800E+01   3.0000E+01   2.2812E-14  0.0158

'no. =  1,  iz =  1,  ix =  1'
msuc: {\huge [t-deposit: icntl=0]}
msdr: {\it plotted by \ANGEL \version}
msdl: {\it calculated by \PHITS  3.02}
wt: s(0.7)
\vspace{-3}
  xmin  &=&  -1.0000E-01 [cm]
  xmax  &=&   1.0000E-01 [cm]
  zmin  &=&  -1.0000E-01 [cm]
  zmax  &=&   1.0000E-01 [cm]
e:
 
# Information for Restart Calculation
# This calculation was newly started
# istdev =  1 # 1:Batch variance, 2:History variance
# resc2  = 2.20465357096156936E+02 # Total source weight or Total source weight / maxcas
# resc3  = 3.00000000000000000E+01 # Total history number or Total batch number
# maxcas =     5000000 # History / Batch, only used for istdev=1
# rijklst=  49630065749145.0 # Next initial random number
