[ T - Deposit ]
    title = [t-deposit: icntl=0]
     mesh =  xyz            # mesh type is xyz scoring mesh
   x-type =    2            # x-mesh is linear given by xmin, xmax and nx
     xmin = -0.1000000      # minimum value of x-mesh points
     xmax =  0.1000000      # maximum value of x-mesh points
#    xdel =  0.2000000      # mesh width of x-mesh points
       nx =    1            # number of x-mesh points
#    data = ( x(i), i = 1, nx + 1 )
#          -1.00000E-01  1.00000E-01
   y-type =    2            # y-mesh is linear given by ymin, ymax and ny
     ymin =   0.000000      # minimum value of y-mesh points
     ymax =   30.00000      # maximum value of y-mesh points
#    ydel =  0.2000000      # mesh width of y-mesh points
       ny =  150            # number of y-mesh points
#    data = ( y(i), i = 1, ny + 1 )
#           0.00000E+00  2.00000E-01  4.00000E-01  6.00000E-01  8.00000E-01
#           1.00000E+00  1.20000E+00  1.40000E+00  1.60000E+00  1.80000E+00
#           2.00000E+00  2.20000E+00  2.40000E+00  2.60000E+00  2.80000E+00
#           3.00000E+00  3.20000E+00  3.40000E+00  3.60000E+00  3.80000E+00
#           4.00000E+00  4.20000E+00  4.40000E+00  4.60000E+00  4.80000E+00
#           5.00000E+00  5.20000E+00  5.40000E+00  5.60000E+00  5.80000E+00
#           6.00000E+00  6.20000E+00  6.40000E+00  6.60000E+00  6.80000E+00
#           7.00000E+00  7.20000E+00  7.40000E+00  7.60000E+00  7.80000E+00
#           8.00000E+00  8.20000E+00  8.40000E+00  8.60000E+00  8.80000E+00
#           9.00000E+00  9.20000E+00  9.40000E+00  9.60000E+00  9.80000E+00
#           1.00000E+01  1.02000E+01  1.04000E+01  1.06000E+01  1.08000E+01
#           1.10000E+01  1.12000E+01  1.14000E+01  1.16000E+01  1.18000E+01
#           1.20000E+01  1.22000E+01  1.24000E+01  1.26000E+01  1.28000E+01
#           1.30000E+01  1.32000E+01  1.34000E+01  1.36000E+01  1.38000E+01
#           1.40000E+01  1.42000E+01  1.44000E+01  1.46000E+01  1.48000E+01
#           1.50000E+01  1.52000E+01  1.54000E+01  1.56000E+01  1.58000E+01
#           1.60000E+01  1.62000E+01  1.64000E+01  1.66000E+01  1.68000E+01
#           1.70000E+01  1.72000E+01  1.74000E+01  1.76000E+01  1.78000E+01
#           1.80000E+01  1.82000E+01  1.84000E+01  1.86000E+01  1.88000E+01
#           1.90000E+01  1.92000E+01  1.94000E+01  1.96000E+01  1.98000E+01
#           2.00000E+01  2.02000E+01  2.04000E+01  2.06000E+01  2.08000E+01
#           2.10000E+01  2.12000E+01  2.14000E+01  2.16000E+01  2.18000E+01
#           2.20000E+01  2.22000E+01  2.24000E+01  2.26000E+01  2.28000E+01
#           2.30000E+01  2.32000E+01  2.34000E+01  2.36000E+01  2.38000E+01
#           2.40000E+01  2.42000E+01  2.44000E+01  2.46000E+01  2.48000E+01
#           2.50000E+01  2.52000E+01  2.54000E+01  2.56000E+01  2.58000E+01
#           2.60000E+01  2.62000E+01  2.64000E+01  2.66000E+01  2.68000E+01
#           2.70000E+01  2.72000E+01  2.74000E+01  2.76000E+01  2.78000E+01
#           2.80000E+01  2.82000E+01  2.84000E+01  2.86000E+01  2.88000E+01
#           2.90000E+01  2.92000E+01  2.94000E+01  2.96000E+01  2.98000E+01
#           3.00000E+01
   z-type =    2            # z-mesh is linear given by zmin, zmax and nz
     zmin = -0.1000000      # minimum value of z-mesh points
     zmax =  0.1000000      # maximum value of z-mesh points
#    zdel =  0.2000000      # mesh width of z-mesh points
       nz =    1            # number of z-mesh points
#    data = ( z(i), i = 1, nz + 1 )
#          -1.00000E-01  1.00000E-01
     unit =    0            # unit is [Gy/source]
   letmat =    0            # (D=0) mat ID for LET, 0:real mat, <0: electron for H2O
  dedxfnc =    0            # (D=0) user defined multiplier, 0(no), 1, 2
 material =  all            # (D=all) number of specific material
   output =  dose           # total deposit energy
  deposit =    0            # (D=0) 0-> total deposit dist, 1-> each process
     axis =     y           # axis of output
     file = deposit-y-water.out  # file name of output for the above axis
     part =  all      
# kf/name :  0        
   epsout =    1            # (D=0) generate eps file by ANGEL
#    used :        main (  %)        temp (  %)       total (  %)
#  memory :         158 (  0)           0 (  0)         158 (  0)

#------------------------------------------------------------------------------
#newpage:
#   no. =  1   ix  =  1   iz  =  1
#   x = (  -1.0000E-01  -   1.0000E-01  )
#   z = (  -1.0000E-01  -   1.0000E-01  )

x: y [cm]
y: Dose [Gy/source]      
p: xlin ylog afac(0.8) form(0.9)
h: n            x            y(all     ),hh0l   n 
#  y-lower      y-upper      all         r.err 
   0.0000E+00   2.0000E-01   1.9159E-13  0.0105
   2.0000E-01   4.0000E-01   3.3377E-13  0.0067
   4.0000E-01   6.0000E-01   3.9108E-13  0.0074
   6.0000E-01   8.0000E-01   4.2722E-13  0.0067
   8.0000E-01   1.0000E+00   4.4408E-13  0.0050
   1.0000E+00   1.2000E+00   4.6062E-13  0.0073
   1.2000E+00   1.4000E+00   4.5432E-13  0.0080
   1.4000E+00   1.6000E+00   4.5596E-13  0.0062
   1.6000E+00   1.8000E+00   4.5472E-13  0.0072
   1.8000E+00   2.0000E+00   4.4977E-13  0.0087
   2.0000E+00   2.2000E+00   4.4270E-13  0.0066
   2.2000E+00   2.4000E+00   4.4523E-13  0.0082
   2.4000E+00   2.6000E+00   4.3549E-13  0.0065
   2.6000E+00   2.8000E+00   4.2701E-13  0.0047
   2.8000E+00   3.0000E+00   4.1906E-13  0.0083
   3.0000E+00   3.2000E+00   4.1747E-13  0.0083
   3.2000E+00   3.4000E+00   4.1036E-13  0.0049
   3.4000E+00   3.6000E+00   4.0195E-13  0.0052
   3.6000E+00   3.8000E+00   4.0015E-13  0.0082
   3.8000E+00   4.0000E+00   3.9960E-13  0.0059
   4.0000E+00   4.2000E+00   3.9027E-13  0.0078
   4.2000E+00   4.4000E+00   3.8641E-13  0.0067
   4.4000E+00   4.6000E+00   3.7719E-13  0.0063
   4.6000E+00   4.8000E+00   3.6840E-13  0.0065
   4.8000E+00   5.0000E+00   3.6483E-13  0.0045
   5.0000E+00   5.2000E+00   3.6180E-13  0.0049
   5.2000E+00   5.4000E+00   3.5365E-13  0.0050
   5.4000E+00   5.6000E+00   3.4684E-13  0.0081
   5.6000E+00   5.8000E+00   3.4890E-13  0.0062
   5.8000E+00   6.0000E+00   3.3726E-13  0.0099
   6.0000E+00   6.2000E+00   3.3572E-13  0.0070
   6.2000E+00   6.4000E+00   3.2911E-13  0.0068
   6.4000E+00   6.6000E+00   3.2464E-13  0.0103
   6.6000E+00   6.8000E+00   3.1962E-13  0.0050
   6.8000E+00   7.0000E+00   3.1649E-13  0.0046
   7.0000E+00   7.2000E+00   3.0884E-13  0.0047
   7.2000E+00   7.4000E+00   3.0821E-13  0.0072
   7.4000E+00   7.6000E+00   3.0324E-13  0.0110
   7.6000E+00   7.8000E+00   3.0198E-13  0.0088
   7.8000E+00   8.0000E+00   2.9209E-13  0.0072
   8.0000E+00   8.2000E+00   2.8926E-13  0.0060
   8.2000E+00   8.4000E+00   2.8512E-13  0.0068
   8.4000E+00   8.6000E+00   2.8500E-13  0.0076
   8.6000E+00   8.8000E+00   2.7590E-13  0.0053
   8.8000E+00   9.0000E+00   2.7272E-13  0.0105
   9.0000E+00   9.2000E+00   2.7003E-13  0.0089
   9.2000E+00   9.4000E+00   2.6597E-13  0.0085
   9.4000E+00   9.6000E+00   2.6275E-13  0.0109
   9.6000E+00   9.8000E+00   2.5572E-13  0.0103
   9.8000E+00   1.0000E+01   2.5335E-13  0.0081
   1.0000E+01   1.0200E+01   2.5040E-13  0.0058
   1.0200E+01   1.0400E+01   2.4627E-13  0.0086
   1.0400E+01   1.0600E+01   2.4772E-13  0.0058
   1.0600E+01   1.0800E+01   2.3956E-13  0.0073
   1.0800E+01   1.1000E+01   2.3955E-13  0.0101
   1.1000E+01   1.1200E+01   2.3394E-13  0.0099
   1.1200E+01   1.1400E+01   2.3154E-13  0.0131
   1.1400E+01   1.1600E+01   2.2964E-13  0.0078
   1.1600E+01   1.1800E+01   2.2612E-13  0.0119
   1.1800E+01   1.2000E+01   2.2109E-13  0.0089
   1.2000E+01   1.2200E+01   2.1871E-13  0.0093
   1.2200E+01   1.2400E+01   2.1566E-13  0.0063
   1.2400E+01   1.2600E+01   2.1228E-13  0.0134
   1.2600E+01   1.2800E+01   2.1117E-13  0.0085
   1.2800E+01   1.3000E+01   2.0605E-13  0.0146
   1.3000E+01   1.3200E+01   2.0522E-13  0.0106
   1.3200E+01   1.3400E+01   2.0076E-13  0.0062
   1.3400E+01   1.3600E+01   2.0323E-13  0.0109
   1.3600E+01   1.3800E+01   1.9655E-13  0.0110
   1.3800E+01   1.4000E+01   1.9276E-13  0.0083
   1.4000E+01   1.4200E+01   1.8788E-13  0.0088
   1.4200E+01   1.4400E+01   1.8392E-13  0.0116
   1.4400E+01   1.4600E+01   1.8610E-13  0.0126
   1.4600E+01   1.4800E+01   1.8452E-13  0.0094
   1.4800E+01   1.5000E+01   1.8031E-13  0.0073
   1.5000E+01   1.5200E+01   1.7578E-13  0.0092
   1.5200E+01   1.5400E+01   1.7561E-13  0.0117
   1.5400E+01   1.5600E+01   1.6986E-13  0.0122
   1.5600E+01   1.5800E+01   1.7098E-13  0.0097
   1.5800E+01   1.6000E+01   1.6684E-13  0.0133
   1.6000E+01   1.6200E+01   1.6625E-13  0.0120
   1.6200E+01   1.6400E+01   1.6523E-13  0.0128
   1.6400E+01   1.6600E+01   1.6244E-13  0.0116
   1.6600E+01   1.6800E+01   1.5981E-13  0.0122
   1.6800E+01   1.7000E+01   1.5918E-13  0.0133
   1.7000E+01   1.7200E+01   1.5980E-13  0.0097
   1.7200E+01   1.7400E+01   1.5759E-13  0.0090
   1.7400E+01   1.7600E+01   1.5324E-13  0.0101
   1.7600E+01   1.7800E+01   1.5201E-13  0.0094
   1.7800E+01   1.8000E+01   1.4942E-13  0.0063
   1.8000E+01   1.8200E+01   1.4705E-13  0.0139
   1.8200E+01   1.8400E+01   1.4360E-13  0.0102
   1.8400E+01   1.8600E+01   1.4266E-13  0.0151
   1.8600E+01   1.8800E+01   1.4182E-13  0.0125
   1.8800E+01   1.9000E+01   1.3464E-13  0.0050
   1.9000E+01   1.9200E+01   1.3428E-13  0.0081
   1.9200E+01   1.9400E+01   1.3825E-13  0.0085
   1.9400E+01   1.9600E+01   1.3397E-13  0.0078
   1.9600E+01   1.9800E+01   1.3301E-13  0.0103
   1.9800E+01   2.0000E+01   1.3063E-13  0.0104
   2.0000E+01   2.0200E+01   1.2702E-13  0.0126
   2.0200E+01   2.0400E+01   1.2790E-13  0.0109
   2.0400E+01   2.0600E+01   1.2605E-13  0.0140
   2.0600E+01   2.0800E+01   1.2562E-13  0.0140
   2.0800E+01   2.1000E+01   1.2058E-13  0.0164
   2.1000E+01   2.1200E+01   1.2086E-13  0.0086
   2.1200E+01   2.1400E+01   1.1918E-13  0.0097
   2.1400E+01   2.1600E+01   1.1982E-13  0.0125
   2.1600E+01   2.1800E+01   1.1637E-13  0.0149
   2.1800E+01   2.2000E+01   1.1251E-13  0.0142
   2.2000E+01   2.2200E+01   1.1368E-13  0.0136
   2.2200E+01   2.2400E+01   1.1309E-13  0.0144
   2.2400E+01   2.2600E+01   1.1112E-13  0.0111
   2.2600E+01   2.2800E+01   1.0934E-13  0.0121
   2.2800E+01   2.3000E+01   1.0892E-13  0.0088
   2.3000E+01   2.3200E+01   1.0579E-13  0.0205
   2.3200E+01   2.3400E+01   1.0549E-13  0.0164
   2.3400E+01   2.3600E+01   1.0360E-13  0.0114
   2.3600E+01   2.3800E+01   1.0267E-13  0.0167
   2.3800E+01   2.4000E+01   1.0179E-13  0.0105
   2.4000E+01   2.4200E+01   9.9132E-14  0.0166
   2.4200E+01   2.4400E+01   9.9383E-14  0.0129
   2.4400E+01   2.4600E+01   9.8054E-14  0.0168
   2.4600E+01   2.4800E+01   9.7984E-14  0.0045
   2.4800E+01   2.5000E+01   9.5759E-14  0.0091
   2.5000E+01   2.5200E+01   9.3305E-14  0.0125
   2.5200E+01   2.5400E+01   9.2200E-14  0.0133
   2.5400E+01   2.5600E+01   9.0729E-14  0.0193
   2.5600E+01   2.5800E+01   8.9339E-14  0.0094
   2.5800E+01   2.6000E+01   8.6084E-14  0.0093
   2.6000E+01   2.6200E+01   8.5109E-14  0.0110
   2.6200E+01   2.6400E+01   8.6539E-14  0.0179
   2.6400E+01   2.6600E+01   8.6325E-14  0.0171
   2.6600E+01   2.6800E+01   8.4865E-14  0.0156
   2.6800E+01   2.7000E+01   8.2593E-14  0.0114
   2.7000E+01   2.7200E+01   8.2653E-14  0.0133
   2.7200E+01   2.7400E+01   8.0030E-14  0.0135
   2.7400E+01   2.7600E+01   8.1671E-14  0.0215
   2.7600E+01   2.7800E+01   8.0301E-14  0.0201
   2.7800E+01   2.8000E+01   7.7334E-14  0.0209
   2.8000E+01   2.8200E+01   7.7324E-14  0.0142
   2.8200E+01   2.8400E+01   7.6892E-14  0.0205
   2.8400E+01   2.8600E+01   7.6142E-14  0.0161
   2.8600E+01   2.8800E+01   7.5640E-14  0.0141
   2.8800E+01   2.9000E+01   7.4618E-14  0.0151
   2.9000E+01   2.9200E+01   7.2148E-14  0.0179
   2.9200E+01   2.9400E+01   7.1243E-14  0.0166
   2.9400E+01   2.9600E+01   7.0956E-14  0.0078
   2.9600E+01   2.9800E+01   7.0542E-14  0.0172
   2.9800E+01   3.0000E+01   6.6611E-14  0.0083

'no. =  1,  iz =  1,  ix =  1'
msuc: {\huge [t-deposit: icntl=0]}
msdr: {\it plotted by \ANGEL \version}
msdl: {\it calculated by \PHITS  3.02}
wt: s(0.7)
\vspace{-3}
  xmin  &=&  -1.0000E-01 [cm]
  xmax  &=&   1.0000E-01 [cm]
  zmin  &=&  -1.0000E-01 [cm]
  zmax  &=&   1.0000E-01 [cm]
e:
 
# Information for Restart Calculation
# This calculation was newly started
# istdev =  1 # 1:Batch variance, 2:History variance
# resc2  = 7.34884522270773459E+01 # Total source weight or Total source weight / maxcas
# resc3  = 1.00000000000000000E+01 # Total history number or Total batch number
# maxcas =     5000000 # History / Batch, only used for istdev=1
# rijklst= 105815716415641.0 # Next initial random number
