           _________________________________________________________
          |                                                         |
          |       _/_/_/_/                                          |
          |      _/      _/                  _/_/_/_/_/_/           |
          |     _/      _/  _/      _/   _/      _/      _/_/_/_/_/ |
          |    _/_/_/_/    _/      _/   _/      _/      _/          |
          |   _/          _/_/_/_/_/   _/      _/       _/_/_/_/    |
          |  _/          _/      _/   _/      _/              _/    |
          | _/          _/      _/   _/      _/      _/_/_/_/_/     |
          |                                                         |
          |                                                         |
          |       Particle and Heavy Ion Transport code System      |
          |                      Version =  3.020                   |
          |                       developed by                      |
          |                                                         |
          |                     Koji NIITA (RIST),                  |
          |                                                         |
          |  Tatsuhiko SATO, Yosuke IWAMOTO, Shintaro HASHIMOTO,    |
          |    Tatsuhiko OGAWA, Takuya FURUTA, Shinichiro ABE,      |
          |   Takeshi KAI, Norihiro MATSUDA, Hiroshi NAKASHIMA,     |
          |  Tokio FUKAHORI, Keisuke OKUMURA, Tetsuya KAI (JAEA),   |
          |                                                         |
          |                    Hiroshi IWASE (KEK),                 |
          |                                                         |
          |       Satoshi CHIBA (Tokyo Institute of Technology),    |
          |                                                         |
          |           Nobuhiro SHIGYO (Kyushu University), and      |
          |                                                         |
          |        Lembit SIHVER (Technische Universitat Wien)      |
          |                                                         |
          |                 Last Revised  2017-11-22                |
          |_________________________________________________________|

                            __ [ Job Title ] _ 
                           |                  |
                           |  Beam setting 1  |
                           |__________________|

                        Starting Date = 2018-05-05
                        Starting Time = 10h 43m 51

>>> Input Echo >>>=============================================================

[ T i t l e ]
Beam setting 1

[ P a r a m e t e r s ]
 icntl    =           0     # (D=0) 3:ECH 5:NOR 6:SRC 7,8:GSH 11:DSH 12:DUMP
 maxcas   =     5000000     # (D=10) number of particles per one batch
 maxbch   =          10     # (D=10) number of batches
 emin(2)  = 1.000000000E-10 # (D=1.0) cut-off energy of neutron (MeV)
 dmax(2)  =  20.0000000     # (D=emin(2)) data max. energy of neutron (MeV)
 emin(12) = 0.100000000     # (D=1.d9) cut-off energy of electron (MeV)
 emin(13) = 0.100000000     # (D=1.d9) cut-off energy of positron (MeV)
 emin(14) = 1.000000000E-03 # (D=1.d9) cut-off energy of photon (MeV)
 dmax(12) =  1000.00000     # (D=emin(12)) data max. energy of electron (MeV)
 dmax(13) =  1000.00000     # (D=emin(13)) data max. energy of positron (MeV)
 dmax(14) =  1000.00000     # (D=emin(14)) data max. energy of photon (MeV)
 igamma   =           2     # (D=2) 0:No, 1:Old, 2:EBITEM, 3:EBITEM+Isomer
 ipnint   =           0     # (D=0) 0: no, 1: consider photo-nuclear reaction
 negs     =           0     # (D=-1) =-1:original, =0:No, =1:EGS
 file(1)  = c:/phits        # (D=c:/phits) PHITS install folder name
 file(6)  = phits-water.out # (D=phits.out) general output file name
 file(7)  = c:/phits/data/xsdir.jnd # (D=c:/phits/data/xsdir.jnd) nuclear data input file name
 file(20) = c:/phits/XS/egs # (D=c:/phits/XS/egs) EGS library data folder name

[ S o u r c e ]
  totfact =  0.13608        # (D=1.0) global factor
   s-type =   4             # cylindrical source
     proj =  photon         # kind of incident particle         
       r0 =  0.13000        # radius [cm]
       x0 =   0.0000        # (D=0.0) center position of x-axis [cm]
       y0 =  -80.000        # (D=0.0) center position of y-axis [cm]
       z0 = -0.13000        # minimum position of z-axis [cm]
       z1 =  0.13000        # maximum position of z-axis [cm]
      dir =   0.0000        # z-direction of beam [cosine]
      phi =   90.000        # azimuthal angle of beam [degree]
      dom =  0.25000        # spread of beam direction [degree]
   e-type =  20             # energy distribution given by tally output
     file =  cross_eng_Iris7.5.out  # file name of tally output
#      ne =   70            # number of energy bin
#  e-lower      e-upper      fluence
#  0.00000E+00  1.00000E-01  5.93020E-02
#  1.00000E-01  2.00000E-01  4.04230E-01
#  2.00000E-01  3.00000E-01  8.73670E-01
#  3.00000E-01  4.00000E-01  8.92320E-01
#  4.00000E-01  5.00000E-01  8.08700E-01
#  5.00000E-01  6.00000E-01  7.13450E-01
#  6.00000E-01  7.00000E-01  6.24960E-01
#  7.00000E-01  8.00000E-01  5.50570E-01
#  8.00000E-01  9.00000E-01  4.87420E-01
#  9.00000E-01  1.00000E+00  4.36400E-01
#  1.00000E+00  1.10000E+00  4.02830E-01
#  1.10000E+00  1.20000E+00  3.66430E-01
#  1.20000E+00  1.30000E+00  3.30560E-01
#  1.30000E+00  1.40000E+00  3.07420E-01
#  1.40000E+00  1.50000E+00  2.85320E-01
#  1.50000E+00  1.60000E+00  2.65940E-01
#  1.60000E+00  1.70000E+00  2.42990E-01
#  1.70000E+00  1.80000E+00  2.24630E-01
#  1.80000E+00  1.90000E+00  2.10870E-01
#  1.90000E+00  2.00000E+00  1.99450E-01
#  2.00000E+00  2.10000E+00  1.85770E-01
#  2.10000E+00  2.20000E+00  1.79330E-01
#  2.20000E+00  2.30000E+00  1.64860E-01
#  2.30000E+00  2.40000E+00  1.53990E-01
#  2.40000E+00  2.50000E+00  1.42910E-01
#  2.50000E+00  2.60000E+00  1.35390E-01
#  2.60000E+00  2.70000E+00  1.27720E-01
#  2.70000E+00  2.80000E+00  1.22450E-01
#  2.80000E+00  2.90000E+00  1.19450E-01
#  2.90000E+00  3.00000E+00  1.11470E-01
#  3.00000E+00  3.10000E+00  1.03480E-01
#  3.10000E+00  3.20000E+00  9.87590E-02
#  3.20000E+00  3.30000E+00  9.30900E-02
#  3.30000E+00  3.40000E+00  8.93470E-02
#  3.40000E+00  3.50000E+00  8.52750E-02
#  3.50000E+00  3.60000E+00  8.11390E-02
#  3.60000E+00  3.70000E+00  7.62290E-02
#  3.70000E+00  3.80000E+00  7.17600E-02
#  3.80000E+00  3.90000E+00  6.78790E-02
#  3.90000E+00  4.00000E+00  6.71630E-02
#  4.00000E+00  4.10000E+00  6.41770E-02
#  4.10000E+00  4.20000E+00  6.23010E-02
#  4.20000E+00  4.30000E+00  6.00020E-02
#  4.30000E+00  4.40000E+00  5.48370E-02
#  4.40000E+00  4.50000E+00  5.10910E-02
#  4.50000E+00  4.60000E+00  4.80520E-02
#  4.60000E+00  4.70000E+00  4.81950E-02
#  4.70000E+00  4.80000E+00  4.59650E-02
#  4.80000E+00  4.90000E+00  4.17300E-02
#  4.90000E+00  5.00000E+00  3.89240E-02
#  5.00000E+00  5.10000E+00  3.87680E-02
#  5.10000E+00  5.20000E+00  3.52050E-02
#  5.20000E+00  5.30000E+00  3.46220E-02
#  5.30000E+00  5.40000E+00  3.23870E-02
#  5.40000E+00  5.50000E+00  3.05560E-02
#  5.50000E+00  5.60000E+00  3.02430E-02
#  5.60000E+00  5.70000E+00  2.77410E-02
#  5.70000E+00  5.80000E+00  2.65790E-02
#  5.80000E+00  5.90000E+00  2.43280E-02
#  5.90000E+00  6.00000E+00  2.33050E-02
#  6.00000E+00  6.10000E+00  1.96720E-02
#  6.10000E+00  6.20000E+00  1.82090E-02
#  6.20000E+00  6.30000E+00  1.65680E-02
#  6.30000E+00  6.40000E+00  1.63160E-02
#  6.40000E+00  6.50000E+00  1.27960E-02
#  6.50000E+00  6.60000E+00  1.17760E-02
#  6.60000E+00  6.70000E+00  9.20180E-03
#  6.70000E+00  6.80000E+00  6.24870E-03
#  6.80000E+00  6.90000E+00  4.32170E-03
#  6.90000E+00  7.00000E+00  2.39260E-03

[ M a t e r i a l ]
MAT[ 1 ] 
           1H         7.1990000E-09
          12C         7.5850000E-09
          14N         3.9100000E-05
          16O         1.0540000E-05
MAT[ 10 ] 
           1H         2.0000000E+00
          16O         1.0000000E+00

[ C e l l ]
 97        10 -1.0000000E+00  -97 
 98         1 -1.2100000E-03  97 -99 
 99        -1                 99 

[ S u r f a c e ]
 99            so    5.0000000E+02
 97            rpp  -1.5000000E+01  1.5000000E+01  0.0000000E+00
                     3.0000000E+01 -1.5000000E+01  1.5000000E+01

[ T - Deposit ]
    title = [t-deposit: icntl=0]
     mesh =  xyz            # mesh type is xyz scoring mesh
   x-type =    2            # x-mesh is linear given by xmin, xmax and nx
     xmin = -0.2500000      # minimum value of x-mesh points
     xmax =  0.2500000      # maximum value of x-mesh points
#    xdel =  0.5000000      # mesh width of x-mesh points
       nx =    1            # number of x-mesh points
#    data = ( x(i), i = 1, nx + 1 )
#          -2.50000E-01  2.50000E-01
   y-type =    2            # y-mesh is linear given by ymin, ymax and ny
     ymin =   1.350000      # minimum value of y-mesh points
     ymax =   1.650000      # maximum value of y-mesh points
#    ydel =  0.3000000      # mesh width of y-mesh points
       ny =    1            # number of y-mesh points
#    data = ( y(i), i = 1, ny + 1 )
#           1.35000E+00  1.65000E+00
   z-type =    2            # z-mesh is linear given by zmin, zmax and nz
     zmin =  -5.000000      # minimum value of z-mesh points
     zmax =   5.000000      # maximum value of z-mesh points
#    zdel =  0.1250000      # mesh width of z-mesh points
       nz =   80            # number of z-mesh points
#    data = ( z(i), i = 1, nz + 1 )
#          -5.00000E+00 -4.87500E+00 -4.75000E+00 -4.62500E+00 -4.50000E+00
#          -4.37500E+00 -4.25000E+00 -4.12500E+00 -4.00000E+00 -3.87500E+00
#          -3.75000E+00 -3.62500E+00 -3.50000E+00 -3.37500E+00 -3.25000E+00
#          -3.12500E+00 -3.00000E+00 -2.87500E+00 -2.75000E+00 -2.62500E+00
#          -2.50000E+00 -2.37500E+00 -2.25000E+00 -2.12500E+00 -2.00000E+00
#          -1.87500E+00 -1.75000E+00 -1.62500E+00 -1.50000E+00 -1.37500E+00
#          -1.25000E+00 -1.12500E+00 -1.00000E+00 -8.75000E-01 -7.50000E-01
#          -6.25000E-01 -5.00000E-01 -3.75000E-01 -2.50000E-01 -1.25000E-01
#           0.00000E+00  1.25000E-01  2.50000E-01  3.75000E-01  5.00000E-01
#           6.25000E-01  7.50000E-01  8.75000E-01  1.00000E+00  1.12500E+00
#           1.25000E+00  1.37500E+00  1.50000E+00  1.62500E+00  1.75000E+00
#           1.87500E+00  2.00000E+00  2.12500E+00  2.25000E+00  2.37500E+00
#           2.50000E+00  2.62500E+00  2.75000E+00  2.87500E+00  3.00000E+00
#           3.12500E+00  3.25000E+00  3.37500E+00  3.50000E+00  3.62500E+00
#           3.75000E+00  3.87500E+00  4.00000E+00  4.12500E+00  4.25000E+00
#           4.37500E+00  4.50000E+00  4.62500E+00  4.75000E+00  4.87500E+00
#           5.00000E+00
     unit =    0            # unit is [Gy/source]
   letmat =    0            # (D=0) mat ID for LET, 0:real mat, <0: electron for H2O
  dedxfnc =    0            # (D=0) user defined multiplier, 0(no), 1, 2
 material =  all            # (D=all) number of specific material
   output =  dose           # total deposit energy
  deposit =    0            # (D=0) 0-> total deposit dist, 1-> each process
     axis =     z           # axis of output
     file = deposit-z-water-15.out  # file name of output for the above axis
     part =  all      
# kf/name :  0        
#    used :        main (  %)        temp (  %)       total (  %)
#  memory :          88 (  0)           0 (  0)          88 (  0)

[ T - Deposit ]
    title = [t-deposit: icntl=0]
     mesh =  xyz            # mesh type is xyz scoring mesh
   x-type =    2            # x-mesh is linear given by xmin, xmax and nx
     xmin = -0.2500000      # minimum value of x-mesh points
     xmax =  0.2500000      # maximum value of x-mesh points
#    xdel =  0.5000000      # mesh width of x-mesh points
       nx =    1            # number of x-mesh points
#    data = ( x(i), i = 1, nx + 1 )
#          -2.50000E-01  2.50000E-01
   y-type =    2            # y-mesh is linear given by ymin, ymax and ny
     ymin =   4.850000      # minimum value of y-mesh points
     ymax =   5.150000      # maximum value of y-mesh points
#    ydel =  0.3000000      # mesh width of y-mesh points
       ny =    1            # number of y-mesh points
#    data = ( y(i), i = 1, ny + 1 )
#           4.85000E+00  5.15000E+00
   z-type =    2            # z-mesh is linear given by zmin, zmax and nz
     zmin =  -5.000000      # minimum value of z-mesh points
     zmax =   5.000000      # maximum value of z-mesh points
#    zdel =  0.1250000      # mesh width of z-mesh points
       nz =   80            # number of z-mesh points
#    data = ( z(i), i = 1, nz + 1 )
#          -5.00000E+00 -4.87500E+00 -4.75000E+00 -4.62500E+00 -4.50000E+00
#          -4.37500E+00 -4.25000E+00 -4.12500E+00 -4.00000E+00 -3.87500E+00
#          -3.75000E+00 -3.62500E+00 -3.50000E+00 -3.37500E+00 -3.25000E+00
#          -3.12500E+00 -3.00000E+00 -2.87500E+00 -2.75000E+00 -2.62500E+00
#          -2.50000E+00 -2.37500E+00 -2.25000E+00 -2.12500E+00 -2.00000E+00
#          -1.87500E+00 -1.75000E+00 -1.62500E+00 -1.50000E+00 -1.37500E+00
#          -1.25000E+00 -1.12500E+00 -1.00000E+00 -8.75000E-01 -7.50000E-01
#          -6.25000E-01 -5.00000E-01 -3.75000E-01 -2.50000E-01 -1.25000E-01
#           0.00000E+00  1.25000E-01  2.50000E-01  3.75000E-01  5.00000E-01
#           6.25000E-01  7.50000E-01  8.75000E-01  1.00000E+00  1.12500E+00
#           1.25000E+00  1.37500E+00  1.50000E+00  1.62500E+00  1.75000E+00
#           1.87500E+00  2.00000E+00  2.12500E+00  2.25000E+00  2.37500E+00
#           2.50000E+00  2.62500E+00  2.75000E+00  2.87500E+00  3.00000E+00
#           3.12500E+00  3.25000E+00  3.37500E+00  3.50000E+00  3.62500E+00
#           3.75000E+00  3.87500E+00  4.00000E+00  4.12500E+00  4.25000E+00
#           4.37500E+00  4.50000E+00  4.62500E+00  4.75000E+00  4.87500E+00
#           5.00000E+00
     unit =    0            # unit is [Gy/source]
   letmat =    0            # (D=0) mat ID for LET, 0:real mat, <0: electron for H2O
  dedxfnc =    0            # (D=0) user defined multiplier, 0(no), 1, 2
 material =  all            # (D=all) number of specific material
   output =  dose           # total deposit energy
  deposit =    0            # (D=0) 0-> total deposit dist, 1-> each process
     axis =     z           # axis of output
     file = deposit-z-water-50.out  # file name of output for the above axis
     part =  all      
# kf/name :  0        
#    used :        main (  %)        temp (  %)       total (  %)
#  memory :          88 (  0)           0 (  0)          88 (  0)

[ T - Deposit ]
    title = [t-deposit: icntl=0]
     mesh =  xyz            # mesh type is xyz scoring mesh
   x-type =    2            # x-mesh is linear given by xmin, xmax and nx
     xmin = -0.2500000      # minimum value of x-mesh points
     xmax =  0.2500000      # maximum value of x-mesh points
#    xdel =  0.5000000      # mesh width of x-mesh points
       nx =    1            # number of x-mesh points
#    data = ( x(i), i = 1, nx + 1 )
#          -2.50000E-01  2.50000E-01
   y-type =    2            # y-mesh is linear given by ymin, ymax and ny
     ymin =   9.850000      # minimum value of y-mesh points
     ymax =   10.15000      # maximum value of y-mesh points
#    ydel =  0.3000000      # mesh width of y-mesh points
       ny =    1            # number of y-mesh points
#    data = ( y(i), i = 1, ny + 1 )
#           9.85000E+00  1.01500E+01
   z-type =    2            # z-mesh is linear given by zmin, zmax and nz
     zmin =  -5.000000      # minimum value of z-mesh points
     zmax =   5.000000      # maximum value of z-mesh points
#    zdel =  0.1250000      # mesh width of z-mesh points
       nz =   80            # number of z-mesh points
#    data = ( z(i), i = 1, nz + 1 )
#          -5.00000E+00 -4.87500E+00 -4.75000E+00 -4.62500E+00 -4.50000E+00
#          -4.37500E+00 -4.25000E+00 -4.12500E+00 -4.00000E+00 -3.87500E+00
#          -3.75000E+00 -3.62500E+00 -3.50000E+00 -3.37500E+00 -3.25000E+00
#          -3.12500E+00 -3.00000E+00 -2.87500E+00 -2.75000E+00 -2.62500E+00
#          -2.50000E+00 -2.37500E+00 -2.25000E+00 -2.12500E+00 -2.00000E+00
#          -1.87500E+00 -1.75000E+00 -1.62500E+00 -1.50000E+00 -1.37500E+00
#          -1.25000E+00 -1.12500E+00 -1.00000E+00 -8.75000E-01 -7.50000E-01
#          -6.25000E-01 -5.00000E-01 -3.75000E-01 -2.50000E-01 -1.25000E-01
#           0.00000E+00  1.25000E-01  2.50000E-01  3.75000E-01  5.00000E-01
#           6.25000E-01  7.50000E-01  8.75000E-01  1.00000E+00  1.12500E+00
#           1.25000E+00  1.37500E+00  1.50000E+00  1.62500E+00  1.75000E+00
#           1.87500E+00  2.00000E+00  2.12500E+00  2.25000E+00  2.37500E+00
#           2.50000E+00  2.62500E+00  2.75000E+00  2.87500E+00  3.00000E+00
#           3.12500E+00  3.25000E+00  3.37500E+00  3.50000E+00  3.62500E+00
#           3.75000E+00  3.87500E+00  4.00000E+00  4.12500E+00  4.25000E+00
#           4.37500E+00  4.50000E+00  4.62500E+00  4.75000E+00  4.87500E+00
#           5.00000E+00
     unit =    0            # unit is [Gy/source]
   letmat =    0            # (D=0) mat ID for LET, 0:real mat, <0: electron for H2O
  dedxfnc =    0            # (D=0) user defined multiplier, 0(no), 1, 2
 material =  all            # (D=all) number of specific material
   output =  dose           # total deposit energy
  deposit =    0            # (D=0) 0-> total deposit dist, 1-> each process
     axis =     z           # axis of output
     file = deposit-z-water-100.out  # file name of output for the above axis
     part =  all      
# kf/name :  0        
#    used :        main (  %)        temp (  %)       total (  %)
#  memory :          88 (  0)           0 (  0)          88 (  0)

[ T - Deposit ]
    title = [t-deposit: icntl=0]
     mesh =  xyz            # mesh type is xyz scoring mesh
   x-type =    2            # x-mesh is linear given by xmin, xmax and nx
     xmin = -0.2500000      # minimum value of x-mesh points
     xmax =  0.2500000      # maximum value of x-mesh points
#    xdel =  0.5000000      # mesh width of x-mesh points
       nx =    1            # number of x-mesh points
#    data = ( x(i), i = 1, nx + 1 )
#          -2.50000E-01  2.50000E-01
   y-type =    2            # y-mesh is linear given by ymin, ymax and ny
     ymin =   19.85000      # minimum value of y-mesh points
     ymax =   20.15000      # maximum value of y-mesh points
#    ydel =  0.3000000      # mesh width of y-mesh points
       ny =    1            # number of y-mesh points
#    data = ( y(i), i = 1, ny + 1 )
#           1.98500E+01  2.01500E+01
   z-type =    2            # z-mesh is linear given by zmin, zmax and nz
     zmin =  -5.000000      # minimum value of z-mesh points
     zmax =   5.000000      # maximum value of z-mesh points
#    zdel =  0.1250000      # mesh width of z-mesh points
       nz =   80            # number of z-mesh points
#    data = ( z(i), i = 1, nz + 1 )
#          -5.00000E+00 -4.87500E+00 -4.75000E+00 -4.62500E+00 -4.50000E+00
#          -4.37500E+00 -4.25000E+00 -4.12500E+00 -4.00000E+00 -3.87500E+00
#          -3.75000E+00 -3.62500E+00 -3.50000E+00 -3.37500E+00 -3.25000E+00
#          -3.12500E+00 -3.00000E+00 -2.87500E+00 -2.75000E+00 -2.62500E+00
#          -2.50000E+00 -2.37500E+00 -2.25000E+00 -2.12500E+00 -2.00000E+00
#          -1.87500E+00 -1.75000E+00 -1.62500E+00 -1.50000E+00 -1.37500E+00
#          -1.25000E+00 -1.12500E+00 -1.00000E+00 -8.75000E-01 -7.50000E-01
#          -6.25000E-01 -5.00000E-01 -3.75000E-01 -2.50000E-01 -1.25000E-01
#           0.00000E+00  1.25000E-01  2.50000E-01  3.75000E-01  5.00000E-01
#           6.25000E-01  7.50000E-01  8.75000E-01  1.00000E+00  1.12500E+00
#           1.25000E+00  1.37500E+00  1.50000E+00  1.62500E+00  1.75000E+00
#           1.87500E+00  2.00000E+00  2.12500E+00  2.25000E+00  2.37500E+00
#           2.50000E+00  2.62500E+00  2.75000E+00  2.87500E+00  3.00000E+00
#           3.12500E+00  3.25000E+00  3.37500E+00  3.50000E+00  3.62500E+00
#           3.75000E+00  3.87500E+00  4.00000E+00  4.12500E+00  4.25000E+00
#           4.37500E+00  4.50000E+00  4.62500E+00  4.75000E+00  4.87500E+00
#           5.00000E+00
     unit =    0            # unit is [Gy/source]
   letmat =    0            # (D=0) mat ID for LET, 0:real mat, <0: electron for H2O
  dedxfnc =    0            # (D=0) user defined multiplier, 0(no), 1, 2
 material =  all            # (D=all) number of specific material
   output =  dose           # total deposit energy
  deposit =    0            # (D=0) 0-> total deposit dist, 1-> each process
     axis =     z           # axis of output
     file = deposit-z-water-200.out  # file name of output for the above axis
     part =  all      
# kf/name :  0        
#    used :        main (  %)        temp (  %)       total (  %)
#  memory :          88 (  0)           0 (  0)          88 (  0)

[ T - Deposit ]
    title = [t-deposit: icntl=0]
     mesh =  xyz            # mesh type is xyz scoring mesh
   x-type =    2            # x-mesh is linear given by xmin, xmax and nx
     xmin = -0.2500000      # minimum value of x-mesh points
     xmax =  0.2500000      # maximum value of x-mesh points
#    xdel =  0.5000000      # mesh width of x-mesh points
       nx =    1            # number of x-mesh points
#    data = ( x(i), i = 1, nx + 1 )
#          -2.50000E-01  2.50000E-01
   y-type =    2            # y-mesh is linear given by ymin, ymax and ny
     ymin =   29.85000      # minimum value of y-mesh points
     ymax =   30.15000      # maximum value of y-mesh points
#    ydel =  0.3000000      # mesh width of y-mesh points
       ny =    1            # number of y-mesh points
#    data = ( y(i), i = 1, ny + 1 )
#           2.98500E+01  3.01500E+01
   z-type =    2            # z-mesh is linear given by zmin, zmax and nz
     zmin =  -5.000000      # minimum value of z-mesh points
     zmax =   5.000000      # maximum value of z-mesh points
#    zdel =  0.1250000      # mesh width of z-mesh points
       nz =   80            # number of z-mesh points
#    data = ( z(i), i = 1, nz + 1 )
#          -5.00000E+00 -4.87500E+00 -4.75000E+00 -4.62500E+00 -4.50000E+00
#          -4.37500E+00 -4.25000E+00 -4.12500E+00 -4.00000E+00 -3.87500E+00
#          -3.75000E+00 -3.62500E+00 -3.50000E+00 -3.37500E+00 -3.25000E+00
#          -3.12500E+00 -3.00000E+00 -2.87500E+00 -2.75000E+00 -2.62500E+00
#          -2.50000E+00 -2.37500E+00 -2.25000E+00 -2.12500E+00 -2.00000E+00
#          -1.87500E+00 -1.75000E+00 -1.62500E+00 -1.50000E+00 -1.37500E+00
#          -1.25000E+00 -1.12500E+00 -1.00000E+00 -8.75000E-01 -7.50000E-01
#          -6.25000E-01 -5.00000E-01 -3.75000E-01 -2.50000E-01 -1.25000E-01
#           0.00000E+00  1.25000E-01  2.50000E-01  3.75000E-01  5.00000E-01
#           6.25000E-01  7.50000E-01  8.75000E-01  1.00000E+00  1.12500E+00
#           1.25000E+00  1.37500E+00  1.50000E+00  1.62500E+00  1.75000E+00
#           1.87500E+00  2.00000E+00  2.12500E+00  2.25000E+00  2.37500E+00
#           2.50000E+00  2.62500E+00  2.75000E+00  2.87500E+00  3.00000E+00
#           3.12500E+00  3.25000E+00  3.37500E+00  3.50000E+00  3.62500E+00
#           3.75000E+00  3.87500E+00  4.00000E+00  4.12500E+00  4.25000E+00
#           4.37500E+00  4.50000E+00  4.62500E+00  4.75000E+00  4.87500E+00
#           5.00000E+00
     unit =    0            # unit is [Gy/source]
   letmat =    0            # (D=0) mat ID for LET, 0:real mat, <0: electron for H2O
  dedxfnc =    0            # (D=0) user defined multiplier, 0(no), 1, 2
 material =  all            # (D=all) number of specific material
   output =  dose           # total deposit energy
  deposit =    0            # (D=0) 0-> total deposit dist, 1-> each process
     axis =     z           # axis of output
     file = deposit-z-water-300.out  # file name of output for the above axis
     part =  all      
# kf/name :  0        
#    used :        main (  %)        temp (  %)       total (  %)
#  memory :          88 (  0)           0 (  0)          88 (  0)

[ T - Deposit ]
    title = [t-deposit: icntl=0]
     mesh =  xyz            # mesh type is xyz scoring mesh
   x-type =    2            # x-mesh is linear given by xmin, xmax and nx
     xmin = -0.1000000      # minimum value of x-mesh points
     xmax =  0.1000000      # maximum value of x-mesh points
#    xdel =  0.2000000      # mesh width of x-mesh points
       nx =    1            # number of x-mesh points
#    data = ( x(i), i = 1, nx + 1 )
#          -1.00000E-01  1.00000E-01
   y-type =    2            # y-mesh is linear given by ymin, ymax and ny
     ymin =   0.000000      # minimum value of y-mesh points
     ymax =   30.00000      # maximum value of y-mesh points
#    ydel =  0.2000000      # mesh width of y-mesh points
       ny =  150            # number of y-mesh points
#    data = ( y(i), i = 1, ny + 1 )
#           0.00000E+00  2.00000E-01  4.00000E-01  6.00000E-01  8.00000E-01
#           1.00000E+00  1.20000E+00  1.40000E+00  1.60000E+00  1.80000E+00
#           2.00000E+00  2.20000E+00  2.40000E+00  2.60000E+00  2.80000E+00
#           3.00000E+00  3.20000E+00  3.40000E+00  3.60000E+00  3.80000E+00
#           4.00000E+00  4.20000E+00  4.40000E+00  4.60000E+00  4.80000E+00
#           5.00000E+00  5.20000E+00  5.40000E+00  5.60000E+00  5.80000E+00
#           6.00000E+00  6.20000E+00  6.40000E+00  6.60000E+00  6.80000E+00
#           7.00000E+00  7.20000E+00  7.40000E+00  7.60000E+00  7.80000E+00
#           8.00000E+00  8.20000E+00  8.40000E+00  8.60000E+00  8.80000E+00
#           9.00000E+00  9.20000E+00  9.40000E+00  9.60000E+00  9.80000E+00
#           1.00000E+01  1.02000E+01  1.04000E+01  1.06000E+01  1.08000E+01
#           1.10000E+01  1.12000E+01  1.14000E+01  1.16000E+01  1.18000E+01
#           1.20000E+01  1.22000E+01  1.24000E+01  1.26000E+01  1.28000E+01
#           1.30000E+01  1.32000E+01  1.34000E+01  1.36000E+01  1.38000E+01
#           1.40000E+01  1.42000E+01  1.44000E+01  1.46000E+01  1.48000E+01
#           1.50000E+01  1.52000E+01  1.54000E+01  1.56000E+01  1.58000E+01
#           1.60000E+01  1.62000E+01  1.64000E+01  1.66000E+01  1.68000E+01
#           1.70000E+01  1.72000E+01  1.74000E+01  1.76000E+01  1.78000E+01
#           1.80000E+01  1.82000E+01  1.84000E+01  1.86000E+01  1.88000E+01
#           1.90000E+01  1.92000E+01  1.94000E+01  1.96000E+01  1.98000E+01
#           2.00000E+01  2.02000E+01  2.04000E+01  2.06000E+01  2.08000E+01
#           2.10000E+01  2.12000E+01  2.14000E+01  2.16000E+01  2.18000E+01
#           2.20000E+01  2.22000E+01  2.24000E+01  2.26000E+01  2.28000E+01
#           2.30000E+01  2.32000E+01  2.34000E+01  2.36000E+01  2.38000E+01
#           2.40000E+01  2.42000E+01  2.44000E+01  2.46000E+01  2.48000E+01
#           2.50000E+01  2.52000E+01  2.54000E+01  2.56000E+01  2.58000E+01
#           2.60000E+01  2.62000E+01  2.64000E+01  2.66000E+01  2.68000E+01
#           2.70000E+01  2.72000E+01  2.74000E+01  2.76000E+01  2.78000E+01
#           2.80000E+01  2.82000E+01  2.84000E+01  2.86000E+01  2.88000E+01
#           2.90000E+01  2.92000E+01  2.94000E+01  2.96000E+01  2.98000E+01
#           3.00000E+01
   z-type =    2            # z-mesh is linear given by zmin, zmax and nz
     zmin = -0.1000000      # minimum value of z-mesh points
     zmax =  0.1000000      # maximum value of z-mesh points
#    zdel =  0.2000000      # mesh width of z-mesh points
       nz =    1            # number of z-mesh points
#    data = ( z(i), i = 1, nz + 1 )
#          -1.00000E-01  1.00000E-01
     unit =    0            # unit is [Gy/source]
   letmat =    0            # (D=0) mat ID for LET, 0:real mat, <0: electron for H2O
  dedxfnc =    0            # (D=0) user defined multiplier, 0(no), 1, 2
 material =  all            # (D=all) number of specific material
   output =  dose           # total deposit energy
  deposit =    0            # (D=0) 0-> total deposit dist, 1-> each process
     axis =     y           # axis of output
     file = deposit-y-water.out  # file name of output for the above axis
     part =  all      
# kf/name :  0        
   epsout =    1            # (D=0) generate eps file by ANGEL
#    used :        main (  %)        temp (  %)       total (  %)
#  memory :         158 (  0)           0 (  0)         158 (  0)

[ T - C r o s s ]
    title = energy spectrum
     mesh =  xyz            # mesh type is xyz scoring mesh
   x-type =    2            # x-mesh is linear given by xmin, xmax and nx
     xmin = -0.3000000      # minimum value of x-mesh points
     xmax =  0.3000000      # maximum value of x-mesh points
#    xdel =  0.6000000      # mesh width of x-mesh points
       nx =    1            # number of x-mesh points
#    data = ( x(i), i = 1, nx + 1 )
#          -3.00000E-01  3.00000E-01
   y-type =    1            # y-mesh is given by the below data
       ny =      1          # number of y-mesh points
#    data = ( y(i), i = 1, ny + 1 )
           -3.00000E+01 -1.00000E+01
   z-type =    2            # z-mesh is linear given by zmin, zmax and nz
     zmin = -0.3000000      # minimum value of z-mesh points
     zmax =  0.3000000      # maximum value of z-mesh points
#    zdel =  0.6000000      # mesh width of z-mesh points
       nz =    1            # number of z-mesh points
#    data = ( z(i), i = 1, nz + 1 )
#          -3.00000E-01  3.00000E-01
   e-type =    2            # e-mesh is linear given by emin, emax and ne
     emin =   0.000000      # minimum value of e-mesh points
     emax =   7.000000      # maximum value of e-mesh points
#    edel =  0.1000000      # mesh width of e-mesh points
       ne =   70            # number of e-mesh points
#    data = ( e(i), i = 1, ne + 1 )
#           0.00000E+00  1.00000E-01  2.00000E-01  3.00000E-01  4.00000E-01
#           5.00000E-01  6.00000E-01  7.00000E-01  8.00000E-01  9.00000E-01
#           1.00000E+00  1.10000E+00  1.20000E+00  1.30000E+00  1.40000E+00
#           1.50000E+00  1.60000E+00  1.70000E+00  1.80000E+00  1.90000E+00
#           2.00000E+00  2.10000E+00  2.20000E+00  2.30000E+00  2.40000E+00
#           2.50000E+00  2.60000E+00  2.70000E+00  2.80000E+00  2.90000E+00
#           3.00000E+00  3.10000E+00  3.20000E+00  3.30000E+00  3.40000E+00
#           3.50000E+00  3.60000E+00  3.70000E+00  3.80000E+00  3.90000E+00
#           4.00000E+00  4.10000E+00  4.20000E+00  4.30000E+00  4.40000E+00
#           4.50000E+00  4.60000E+00  4.70000E+00  4.80000E+00  4.90000E+00
#           5.00000E+00  5.10000E+00  5.20000E+00  5.30000E+00  5.40000E+00
#           5.50000E+00  5.60000E+00  5.70000E+00  5.80000E+00  5.90000E+00
#           6.00000E+00  6.10000E+00  6.20000E+00  6.30000E+00  6.40000E+00
#           6.50000E+00  6.60000E+00  6.70000E+00  6.80000E+00  6.90000E+00
#           7.00000E+00
     unit =    2            # unit is [1/cm^2/MeV/source]
     axis =  eng            # axis of output
     file = cross_eng-w.out  # file name of output for the above axis
   output = flux            # surface crossing flux
     part =  photon     electron 
# kf/name :  22         11       
    angel = ylin
   epsout =    1            # (D=0) generate eps file by ANGEL
   stdcut = 1.0000000E-02   # (D=-1) threshold value of STD cutoff
#    used :        main (  %)        temp (  %)       total (  %)
#  memory :          81 (  0)           0 (  0)          81 (  0)

[END] of Input Echo <<<========================================================

<<< Report of real Geometry memory >>>
*           GG/CG memory =      140
*     total memory: mdas = 80000000
*                percent =     0.00 %

<<< Report of material memory for high energy>>>
*   high energy material =      254
*     total memory: mdas = 80000000
*                percent =     0.00 %

<<< Report of material memory for low energy>>>
*    low energy material =   331710
*     total memory: mdas = 80000000
*                percent =     0.41 %

<<< Report of real tally memory >>>
*      real tally memory =      679
*     total memory: mdas = 80000000
*                percent =     0.00 %

<<< Report of temporary tally memory >>>
* temporary tally memory =   329846
*     total memory: mdas = 80000000
*                percent =     0.41 %

<<< Report of other memory >>>
*           other memory =     2064
*     total memory: mdas = 80000000
*                percent =     0.00 %

<<< Report of total memory >>>
*      used total memory =   334847
*     total memory: mdas = 80000000
*                percent =     0.42 %
*                ---------------------

-------------------------------------------------------------------------------
bat[       1] ncas =        5000000. : rijk    =   6647299061401.
       low neutron =              0. : ncall/s = -6.923312940E+01
          cpu time =   4 m. 21.59 s.

-------------------------------------------------------------------------------
bat[       2] ncas =       10000000. : rijk    = 249405043501977.
       low neutron =              0. : ncall/s = -6.897313840E+01
          cpu time =   4 m. 32.73 s.

-------------------------------------------------------------------------------
bat[       3] ncas =       15000000. : rijk    = 173130845167769.
       low neutron =              0. : ncall/s = -6.874258640E+01
          cpu time =   4 m. 25.82 s.

-------------------------------------------------------------------------------
bat[       4] ncas =       20000000. : rijk    =  83061000131993.
       low neutron =              0. : ncall/s = -6.905443480E+01
          cpu time =   4 m. 26.79 s.

-------------------------------------------------------------------------------
bat[       5] ncas =       25000000. : rijk    =  86970683034265.
       low neutron =              0. : ncall/s = -6.886684920E+01
          cpu time =   4 m. 34.57 s.

-------------------------------------------------------------------------------
bat[       6] ncas =       30000000. : rijk    = 171040249397145.
       low neutron =              0. : ncall/s = -6.844645320E+01
          cpu time =   4 m. 25.29 s.

-------------------------------------------------------------------------------
bat[       7] ncas =       35000000. : rijk    = 275721537942681.
       low neutron =              0. : ncall/s = -6.981936180E+01
          cpu time =   4 m. 27.76 s.

-------------------------------------------------------------------------------
bat[       8] ncas =       40000000. : rijk    =  90129196198297.
       low neutron =              0. : ncall/s = -6.917809460E+01
          cpu time =   4 m. 27.00 s.

-------------------------------------------------------------------------------
bat[       9] ncas =       45000000. : rijk    = 253806889655961.
       low neutron =              0. : ncall/s = -6.955379320E+01
          cpu time =   4 m. 27.51 s.

-------------------------------------------------------------------------------
bat[      10] ncas =       50000000. : rijk    = 180793790403481.
       low neutron =              0. : ncall/s = -6.916530120E+01
          cpu time =   4 m. 25.03 s.

===============================================================================

 Summary for the end of job

-------------------------------------------------------------------------------
 number of analyz call vs ncol
-------------------------------------------------------------------------------
     ncol          number
        1              1.   : start of calculation            
        2              1.   : end of calculation              
        3             10.   : end of a batch                  
        4       50000000.   : source                          
        5              0.   : detection of geometry error/warn
        6              0.   : recovery from geometry warning  
        7              0.   : termination by geometry error   
        8              0.   : termination by weight cut-off   
        9              0.   : termination by time cut-off     
       10       95775000.   : geometry boundary crossing      
       11           2497.   : termination by energy cut-off   
       12       46097490.   : termination by escape or leakage
       13       75864998.   : reaction : (n,x) type           
       14     2930143572.   : reaction : (n,n'x) type         
       15              0.   : sequential transport for tally  

-------------------------------------------------------------------------------
 List of transport particles
-------------------------------------------------------------------------------
     Name      kf-code        mass       charge   baryon
     electron       11          0.5        -1       0
     positron      -11          0.5         1       0
     photon         22          0.0         0       0

-------------------------------------------------------------------------------
 prod. particles       number        weight        weight per source
-------------------------------------------------------------------------------
     electron      204602776.     2.0460278E+08     5.5682973E-01
     photon          4241439.     4.2414390E+06     1.1543144E-02
     positron         422390.     4.2239000E+05     1.1495412E-03

-------------------------------------------------------------------------------
 stop. particles.    number        weight        weight per source
-------------------------------------------------------------------------------
     electron      204375799.     2.0437580E+08     5.5621201E-01
     positron         417383.     4.1738300E+05     1.1359145E-03
     photon             2497.     2.4970000E+03     6.7956255E-06

-------------------------------------------------------------------------------
 leak. particles       number        weight        weight per source
-------------------------------------------------------------------------------
     photon         45865506.     4.5865506E+07     1.2482371E-01
     electron         226977.     2.2697700E+05     6.1772154E-04
     positron           5007.     5.0070000E+03     1.3626631E-05

-------------------------------------------------------------------------------
 source: maxcas    maxbch      irskip   average weight          total source
-------------------------------------------------------------------------------
     5000000          10           0    7.3488452E+00    3.6744226113539E+08

-------------------------------------------------------------------------------
 CG error summary
-------------------------------------------------------------------------------
 Number of lost particles     =     0 / nlost =       10
 Number of geometry recovering =     0
 Number of unrecovered errors =     0

-------------------------------------------------------------------------------
      initial random seed =   6647299061401.0
 next initial random seed = 105815716415641.0

-------------------------------------------------------------------------------
 job termination date : 2018/05/05
                 time :   11:28:25

-------------------------------------------------------------------------------
    CPU time and number of event called in PHITS
-------------------------------------------------------------------------------

                             sec
total cpu time =         2674.27


                           count
      analysis =     3197883567.  : data processing
         nevap =              0.  : evaporation
        dexgam =              0.  : de-excitation
         nreac =     3006008570.  : atomic and nuclear reactions
         dklos =              0.  : particle decay
         hydro =              0.  : nucleon-nucleon scattering
        n-data =              0.  : neutron data library
        h-data =              0.  : proton data library
        p-data =      200082208.  : photon data library
        e-data =     2805926362.  : electron data library
        p-egs5 =              0.  : photon interaction with EGS5
        e-egs5 =              0.  : electron interaction with EGS5
      e-tsmode =              0.  : electron track structure mode
     photonucl =              0.  : photo-nuclear reaction
       mu-reac =              0.  : muon-induced nuclear reaction
       mu-brem =              0.  : muon-induced bremsstrahlung
       mu-pprd =              0.  : muon-induced pair production
        mu-cap =              0.  : muon capture in nucleus
         elast =              0.  : elastic scattering
         ncasc =              0.  : nuclear reaction model

       bertini =              0.  : Bertini model
        isobar =              0.  : isobar model
           JAM =              0.  : JAM model
           QMD =              0.  : JQMD model
        JAMQMD =              0.  : JAMQMD model
          INCL =              0.  : INCL model
        INCELF =              0.  : INCELF model

>>> Citation Request >>>=======================================================

 This execution uses model(s) that must be explicitly cited in addition to
 the PHITS original document: T.Sato et al., J.Nucl.Sci.Technol.50, 913-923 (2013).
 Please refer the following document(s) in your publication using this result

 The KUROTAMA model:
    K. Iida, A. Kohama, and K. Oyamatsu, J. Phys. Soc. Japan 76, 044201 (2007).

 END 
