[ T - Deposit ]
    title = [t-deposit: icntl=0]
     mesh =  xyz            # mesh type is xyz scoring mesh
   x-type =    2            # x-mesh is linear given by xmin, xmax and nx
     xmin = -0.1000000      # minimum value of x-mesh points
     xmax =  0.1000000      # maximum value of x-mesh points
#    xdel =  0.2000000      # mesh width of x-mesh points
       nx =    1            # number of x-mesh points
#    data = ( x(i), i = 1, nx + 1 )
#          -1.00000E-01  1.00000E-01
   y-type =    2            # y-mesh is linear given by ymin, ymax and ny
     ymin =   0.000000      # minimum value of y-mesh points
     ymax =   30.00000      # maximum value of y-mesh points
#    ydel =  0.2000000      # mesh width of y-mesh points
       ny =  150            # number of y-mesh points
#    data = ( y(i), i = 1, ny + 1 )
#           0.00000E+00  2.00000E-01  4.00000E-01  6.00000E-01  8.00000E-01
#           1.00000E+00  1.20000E+00  1.40000E+00  1.60000E+00  1.80000E+00
#           2.00000E+00  2.20000E+00  2.40000E+00  2.60000E+00  2.80000E+00
#           3.00000E+00  3.20000E+00  3.40000E+00  3.60000E+00  3.80000E+00
#           4.00000E+00  4.20000E+00  4.40000E+00  4.60000E+00  4.80000E+00
#           5.00000E+00  5.20000E+00  5.40000E+00  5.60000E+00  5.80000E+00
#           6.00000E+00  6.20000E+00  6.40000E+00  6.60000E+00  6.80000E+00
#           7.00000E+00  7.20000E+00  7.40000E+00  7.60000E+00  7.80000E+00
#           8.00000E+00  8.20000E+00  8.40000E+00  8.60000E+00  8.80000E+00
#           9.00000E+00  9.20000E+00  9.40000E+00  9.60000E+00  9.80000E+00
#           1.00000E+01  1.02000E+01  1.04000E+01  1.06000E+01  1.08000E+01
#           1.10000E+01  1.12000E+01  1.14000E+01  1.16000E+01  1.18000E+01
#           1.20000E+01  1.22000E+01  1.24000E+01  1.26000E+01  1.28000E+01
#           1.30000E+01  1.32000E+01  1.34000E+01  1.36000E+01  1.38000E+01
#           1.40000E+01  1.42000E+01  1.44000E+01  1.46000E+01  1.48000E+01
#           1.50000E+01  1.52000E+01  1.54000E+01  1.56000E+01  1.58000E+01
#           1.60000E+01  1.62000E+01  1.64000E+01  1.66000E+01  1.68000E+01
#           1.70000E+01  1.72000E+01  1.74000E+01  1.76000E+01  1.78000E+01
#           1.80000E+01  1.82000E+01  1.84000E+01  1.86000E+01  1.88000E+01
#           1.90000E+01  1.92000E+01  1.94000E+01  1.96000E+01  1.98000E+01
#           2.00000E+01  2.02000E+01  2.04000E+01  2.06000E+01  2.08000E+01
#           2.10000E+01  2.12000E+01  2.14000E+01  2.16000E+01  2.18000E+01
#           2.20000E+01  2.22000E+01  2.24000E+01  2.26000E+01  2.28000E+01
#           2.30000E+01  2.32000E+01  2.34000E+01  2.36000E+01  2.38000E+01
#           2.40000E+01  2.42000E+01  2.44000E+01  2.46000E+01  2.48000E+01
#           2.50000E+01  2.52000E+01  2.54000E+01  2.56000E+01  2.58000E+01
#           2.60000E+01  2.62000E+01  2.64000E+01  2.66000E+01  2.68000E+01
#           2.70000E+01  2.72000E+01  2.74000E+01  2.76000E+01  2.78000E+01
#           2.80000E+01  2.82000E+01  2.84000E+01  2.86000E+01  2.88000E+01
#           2.90000E+01  2.92000E+01  2.94000E+01  2.96000E+01  2.98000E+01
#           3.00000E+01
   z-type =    2            # z-mesh is linear given by zmin, zmax and nz
     zmin = -0.1000000      # minimum value of z-mesh points
     zmax =  0.1000000      # maximum value of z-mesh points
#    zdel =  0.2000000      # mesh width of z-mesh points
       nz =    1            # number of z-mesh points
#    data = ( z(i), i = 1, nz + 1 )
#          -1.00000E-01  1.00000E-01
     unit =    0            # unit is [Gy/source]
   letmat =    0            # (D=0) mat ID for LET, 0:real mat, <0: electron for H2O
  dedxfnc =    0            # (D=0) user defined multiplier, 0(no), 1, 2
 material =  all            # (D=all) number of specific material
   output =  dose           # total deposit energy
  deposit =    0            # (D=0) 0-> total deposit dist, 1-> each process
     axis =     y           # axis of output
     file = deposit-y-water.out  # file name of output for the above axis
     part =  all      
# kf/name :  0        
   epsout =    1            # (D=0) generate eps file by ANGEL
#    used :        main (  %)        temp (  %)       total (  %)
#  memory :         158 (  0)           0 (  0)         158 (  0)

#------------------------------------------------------------------------------
#newpage:
#   no. =  1   ix  =  1   iz  =  1
#   x = (  -1.0000E-01  -   1.0000E-01  )
#   z = (  -1.0000E-01  -   1.0000E-01  )

x: y [cm]
y: Dose [Gy/source]      
p: xlin ylog afac(0.8) form(0.9)
h: n            x            y(all     ),hh0l   n 
#  y-lower      y-upper      all         r.err 
   0.0000E+00   2.0000E-01   1.1330E-14  0.0409
   2.0000E-01   4.0000E-01   2.0070E-14  0.0265
   4.0000E-01   6.0000E-01   2.2835E-14  0.0245
   6.0000E-01   8.0000E-01   2.5079E-14  0.0232
   8.0000E-01   1.0000E+00   2.6777E-14  0.0370
   1.0000E+00   1.2000E+00   2.5983E-14  0.0255
   1.2000E+00   1.4000E+00   2.6835E-14  0.0171
   1.4000E+00   1.6000E+00   2.6986E-14  0.0202
   1.6000E+00   1.8000E+00   2.5134E-14  0.0245
   1.8000E+00   2.0000E+00   2.5435E-14  0.0278
   2.0000E+00   2.2000E+00   2.7088E-14  0.0235
   2.2000E+00   2.4000E+00   2.6565E-14  0.0287
   2.4000E+00   2.6000E+00   2.7297E-14  0.0229
   2.6000E+00   2.8000E+00   2.4934E-14  0.0280
   2.8000E+00   3.0000E+00   2.4511E-14  0.0173
   3.0000E+00   3.2000E+00   2.4617E-14  0.0303
   3.2000E+00   3.4000E+00   2.4424E-14  0.0312
   3.4000E+00   3.6000E+00   2.3270E-14  0.0200
   3.6000E+00   3.8000E+00   2.4136E-14  0.0378
   3.8000E+00   4.0000E+00   2.5954E-14  0.0371
   4.0000E+00   4.2000E+00   2.3859E-14  0.0323
   4.2000E+00   4.4000E+00   2.4303E-14  0.0191
   4.4000E+00   4.6000E+00   2.1590E-14  0.0176
   4.6000E+00   4.8000E+00   2.2982E-14  0.0182
   4.8000E+00   5.0000E+00   2.3342E-14  0.0226
   5.0000E+00   5.2000E+00   2.2452E-14  0.0345
   5.2000E+00   5.4000E+00   2.1896E-14  0.0291
   5.4000E+00   5.6000E+00   2.1396E-14  0.0339
   5.6000E+00   5.8000E+00   2.2285E-14  0.0285
   5.8000E+00   6.0000E+00   2.2428E-14  0.0308
   6.0000E+00   6.2000E+00   2.0993E-14  0.0226
   6.2000E+00   6.4000E+00   1.9289E-14  0.0220
   6.4000E+00   6.6000E+00   2.0025E-14  0.0253
   6.6000E+00   6.8000E+00   1.9483E-14  0.0218
   6.8000E+00   7.0000E+00   1.9347E-14  0.0378
   7.0000E+00   7.2000E+00   1.9782E-14  0.0305
   7.2000E+00   7.4000E+00   1.9793E-14  0.0459
   7.4000E+00   7.6000E+00   1.8856E-14  0.0318
   7.6000E+00   7.8000E+00   1.8011E-14  0.0326
   7.8000E+00   8.0000E+00   1.8266E-14  0.0330
   8.0000E+00   8.2000E+00   1.8196E-14  0.0212
   8.2000E+00   8.4000E+00   1.7574E-14  0.0352
   8.4000E+00   8.6000E+00   1.7324E-14  0.0458
   8.6000E+00   8.8000E+00   1.6634E-14  0.0338
   8.8000E+00   9.0000E+00   1.8455E-14  0.0427
   9.0000E+00   9.2000E+00   1.7257E-14  0.0165
   9.2000E+00   9.4000E+00   1.5555E-14  0.0337
   9.4000E+00   9.6000E+00   1.6627E-14  0.0394
   9.6000E+00   9.8000E+00   1.6626E-14  0.0269
   9.8000E+00   1.0000E+01   1.6267E-14  0.0267
   1.0000E+01   1.0200E+01   1.5668E-14  0.0334
   1.0200E+01   1.0400E+01   1.4104E-14  0.0435
   1.0400E+01   1.0600E+01   1.5534E-14  0.0377
   1.0600E+01   1.0800E+01   1.5274E-14  0.0265
   1.0800E+01   1.1000E+01   1.5232E-14  0.0258
   1.1000E+01   1.1200E+01   1.4335E-14  0.0392
   1.1200E+01   1.1400E+01   1.3728E-14  0.0303
   1.1400E+01   1.1600E+01   1.4371E-14  0.0297
   1.1600E+01   1.1800E+01   1.4691E-14  0.0156
   1.1800E+01   1.2000E+01   1.3114E-14  0.0463
   1.2000E+01   1.2200E+01   1.4126E-14  0.0268
   1.2200E+01   1.2400E+01   1.3257E-14  0.0344
   1.2400E+01   1.2600E+01   1.4089E-14  0.0539
   1.2600E+01   1.2800E+01   1.3201E-14  0.0518
   1.2800E+01   1.3000E+01   1.3451E-14  0.0436
   1.3000E+01   1.3200E+01   1.2064E-14  0.0242
   1.3200E+01   1.3400E+01   1.2520E-14  0.0318
   1.3400E+01   1.3600E+01   1.2777E-14  0.0190
   1.3600E+01   1.3800E+01   1.2538E-14  0.0630
   1.3800E+01   1.4000E+01   1.3723E-14  0.0322
   1.4000E+01   1.4200E+01   1.2562E-14  0.0289
   1.4200E+01   1.4400E+01   1.2538E-14  0.0549
   1.4400E+01   1.4600E+01   1.2344E-14  0.0420
   1.4600E+01   1.4800E+01   1.1765E-14  0.0435
   1.4800E+01   1.5000E+01   1.0472E-14  0.0270
   1.5000E+01   1.5200E+01   1.1345E-14  0.0531
   1.5200E+01   1.5400E+01   1.1274E-14  0.0504
   1.5400E+01   1.5600E+01   1.1101E-14  0.0511
   1.5600E+01   1.5800E+01   1.1379E-14  0.0394
   1.5800E+01   1.6000E+01   1.1142E-14  0.0396
   1.6000E+01   1.6200E+01   1.1731E-14  0.0341
   1.6200E+01   1.6400E+01   1.0454E-14  0.0382
   1.6400E+01   1.6600E+01   1.0282E-14  0.0585
   1.6600E+01   1.6800E+01   1.0776E-14  0.0554
   1.6800E+01   1.7000E+01   1.0202E-14  0.0716
   1.7000E+01   1.7200E+01   1.0954E-14  0.0547
   1.7200E+01   1.7400E+01   1.0273E-14  0.0360
   1.7400E+01   1.7600E+01   9.7977E-15  0.0612
   1.7600E+01   1.7800E+01   9.8372E-15  0.0549
   1.7800E+01   1.8000E+01   1.0216E-14  0.0429
   1.8000E+01   1.8200E+01   9.1294E-15  0.0482
   1.8200E+01   1.8400E+01   9.2726E-15  0.0484
   1.8400E+01   1.8600E+01   9.0516E-15  0.0406
   1.8600E+01   1.8800E+01   8.8144E-15  0.0665
   1.8800E+01   1.9000E+01   8.6046E-15  0.0543
   1.9000E+01   1.9200E+01   8.7536E-15  0.0528
   1.9200E+01   1.9400E+01   8.9292E-15  0.0430
   1.9400E+01   1.9600E+01   8.7321E-15  0.0390
   1.9600E+01   1.9800E+01   8.5107E-15  0.0355
   1.9800E+01   2.0000E+01   8.3663E-15  0.0465
   2.0000E+01   2.0200E+01   8.1544E-15  0.0495
   2.0200E+01   2.0400E+01   8.7187E-15  0.0615
   2.0400E+01   2.0600E+01   8.7886E-15  0.0238
   2.0600E+01   2.0800E+01   7.7127E-15  0.0486
   2.0800E+01   2.1000E+01   7.3432E-15  0.0539
   2.1000E+01   2.1200E+01   8.2191E-15  0.0526
   2.1200E+01   2.1400E+01   8.4710E-15  0.0564
   2.1400E+01   2.1600E+01   8.5505E-15  0.0370
   2.1600E+01   2.1800E+01   7.6142E-15  0.0594
   2.1800E+01   2.2000E+01   6.9103E-15  0.0452
   2.2000E+01   2.2200E+01   7.5091E-15  0.0635
   2.2200E+01   2.2400E+01   6.6180E-15  0.0522
   2.2400E+01   2.2600E+01   7.5306E-15  0.0599
   2.2600E+01   2.2800E+01   7.8099E-15  0.0487
   2.2800E+01   2.3000E+01   7.2864E-15  0.0678
   2.3000E+01   2.3200E+01   7.5303E-15  0.0797
   2.3200E+01   2.3400E+01   7.4985E-15  0.0413
   2.3400E+01   2.3600E+01   6.5121E-15  0.0676
   2.3600E+01   2.3800E+01   6.9389E-15  0.0728
   2.3800E+01   2.4000E+01   7.0187E-15  0.0578
   2.4000E+01   2.4200E+01   6.7846E-15  0.0577
   2.4200E+01   2.4400E+01   6.3485E-15  0.0322
   2.4400E+01   2.4600E+01   6.3216E-15  0.0418
   2.4600E+01   2.4800E+01   5.6778E-15  0.0508
   2.4800E+01   2.5000E+01   6.4664E-15  0.0560
   2.5000E+01   2.5200E+01   5.9408E-15  0.0378
   2.5200E+01   2.5400E+01   5.9422E-15  0.0696
   2.5400E+01   2.5600E+01   5.5244E-15  0.0744
   2.5600E+01   2.5800E+01   5.6424E-15  0.0549
   2.5800E+01   2.6000E+01   5.2901E-15  0.0495
   2.6000E+01   2.6200E+01   5.5553E-15  0.0503
   2.6200E+01   2.6400E+01   5.6963E-15  0.0661
   2.6400E+01   2.6600E+01   5.4713E-15  0.0478
   2.6600E+01   2.6800E+01   5.5099E-15  0.0351
   2.6800E+01   2.7000E+01   5.8461E-15  0.0697
   2.7000E+01   2.7200E+01   5.3170E-15  0.0281
   2.7200E+01   2.7400E+01   5.2050E-15  0.0704
   2.7400E+01   2.7600E+01   5.1282E-15  0.0438
   2.7600E+01   2.7800E+01   5.4751E-15  0.0758
   2.7800E+01   2.8000E+01   5.0721E-15  0.0697
   2.8000E+01   2.8200E+01   5.2269E-15  0.0803
   2.8200E+01   2.8400E+01   4.9415E-15  0.0726
   2.8400E+01   2.8600E+01   5.7847E-15  0.0637
   2.8600E+01   2.8800E+01   4.6498E-15  0.0486
   2.8800E+01   2.9000E+01   4.9996E-15  0.0782
   2.9000E+01   2.9200E+01   4.7911E-15  0.0737
   2.9200E+01   2.9400E+01   4.5805E-15  0.0941
   2.9400E+01   2.9600E+01   4.7843E-15  0.0744
   2.9600E+01   2.9800E+01   4.9826E-15  0.0638
   2.9800E+01   3.0000E+01   4.5047E-15  0.0606

'no. =  1,  iz =  1,  ix =  1'
msuc: {\huge [t-deposit: icntl=0]}
msdr: {\it plotted by \ANGEL \version}
msdl: {\it calculated by \PHITS  3.02}
wt: s(0.7)
\vspace{-3}
  xmin  &=&  -1.0000E-01 [cm]
  xmax  &=&   1.0000E-01 [cm]
  zmin  &=&  -1.0000E-01 [cm]
  zmax  &=&   1.0000E-01 [cm]
e:
 
# Information for Restart Calculation
# This calculation was newly started
# istdev =  1 # 1:Batch variance, 2:History variance
# resc2  = 6.61396069836233664E+01 # Total source weight or Total source weight / maxcas
# resc3  = 9.00000000000000000E+00 # Total history number or Total batch number
# maxcas =     5000000 # History / Batch, only used for istdev=1
# rijklst= 180793790403481.0 # Next initial random number
