[ T - T r a c k ]
    title = [t-track: icntl=0]
     mesh =  xyz            # mesh type is xyz scoring mesh
   x-type =    2            # x-mesh is linear given by xmin, xmax and nx
     xmin =  -20.00000      # minimum value of x-mesh points
     xmax =   20.00000      # maximum value of x-mesh points
#    xdel =   40.00000      # mesh width of x-mesh points
       nx =    1            # number of x-mesh points
#    data = ( x(i), i = 1, nx + 1 )
#          -2.00000E+01  2.00000E+01
   y-type =    2            # y-mesh is linear given by ymin, ymax and ny
     ymin =  -110.0000      # minimum value of y-mesh points
     ymax =   10.00000      # maximum value of y-mesh points
#    ydel =   1.200000      # mesh width of y-mesh points
       ny =  100            # number of y-mesh points
#    data = ( y(i), i = 1, ny + 1 )
#          -1.10000E+02 -1.08800E+02 -1.07600E+02 -1.06400E+02 -1.05200E+02
#          -1.04000E+02 -1.02800E+02 -1.01600E+02 -1.00400E+02 -9.92000E+01
#          -9.80000E+01 -9.68000E+01 -9.56000E+01 -9.44000E+01 -9.32000E+01
#          -9.20000E+01 -9.08000E+01 -8.96000E+01 -8.84000E+01 -8.72000E+01
#          -8.60000E+01 -8.48000E+01 -8.36000E+01 -8.24000E+01 -8.12000E+01
#          -8.00000E+01 -7.88000E+01 -7.76000E+01 -7.64000E+01 -7.52000E+01
#          -7.40000E+01 -7.28000E+01 -7.16000E+01 -7.04000E+01 -6.92000E+01
#          -6.80000E+01 -6.68000E+01 -6.56000E+01 -6.44000E+01 -6.32000E+01
#          -6.20000E+01 -6.08000E+01 -5.96000E+01 -5.84000E+01 -5.72000E+01
#          -5.60000E+01 -5.48000E+01 -5.36000E+01 -5.24000E+01 -5.12000E+01
#          -5.00000E+01 -4.88000E+01 -4.76000E+01 -4.64000E+01 -4.52000E+01
#          -4.40000E+01 -4.28000E+01 -4.16000E+01 -4.04000E+01 -3.92000E+01
#          -3.80000E+01 -3.68000E+01 -3.56000E+01 -3.44000E+01 -3.32000E+01
#          -3.20000E+01 -3.08000E+01 -2.96000E+01 -2.84000E+01 -2.72000E+01
#          -2.60000E+01 -2.48000E+01 -2.36000E+01 -2.24000E+01 -2.12000E+01
#          -2.00000E+01 -1.88000E+01 -1.76000E+01 -1.64000E+01 -1.52000E+01
#          -1.40000E+01 -1.28000E+01 -1.16000E+01 -1.04000E+01 -9.20000E+00
#          -8.00000E+00 -6.80000E+00 -5.60000E+00 -4.40000E+00 -3.20000E+00
#          -2.00000E+00 -8.00000E-01  4.00000E-01  1.60000E+00  2.80000E+00
#           4.00000E+00  5.20000E+00  6.40000E+00  7.60000E+00  8.80000E+00
#           1.00000E+01
   z-type =    2            # z-mesh is linear given by zmin, zmax and nz
     zmin =  -20.00000      # minimum value of z-mesh points
     zmax =   20.00000      # maximum value of z-mesh points
#    zdel =   1.000000      # mesh width of z-mesh points
       nz =   40            # number of z-mesh points
#    data = ( z(i), i = 1, nz + 1 )
#          -2.00000E+01 -1.90000E+01 -1.80000E+01 -1.70000E+01 -1.60000E+01
#          -1.50000E+01 -1.40000E+01 -1.30000E+01 -1.20000E+01 -1.10000E+01
#          -1.00000E+01 -9.00000E+00 -8.00000E+00 -7.00000E+00 -6.00000E+00
#          -5.00000E+00 -4.00000E+00 -3.00000E+00 -2.00000E+00 -1.00000E+00
#           0.00000E+00  1.00000E+00  2.00000E+00  3.00000E+00  4.00000E+00
#           5.00000E+00  6.00000E+00  7.00000E+00  8.00000E+00  9.00000E+00
#           1.00000E+01  1.10000E+01  1.20000E+01  1.30000E+01  1.40000E+01
#           1.50000E+01  1.60000E+01  1.70000E+01  1.80000E+01  1.90000E+01
#           2.00000E+01
   e-type =    2            # e-mesh is linear given by emin, emax and ne
     emin =   0.000000      # minimum value of e-mesh points
     emax =   1000.000      # maximum value of e-mesh points
#    edel =   1000.000      # mesh width of e-mesh points
       ne =    1            # number of e-mesh points
#    data = ( e(i), i = 1, ne + 1 )
#           0.00000E+00  1.00000E+03
     unit =    1            # unit is [1/cm^2/source]
 material =  all            # (D=all) number of specific material
  2D-type =    3            # 1:Cont, 2:Clust, 3:Color, 4:xyz, 5:mat, 6:Clust+Cont, 7:Col+Cont
     axis =   yz            # axis of output
     file = track-yz-water.out  # file name of output for the above axis
     part =  all      
# kf/name :  0        
    gshow =    1            # 0: no 1:bnd, 2:bnd+mat, 3:bnd+reg 4:bnd+lat
    resol =    1            # (D=1) resolution of gshow or rshow
    width = 0.5000000       # (D=0.5) width of lines for gshow or rshow
   epsout =    1            # (D=0) generate eps file by ANGEL
#    used :        main (  %)        temp (  %)       total (  %)
#  memory :         150 (  0)           0 (  0)         150 (  0)

#------------------------------------------------------------------------------
#newpage:
#   no. =  1   ie  =  1   ix  =  1   part. = all     
#   e = (   0.0000E+00  -   1.0000E+03  )
#   x = (  -2.0000E+01  -   2.0000E+01  )

'no. =  1,  ie =  1,  ix =  1'
msuc: {\huge [t-track: icntl=0]}
msdr: {\it plotted by \ANGEL \version}
msdl: {\it calculated by \PHITS  3.02}

x: z [cm]
y: y [cm]
set: c1[ 3.000] c2[ 0.520] c5[ 0.800] c6[ 0.637] c7[ 1.333] c8[ 0.000]
p: h2fs form[c1] xfac[c2] afac[c5] scal[c6] xorg[c7] yorg[c8] nosp
set: c3[   6.378642E-07] c4[   8.523313E-04]
p: cmin[c3] cmax[c4]
p: dmin(1e-31)
p: zlog
p: xmin( -20.00000    ) xmax(  20.00000    )
p: ymin( -110.0000    ) ymax(  10.00000    )

#   no. =  1   ie  =  1   ix  =  1
#   e = (   0.0000E+00  -   1.0000E+03  )
#   x = (  -2.0000E+01  -   2.0000E+01  )

hc:  y =   9.400000     to  -109.4000     by   1.200000     ; x =  -19.50000     to   19.50000     by   1.000000     ;
  1.395E-05  1.512E-05  1.649E-05  1.807E-05  2.006E-05  2.501E-05  3.157E-05  3.822E-05  4.548E-05  5.353E-05
  6.272E-05  7.310E-05  8.527E-05  1.002E-04  1.204E-04  1.790E-04  2.771E-04  3.905E-04  5.011E-04  5.643E-04
  5.642E-04  5.008E-04  3.904E-04  2.773E-04  1.790E-04  1.205E-04  1.003E-04  8.538E-05  7.302E-05  6.263E-05
  5.340E-05  4.550E-05  3.831E-05  3.171E-05  2.509E-05  2.007E-05  1.814E-05  1.652E-05  1.518E-05  1.401E-05
  1.353E-05  1.467E-05  1.597E-05  1.747E-05  1.929E-05  2.409E-05  3.044E-05  3.701E-05  4.396E-05  5.182E-05
  6.072E-05  7.095E-05  8.319E-05  9.815E-05  1.183E-04  1.789E-04  2.847E-04  4.077E-04  5.293E-04  6.005E-04
  6.002E-04  5.286E-04  4.080E-04  2.849E-04  1.790E-04  1.185E-04  9.824E-05  8.331E-05  7.110E-05  6.080E-05
  5.171E-05  4.402E-05  3.704E-05  3.056E-05  2.417E-05  1.936E-05  1.745E-05  1.594E-05  1.463E-05  1.351E-05
  1.293E-05  1.401E-05  1.522E-05  1.666E-05  1.848E-05  2.312E-05  2.920E-05  3.539E-05  4.210E-05  4.963E-05
  5.814E-05  6.799E-05  7.998E-05  9.476E-05  1.147E-04  1.769E-04  2.904E-04  4.240E-04  5.568E-04  6.370E-04
  6.365E-04  5.567E-04  4.242E-04  2.904E-04  1.768E-04  1.147E-04  9.491E-05  8.016E-05  6.824E-05  5.815E-05
  4.964E-05  4.212E-05  3.534E-05  2.921E-05  2.305E-05  1.843E-05  1.666E-05  1.520E-05  1.399E-05  1.301E-05
  1.233E-05  1.334E-05  1.445E-05  1.576E-05  1.741E-05  2.177E-05  2.745E-05  3.335E-05  3.976E-05  4.676E-05
  5.482E-05  6.429E-05  7.569E-05  8.982E-05  1.089E-04  1.721E-04  2.936E-04  4.384E-04  5.839E-04  6.738E-04
  6.735E-04  5.842E-04  4.387E-04  2.939E-04  1.724E-04  1.092E-04  8.980E-05  7.562E-05  6.430E-05  5.490E-05
  4.684E-05  3.976E-05  3.333E-05  2.756E-05  2.177E-05  1.738E-05  1.572E-05  1.443E-05  1.328E-05  1.227E-05
  1.155E-05  1.241E-05  1.343E-05  1.464E-05  1.614E-05  2.018E-05  2.541E-05  3.086E-05  3.673E-05  4.331E-05
  5.071E-05  5.946E-05  7.010E-05  8.323E-05  1.011E-04  1.645E-04  2.942E-04  4.502E-04  6.083E-04  7.094E-04
  7.090E-04  6.083E-04  4.504E-04  2.942E-04  1.646E-04  1.012E-04  8.320E-05  6.992E-05  5.948E-05  5.067E-05
  4.324E-05  3.669E-05  3.080E-05  2.543E-05  2.005E-05  1.614E-05  1.464E-05  1.343E-05  1.243E-05  1.155E-05
  1.082E-05  1.159E-05  1.242E-05  1.342E-05  1.464E-05  1.825E-05  2.308E-05  2.790E-05  3.319E-05  3.898E-05
  4.565E-05  5.360E-05  6.305E-05  7.488E-05  9.111E-05  1.533E-04  2.909E-04  4.584E-04  6.292E-04  7.420E-04
  7.413E-04  6.291E-04  4.582E-04  2.904E-04  1.534E-04  9.110E-05  7.492E-05  6.288E-05  5.368E-05  4.570E-05
  3.892E-05  3.306E-05  2.784E-05  2.300E-05  1.821E-05  1.464E-05  1.338E-05  1.237E-05  1.149E-05  1.073E-05
  9.925E-06  1.052E-05  1.121E-05  1.199E-05  1.305E-05  1.619E-05  2.035E-05  2.453E-05  2.900E-05  3.394E-05
  3.983E-05  4.663E-05  5.477E-05  6.476E-05  7.855E-05  1.383E-04  2.819E-04  4.599E-04  6.430E-04  7.676E-04
  7.668E-04  6.427E-04  4.597E-04  2.817E-04  1.384E-04  7.848E-05  6.482E-05  5.476E-05  4.663E-05  3.978E-05
  3.410E-05  2.901E-05  2.441E-05  2.018E-05  1.611E-05  1.305E-05  1.200E-05  1.119E-05  1.055E-05  9.898E-06
  9.015E-06  9.472E-06  9.989E-06  1.059E-05  1.133E-05  1.371E-05  1.706E-05  2.044E-05  2.411E-05  2.818E-05
  3.301E-05  3.852E-05  4.491E-05  5.292E-05  6.347E-05  1.183E-04  2.650E-04  4.498E-04  6.420E-04  7.771E-04
  7.766E-04  6.425E-04  4.503E-04  2.648E-04  1.183E-04  6.337E-05  5.281E-05  4.488E-05  3.842E-05  3.285E-05
  2.818E-05  2.415E-05  2.047E-05  1.701E-05  1.363E-05  1.124E-05  1.060E-05  9.995E-06  9.459E-06  8.979E-06
  8.358E-06  8.715E-06  9.118E-06  9.639E-06  1.024E-05  1.193E-05  1.436E-05  1.695E-05  1.983E-05  2.311E-05
  2.671E-05  3.082E-05  3.572E-05  4.149E-05  4.871E-05  9.548E-05  2.364E-04  4.169E-04  6.062E-04  7.436E-04
  7.431E-04  6.065E-04  4.172E-04  2.363E-04  9.540E-05  4.856E-05  4.145E-05  3.569E-05  3.086E-05  2.673E-05
  2.309E-05  1.981E-05  1.702E-05  1.440E-05  1.193E-05  1.022E-05  9.623E-06  9.187E-06  8.757E-06  8.349E-06
  8.541E-06  9.067E-06  9.780E-06  1.056E-05  1.171E-05  1.342E-05  1.563E-05  1.797E-05  2.057E-05  2.355E-05
  2.672E-05  3.039E-05  3.454E-05  3.912E-05  4.438E-05  8.439E-05  2.196E-04  3.953E-04  5.808E-04  7.195E-04
  7.187E-04  5.811E-04  3.955E-04  2.194E-04  8.450E-05  4.430E-05  3.901E-05  3.443E-05  3.038E-05  2.677E-05
  2.349E-05  2.061E-05  1.799E-05  1.560E-05  1.346E-05  1.167E-05  1.052E-05  9.705E-06  9.099E-06  8.601E-06
  8.871E-06  9.538E-06  1.034E-05  1.136E-05  1.264E-05  1.423E-05  1.615E-05  1.829E-05  2.064E-05  2.326E-05
  2.601E-05  2.910E-05  3.245E-05  3.605E-05  4.006E-05  7.507E-05  2.075E-04  3.829E-04  5.690E-04  7.117E-04
  7.112E-04  5.695E-04  3.831E-04  2.073E-04  7.511E-05  3.994E-05  3.598E-05  3.233E-05  2.909E-05  2.603E-05
  2.323E-05  2.066E-05  1.835E-05  1.616E-05  1.423E-05  1.260E-05  1.136E-05  1.033E-05  9.490E-06  8.840E-06
  9.110E-06  9.874E-06  1.073E-05  1.178E-05  1.296E-05  1.444E-05  1.621E-05  1.813E-05  2.014E-05  2.233E-05
  2.465E-05  2.730E-05  3.001E-05  3.284E-05  3.584E-05  6.674E-05  1.972E-04  3.736E-04  5.615E-04  7.087E-04
  7.084E-04  5.619E-04  3.739E-04  1.971E-04  6.671E-05  3.577E-05  3.288E-05  2.992E-05  2.717E-05  2.470E-05
  2.231E-05  2.015E-05  1.811E-05  1.623E-05  1.446E-05  1.302E-05  1.179E-05  1.074E-05  9.852E-06  9.093E-06
  9.238E-06  1.006E-05  1.094E-05  1.189E-05  1.297E-05  1.435E-05  1.593E-05  1.756E-05  1.932E-05  2.118E-05
  2.323E-05  2.536E-05  2.752E-05  2.980E-05  3.204E-05  5.925E-05  1.881E-04  3.662E-04  5.563E-04  7.085E-04
  7.080E-04  5.568E-04  3.663E-04  1.881E-04  5.930E-05  3.202E-05  2.981E-05  2.750E-05  2.523E-05  2.318E-05
  2.118E-05  1.929E-05  1.752E-05  1.589E-05  1.439E-05  1.301E-05  1.191E-05  1.092E-05  1.003E-05  9.291E-06
  9.344E-06  1.005E-05  1.082E-05  1.178E-05  1.287E-05  1.408E-05  1.542E-05  1.683E-05  1.836E-05  2.002E-05
  2.169E-05  2.342E-05  2.513E-05  2.696E-05  2.872E-05  5.271E-05  1.799E-04  3.600E-04  5.527E-04  7.098E-04
  7.093E-04  5.533E-04  3.600E-04  1.799E-04  5.279E-05  2.866E-05  2.702E-05  2.520E-05  2.336E-05  2.166E-05
  1.990E-05  1.834E-05  1.682E-05  1.539E-05  1.405E-05  1.282E-05  1.181E-05  1.087E-05  1.006E-05  9.344E-06
  9.222E-06  9.948E-06  1.073E-05  1.160E-05  1.258E-05  1.365E-05  1.475E-05  1.606E-05  1.742E-05  1.870E-05
  2.014E-05  2.154E-05  2.300E-05  2.443E-05  2.586E-05  4.687E-05  1.724E-04  3.546E-04  5.502E-04  7.122E-04
  7.117E-04  5.508E-04  3.546E-04  1.723E-04  4.694E-05  2.582E-05  2.444E-05  2.302E-05  2.163E-05  2.013E-05
  1.868E-05  1.732E-05  1.599E-05  1.477E-05  1.360E-05  1.254E-05  1.157E-05  1.071E-05  9.955E-06  9.237E-06
  9.122E-06  9.788E-06  1.055E-05  1.130E-05  1.214E-05  1.302E-05  1.418E-05  1.522E-05  1.633E-05  1.747E-05
  1.864E-05  1.987E-05  2.107E-05  2.218E-05  2.336E-05  4.158E-05  1.654E-04  3.497E-04  5.485E-04  7.152E-04
  7.148E-04  5.490E-04  3.498E-04  1.653E-04  4.170E-05  2.339E-05  2.217E-05  2.103E-05  1.990E-05  1.871E-05
  1.747E-05  1.632E-05  1.514E-05  1.407E-05  1.305E-05  1.214E-05  1.129E-05  1.047E-05  9.750E-06  9.119E-06
  8.979E-06  9.578E-06  1.020E-05  1.089E-05  1.164E-05  1.252E-05  1.344E-05  1.435E-05  1.530E-05  1.626E-05
  1.728E-05  1.837E-05  1.928E-05  2.023E-05  2.119E-05  3.690E-05  1.587E-04  3.454E-04  5.475E-04  7.188E-04
  7.184E-04  5.479E-04  3.454E-04  1.587E-04  3.704E-05  2.119E-05  2.027E-05  1.927E-05  1.826E-05  1.734E-05
  1.631E-05  1.531E-05  1.435E-05  1.337E-05  1.244E-05  1.164E-05  1.089E-05  1.020E-05  9.529E-06  8.914E-06
  8.713E-06  9.237E-06  9.842E-06  1.048E-05  1.115E-05  1.192E-05  1.274E-05  1.350E-05  1.432E-05  1.517E-05
  1.606E-05  1.691E-05  1.770E-05  1.852E-05  1.932E-05  3.266E-05  1.524E-04  3.414E-04  5.469E-04  7.228E-04
  7.225E-04  5.473E-04  3.415E-04  1.523E-04  3.277E-05  1.928E-05  1.854E-05  1.774E-05  1.691E-05  1.598E-05
  1.518E-05  1.437E-05  1.349E-05  1.272E-05  1.187E-05  1.115E-05  1.044E-05  9.864E-06  9.241E-06  8.676E-06
  8.405E-06  8.925E-06  9.479E-06  1.005E-05  1.066E-05  1.133E-05  1.201E-05  1.268E-05  1.343E-05  1.414E-05
  1.494E-05  1.556E-05  1.630E-05  1.695E-05  1.764E-05  2.886E-05  1.463E-04  3.377E-04  5.467E-04  7.271E-04
  7.269E-04  5.470E-04  3.378E-04  1.461E-04  2.900E-05  1.764E-05  1.698E-05  1.638E-05  1.561E-05  1.489E-05
  1.410E-05  1.342E-05  1.275E-05  1.198E-05  1.131E-05  1.062E-05  1.005E-05  9.446E-06  8.914E-06  8.438E-06
  8.145E-06  8.617E-06  9.093E-06  9.628E-06  1.014E-05  1.071E-05  1.133E-05  1.193E-05  1.259E-05  1.323E-05
  1.382E-05  1.443E-05  1.503E-05  1.563E-05  1.610E-05  2.549E-05  1.402E-04  3.342E-04  5.469E-04  7.317E-04
  7.314E-04  5.472E-04  3.343E-04  1.400E-04  2.559E-05  1.620E-05  1.558E-05  1.508E-05  1.446E-05  1.383E-05
  1.318E-05  1.254E-05  1.195E-05  1.134E-05  1.074E-05  1.011E-05  9.545E-06  9.099E-06  8.588E-06  8.104E-06
  7.861E-06  8.285E-06  8.724E-06  9.133E-06  9.646E-06  1.015E-05  1.069E-05  1.125E-05  1.178E-05  1.238E-05
  1.282E-05  1.341E-05  1.390E-05  1.440E-05  1.481E-05  2.247E-05  1.343E-04  3.308E-04  5.473E-04  7.364E-04
  7.362E-04  5.477E-04  3.309E-04  1.341E-04  2.256E-05  1.488E-05  1.439E-05  1.388E-05  1.345E-05  1.288E-05
  1.231E-05  1.179E-05  1.118E-05  1.071E-05  1.013E-05  9.678E-06  9.128E-06  8.652E-06  8.261E-06  7.862E-06
  7.551E-06  7.945E-06  8.304E-06  8.729E-06  9.167E-06  9.628E-06  1.010E-05  1.059E-05  1.106E-05  1.153E-05
  1.197E-05  1.242E-05  1.289E-05  1.330E-05  1.365E-05  1.979E-05  1.284E-04  3.276E-04  5.480E-04  7.412E-04
  7.411E-04  5.484E-04  3.277E-04  1.282E-04  1.989E-05  1.369E-05  1.333E-05  1.285E-05  1.247E-05  1.199E-05
  1.151E-05  1.104E-05  1.054E-05  1.008E-05  9.592E-06  9.168E-06  8.748E-06  8.292E-06  7.880E-06  7.527E-06
  7.244E-06  7.588E-06  7.939E-06  8.324E-06  8.698E-06  9.119E-06  9.552E-06  9.951E-06  1.036E-05  1.077E-05
  1.116E-05  1.155E-05  1.197E-05  1.230E-05  1.263E-05  1.741E-05  1.226E-04  3.244E-04  5.489E-04  7.462E-04
  7.461E-04  5.492E-04  3.246E-04  1.224E-04  1.749E-05  1.264E-05  1.237E-05  1.193E-05  1.159E-05  1.119E-05
  1.080E-05  1.034E-05  9.930E-06  9.486E-06  9.095E-06  8.666E-06  8.349E-06  7.947E-06  7.569E-06  7.207E-06
  6.973E-06  7.261E-06  7.575E-06  7.899E-06  8.281E-06  8.638E-06  9.010E-06  9.354E-06  9.746E-06  1.006E-05
  1.045E-05  1.077E-05  1.111E-05  1.144E-05  1.172E-05  1.533E-05  1.167E-04  3.214E-04  5.501E-04  7.511E-04
  7.512E-04  5.504E-04  3.215E-04  1.165E-04  1.541E-05  1.175E-05  1.146E-05  1.114E-05  1.077E-05  1.045E-05
  1.012E-05  9.713E-06  9.396E-06  8.941E-06  8.587E-06  8.246E-06  7.926E-06  7.598E-06  7.263E-06  6.908E-06
  6.679E-06  6.935E-06  7.223E-06  7.538E-06  7.857E-06  8.173E-06  8.500E-06  8.835E-06  9.127E-06  9.464E-06
  9.758E-06  1.008E-05  1.032E-05  1.067E-05  1.088E-05  1.355E-05  1.109E-04  3.183E-04  5.514E-04  7.561E-04
  7.563E-04  5.518E-04  3.184E-04  1.107E-04  1.355E-05  1.092E-05  1.068E-05  1.039E-05  1.008E-05  9.818E-06
  9.451E-06  9.162E-06  8.828E-06  8.487E-06  8.124E-06  7.822E-06  7.544E-06  7.240E-06  6.939E-06  6.651E-06
  6.369E-06  6.612E-06  6.900E-06  7.177E-06  7.473E-06  7.734E-06  8.028E-06  8.324E-06  8.603E-06  8.864E-06
  9.137E-06  9.453E-06  9.637E-06  9.953E-06  1.015E-05  1.200E-05  1.051E-04  3.152E-04  5.530E-04  7.612E-04
  7.613E-04  5.534E-04  3.154E-04  1.049E-04  1.198E-05  1.018E-05  9.982E-06  9.714E-06  9.409E-06  9.185E-06
  8.903E-06  8.614E-06  8.313E-06  8.037E-06  7.724E-06  7.432E-06  7.142E-06  6.930E-06  6.648E-06  6.379E-06
  6.098E-06  6.323E-06  6.562E-06  6.852E-06  7.083E-06  7.339E-06  7.580E-06  7.859E-06  8.099E-06  8.332E-06
  8.586E-06  8.853E-06  9.043E-06  9.258E-06  9.525E-06  1.070E-05  9.930E-05  3.121E-04  5.548E-04  7.662E-04
  7.663E-04  5.551E-04  3.123E-04  9.907E-05  1.069E-05  9.529E-06  9.302E-06  9.104E-06  8.813E-06  8.626E-06
  8.364E-06  8.110E-06  7.859E-06  7.591E-06  7.339E-06  7.053E-06  6.827E-06  6.551E-06  6.355E-06  6.129E-06
  5.821E-06  6.042E-06  6.277E-06  6.518E-06  6.715E-06  6.969E-06  7.152E-06  7.437E-06  7.613E-06  7.866E-06
  8.088E-06  8.293E-06  8.497E-06  8.662E-06  8.928E-06  9.639E-06  9.349E-05  3.091E-04  5.566E-04  7.713E-04
  7.714E-04  5.569E-04  3.093E-04  9.329E-05  9.618E-06  8.905E-06  8.697E-06  8.555E-06  8.322E-06  8.050E-06
  7.902E-06  7.653E-06  7.382E-06  7.217E-06  6.951E-06  6.689E-06  6.487E-06  6.274E-06  6.039E-06  5.856E-06
  5.571E-06  5.777E-06  5.997E-06  6.209E-06  6.407E-06  6.592E-06  6.804E-06  6.989E-06  7.218E-06  7.413E-06
  7.628E-06  7.773E-06  7.979E-06  8.166E-06  8.377E-06  8.813E-06  8.764E-05  3.060E-04  5.587E-04  7.763E-04
  7.764E-04  5.589E-04  3.061E-04  8.752E-05  8.755E-06  8.348E-06  8.175E-06  8.037E-06  7.834E-06  7.597E-06
  7.447E-06  7.233E-06  6.992E-06  6.822E-06  6.597E-06  6.360E-06  6.152E-06  6.019E-06  5.799E-06  5.563E-06
  5.338E-06  5.532E-06  5.729E-06  5.904E-06  6.091E-06  6.251E-06  6.466E-06  6.619E-06  6.833E-06  7.000E-06
  7.201E-06  7.344E-06  7.480E-06  7.690E-06  7.868E-06  8.140E-06  8.185E-05  3.028E-04  5.609E-04  7.813E-04
  7.814E-04  5.611E-04  3.029E-04  8.174E-05  8.094E-06  7.835E-06  7.692E-06  7.557E-06  7.389E-06  7.187E-06
  7.001E-06  6.836E-06  6.674E-06  6.439E-06  6.264E-06  6.074E-06  5.854E-06  5.725E-06  5.566E-06  5.355E-06
  5.132E-06  5.287E-06  5.484E-06  5.626E-06  5.773E-06  5.945E-06  6.132E-06  6.289E-06  6.459E-06  6.618E-06
  6.796E-06  6.930E-06  7.059E-06  7.256E-06  7.407E-06  7.578E-06  7.612E-05  2.995E-04  5.632E-04  7.862E-04
  7.864E-04  5.635E-04  2.996E-04  7.606E-05  7.576E-06  7.378E-06  7.239E-06  7.135E-06  6.966E-06  6.798E-06
  6.621E-06  6.472E-06  6.328E-06  6.141E-06  5.922E-06  5.798E-06  5.613E-06  5.429E-06  5.303E-06  5.156E-06
  4.902E-06  5.100E-06  5.215E-06  5.354E-06  5.493E-06  5.663E-06  5.811E-06  5.990E-06  6.117E-06  6.246E-06
  6.423E-06  6.542E-06  6.688E-06  6.825E-06  7.014E-06  7.125E-06  7.051E-05  2.963E-04  5.657E-04  7.911E-04
  7.912E-04  5.660E-04  2.963E-04  7.047E-05  7.127E-06  6.986E-06  6.810E-06  6.728E-06  6.598E-06  6.429E-06
  6.259E-06  6.144E-06  6.004E-06  5.824E-06  5.656E-06  5.491E-06  5.339E-06  5.197E-06  5.043E-06  4.914E-06
  4.740E-06  4.845E-06  4.993E-06  5.089E-06  5.234E-06  5.403E-06  5.519E-06  5.666E-06  5.815E-06  5.918E-06
  6.076E-06  6.195E-06  6.334E-06  6.458E-06  6.609E-06  6.739E-06  6.504E-05  2.929E-04  5.684E-04  7.958E-04
  7.959E-04  5.687E-04  2.929E-04  6.501E-05  6.752E-06  6.604E-06  6.455E-06  6.326E-06  6.232E-06  6.100E-06
  5.920E-06  5.829E-06  5.686E-06  5.570E-06  5.402E-06  5.234E-06  5.069E-06  4.971E-06  4.830E-06  4.678E-06
  4.515E-06  4.648E-06  4.745E-06  4.860E-06  5.013E-06  5.152E-06  5.267E-06  5.392E-06  5.497E-06  5.632E-06
  5.773E-06  5.875E-06  5.991E-06  6.130E-06  6.256E-06  6.385E-06  5.971E-05  2.895E-04  5.712E-04  8.005E-04
  8.006E-04  5.715E-04  2.894E-04  5.969E-05  6.396E-06  6.242E-06  6.123E-06  5.980E-06  5.910E-06  5.800E-06
  5.647E-06  5.489E-06  5.406E-06  5.325E-06  5.143E-06  5.000E-06  4.872E-06  4.722E-06  4.630E-06  4.491E-06
  4.328E-06  4.450E-06  4.536E-06  4.647E-06  4.798E-06  4.892E-06  5.029E-06  5.134E-06  5.237E-06  5.355E-06
  5.486E-06  5.571E-06  5.697E-06  5.811E-06  5.929E-06  6.050E-06  5.459E-05  2.859E-04  5.742E-04  8.050E-04
  8.053E-04  5.746E-04  2.857E-04  5.458E-05  6.052E-06  5.906E-06  5.811E-06  5.659E-06  5.601E-06  5.489E-06
  5.396E-06  5.220E-06  5.146E-06  5.046E-06  4.948E-06  4.789E-06  4.657E-06  4.502E-06  4.431E-06  4.332E-06
  4.159E-06  4.260E-06  4.329E-06  4.477E-06  4.585E-06  4.657E-06  4.801E-06  4.890E-06  4.986E-06  5.099E-06
  5.222E-06  5.285E-06  5.417E-06  5.518E-06  5.636E-06  5.731E-06  4.962E-05  2.822E-04  5.774E-04  8.094E-04
  8.097E-04  5.778E-04  2.820E-04  4.962E-05  5.741E-06  5.623E-06  5.504E-06  5.401E-06  5.307E-06  5.212E-06
  5.147E-06  4.979E-06  4.889E-06  4.796E-06  4.709E-06  4.599E-06  4.460E-06  4.332E-06  4.224E-06  4.151E-06
  4.004E-06  4.073E-06  4.165E-06  4.286E-06  4.382E-06  4.458E-06  4.577E-06  4.651E-06  4.756E-06  4.860E-06
  4.960E-06  5.034E-06  5.172E-06  5.238E-06  5.370E-06  5.467E-06  4.484E-05  2.783E-04  5.808E-04  8.137E-04
  8.140E-04  5.812E-04  2.781E-04  4.486E-05  5.437E-06  5.338E-06  5.236E-06  5.157E-06  5.033E-06  4.963E-06
  4.891E-06  4.764E-06  4.651E-06  4.584E-06  4.481E-06  4.417E-06  4.294E-06  4.156E-06  4.028E-06  3.976E-06
  3.836E-06  3.908E-06  3.993E-06  4.097E-06  4.181E-06  4.265E-06  4.369E-06  4.437E-06  4.538E-06  4.642E-06
  4.715E-06  4.804E-06  4.908E-06  4.992E-06  5.101E-06  5.215E-06  4.028E-05  2.742E-04  5.843E-04  8.179E-04
  8.181E-04  5.847E-04  2.742E-04  4.027E-05  5.154E-06  5.090E-06  4.996E-06  4.901E-06  4.805E-06  4.712E-06
  4.656E-06  4.559E-06  4.460E-06  4.371E-06  4.279E-06  4.190E-06  4.132E-06  3.997E-06  3.895E-06  3.788E-06
  3.668E-06  3.737E-06  3.837E-06  3.925E-06  4.004E-06  4.085E-06  4.175E-06  4.245E-06  4.343E-06  4.434E-06
  4.489E-06  4.577E-06  4.683E-06  4.759E-06  4.862E-06  4.968E-06  3.592E-05  2.700E-04  5.881E-04  8.219E-04
  8.221E-04  5.885E-04  2.700E-04  3.591E-05  4.907E-06  4.849E-06  4.769E-06  4.672E-06  4.592E-06  4.486E-06
  4.444E-06  4.350E-06  4.249E-06  4.179E-06  4.090E-06  4.007E-06  3.958E-06  3.853E-06  3.743E-06  3.638E-06
  3.537E-06  3.593E-06  3.686E-06  3.754E-06  3.840E-06  3.916E-06  3.989E-06  4.046E-06  4.154E-06  4.238E-06
  4.276E-06  4.373E-06  4.474E-06  4.526E-06  4.644E-06  4.749E-06  3.177E-05  2.656E-04  5.921E-04  8.257E-04
  8.260E-04  5.924E-04  2.656E-04  3.174E-05  4.704E-06  4.618E-06  4.562E-06  4.433E-06  4.398E-06  4.281E-06
  4.232E-06  4.154E-06  4.073E-06  3.993E-06  3.920E-06  3.848E-06  3.766E-06  3.712E-06  3.603E-06  3.531E-06
  3.392E-06  3.472E-06  3.528E-06  3.614E-06  3.670E-06  3.753E-06  3.816E-06  3.887E-06  3.970E-06  4.040E-06
  4.082E-06  4.186E-06  4.272E-06  4.319E-06  4.443E-06  4.520E-06  2.781E-05  2.611E-04  5.964E-04  8.292E-04
  8.296E-04  5.966E-04  2.611E-04  2.778E-05  4.510E-06  4.395E-06  4.348E-06  4.259E-06  4.199E-06  4.093E-06
  4.029E-06  3.964E-06  3.896E-06  3.821E-06  3.769E-06  3.684E-06  3.590E-06  3.562E-06  3.470E-06  3.393E-06
  3.256E-06  3.329E-06  3.387E-06  3.472E-06  3.538E-06  3.588E-06  3.646E-06  3.715E-06  3.816E-06  3.843E-06
  3.901E-06  4.004E-06  4.063E-06  4.161E-06  4.250E-06  4.318E-06  2.407E-05  2.563E-04  6.008E-04  8.327E-04
  8.330E-04  6.010E-04  2.563E-04  2.408E-05  4.311E-06  4.190E-06  4.157E-06  4.083E-06  4.001E-06  3.929E-06
  3.854E-06  3.784E-06  3.729E-06  3.664E-06  3.616E-06  3.526E-06  3.448E-06  3.383E-06  3.357E-06  3.265E-06
  3.145E-06  3.187E-06  3.267E-06  3.327E-06  3.401E-06  3.449E-06  3.491E-06  3.570E-06  3.636E-06  3.688E-06
  3.732E-06  3.843E-06  3.889E-06  3.981E-06  4.074E-06  4.141E-06  2.060E-05  2.513E-04  6.055E-04  8.359E-04
  8.361E-04  6.058E-04  2.513E-04  2.064E-05  4.141E-06  3.999E-06  3.981E-06  3.919E-06  3.814E-06  3.767E-06
  3.702E-06  3.630E-06  3.579E-06  3.506E-06  3.471E-06  3.407E-06  3.319E-06  3.251E-06  3.221E-06  3.153E-06
  3.016E-06  3.077E-06  3.141E-06  3.198E-06  3.265E-06  3.314E-06  3.363E-06  3.419E-06  3.477E-06  3.517E-06
  3.574E-06  3.689E-06  3.707E-06  3.835E-06  3.904E-06  3.960E-06  1.742E-05  2.461E-04  6.104E-04  8.389E-04
  8.391E-04  6.107E-04  2.460E-04  1.744E-05  3.969E-06  3.847E-06  3.800E-06  3.748E-06  3.657E-06  3.613E-06
  3.545E-06  3.478E-06  3.416E-06  3.351E-06  3.331E-06  3.269E-06  3.207E-06  3.135E-06  3.076E-06  3.053E-06
  2.899E-06  2.957E-06  3.033E-06  3.088E-06  3.130E-06  3.169E-06  3.226E-06  3.298E-06  3.341E-06  3.369E-06
  3.431E-06  3.534E-06  3.553E-06  3.682E-06  3.747E-06  3.798E-06  1.448E-05  2.407E-04  6.156E-04  8.416E-04
  8.418E-04  6.160E-04  2.406E-04  1.455E-05  3.794E-06  3.705E-06  3.652E-06  3.581E-06  3.509E-06  3.482E-06
  3.394E-06  3.334E-06  3.267E-06  3.240E-06  3.176E-06  3.162E-06  3.088E-06  3.024E-06  2.945E-06  2.941E-06
  2.801E-06  2.853E-06  2.908E-06  2.976E-06  3.003E-06  3.050E-06  3.102E-06  3.168E-06  3.207E-06  3.236E-06
  3.306E-06  3.391E-06  3.400E-06  3.534E-06  3.597E-06  3.652E-06  1.189E-05  2.349E-04  6.212E-04  8.440E-04
  8.442E-04  6.215E-04  2.348E-04  1.195E-05  3.637E-06  3.573E-06  3.480E-06  3.437E-06  3.383E-06  3.327E-06
  3.252E-06  3.203E-06  3.132E-06  3.118E-06  3.044E-06  3.042E-06  2.966E-06  2.918E-06  2.855E-06  2.808E-06
  2.704E-06  2.764E-06  2.816E-06  2.858E-06  2.895E-06  2.936E-06  2.972E-06  3.047E-06  3.075E-06  3.111E-06
  3.186E-06  3.245E-06  3.286E-06  3.388E-06  3.463E-06  3.511E-06  9.606E-06  2.289E-04  6.270E-04  8.461E-04
  8.463E-04  6.273E-04  2.288E-04  9.647E-06  3.476E-06  3.429E-06  3.356E-06  3.303E-06  3.253E-06  3.194E-06
  3.131E-06  3.084E-06  2.996E-06  2.980E-06  2.924E-06  2.928E-06  2.878E-06  2.807E-06  2.759E-06  2.700E-06
  2.622E-06  2.662E-06  2.717E-06  2.765E-06  2.789E-06  2.825E-06  2.888E-06  2.919E-06  2.957E-06  2.982E-06
  3.064E-06  3.114E-06  3.174E-06  3.258E-06  3.323E-06  3.374E-06  7.655E-06  2.225E-04  6.332E-04  8.479E-04
  8.481E-04  6.335E-04  2.224E-04  7.691E-06  3.345E-06  3.293E-06  3.231E-06  3.172E-06  3.125E-06  3.071E-06
  3.010E-06  2.962E-06  2.878E-06  2.854E-06  2.838E-06  2.790E-06  2.781E-06  2.705E-06  2.667E-06  2.593E-06
  2.522E-06  2.574E-06  2.611E-06  2.663E-06  2.679E-06  2.720E-06  2.779E-06  2.817E-06  2.835E-06  2.887E-06
  2.949E-06  2.993E-06  3.046E-06  3.150E-06  3.194E-06  3.238E-06  6.036E-06  2.157E-04  6.398E-04  8.492E-04
  8.496E-04  6.401E-04  2.157E-04  6.057E-06  3.237E-06  3.164E-06  3.114E-06  3.058E-06  2.983E-06  2.945E-06
  2.921E-06  2.836E-06  2.786E-06  2.752E-06  2.717E-06  2.669E-06  2.684E-06  2.614E-06  2.570E-06  2.522E-06
  2.432E-06  2.485E-06  2.512E-06  2.563E-06  2.565E-06  2.621E-06  2.678E-06  2.695E-06  2.729E-06  2.798E-06
  2.830E-06  2.881E-06  2.921E-06  3.026E-06  3.086E-06  3.116E-06  4.782E-06  2.087E-04  6.467E-04  8.503E-04
  8.508E-04  6.470E-04  2.086E-04  4.786E-06  3.123E-06  3.037E-06  3.004E-06  2.942E-06  2.859E-06  2.827E-06
  2.828E-06  2.726E-06  2.712E-06  2.647E-06  2.602E-06  2.577E-06  2.564E-06  2.531E-06  2.498E-06  2.440E-06
  2.344E-06  2.389E-06  2.432E-06  2.466E-06  2.475E-06  2.527E-06  2.574E-06  2.584E-06  2.623E-06  2.685E-06
  2.726E-06  2.786E-06  2.821E-06  2.911E-06  2.974E-06  3.014E-06  3.883E-06  2.013E-04  6.539E-04  8.511E-04
  8.516E-04  6.542E-04  2.012E-04  3.869E-06  3.018E-06  2.931E-06  2.888E-06  2.838E-06  2.750E-06  2.714E-06
  2.712E-06  2.638E-06  2.619E-06  2.545E-06  2.503E-06  2.488E-06  2.450E-06  2.455E-06  2.398E-06  2.352E-06
  2.282E-06  2.300E-06  2.348E-06  2.370E-06  2.403E-06  2.443E-06  2.488E-06  2.487E-06  2.535E-06  2.583E-06
  2.623E-06  2.681E-06  2.717E-06  2.816E-06  2.855E-06  2.908E-06  3.299E-06  1.935E-04  6.615E-04  8.516E-04
  8.520E-04  6.619E-04  1.935E-04  3.285E-06  2.905E-06  2.843E-06  2.779E-06  2.740E-06  2.640E-06  2.613E-06
  2.601E-06  2.553E-06  2.505E-06  2.462E-06  2.418E-06  2.388E-06  2.369E-06  2.366E-06  2.310E-06  2.291E-06
  2.196E-06  2.237E-06  2.261E-06  2.270E-06  2.331E-06  2.361E-06  2.379E-06  2.396E-06  2.453E-06  2.465E-06
  2.543E-06  2.581E-06  2.619E-06  2.706E-06  2.754E-06  2.822E-06  2.987E-06  1.855E-04  6.694E-04  8.518E-04
  8.522E-04  6.697E-04  1.854E-04  2.973E-06  2.811E-06  2.744E-06  2.673E-06  2.635E-06  2.556E-06  2.534E-06
  2.492E-06  2.465E-06  2.416E-06  2.371E-06  2.336E-06  2.294E-06  2.288E-06  2.261E-06  2.250E-06  2.224E-06
  2.113E-06  2.170E-06  2.179E-06  2.217E-06  2.234E-06  2.291E-06  2.290E-06  2.316E-06  2.370E-06  2.380E-06
  2.445E-06  2.486E-06  2.540E-06  2.606E-06  2.651E-06  2.717E-06  2.843E-06  1.774E-04  6.775E-04  8.518E-04
  8.522E-04  6.777E-04  1.773E-04  2.831E-06  2.721E-06  2.632E-06  2.578E-06  2.549E-06  2.478E-06  2.433E-06
  2.391E-06  2.381E-06  2.341E-06  2.307E-06  2.265E-06  2.224E-06  2.202E-06  2.192E-06  2.174E-06  2.137E-06
  2.059E-06  2.077E-06  2.100E-06  2.149E-06  2.168E-06  2.210E-06  2.207E-06  2.232E-06  2.284E-06  2.297E-06
  2.351E-06  2.409E-06  2.458E-06  2.502E-06  2.558E-06  2.621E-06  2.747E-06  1.692E-04  6.855E-04  8.518E-04
  8.523E-04  6.857E-04  1.691E-04  2.726E-06  2.633E-06  2.539E-06  2.482E-06  2.458E-06  2.382E-06  2.348E-06
  2.306E-06  2.298E-06  2.262E-06  2.234E-06  2.178E-06  2.156E-06  2.124E-06  2.115E-06  2.093E-06  2.064E-06
  2.001E-06  1.999E-06  2.025E-06  2.070E-06  2.100E-06  2.127E-06  2.129E-06  2.153E-06  2.199E-06  2.215E-06
  2.275E-06  2.315E-06  2.388E-06  2.422E-06  2.459E-06  2.536E-06  2.640E-06  1.610E-04  6.936E-04  8.518E-04
  8.522E-04  6.938E-04  1.610E-04  2.641E-06  2.543E-06  2.447E-06  2.397E-06  2.369E-06  2.298E-06  2.277E-06
  2.227E-06  2.208E-06  2.185E-06  2.162E-06  2.109E-06  2.078E-06  2.058E-06  2.038E-06  2.019E-06  2.004E-06
  1.926E-06  1.935E-06  1.982E-06  2.004E-06  2.022E-06  2.054E-06  2.058E-06  2.091E-06  2.119E-06  2.149E-06
  2.198E-06  2.237E-06  2.309E-06  2.333E-06  2.373E-06  2.461E-06  2.553E-06  1.528E-04  7.018E-04  8.518E-04
  8.522E-04  7.019E-04  1.528E-04  2.571E-06  2.444E-06  2.375E-06  2.304E-06  2.284E-06  2.220E-06  2.196E-06
  2.164E-06  2.121E-06  2.109E-06  2.087E-06  2.045E-06  2.006E-06  1.995E-06  1.965E-06  1.951E-06  1.935E-06
  1.848E-06  1.877E-06  1.922E-06  1.948E-06  1.960E-06  1.979E-06  1.986E-06  2.032E-06  2.037E-06  2.084E-06
  2.126E-06  2.156E-06  2.217E-06  2.248E-06  2.293E-06  2.383E-06  2.467E-06  1.446E-04  7.099E-04  8.518E-04
  8.522E-04  7.100E-04  1.446E-04  2.486E-06  2.357E-06  2.293E-06  2.223E-06  2.188E-06  2.156E-06  2.128E-06
  2.087E-06  2.052E-06  2.018E-06  2.019E-06  1.987E-06  1.939E-06  1.920E-06  1.893E-06  1.891E-06  1.873E-06
  1.790E-06  1.827E-06  1.853E-06  1.891E-06  1.902E-06  1.903E-06  1.923E-06  1.967E-06  1.976E-06  2.017E-06
  2.040E-06  2.078E-06  2.150E-06  2.165E-06  2.218E-06  2.296E-06  2.394E-06  1.364E-04  7.180E-04  8.518E-04
  8.522E-04  7.181E-04  1.364E-04  2.392E-06  2.291E-06  2.222E-06  2.150E-06  2.130E-06  2.080E-06  2.061E-06
  2.016E-06  1.973E-06  1.956E-06  1.947E-06  1.924E-06  1.884E-06  1.855E-06  1.847E-06  1.828E-06  1.815E-06
  1.742E-06  1.783E-06  1.792E-06  1.826E-06  1.842E-06  1.838E-06  1.861E-06  1.903E-06  1.908E-06  1.954E-06
  1.982E-06  2.008E-06  2.069E-06  2.088E-06  2.142E-06  2.208E-06  2.315E-06  1.283E-04  7.261E-04  8.518E-04
  8.522E-04  7.263E-04  1.282E-04  2.301E-06  2.212E-06  2.140E-06  2.069E-06  2.040E-06  2.007E-06  1.981E-06
  1.957E-06  1.910E-06  1.893E-06  1.878E-06  1.880E-06  1.823E-06  1.805E-06  1.784E-06  1.767E-06  1.762E-06
  1.697E-06  1.718E-06  1.743E-06  1.765E-06  1.778E-06  1.780E-06  1.807E-06  1.840E-06  1.850E-06  1.892E-06
  1.917E-06  1.948E-06  1.991E-06  2.023E-06  2.072E-06  2.132E-06  2.235E-06  1.201E-04  7.342E-04  8.518E-04
  8.523E-04  7.344E-04  1.200E-04  2.214E-06  2.146E-06  2.059E-06  2.006E-06  1.972E-06  1.943E-06  1.918E-06
  1.889E-06  1.853E-06  1.827E-06  1.806E-06  1.826E-06  1.781E-06  1.733E-06  1.739E-06  1.717E-06  1.697E-06
  1.654E-06  1.664E-06  1.711E-06  1.708E-06  1.711E-06  1.720E-06  1.751E-06  1.785E-06  1.780E-06  1.831E-06
  1.843E-06  1.894E-06  1.914E-06  1.939E-06  1.995E-06  2.062E-06  2.155E-06  1.119E-04  7.423E-04  8.518E-04
  8.523E-04  7.425E-04  1.118E-04  2.147E-06  2.066E-06  1.994E-06  1.955E-06  1.898E-06  1.875E-06  1.849E-06
  1.826E-06  1.800E-06  1.782E-06  1.734E-06  1.761E-06  1.726E-06  1.679E-06  1.675E-06  1.660E-06  1.665E-06
  1.608E-06  1.616E-06  1.653E-06  1.657E-06  1.655E-06  1.673E-06  1.690E-06  1.726E-06  1.717E-06  1.773E-06
  1.785E-06  1.845E-06  1.849E-06  1.876E-06  1.923E-06  1.984E-06  2.084E-06  1.038E-04  7.504E-04  8.518E-04
  8.523E-04  7.506E-04  1.036E-04  2.072E-06  1.999E-06  1.925E-06  1.885E-06  1.831E-06  1.816E-06  1.782E-06
  1.772E-06  1.731E-06  1.719E-06  1.681E-06  1.692E-06  1.684E-06  1.630E-06  1.617E-06  1.609E-06  1.610E-06
  1.556E-06  1.572E-06  1.594E-06  1.606E-06  1.597E-06  1.622E-06  1.647E-06  1.669E-06  1.664E-06  1.723E-06
  1.719E-06  1.779E-06  1.781E-06  1.820E-06  1.861E-06  1.902E-06  2.009E-06  9.558E-05  7.585E-04  8.518E-04
  8.523E-04  7.588E-04  9.537E-05  2.008E-06  1.936E-06  1.856E-06  1.826E-06  1.762E-06  1.751E-06  1.733E-06
  1.713E-06  1.672E-06  1.655E-06  1.634E-06  1.629E-06  1.638E-06  1.594E-06  1.561E-06  1.565E-06  1.545E-06
  1.501E-06  1.539E-06  1.545E-06  1.539E-06  1.549E-06  1.570E-06  1.589E-06  1.616E-06  1.621E-06  1.670E-06
  1.667E-06  1.722E-06  1.711E-06  1.759E-06  1.808E-06  1.840E-06  1.945E-06  8.740E-05  7.666E-04  8.519E-04
  8.523E-04  7.669E-04  8.721E-05  1.954E-06  1.858E-06  1.793E-06  1.760E-06  1.696E-06  1.689E-06  1.686E-06
  1.645E-06  1.607E-06  1.604E-06  1.578E-06  1.581E-06  1.582E-06  1.562E-06  1.506E-06  1.523E-06  1.499E-06
  1.463E-06  1.499E-06  1.495E-06  1.484E-06  1.507E-06  1.525E-06  1.541E-06  1.570E-06  1.572E-06  1.611E-06
  1.610E-06  1.654E-06  1.654E-06  1.701E-06  1.743E-06  1.769E-06  1.870E-06  7.920E-05  7.748E-04  8.519E-04
  8.523E-04  7.749E-04  7.907E-05  1.888E-06  1.789E-06  1.727E-06  1.702E-06  1.639E-06  1.628E-06  1.618E-06
  1.593E-06  1.560E-06  1.559E-06  1.537E-06  1.516E-06  1.545E-06  1.521E-06  1.466E-06  1.475E-06  1.453E-06
  1.427E-06  1.445E-06  1.453E-06  1.440E-06  1.466E-06  1.483E-06  1.494E-06  1.518E-06  1.517E-06  1.552E-06
  1.561E-06  1.596E-06  1.589E-06  1.640E-06  1.676E-06  1.722E-06  1.807E-06  7.101E-05  7.828E-04  8.520E-04
  8.523E-04  7.831E-04  7.090E-05  1.801E-06  1.717E-06  1.661E-06  1.641E-06  1.586E-06  1.577E-06  1.570E-06
  1.550E-06  1.515E-06  1.509E-06  1.494E-06  1.471E-06  1.480E-06  1.486E-06  1.442E-06  1.419E-06  1.412E-06
  1.389E-06  1.404E-06  1.404E-06  1.407E-06  1.423E-06  1.435E-06  1.462E-06  1.467E-06  1.483E-06  1.490E-06
  1.513E-06  1.545E-06  1.544E-06  1.580E-06  1.602E-06  1.647E-06  1.749E-06  6.279E-05  7.910E-04  8.520E-04
  8.523E-04  7.912E-04  6.271E-05  1.741E-06  1.653E-06  1.602E-06  1.587E-06  1.524E-06  1.513E-06  1.518E-06
  1.505E-06  1.470E-06  1.455E-06  1.450E-06  1.431E-06  1.426E-06  1.447E-06  1.409E-06  1.365E-06  1.383E-06
  1.361E-06  1.362E-06  1.359E-06  1.364E-06  1.383E-06  1.399E-06  1.419E-06  1.425E-06  1.438E-06  1.438E-06
  1.475E-06  1.490E-06  1.491E-06  1.526E-06  1.546E-06  1.591E-06  1.668E-06  5.459E-05  7.991E-04  8.520E-04
  8.523E-04  7.993E-04  5.454E-05  1.676E-06  1.597E-06  1.547E-06  1.527E-06  1.479E-06  1.466E-06  1.465E-06
  1.457E-06  1.424E-06  1.406E-06  1.404E-06  1.395E-06  1.382E-06  1.394E-06  1.380E-06  1.327E-06  1.349E-06
  1.319E-06  1.321E-06  1.312E-06  1.325E-06  1.354E-06  1.351E-06  1.376E-06  1.380E-06  1.402E-06  1.385E-06
  1.438E-06  1.436E-06  1.442E-06  1.476E-06  1.500E-06  1.527E-06  1.598E-06  4.636E-05  8.073E-04  8.520E-04
  8.523E-04  8.075E-04  4.638E-05  1.601E-06  1.534E-06  1.492E-06  1.482E-06  1.431E-06  1.417E-06  1.421E-06
  1.412E-06  1.388E-06  1.363E-06  1.367E-06  1.354E-06  1.336E-06  1.356E-06  1.342E-06  1.298E-06  1.297E-06
  1.275E-06  1.283E-06  1.268E-06  1.286E-06  1.315E-06  1.310E-06  1.340E-06  1.335E-06  1.357E-06  1.346E-06
  1.389E-06  1.380E-06  1.395E-06  1.423E-06  1.443E-06  1.465E-06  1.535E-06  3.818E-05  8.154E-04  8.521E-04
  8.523E-04  8.156E-04  3.820E-05  1.524E-06  1.475E-06  1.435E-06  1.427E-06  1.380E-06  1.371E-06  1.379E-06
  1.367E-06  1.349E-06  1.320E-06  1.327E-06  1.307E-06  1.298E-06  1.313E-06  1.318E-06  1.282E-06  1.249E-06
  1.241E-06  1.244E-06  1.239E-06  1.251E-06  1.273E-06  1.273E-06  1.299E-06  1.299E-06  1.314E-06  1.305E-06
  1.349E-06  1.339E-06  1.357E-06  1.377E-06  1.386E-06  1.409E-06  1.467E-06  3.001E-05  8.235E-04  8.521E-04
  8.522E-04  8.237E-04  3.001E-05  1.450E-06  1.426E-06  1.378E-06  1.379E-06  1.342E-06  1.322E-06  1.338E-06
  1.321E-06  1.316E-06  1.290E-06  1.283E-06  1.280E-06  1.264E-06  1.264E-06  1.276E-06  1.264E-06  1.215E-06
  1.213E-06  1.202E-06  1.210E-06  1.227E-06  1.238E-06  1.238E-06  1.263E-06  1.263E-06  1.275E-06  1.277E-06
  1.321E-06  1.299E-06  1.309E-06  1.335E-06  1.340E-06  1.360E-06  1.401E-06  2.182E-05  8.316E-04  8.521E-04
  8.522E-04  8.318E-04  2.181E-05  1.389E-06  1.375E-06  1.337E-06  1.332E-06  1.306E-06  1.283E-06  1.295E-06
  1.282E-06  1.280E-06  1.249E-06  1.247E-06  1.246E-06  1.236E-06  1.225E-06  1.237E-06  1.233E-06  1.181E-06
  1.179E-06  1.160E-06  1.181E-06  1.198E-06  1.196E-06  1.209E-06  1.224E-06  1.232E-06  1.233E-06  1.247E-06
  1.277E-06  1.257E-06  1.267E-06  1.291E-06  1.293E-06  1.308E-06  1.336E-06  1.365E-05  8.067E-04  8.193E-04
  8.193E-04  8.068E-04  1.367E-05  1.323E-06  1.329E-06  1.295E-06  1.290E-06  1.273E-06  1.244E-06  1.257E-06
  1.244E-06  1.245E-06  1.217E-06  1.215E-06  1.212E-06  1.201E-06  1.191E-06  1.208E-06  1.202E-06  1.163E-06
  1.145E-06  1.128E-06  1.157E-06  1.167E-06  1.162E-06  1.178E-06  1.196E-06  1.199E-06  1.185E-06  1.214E-06
  1.233E-06  1.226E-06  1.229E-06  1.246E-06  1.253E-06  1.263E-06  1.279E-06  6.742E-06  5.784E-04  5.841E-04
  5.843E-04  5.785E-04  6.765E-06  1.271E-06  1.283E-06  1.249E-06  1.243E-06  1.244E-06  1.211E-06  1.219E-06
  1.217E-06  1.210E-06  1.185E-06  1.177E-06  1.186E-06  1.163E-06  1.154E-06  1.165E-06  1.170E-06  1.146E-06
  1.100E-06  1.099E-06  1.126E-06  1.132E-06  1.143E-06  1.150E-06  1.162E-06  1.166E-06  1.150E-06  1.190E-06
  1.189E-06  1.187E-06  1.204E-06  1.204E-06  1.206E-06  1.216E-06  1.233E-06  2.627E-06  2.677E-04  2.690E-04
  2.693E-04  2.678E-04  2.614E-06  1.224E-06  1.239E-06  1.215E-06  1.208E-06  1.205E-06  1.180E-06  1.191E-06
  1.179E-06  1.173E-06  1.159E-06  1.141E-06  1.150E-06  1.133E-06  1.130E-06  1.125E-06  1.140E-06  1.127E-06
  1.069E-06  1.071E-06  1.112E-06  1.095E-06  1.113E-06  1.117E-06  1.133E-06  1.134E-06  1.125E-06  1.164E-06
  1.160E-06  1.148E-06  1.164E-06  1.163E-06  1.169E-06  1.181E-06  1.198E-06  1.277E-06  3.406E-05  3.407E-05
  3.416E-05  3.406E-05  1.274E-06  1.192E-06  1.195E-06  1.180E-06  1.176E-06  1.167E-06  1.140E-06  1.154E-06
  1.151E-06  1.138E-06  1.132E-06  1.112E-06  1.114E-06  1.110E-06  1.106E-06  1.089E-06  1.107E-06  1.102E-06
  1.038E-06  1.056E-06  1.079E-06  1.068E-06  1.082E-06  1.091E-06  1.106E-06  1.098E-06  1.098E-06  1.127E-06
  1.124E-06  1.112E-06  1.137E-06  1.126E-06  1.137E-06  1.158E-06  1.158E-06  1.165E-06  1.153E-06  1.170E-06
  1.162E-06  1.160E-06  1.163E-06  1.152E-06  1.163E-06  1.134E-06  1.143E-06  1.133E-06  1.118E-06  1.110E-06
  1.120E-06  1.107E-06  1.104E-06  1.087E-06  1.087E-06  1.075E-06  1.078E-06  1.059E-06  1.074E-06  1.081E-06
  1.018E-06  1.029E-06  1.049E-06  1.051E-06  1.056E-06  1.063E-06  1.071E-06  1.063E-06  1.077E-06  1.095E-06
  1.088E-06  1.080E-06  1.111E-06  1.099E-06  1.106E-06  1.122E-06  1.119E-06  1.125E-06  1.119E-06  1.126E-06
  1.119E-06  1.124E-06  1.126E-06  1.111E-06  1.122E-06  1.102E-06  1.106E-06  1.098E-06  1.093E-06  1.082E-06
  1.076E-06  1.079E-06  1.075E-06  1.064E-06  1.058E-06  1.050E-06  1.044E-06  1.031E-06  1.044E-06  1.051E-06
  9.901E-07  1.014E-06  1.018E-06  1.035E-06  1.023E-06  1.037E-06  1.041E-06  1.033E-06  1.045E-06  1.069E-06
  1.059E-06  1.051E-06  1.080E-06  1.072E-06  1.068E-06  1.088E-06  1.079E-06  1.091E-06  1.087E-06  1.091E-06
  1.082E-06  1.088E-06  1.098E-06  1.076E-06  1.089E-06  1.066E-06  1.070E-06  1.075E-06  1.064E-06  1.054E-06
  1.050E-06  1.044E-06  1.045E-06  1.042E-06  1.018E-06  1.031E-06  1.013E-06  1.011E-06  1.007E-06  1.029E-06
  9.673E-07  1.000E-06  9.864E-07  1.003E-06  1.000E-06  1.010E-06  1.019E-06  1.005E-06  1.028E-06  1.041E-06
  1.023E-06  1.027E-06  1.048E-06  1.042E-06  1.039E-06  1.054E-06  1.047E-06  1.053E-06  1.059E-06  1.054E-06
  1.049E-06  1.055E-06  1.066E-06  1.047E-06  1.053E-06  1.038E-06  1.036E-06  1.045E-06  1.045E-06  1.022E-06
  1.031E-06  1.012E-06  1.012E-06  1.019E-06  9.999E-07  1.006E-06  9.839E-07  9.958E-07  9.744E-07  9.998E-07
  9.498E-07  9.715E-07  9.654E-07  9.775E-07  9.784E-07  9.857E-07  9.943E-07  9.829E-07  1.001E-06  1.015E-06
  9.924E-07  1.000E-06  1.023E-06  1.009E-06  1.016E-06  1.017E-06  1.018E-06  1.026E-06  1.026E-06  1.034E-06
  1.018E-06  1.026E-06  1.038E-06  1.016E-06  1.026E-06  1.015E-06  9.987E-07  1.018E-06  1.017E-06  9.996E-07
  1.002E-06  9.886E-07  9.851E-07  9.980E-07  9.740E-07  9.883E-07  9.539E-07  9.723E-07  9.602E-07  9.658E-07
  9.305E-07  9.491E-07  9.344E-07  9.580E-07  9.553E-07  9.636E-07  9.691E-07  9.621E-07  9.740E-07  9.883E-07
  9.634E-07  9.774E-07  9.942E-07  9.813E-07  9.856E-07  9.916E-07  9.901E-07  9.954E-07  9.949E-07  1.008E-06
  9.891E-07  1.000E-06  1.010E-06  9.904E-07  1.004E-06  9.840E-07  9.751E-07  9.903E-07  9.847E-07  9.740E-07
  9.781E-07  9.632E-07  9.606E-07  9.667E-07  9.575E-07  9.561E-07  9.393E-07  9.368E-07  9.430E-07  9.361E-07
  9.032E-07  9.262E-07  9.250E-07  9.294E-07  9.310E-07  9.430E-07  9.354E-07  9.440E-07  9.529E-07  9.610E-07
  9.362E-07  9.601E-07  9.664E-07  9.588E-07  9.621E-07  9.670E-07  9.604E-07  9.688E-07  9.668E-07  9.810E-07
  9.582E-07  9.728E-07  9.867E-07  9.656E-07  9.802E-07  9.591E-07  9.470E-07  9.674E-07  9.526E-07  9.524E-07
  9.524E-07  9.483E-07  9.306E-07  9.444E-07  9.408E-07  9.191E-07  9.246E-07  9.112E-07  9.287E-07  9.106E-07
  8.919E-07  8.982E-07  9.077E-07  9.066E-07  9.154E-07  9.165E-07  9.189E-07  9.189E-07  9.280E-07  9.387E-07
  9.097E-07  9.307E-07  9.474E-07  9.294E-07  9.372E-07  9.440E-07  9.337E-07  9.492E-07  9.440E-07  9.507E-07
  9.342E-07  9.474E-07  9.598E-07  9.452E-07  9.517E-07  9.321E-07  9.305E-07  9.376E-07  9.300E-07  9.355E-07
  9.291E-07  9.207E-07  9.087E-07  9.218E-07  9.211E-07  8.899E-07  9.096E-07  8.831E-07  9.026E-07  8.854E-07
  8.807E-07  8.765E-07  8.784E-07  8.863E-07  8.970E-07  8.933E-07  8.950E-07  9.008E-07  9.080E-07  9.128E-07
  8.866E-07  9.086E-07  9.251E-07  8.981E-07  9.191E-07  9.162E-07  9.089E-07  9.274E-07  9.233E-07  9.223E-07
  9.140E-07  9.208E-07  9.371E-07  9.186E-07  9.241E-07  9.099E-07  9.027E-07  9.146E-07  9.091E-07  9.073E-07
  9.079E-07  9.015E-07  8.819E-07  9.003E-07  8.982E-07  8.678E-07  8.877E-07  8.636E-07  8.700E-07  8.737E-07
  8.608E-07  8.507E-07  8.564E-07  8.715E-07  8.666E-07  8.779E-07  8.732E-07  8.877E-07  8.813E-07  8.884E-07
  8.689E-07  8.910E-07  8.997E-07  8.759E-07  8.999E-07  8.840E-07  8.863E-07  9.045E-07  9.002E-07  8.963E-07
  8.942E-07  8.984E-07  9.099E-07  8.952E-07  9.014E-07  8.897E-07  8.749E-07  8.954E-07  8.831E-07  8.856E-07
  8.817E-07  8.904E-07  8.573E-07  8.757E-07  8.774E-07  8.540E-07  8.677E-07  8.458E-07  8.426E-07  8.613E-07
  8.400E-07  8.352E-07  8.359E-07  8.515E-07  8.440E-07  8.601E-07  8.483E-07  8.678E-07  8.559E-07  8.646E-07
  8.496E-07  8.744E-07  8.716E-07  8.590E-07  8.748E-07  8.620E-07  8.691E-07  8.799E-07  8.740E-07  8.816E-07
  8.674E-07  8.749E-07  8.833E-07  8.741E-07  8.807E-07  8.709E-07  8.506E-07  8.681E-07  8.698E-07  8.684E-07
  8.520E-07  8.738E-07  8.404E-07  8.488E-07  8.584E-07  8.418E-07  8.395E-07  8.259E-07  8.205E-07  8.439E-07
  8.170E-07  8.210E-07  8.211E-07  8.293E-07  8.219E-07  8.390E-07  8.289E-07  8.421E-07  8.409E-07  8.499E-07
  8.255E-07  8.577E-07  8.451E-07  8.360E-07  8.589E-07  8.395E-07  8.517E-07  8.600E-07  8.470E-07  8.613E-07
  8.450E-07  8.520E-07  8.698E-07  8.474E-07  8.562E-07  8.530E-07  8.316E-07  8.458E-07  8.480E-07  8.526E-07
  8.349E-07  8.476E-07  8.227E-07  8.252E-07  8.359E-07  8.256E-07  8.146E-07  8.125E-07  8.037E-07  8.180E-07
  7.988E-07  8.042E-07  7.997E-07  8.113E-07  8.019E-07  8.151E-07  8.158E-07  8.216E-07  8.286E-07  8.248E-07
  8.044E-07  8.360E-07  8.280E-07  8.117E-07  8.372E-07  8.211E-07  8.358E-07  8.384E-07  8.276E-07  8.387E-07
  8.259E-07  8.322E-07  8.464E-07  8.324E-07  8.352E-07  8.313E-07  8.143E-07  8.251E-07  8.248E-07  8.339E-07
  8.190E-07  8.281E-07  8.101E-07  8.026E-07  8.141E-07  8.117E-07  7.936E-07  8.013E-07  7.833E-07  7.924E-07
  7.816E-07  7.824E-07  7.813E-07  7.908E-07  7.937E-07  7.933E-07  7.939E-07  8.052E-07  8.109E-07  8.012E-07
  7.933E-07  8.109E-07  8.134E-07  7.930E-07  8.148E-07  8.067E-07  8.135E-07  8.218E-07  8.035E-07  8.196E-07
  8.051E-07  8.145E-07  8.256E-07  8.121E-07  8.191E-07  8.107E-07  7.990E-07  8.021E-07  8.063E-07  8.049E-07
  7.995E-07  8.125E-07  7.957E-07  7.830E-07  8.012E-07  7.928E-07  7.765E-07  7.811E-07  7.674E-07  7.710E-07
  7.608E-07  7.632E-07  7.755E-07  7.701E-07  7.717E-07  7.737E-07  7.752E-07  7.836E-07  7.941E-07  7.810E-07
  7.776E-07  7.954E-07  7.895E-07  7.795E-07  7.958E-07  7.850E-07  7.931E-07  8.057E-07  7.861E-07  8.026E-07
  7.872E-07  7.924E-07  8.063E-07  7.967E-07  7.962E-07  7.948E-07  7.780E-07  7.813E-07  7.875E-07  7.863E-07
  7.873E-07  7.882E-07  7.803E-07  7.635E-07  7.832E-07  7.778E-07  7.610E-07  7.624E-07  7.477E-07  7.459E-07
  7.511E-07  7.432E-07  7.615E-07  7.537E-07  7.527E-07  7.596E-07  7.580E-07  7.694E-07  7.687E-07  7.627E-07
  7.593E-07  7.827E-07  7.632E-07  7.599E-07  7.771E-07  7.708E-07  7.796E-07  7.865E-07  7.654E-07  7.812E-07
  7.673E-07  7.793E-07  7.839E-07  7.784E-07  7.789E-07  7.793E-07  7.665E-07  7.609E-07  7.689E-07  7.713E-07
  7.703E-07  7.688E-07  7.643E-07  7.413E-07  7.667E-07  7.595E-07  7.423E-07  7.500E-07  7.321E-07  7.335E-07
  7.363E-07  7.286E-07  7.428E-07  7.389E-07  7.324E-07  7.441E-07  7.474E-07  7.530E-07  7.489E-07  7.456E-07
  7.489E-07  7.647E-07  7.419E-07  7.424E-07  7.581E-07  7.509E-07  7.646E-07  7.688E-07  7.484E-07  7.676E-07
  7.457E-07  7.614E-07  7.704E-07  7.585E-07  7.652E-07  7.599E-07  7.495E-07  7.458E-07  7.513E-07  7.539E-07
  7.521E-07  7.518E-07  7.561E-07  7.277E-07  7.455E-07  7.435E-07  7.291E-07  7.315E-07  7.232E-07  7.189E-07
  7.194E-07  7.105E-07  7.256E-07  7.226E-07  7.253E-07  7.284E-07  7.311E-07  7.393E-07  7.303E-07  7.292E-07
  7.340E-07  7.460E-07  7.249E-07  7.300E-07  7.373E-07  7.321E-07  7.479E-07  7.491E-07  7.368E-07  7.463E-07
  7.309E-07  7.493E-07  7.503E-07  7.419E-07  7.510E-07  7.443E-07  7.315E-07  7.289E-07  7.352E-07  7.360E-07
  7.344E-07  7.384E-07  7.394E-07  7.165E-07  7.231E-07  7.302E-07  7.134E-07  7.185E-07  7.119E-07  7.022E-07
  7.017E-07  6.908E-07  7.131E-07  7.128E-07  7.095E-07  7.094E-07  7.148E-07  7.241E-07  7.162E-07  7.073E-07
  7.216E-07  7.255E-07  7.141E-07  7.193E-07  7.206E-07  7.148E-07  7.323E-07  7.301E-07  7.206E-07  7.270E-07
  7.140E-07  7.316E-07  7.312E-07  7.264E-07  7.350E-07  7.299E-07  7.128E-07  7.173E-07  7.161E-07  7.203E-07
  7.179E-07  7.240E-07  7.202E-07  7.033E-07  7.013E-07  7.176E-07  7.020E-07  7.044E-07  6.947E-07  6.884E-07
  6.784E-07  6.864E-07  6.999E-07  6.957E-07  6.965E-07  6.901E-07  6.990E-07  7.121E-07  7.039E-07  6.884E-07
  7.091E-07  7.082E-07  6.959E-07  7.041E-07  7.060E-07  6.973E-07  7.168E-07  7.118E-07  7.067E-07  7.119E-07
  7.003E-07  7.131E-07  7.161E-07  7.108E-07  7.189E-07  7.101E-07  6.969E-07  6.992E-07  7.009E-07  7.019E-07
  7.054E-07  7.081E-07  7.017E-07  6.889E-07  6.844E-07  6.985E-07  6.922E-07  6.883E-07  6.798E-07  6.678E-07
  6.674E-07  6.773E-07  6.762E-07  6.834E-07  6.846E-07  6.708E-07  6.843E-07  7.004E-07  6.898E-07  6.730E-07
  6.949E-07  6.870E-07  6.865E-07  6.895E-07  6.919E-07  6.801E-07  7.013E-07  6.962E-07  6.908E-07  7.017E-07
  6.867E-07  6.961E-07  7.029E-07  6.964E-07  7.044E-07  6.912E-07  6.879E-07  6.852E-07  6.817E-07  6.886E-07
  6.907E-07  6.903E-07  6.911E-07  6.784E-07  6.693E-07  6.877E-07  6.811E-07  6.658E-07  6.657E-07  6.545E-07
  6.539E-07  6.681E-07  6.655E-07  6.649E-07  6.709E-07  6.609E-07  6.723E-07  6.858E-07  6.722E-07  6.589E-07
  6.817E-07  6.723E-07  6.711E-07  6.738E-07  6.783E-07  6.687E-07  6.878E-07  6.831E-07  6.766E-07  6.867E-07
  6.705E-07  6.856E-07  6.890E-07  6.790E-07  6.908E-07  6.790E-07  6.726E-07  6.714E-07  6.653E-07  6.757E-07
  6.725E-07  6.723E-07  6.817E-07  6.672E-07  6.483E-07  6.699E-07  6.708E-07  6.499E-07  6.550E-07  6.483E-07
  6.379E-07  6.600E-07  6.503E-07  6.451E-07  6.591E-07  6.483E-07  6.587E-07  6.668E-07  6.541E-07  6.494E-07
  6.634E-07  6.639E-07  6.542E-07  6.611E-07  6.690E-07  6.548E-07  6.729E-07  6.650E-07  6.642E-07  6.736E-07
  6.567E-07  6.724E-07  6.722E-07  6.667E-07  6.733E-07  6.662E-07  6.571E-07  6.569E-07  6.493E-07  6.632E-07
  6.587E-07  6.597E-07  6.679E-07  6.570E-07  6.389E-07  6.547E-07  6.555E-07  6.403E-07  6.417E-07  6.397E-07

#------------------------------------------------------------------------------
# gshow
#------------------------------------------------------------------------------

p: legs[c5*0.875]

hb:   line clip z  
frame:
 -2.0000000E+01 -1.1000000E+02
  2.0000000E+01 -1.1000000E+02
  2.0000000E+01  1.0000000E+01
 -2.0000000E+01  1.0000000E+01
clip:
 -2.097561E+01 -1.111881E+02
  2.097561E+01 -1.111881E+02
  2.097561E+01 -1.099644E+02
  2.097561E+01 -1.087406E+02
  2.097561E+01 -1.075168E+02
  2.097561E+01 -1.062931E+02
  2.097561E+01 -1.050693E+02
  2.097561E+01 -1.038455E+02
  2.097561E+01 -1.026218E+02
  2.097561E+01 -1.013980E+02
  2.097561E+01 -1.001743E+02
  2.097561E+01 -9.895050E+01
  2.097561E+01 -9.772673E+01
  2.097561E+01 -9.650297E+01
  2.097561E+01 -9.527921E+01
  2.097561E+01 -9.405545E+01
  2.097561E+01 -9.283168E+01
  2.097561E+01 -9.160792E+01
  2.097561E+01 -9.038416E+01
  2.097561E+01 -8.916040E+01
  2.097561E+01 -8.793663E+01
  2.097561E+01 -8.671287E+01
  2.097561E+01 -8.548911E+01
  2.097561E+01 -8.426535E+01
  2.097561E+01 -8.304158E+01
  2.097561E+01 -8.181782E+01
  2.097561E+01 -8.059406E+01
  2.097561E+01 -7.937030E+01
  2.097561E+01 -7.814653E+01
  2.097561E+01 -7.692277E+01
  2.097561E+01 -7.569901E+01
  2.097561E+01 -7.447525E+01
  2.097561E+01 -7.325149E+01
  2.097561E+01 -7.202772E+01
  2.097561E+01 -7.080396E+01
  2.097561E+01 -6.958020E+01
  2.097561E+01 -6.835644E+01
  2.097561E+01 -6.713267E+01
  2.097561E+01 -6.590891E+01
  2.097561E+01 -6.468515E+01
  2.097561E+01 -6.346139E+01
  2.097561E+01 -6.223762E+01
  2.097561E+01 -6.101386E+01
  2.097561E+01 -5.979010E+01
  2.097561E+01 -5.856634E+01
  2.097561E+01 -5.734257E+01
  2.097561E+01 -5.611881E+01
  2.097561E+01 -5.489505E+01
  2.097561E+01 -5.367129E+01
  2.097561E+01 -5.244752E+01
  2.097561E+01 -5.122376E+01
  2.097561E+01 -5.000000E+01
  2.097561E+01 -4.877624E+01
  2.097561E+01 -4.755248E+01
  2.097561E+01 -4.632871E+01
  2.097561E+01 -4.510495E+01
  2.097561E+01 -4.388119E+01
  2.097561E+01 -4.265743E+01
  2.097561E+01 -4.143366E+01
  2.097561E+01 -4.020990E+01
  2.097561E+01 -3.898614E+01
  2.097561E+01 -3.776238E+01
  2.097561E+01 -3.653861E+01
  2.097561E+01 -3.531485E+01
  2.097561E+01 -3.409109E+01
  2.097561E+01 -3.286733E+01
  2.097561E+01 -3.164356E+01
  2.097561E+01 -3.041980E+01
  2.097561E+01 -2.919604E+01
  2.097561E+01 -2.797228E+01
  2.097561E+01 -2.674851E+01
  2.097561E+01 -2.552475E+01
  2.097561E+01 -2.430099E+01
  2.097561E+01 -2.307723E+01
  2.097561E+01 -2.185347E+01
  2.097561E+01 -2.062970E+01
  2.097561E+01 -1.940594E+01
  2.097561E+01 -1.818218E+01
  2.097561E+01 -1.695842E+01
  2.097561E+01 -1.573465E+01
  2.097561E+01 -1.451089E+01
  2.097561E+01 -1.328713E+01
  2.097561E+01 -1.206337E+01
  2.097561E+01 -1.083960E+01
  2.097561E+01 -9.615842E+00
  2.097561E+01 -8.392079E+00
  2.097561E+01 -7.168317E+00
  2.097561E+01 -5.944554E+00
  2.097561E+01 -4.720792E+00
  2.097561E+01 -3.497030E+00
  2.097561E+01 -2.273267E+00
  2.097561E+01 -1.049505E+00
  2.097561E+01  1.742574E-01
  2.097561E+01  1.398020E+00
  2.097561E+01  2.621782E+00
  2.097561E+01  3.845545E+00
  2.097561E+01  5.069307E+00
  2.097561E+01  6.293069E+00
  2.097561E+01  7.516832E+00
  2.097561E+01  8.740594E+00
  2.097561E+01  9.964356E+00
  2.097561E+01  1.118812E+01
  1.992683E+01  1.118812E+01
  1.887805E+01  1.118812E+01
  1.782927E+01  1.118812E+01
  1.678049E+01  1.118812E+01
  1.573171E+01  1.118812E+01
  1.500000E+01  1.118812E+01
  1.500000E+01  1.045641E+01
  1.500000E+01  9.964356E+00
  1.500000E+01  9.232649E+00
  1.500000E+01  8.740594E+00
  1.500000E+01  8.008887E+00
  1.500000E+01  7.516832E+00
  1.500000E+01  6.785124E+00
  1.500000E+01  6.293069E+00
  1.500000E+01  5.561362E+00
  1.500000E+01  5.069307E+00
  1.500000E+01  4.337600E+00
  1.500000E+01  3.845545E+00
  1.500000E+01  3.113837E+00
  1.500000E+01  2.621782E+00
  1.500000E+01  1.890075E+00
  1.500000E+01  1.398020E+00
  1.500000E+01  6.663125E-01
  1.500000E+01  1.742574E-01
  1.468293E+01  0.000000E+00
  1.363342E+01  0.000000E+00
  1.258464E+01  0.000000E+00
  1.153586E+01  0.000000E+00
  1.048708E+01  0.000000E+00
  9.438300E+00  0.000000E+00
  8.389519E+00  0.000000E+00
  7.340739E+00  0.000000E+00
  6.291958E+00  0.000000E+00
  5.243178E+00  0.000000E+00
  4.194398E+00  0.000000E+00
  3.145617E+00  0.000000E+00
  2.096837E+00  0.000000E+00
  1.048056E+00  0.000000E+00
 -7.244269E-04  0.000000E+00
 -1.049505E+00  0.000000E+00
 -2.098285E+00  0.000000E+00
 -3.147066E+00  0.000000E+00
 -4.195846E+00  0.000000E+00
 -5.244627E+00  0.000000E+00
 -6.293407E+00  0.000000E+00
 -7.342188E+00  0.000000E+00
 -8.390968E+00  0.000000E+00
 -9.439749E+00  0.000000E+00
 -1.048853E+01  0.000000E+00
 -1.153731E+01  0.000000E+00
 -1.258609E+01  0.000000E+00
 -1.363487E+01  0.000000E+00
 -1.468365E+01  0.000000E+00
 -1.500000E+01  1.742574E-01
 -1.500000E+01  9.059648E-01
 -1.500000E+01  1.398020E+00
 -1.500000E+01  2.129727E+00
 -1.500000E+01  2.621782E+00
 -1.500000E+01  3.353490E+00
 -1.500000E+01  3.845545E+00
 -1.500000E+01  4.577252E+00
 -1.500000E+01  5.069307E+00
 -1.500000E+01  5.801014E+00
 -1.500000E+01  6.293069E+00
 -1.500000E+01  7.024777E+00
 -1.500000E+01  7.516832E+00
 -1.500000E+01  8.248539E+00
 -1.500000E+01  8.740594E+00
 -1.500000E+01  9.472301E+00
 -1.500000E+01  9.964356E+00
 -1.500000E+01  1.069606E+01
 -1.500000E+01  1.118812E+01
 -1.573171E+01  1.118812E+01
 -1.678049E+01  1.118812E+01
 -1.782927E+01  1.118812E+01
 -1.887805E+01  1.118812E+01
 -1.992683E+01  1.118812E+01
 -2.097561E+01  1.118812E+01
 -2.097561E+01  9.964356E+00
 -2.097561E+01  8.740594E+00
 -2.097561E+01  7.516832E+00
 -2.097561E+01  6.293069E+00
 -2.097561E+01  5.069307E+00
 -2.097561E+01  3.845545E+00
 -2.097561E+01  2.621782E+00
 -2.097561E+01  1.398020E+00
 -2.097561E+01  1.742574E-01
 -2.097561E+01 -1.049505E+00
 -2.097561E+01 -2.273267E+00
 -2.097561E+01 -3.497030E+00
 -2.097561E+01 -4.720792E+00
 -2.097561E+01 -5.944554E+00
 -2.097561E+01 -7.168317E+00
 -2.097561E+01 -8.392079E+00
 -2.097561E+01 -9.615842E+00
 -2.097561E+01 -1.083960E+01
 -2.097561E+01 -1.206337E+01
 -2.097561E+01 -1.328713E+01
 -2.097561E+01 -1.451089E+01
 -2.097561E+01 -1.573465E+01
 -2.097561E+01 -1.695842E+01
 -2.097561E+01 -1.818218E+01
 -2.097561E+01 -1.940594E+01
 -2.097561E+01 -2.062970E+01
 -2.097561E+01 -2.185347E+01
 -2.097561E+01 -2.307723E+01
 -2.097561E+01 -2.430099E+01
 -2.097561E+01 -2.552475E+01
 -2.097561E+01 -2.674851E+01
 -2.097561E+01 -2.797228E+01
 -2.097561E+01 -2.919604E+01
 -2.097561E+01 -3.041980E+01
 -2.097561E+01 -3.164356E+01
 -2.097561E+01 -3.286733E+01
 -2.097561E+01 -3.409109E+01
 -2.097561E+01 -3.531485E+01
 -2.097561E+01 -3.653861E+01
 -2.097561E+01 -3.776238E+01
 -2.097561E+01 -3.898614E+01
 -2.097561E+01 -4.020990E+01
 -2.097561E+01 -4.143366E+01
 -2.097561E+01 -4.265743E+01
 -2.097561E+01 -4.388119E+01
 -2.097561E+01 -4.510495E+01
 -2.097561E+01 -4.632871E+01
 -2.097561E+01 -4.755248E+01
 -2.097561E+01 -4.877624E+01
 -2.097561E+01 -5.000000E+01
 -2.097561E+01 -5.122376E+01
 -2.097561E+01 -5.244752E+01
 -2.097561E+01 -5.367129E+01
 -2.097561E+01 -5.489505E+01
 -2.097561E+01 -5.611881E+01
 -2.097561E+01 -5.734257E+01
 -2.097561E+01 -5.856634E+01
 -2.097561E+01 -5.979010E+01
 -2.097561E+01 -6.101386E+01
 -2.097561E+01 -6.223762E+01
 -2.097561E+01 -6.346139E+01
 -2.097561E+01 -6.468515E+01
 -2.097561E+01 -6.590891E+01
 -2.097561E+01 -6.713267E+01
 -2.097561E+01 -6.835644E+01
 -2.097561E+01 -6.958020E+01
 -2.097561E+01 -7.080396E+01
 -2.097561E+01 -7.202772E+01
 -2.097561E+01 -7.325149E+01
 -2.097561E+01 -7.447525E+01
 -2.097561E+01 -7.569901E+01
 -2.097561E+01 -7.692277E+01
 -2.097561E+01 -7.814653E+01
 -2.097561E+01 -7.937030E+01
 -2.097561E+01 -8.059406E+01
 -2.097561E+01 -8.181782E+01
 -2.097561E+01 -8.304158E+01
 -2.097561E+01 -8.426535E+01
 -2.097561E+01 -8.548911E+01
 -2.097561E+01 -8.671287E+01
 -2.097561E+01 -8.793663E+01
 -2.097561E+01 -8.916040E+01
 -2.097561E+01 -9.038416E+01
 -2.097561E+01 -9.160792E+01
 -2.097561E+01 -9.283168E+01
 -2.097561E+01 -9.405545E+01
 -2.097561E+01 -9.527921E+01
 -2.097561E+01 -9.650297E+01
 -2.097561E+01 -9.772673E+01
 -2.097561E+01 -9.895050E+01
 -2.097561E+01 -1.001743E+02
 -2.097561E+01 -1.013980E+02
 -2.097561E+01 -1.026218E+02
 -2.097561E+01 -1.038455E+02
 -2.097561E+01 -1.050693E+02
 -2.097561E+01 -1.062931E+02
 -2.097561E+01 -1.075168E+02
 -2.097561E+01 -1.087406E+02
 -2.097561E+01 -1.099644E+02
 -2.097561E+01 -1.111881E+02

hb:   line clip z  
frame:
 -2.0000000E+01 -1.1000000E+02
  2.0000000E+01 -1.1000000E+02
  2.0000000E+01  1.0000000E+01
 -2.0000000E+01  1.0000000E+01
clip:
 -1.485718E+01  0.000000E+00
  1.485718E+01  0.000000E+00
  1.500000E+01  1.742574E-01
  1.500000E+01  4.913306E-01
  1.500000E+01  1.398020E+00
  1.500000E+01  1.715093E+00
  1.500000E+01  2.621782E+00
  1.500000E+01  2.938855E+00
  1.500000E+01  3.845545E+00
  1.500000E+01  4.162618E+00
  1.500000E+01  5.069307E+00
  1.500000E+01  5.386380E+00
  1.500000E+01  6.293069E+00
  1.500000E+01  6.610142E+00
  1.500000E+01  7.516832E+00
  1.500000E+01  7.833905E+00
  1.500000E+01  8.740594E+00
  1.500000E+01  9.057667E+00
  1.500000E+01  9.964356E+00
  1.500000E+01  1.028143E+01
  1.500000E+01  1.118812E+01
  1.468293E+01  1.118812E+01
  1.363415E+01  1.118812E+01
  1.258537E+01  1.118812E+01
  1.153659E+01  1.118812E+01
  1.048780E+01  1.118812E+01
  9.439024E+00  1.118812E+01
  8.390244E+00  1.118812E+01
  7.341463E+00  1.118812E+01
  6.292683E+00  1.118812E+01
  5.243902E+00  1.118812E+01
  4.195122E+00  1.118812E+01
  3.146341E+00  1.118812E+01
  2.097561E+00  1.118812E+01
  1.048781E+00  1.118812E+01
  1.234568E-08  1.118812E+01
 -1.048780E+00  1.118812E+01
 -2.097561E+00  1.118812E+01
 -3.146341E+00  1.118812E+01
 -4.195122E+00  1.118812E+01
 -5.243902E+00  1.118812E+01
 -6.292683E+00  1.118812E+01
 -7.341463E+00  1.118812E+01
 -8.390244E+00  1.118812E+01
 -9.439024E+00  1.118812E+01
 -1.048780E+01  1.118812E+01
 -1.153659E+01  1.118812E+01
 -1.258537E+01  1.118812E+01
 -1.363415E+01  1.118812E+01
 -1.468293E+01  1.118812E+01
 -1.500000E+01  1.118812E+01
 -1.500000E+01  1.087105E+01
 -1.500000E+01  9.964356E+00
 -1.500000E+01  9.647283E+00
 -1.500000E+01  8.740594E+00
 -1.500000E+01  8.423521E+00
 -1.500000E+01  7.516832E+00
 -1.500000E+01  7.199759E+00
 -1.500000E+01  6.293069E+00
 -1.500000E+01  5.975996E+00
 -1.500000E+01  5.069307E+00
 -1.500000E+01  4.752234E+00
 -1.500000E+01  3.845545E+00
 -1.500000E+01  3.528471E+00
 -1.500000E+01  2.621782E+00
 -1.500000E+01  2.304709E+00
 -1.500000E+01  1.398020E+00
 -1.500000E+01  1.080947E+00
 -1.500000E+01  1.742574E-01

#------------------------------------------------------------------------------
z: xorg(1.03)
p: xfac[c2*0.05] form[c1/0.05] notc noxt noyt dmin(1)
p: ymin(0) ymax(1) xmin(0) xmax(1) cmin(1) cmax(100) nosp
hc: y= 0.005 to 0.995 by 0.01 ; x= 0.5 to 0.5 by 1 ;
 1  2  3  4  5  6  7  8  9 10 11 12 13 14 15 16 17 18 19 20
21 22 23 24 25 26 27 28 29 30 31 32 33 34 35 36 37 38 39 40
41 42 43 44 45 46 47 48 49 50 51 52 53 54 55 56 57 58 59 60
61 62 63 64 65 66 67 68 69 70 71 72 73 74 75 76 77 78 79 80
81 82 83 84 85 86 87 88 89 90 91 92 93 94 95 96 97 98 99 100
z: xorg(0.0)
p: xfac[c2*0.05] form[c1/0.05] nosp afac[c5*0.625] ymin[c3] ymax[c4]
p: noxt noxn ytxt(-1) ynum(-1) xltd(-1) xstd(-1) itic(1) ylog
y: Flux [1/cm^2/source]              
#------------------------------------------------------------------------------

wt: s[c5]
\vspace{-3}
  emin  &=&   0.0000E+00 [MeV]
  emax  &=&   1.0000E+03 [MeV]
  xmin  &=&  -2.0000E+01 [cm]
  xmax  &=&   2.0000E+01 [cm]
  part. &=& all     
e:

#------------------------------------------------------------------------------
z: xorg[-1.03/0.05]
p: form[c1] xfac[c2] afac[c5] nosp notf
p: xmin( -20.00000    ) xmax(  20.00000    )
p: ymin( -110.0000    ) ymax(  10.00000    )
 
# Information for Restart Calculation
# This calculation was newly started
# istdev =  1 # 1:Batch variance, 2:History variance
# resc2  = 6.61396069836233664E+01 # Total source weight or Total source weight / maxcas
# resc3  = 9.00000000000000000E+00 # Total history number or Total batch number
# maxcas =     5000000 # History / Batch, only used for istdev=1
# rijklst= 180793790403481.0 # Next initial random number
