[ T - T r a c k ]
    title = [t-track: icntl=0]
     mesh =  xyz            # mesh type is xyz scoring mesh
   x-type =    2            # x-mesh is linear given by xmin, xmax and nx
     xmin =  -10.00000      # minimum value of x-mesh points
     xmax =   10.00000      # maximum value of x-mesh points
#    xdel =  0.2500000      # mesh width of x-mesh points
       nx =   80            # number of x-mesh points
#    data = ( x(i), i = 1, nx + 1 )
#          -1.00000E+01 -9.75000E+00 -9.50000E+00 -9.25000E+00 -9.00000E+00
#          -8.75000E+00 -8.50000E+00 -8.25000E+00 -8.00000E+00 -7.75000E+00
#          -7.50000E+00 -7.25000E+00 -7.00000E+00 -6.75000E+00 -6.50000E+00
#          -6.25000E+00 -6.00000E+00 -5.75000E+00 -5.50000E+00 -5.25000E+00
#          -5.00000E+00 -4.75000E+00 -4.50000E+00 -4.25000E+00 -4.00000E+00
#          -3.75000E+00 -3.50000E+00 -3.25000E+00 -3.00000E+00 -2.75000E+00
#          -2.50000E+00 -2.25000E+00 -2.00000E+00 -1.75000E+00 -1.50000E+00
#          -1.25000E+00 -1.00000E+00 -7.50000E-01 -5.00000E-01 -2.50000E-01
#           0.00000E+00  2.50000E-01  5.00000E-01  7.50000E-01  1.00000E+00
#           1.25000E+00  1.50000E+00  1.75000E+00  2.00000E+00  2.25000E+00
#           2.50000E+00  2.75000E+00  3.00000E+00  3.25000E+00  3.50000E+00
#           3.75000E+00  4.00000E+00  4.25000E+00  4.50000E+00  4.75000E+00
#           5.00000E+00  5.25000E+00  5.50000E+00  5.75000E+00  6.00000E+00
#           6.25000E+00  6.50000E+00  6.75000E+00  7.00000E+00  7.25000E+00
#           7.50000E+00  7.75000E+00  8.00000E+00  8.25000E+00  8.50000E+00
#           8.75000E+00  9.00000E+00  9.25000E+00  9.50000E+00  9.75000E+00
#           1.00000E+01
   y-type =    2            # y-mesh is linear given by ymin, ymax and ny
     ymin = -0.1000000      # minimum value of y-mesh points
     ymax =  0.1000000      # maximum value of y-mesh points
#    ydel =  0.2000000      # mesh width of y-mesh points
       ny =    1            # number of y-mesh points
#    data = ( y(i), i = 1, ny + 1 )
#          -1.00000E-01  1.00000E-01
   z-type =    2            # z-mesh is linear given by zmin, zmax and nz
     zmin =  -10.00000      # minimum value of z-mesh points
     zmax =   10.00000      # maximum value of z-mesh points
#    zdel =  0.2500000      # mesh width of z-mesh points
       nz =   80            # number of z-mesh points
#    data = ( z(i), i = 1, nz + 1 )
#          -1.00000E+01 -9.75000E+00 -9.50000E+00 -9.25000E+00 -9.00000E+00
#          -8.75000E+00 -8.50000E+00 -8.25000E+00 -8.00000E+00 -7.75000E+00
#          -7.50000E+00 -7.25000E+00 -7.00000E+00 -6.75000E+00 -6.50000E+00
#          -6.25000E+00 -6.00000E+00 -5.75000E+00 -5.50000E+00 -5.25000E+00
#          -5.00000E+00 -4.75000E+00 -4.50000E+00 -4.25000E+00 -4.00000E+00
#          -3.75000E+00 -3.50000E+00 -3.25000E+00 -3.00000E+00 -2.75000E+00
#          -2.50000E+00 -2.25000E+00 -2.00000E+00 -1.75000E+00 -1.50000E+00
#          -1.25000E+00 -1.00000E+00 -7.50000E-01 -5.00000E-01 -2.50000E-01
#           0.00000E+00  2.50000E-01  5.00000E-01  7.50000E-01  1.00000E+00
#           1.25000E+00  1.50000E+00  1.75000E+00  2.00000E+00  2.25000E+00
#           2.50000E+00  2.75000E+00  3.00000E+00  3.25000E+00  3.50000E+00
#           3.75000E+00  4.00000E+00  4.25000E+00  4.50000E+00  4.75000E+00
#           5.00000E+00  5.25000E+00  5.50000E+00  5.75000E+00  6.00000E+00
#           6.25000E+00  6.50000E+00  6.75000E+00  7.00000E+00  7.25000E+00
#           7.50000E+00  7.75000E+00  8.00000E+00  8.25000E+00  8.50000E+00
#           8.75000E+00  9.00000E+00  9.25000E+00  9.50000E+00  9.75000E+00
#           1.00000E+01
   e-type =    2            # e-mesh is linear given by emin, emax and ne
     emin =   0.000000      # minimum value of e-mesh points
     emax =   1000.000      # maximum value of e-mesh points
#    edel =   1000.000      # mesh width of e-mesh points
       ne =    1            # number of e-mesh points
#    data = ( e(i), i = 1, ne + 1 )
#           0.00000E+00  1.00000E+03
     unit =    1            # unit is [1/cm^2/source]
 material =  all            # (D=all) number of specific material
  2D-type =    3            # 1:Cont, 2:Clust, 3:Color, 4:xyz, 5:mat, 6:Clust+Cont, 7:Col+Cont
     axis =   xz            # axis of output
     file = track-xz-water.out  # file name of output for the above axis
     part =  all      
# kf/name :  0        
   epsout =    1            # (D=0) generate eps file by ANGEL
#    used :        main (  %)        temp (  %)       total (  %)
#  memory :         170 (  0)           0 (  0)         170 (  0)

#------------------------------------------------------------------------------
#newpage:
#   no. =  1   ie  =  1   iy  =  1   part. = all     
#   e = (   0.0000E+00  -   1.0000E+03  )
#   y = (  -1.0000E-01  -   1.0000E-01  )

'no. =  1,  ie =  1,  iy =  1'
msuc: {\huge [t-track: icntl=0]}
msdr: {\it plotted by \ANGEL \version}
msdl: {\it calculated by \PHITS  3.02}

x: z [cm]
y: x [cm]
set: c1[ 1.000] c2[ 0.900] c5[ 0.800] c6[ 1.000] c7[ 0.000] c8[ 0.000]
p: h2fs form[c1] xfac[c2] afac[c5] scal[c6] xorg[c7] yorg[c8] nosp
set: c3[   2.184598E-05] c4[   5.256926E-03]
p: cmin[c3] cmax[c4]
p: dmin(1e-31)
p: zlog
p: xmin( -10.00000    ) xmax(  10.00000    )
p: ymin( -10.00000    ) ymax(  10.00000    )
#  nx =  80   nz =  80
# ( ( data(z,x), z = 1, nz ), x = nx, 1, -1 )

hc:  y =   9.875000     to  -9.875000     by  0.2500000     ; x =  -9.875000     to   9.875000     by  0.2500000     ;
  2.269E-05  2.393E-05  2.239E-05  2.389E-05  2.520E-05  2.533E-05  2.714E-05  2.777E-05  2.960E-05  2.726E-05
  2.777E-05  3.184E-05  3.072E-05  3.054E-05  3.311E-05  3.537E-05  3.548E-05  3.505E-05  3.608E-05  3.508E-05
  3.872E-05  3.874E-05  3.700E-05  3.995E-05  4.251E-05  4.053E-05  4.207E-05  4.352E-05  4.029E-05  4.542E-05
  4.234E-05  4.568E-05  4.484E-05  4.279E-05  4.667E-05  4.446E-05  4.362E-05  4.286E-05  4.586E-05  4.653E-05
  4.783E-05  4.390E-05  4.391E-05  4.509E-05  4.823E-05  4.500E-05  4.152E-05  4.458E-05  4.345E-05  4.427E-05
  4.003E-05  4.167E-05  4.338E-05  4.366E-05  4.009E-05  4.538E-05  3.899E-05  3.903E-05  3.832E-05  3.890E-05
  3.599E-05  3.567E-05  3.476E-05  3.576E-05  3.553E-05  3.281E-05  3.172E-05  3.164E-05  3.135E-05  3.123E-05
  2.786E-05  2.798E-05  3.035E-05  2.649E-05  2.700E-05  2.551E-05  2.342E-05  2.329E-05  2.396E-05  2.215E-05
  2.328E-05  2.567E-05  2.549E-05  2.766E-05  2.632E-05  2.670E-05  2.700E-05  2.824E-05  2.842E-05  3.021E-05
  2.999E-05  3.232E-05  3.334E-05  3.228E-05  3.406E-05  3.842E-05  3.689E-05  3.493E-05  3.763E-05  3.715E-05
  3.864E-05  3.974E-05  4.300E-05  4.364E-05  4.228E-05  4.083E-05  4.243E-05  4.402E-05  4.486E-05  4.439E-05
  4.571E-05  4.604E-05  4.491E-05  4.829E-05  4.968E-05  4.832E-05  4.988E-05  4.749E-05  4.578E-05  4.848E-05
  4.753E-05  4.468E-05  4.448E-05  4.814E-05  4.602E-05  4.573E-05  4.278E-05  4.741E-05  4.880E-05  4.408E-05
  4.499E-05  4.477E-05  4.552E-05  4.512E-05  4.375E-05  4.363E-05  4.303E-05  3.999E-05  3.854E-05  3.936E-05
  3.700E-05  3.629E-05  3.585E-05  3.462E-05  3.597E-05  3.674E-05  3.328E-05  3.208E-05  3.179E-05  3.146E-05
  3.207E-05  3.080E-05  2.862E-05  2.921E-05  2.749E-05  2.526E-05  2.659E-05  2.421E-05  2.282E-05  2.389E-05
  2.272E-05  2.290E-05  2.661E-05  2.640E-05  2.782E-05  2.808E-05  2.693E-05  2.930E-05  3.125E-05  3.164E-05
  3.234E-05  3.588E-05  3.359E-05  3.443E-05  3.435E-05  3.595E-05  3.638E-05  3.640E-05  3.913E-05  3.943E-05
  4.122E-05  4.258E-05  4.179E-05  4.358E-05  4.193E-05  4.438E-05  4.571E-05  4.582E-05  4.825E-05  4.706E-05
  4.703E-05  4.838E-05  4.804E-05  4.840E-05  4.862E-05  4.960E-05  5.248E-05  4.663E-05  4.919E-05  5.114E-05
  5.438E-05  4.868E-05  5.115E-05  5.099E-05  4.888E-05  5.061E-05  4.899E-05  4.785E-05  4.883E-05  4.688E-05
  4.876E-05  4.665E-05  4.533E-05  4.959E-05  4.393E-05  4.435E-05  4.429E-05  4.059E-05  4.368E-05  3.992E-05
  3.881E-05  3.793E-05  3.932E-05  3.684E-05  3.640E-05  3.835E-05  3.426E-05  3.312E-05  3.323E-05  3.151E-05
  3.145E-05  3.015E-05  2.904E-05  2.873E-05  2.599E-05  2.875E-05  2.539E-05  2.614E-05  2.583E-05  2.317E-05
  2.335E-05  2.513E-05  2.555E-05  2.664E-05  2.780E-05  3.031E-05  3.021E-05  3.322E-05  3.185E-05  3.077E-05
  3.168E-05  3.437E-05  3.433E-05  3.616E-05  4.011E-05  3.983E-05  3.960E-05  4.050E-05  4.350E-05  4.321E-05
  4.239E-05  4.461E-05  4.413E-05  4.667E-05  4.632E-05  4.665E-05  4.800E-05  4.852E-05  4.852E-05  5.037E-05
  5.091E-05  5.087E-05  5.159E-05  4.940E-05  5.233E-05  5.344E-05  5.060E-05  5.411E-05  5.370E-05  5.293E-05
  5.471E-05  5.172E-05  5.309E-05  5.425E-05  5.207E-05  5.290E-05  5.386E-05  5.411E-05  4.999E-05  4.982E-05
  4.954E-05  4.901E-05  4.611E-05  4.926E-05  4.763E-05  4.874E-05  4.543E-05  4.601E-05  4.248E-05  4.455E-05
  4.084E-05  4.197E-05  3.765E-05  3.817E-05  3.944E-05  3.838E-05  3.478E-05  3.742E-05  3.500E-05  3.336E-05
  3.223E-05  3.225E-05  3.185E-05  2.949E-05  2.891E-05  2.924E-05  2.902E-05  2.785E-05  2.629E-05  2.472E-05
  2.773E-05  2.840E-05  2.576E-05  2.556E-05  2.939E-05  3.347E-05  3.330E-05  3.320E-05  3.260E-05  3.189E-05
  3.204E-05  3.371E-05  3.799E-05  3.722E-05  3.716E-05  3.757E-05  4.152E-05  4.173E-05  4.102E-05  4.581E-05
  4.540E-05  4.533E-05  4.573E-05  4.684E-05  4.562E-05  4.719E-05  5.013E-05  5.040E-05  5.175E-05  5.451E-05
  5.190E-05  5.348E-05  5.278E-05  5.524E-05  5.491E-05  5.464E-05  5.722E-05  5.579E-05  5.236E-05  5.603E-05
  5.933E-05  5.659E-05  5.432E-05  5.799E-05  5.629E-05  5.567E-05  5.526E-05  5.570E-05  5.328E-05  5.079E-05
  5.040E-05  5.131E-05  5.264E-05  4.972E-05  4.831E-05  5.073E-05  5.007E-05  4.594E-05  4.619E-05  4.125E-05
  4.302E-05  4.161E-05  3.952E-05  4.030E-05  4.065E-05  3.791E-05  3.723E-05  3.542E-05  3.592E-05  3.302E-05
  3.226E-05  3.251E-05  3.245E-05  2.918E-05  3.179E-05  3.141E-05  2.860E-05  2.801E-05  2.647E-05  2.478E-05
  2.793E-05  2.749E-05  2.622E-05  2.629E-05  2.935E-05  3.134E-05  3.201E-05  3.282E-05  3.328E-05  3.342E-05
  3.483E-05  3.266E-05  3.855E-05  3.733E-05  3.934E-05  3.694E-05  4.042E-05  4.603E-05  4.492E-05  4.526E-05
  4.498E-05  4.639E-05  4.824E-05  4.878E-05  4.973E-05  5.056E-05  5.300E-05  5.414E-05  5.404E-05  5.665E-05
  5.239E-05  5.497E-05  5.835E-05  5.907E-05  5.873E-05  5.820E-05  5.691E-05  5.751E-05  6.005E-05  5.606E-05
  5.902E-05  5.843E-05  5.678E-05  6.178E-05  5.838E-05  5.655E-05  5.927E-05  5.705E-05  5.521E-05  5.493E-05
  5.416E-05  5.199E-05  5.496E-05  5.222E-05  5.209E-05  5.039E-05  4.850E-05  4.970E-05  4.828E-05  4.656E-05
  4.491E-05  4.446E-05  4.292E-05  4.107E-05  4.234E-05  3.915E-05  3.923E-05  3.828E-05  3.898E-05  3.582E-05
  3.476E-05  3.174E-05  3.298E-05  3.272E-05  3.093E-05  2.829E-05  2.911E-05  2.785E-05  2.567E-05  2.401E-05
  2.658E-05  3.012E-05  2.899E-05  2.857E-05  2.944E-05  3.125E-05  3.169E-05  3.457E-05  3.736E-05  3.554E-05
  3.718E-05  3.625E-05  3.687E-05  4.047E-05  3.982E-05  3.893E-05  4.300E-05  4.687E-05  4.772E-05  4.528E-05
  4.949E-05  4.814E-05  5.054E-05  5.166E-05  5.204E-05  5.489E-05  5.588E-05  5.574E-05  5.555E-05  6.052E-05
  5.675E-05  5.665E-05  5.996E-05  5.954E-05  5.678E-05  5.939E-05  6.402E-05  6.233E-05  6.237E-05  5.985E-05
  6.050E-05  6.171E-05  6.165E-05  6.242E-05  6.272E-05  5.665E-05  6.176E-05  6.155E-05  5.950E-05  5.799E-05
  5.812E-05  5.619E-05  5.685E-05  5.548E-05  5.558E-05  5.101E-05  5.129E-05  4.963E-05  4.659E-05  4.956E-05
  4.718E-05  4.423E-05  4.347E-05  4.430E-05  4.266E-05  4.173E-05  4.046E-05  3.648E-05  3.957E-05  3.578E-05
  3.453E-05  3.324E-05  3.668E-05  3.382E-05  3.055E-05  3.036E-05  2.830E-05  2.641E-05  2.627E-05  2.685E-05
  2.906E-05  3.160E-05  3.017E-05  3.101E-05  3.028E-05  3.057E-05  3.364E-05  3.211E-05  3.564E-05  3.922E-05
  3.848E-05  3.905E-05  3.857E-05  4.359E-05  4.086E-05  4.261E-05  4.339E-05  4.717E-05  4.988E-05  4.521E-05
  4.967E-05  5.346E-05  5.339E-05  5.610E-05  5.227E-05  5.593E-05  5.481E-05  5.727E-05  6.106E-05  6.062E-05
  6.009E-05  6.043E-05  6.210E-05  6.316E-05  6.246E-05  6.252E-05  6.276E-05  6.362E-05  6.431E-05  6.446E-05
  6.489E-05  6.561E-05  6.385E-05  6.561E-05  6.592E-05  6.148E-05  6.613E-05  6.071E-05  6.064E-05  5.995E-05
  6.131E-05  6.199E-05  5.616E-05  5.773E-05  5.454E-05  5.364E-05  5.138E-05  5.438E-05  5.053E-05  4.954E-05
  4.993E-05  4.998E-05  4.545E-05  4.323E-05  4.613E-05  4.203E-05  4.106E-05  3.762E-05  3.862E-05  3.579E-05
  3.604E-05  3.404E-05  3.544E-05  3.621E-05  3.206E-05  3.307E-05  2.891E-05  2.992E-05  2.920E-05  2.946E-05
  2.760E-05  3.366E-05  3.154E-05  3.094E-05  2.996E-05  3.322E-05  3.273E-05  3.260E-05  3.388E-05  3.864E-05
  3.835E-05  4.371E-05  4.481E-05  4.523E-05  4.536E-05  4.453E-05  4.600E-05  4.643E-05  4.775E-05  5.046E-05
  5.121E-05  4.996E-05  5.395E-05  5.459E-05  5.365E-05  5.627E-05  6.151E-05  6.190E-05  6.131E-05  6.281E-05
  6.065E-05  6.575E-05  6.571E-05  6.406E-05  6.386E-05  6.566E-05  6.528E-05  6.774E-05  6.548E-05  6.848E-05
  6.502E-05  6.907E-05  7.017E-05  7.041E-05  6.888E-05  6.444E-05  6.863E-05  6.523E-05  6.392E-05  6.666E-05
  5.939E-05  5.802E-05  6.066E-05  5.901E-05  5.572E-05  5.397E-05  5.653E-05  5.655E-05  5.424E-05  5.246E-05
  5.190E-05  5.016E-05  4.467E-05  4.637E-05  4.837E-05  4.345E-05  4.501E-05  4.237E-05  3.969E-05  3.831E-05
  3.713E-05  3.486E-05  3.424E-05  3.661E-05  3.338E-05  3.334E-05  3.101E-05  3.181E-05  3.046E-05  2.939E-05
  2.835E-05  2.921E-05  3.263E-05  3.233E-05  3.241E-05  3.383E-05  3.410E-05  3.524E-05  3.781E-05  3.946E-05
  4.052E-05  4.389E-05  4.388E-05  4.329E-05  4.762E-05  4.718E-05  4.718E-05  4.772E-05  4.904E-05  5.358E-05
  5.615E-05  5.748E-05  5.513E-05  5.790E-05  6.048E-05  5.998E-05  6.110E-05  6.183E-05  6.779E-05  6.568E-05
  6.677E-05  6.573E-05  6.847E-05  7.153E-05  7.006E-05  6.943E-05  7.008E-05  6.795E-05  7.221E-05  7.260E-05
  7.436E-05  7.438E-05  7.171E-05  7.309E-05  6.804E-05  7.141E-05  6.950E-05  6.402E-05  6.852E-05  6.775E-05
  6.444E-05  6.173E-05  6.214E-05  6.147E-05  5.926E-05  5.924E-05  5.919E-05  5.533E-05  5.445E-05  5.257E-05
  5.290E-05  5.098E-05  4.781E-05  4.850E-05  4.622E-05  4.200E-05  4.438E-05  4.019E-05  3.980E-05  3.858E-05
  4.133E-05  3.687E-05  3.605E-05  3.556E-05  3.572E-05  3.424E-05  3.008E-05  2.938E-05  2.957E-05  2.888E-05
  2.983E-05  3.283E-05  3.083E-05  3.316E-05  3.420E-05  3.395E-05  3.584E-05  3.762E-05  3.977E-05  4.081E-05
  4.521E-05  4.421E-05  4.435E-05  4.562E-05  4.737E-05  4.916E-05  4.947E-05  5.551E-05  5.407E-05  5.724E-05
  6.027E-05  6.109E-05  5.794E-05  6.136E-05  6.410E-05  6.444E-05  6.563E-05  6.581E-05  6.617E-05  7.142E-05
  6.942E-05  7.158E-05  7.164E-05  7.306E-05  7.438E-05  7.417E-05  7.946E-05  7.570E-05  7.627E-05  7.720E-05
  7.878E-05  7.834E-05  7.834E-05  7.465E-05  7.352E-05  7.408E-05  7.417E-05  7.315E-05  7.491E-05  7.602E-05
  7.105E-05  6.743E-05  6.524E-05  6.377E-05  6.633E-05  6.334E-05  6.237E-05  5.848E-05  5.539E-05  5.650E-05
  5.442E-05  5.573E-05  5.264E-05  5.443E-05  4.942E-05  4.627E-05  4.376E-05  4.377E-05  4.209E-05  4.259E-05
  4.188E-05  4.060E-05  3.592E-05  3.566E-05  3.536E-05  3.510E-05  3.348E-05  3.082E-05  2.994E-05  3.187E-05
  3.090E-05  3.241E-05  3.369E-05  3.247E-05  3.492E-05  3.739E-05  3.752E-05  3.810E-05  4.040E-05  4.221E-05
  4.531E-05  4.457E-05  4.681E-05  5.037E-05  4.846E-05  5.288E-05  5.326E-05  5.605E-05  5.714E-05  5.573E-05
  6.209E-05  6.277E-05  6.348E-05  6.625E-05  6.231E-05  6.835E-05  7.083E-05  6.838E-05  7.212E-05  7.444E-05
  7.226E-05  7.381E-05  7.714E-05  7.495E-05  7.867E-05  7.766E-05  8.088E-05  7.817E-05  7.796E-05  8.007E-05
  8.313E-05  8.334E-05  7.896E-05  8.115E-05  8.053E-05  8.003E-05  7.653E-05  7.509E-05  7.407E-05  7.585E-05
  7.146E-05  7.303E-05  6.934E-05  7.011E-05  6.586E-05  6.590E-05  6.321E-05  6.321E-05  5.985E-05  5.961E-05
  5.680E-05  5.632E-05  5.566E-05  5.040E-05  5.132E-05  4.834E-05  4.766E-05  4.899E-05  4.589E-05  4.443E-05
  4.374E-05  4.195E-05  3.672E-05  3.843E-05  3.593E-05  3.577E-05  3.578E-05  3.511E-05  3.259E-05  3.069E-05
  3.349E-05  3.254E-05  3.493E-05  3.571E-05  3.616E-05  3.852E-05  3.927E-05  4.132E-05  3.972E-05  4.045E-05
  4.242E-05  4.563E-05  4.736E-05  4.910E-05  5.231E-05  5.093E-05  5.455E-05  5.492E-05  5.834E-05  6.140E-05
  5.992E-05  6.487E-05  6.738E-05  6.430E-05  6.876E-05  7.010E-05  7.498E-05  7.023E-05  7.344E-05  7.585E-05
  7.703E-05  7.796E-05  8.285E-05  8.207E-05  8.367E-05  8.189E-05  8.531E-05  8.466E-05  8.566E-05  8.637E-05
  8.319E-05  8.448E-05  8.308E-05  8.421E-05  8.596E-05  8.582E-05  8.118E-05  7.848E-05  8.078E-05  7.704E-05
  7.718E-05  7.576E-05  7.735E-05  7.193E-05  6.705E-05  6.974E-05  6.680E-05  6.339E-05  6.251E-05  6.420E-05
  5.875E-05  5.676E-05  5.534E-05  5.422E-05  5.501E-05  5.085E-05  4.881E-05  4.855E-05  4.705E-05  4.628E-05
  4.440E-05  4.163E-05  4.142E-05  4.079E-05  3.762E-05  3.556E-05  3.624E-05  3.443E-05  3.311E-05  3.305E-05
  3.161E-05  3.464E-05  3.513E-05  3.715E-05  3.717E-05  3.831E-05  3.712E-05  4.235E-05  4.402E-05  4.742E-05
  4.402E-05  4.611E-05  4.888E-05  4.969E-05  5.294E-05  5.444E-05  5.572E-05  5.628E-05  5.612E-05  6.111E-05
  6.375E-05  6.547E-05  6.914E-05  6.938E-05  7.280E-05  7.218E-05  7.282E-05  7.645E-05  8.001E-05  8.172E-05
  8.334E-05  8.586E-05  8.175E-05  8.376E-05  8.305E-05  8.816E-05  8.830E-05  8.952E-05  9.579E-05  9.296E-05
  9.003E-05  9.465E-05  9.054E-05  8.872E-05  8.912E-05  9.102E-05  8.782E-05  8.542E-05  8.612E-05  8.103E-05
  8.163E-05  7.967E-05  7.650E-05  7.427E-05  7.440E-05  6.832E-05  7.154E-05  6.834E-05  6.848E-05  6.340E-05
  6.162E-05  6.046E-05  5.710E-05  5.491E-05  5.301E-05  5.352E-05  5.170E-05  4.653E-05  4.490E-05  4.659E-05
  4.423E-05  4.310E-05  4.048E-05  4.130E-05  3.722E-05  3.673E-05  3.733E-05  3.712E-05  3.337E-05  3.297E-05
  3.440E-05  3.462E-05  3.661E-05  3.643E-05  4.026E-05  4.040E-05  4.237E-05  4.369E-05  4.546E-05  4.816E-05
  4.870E-05  4.772E-05  4.795E-05  5.244E-05  5.550E-05  5.536E-05  5.900E-05  6.257E-05  6.179E-05  6.437E-05
  6.734E-05  6.987E-05  7.034E-05  7.269E-05  7.754E-05  7.822E-05  7.583E-05  7.938E-05  8.116E-05  8.429E-05
  8.787E-05  8.739E-05  9.154E-05  8.864E-05  9.086E-05  9.383E-05  9.447E-05  9.599E-05  9.488E-05  9.857E-05
  9.591E-05  9.707E-05  9.362E-05  9.105E-05  9.449E-05  9.232E-05  9.188E-05  9.124E-05  8.914E-05  8.757E-05
  8.434E-05  8.335E-05  7.812E-05  8.064E-05  7.362E-05  7.356E-05  7.412E-05  7.293E-05  7.014E-05  6.772E-05
  6.562E-05  6.234E-05  5.934E-05  5.732E-05  5.664E-05  5.413E-05  5.468E-05  5.065E-05  5.032E-05  4.780E-05
  4.508E-05  4.411E-05  4.302E-05  3.979E-05  3.581E-05  3.901E-05  3.695E-05  3.593E-05  3.381E-05  3.436E-05
  3.548E-05  3.869E-05  4.026E-05  3.910E-05  4.005E-05  4.104E-05  4.353E-05  4.656E-05  4.731E-05  4.616E-05
  4.767E-05  5.300E-05  5.097E-05  5.400E-05  5.786E-05  5.810E-05  5.861E-05  6.369E-05  6.577E-05  6.601E-05
  6.881E-05  7.119E-05  6.945E-05  7.586E-05  7.543E-05  7.849E-05  8.230E-05  8.568E-05  8.968E-05  8.784E-05
  9.052E-05  9.300E-05  9.038E-05  9.576E-05  9.786E-05  9.789E-05  1.023E-04  9.764E-05  9.986E-05  1.055E-04
  1.054E-04  1.054E-04  1.002E-04  9.756E-05  9.915E-05  9.923E-05  9.738E-05  9.862E-05  9.168E-05  9.225E-05
  8.835E-05  8.687E-05  8.765E-05  8.499E-05  7.873E-05  7.887E-05  7.762E-05  7.367E-05  7.082E-05  6.987E-05
  6.963E-05  6.199E-05  6.251E-05  6.245E-05  5.651E-05  5.618E-05  5.399E-05  5.181E-05  5.021E-05  4.853E-05
  4.916E-05  4.704E-05  4.241E-05  4.131E-05  4.095E-05  3.827E-05  3.817E-05  3.782E-05  3.442E-05  3.331E-05
  3.451E-05  3.643E-05  3.905E-05  4.032E-05  4.144E-05  4.225E-05  4.416E-05  4.468E-05  4.512E-05  4.994E-05
  5.357E-05  5.147E-05  5.691E-05  5.455E-05  5.786E-05  6.336E-05  6.489E-05  6.617E-05  6.603E-05  6.901E-05
  7.211E-05  7.321E-05  7.503E-05  7.666E-05  8.206E-05  8.680E-05  8.958E-05  9.036E-05  9.376E-05  9.491E-05
  9.684E-05  9.520E-05  1.040E-04  1.036E-04  1.029E-04  1.081E-04  1.045E-04  1.067E-04  1.064E-04  1.074E-04
  1.070E-04  1.119E-04  1.080E-04  1.049E-04  9.916E-05  1.019E-04  1.048E-04  1.071E-04  9.699E-05  9.507E-05
  9.264E-05  8.991E-05  8.836E-05  8.991E-05  8.413E-05  8.219E-05  7.949E-05  7.374E-05  7.370E-05  7.452E-05
  7.197E-05  6.909E-05  6.263E-05  6.423E-05  6.084E-05  5.429E-05  5.584E-05  5.701E-05  5.214E-05  4.823E-05
  5.023E-05  4.720E-05  4.684E-05  4.308E-05  4.370E-05  3.911E-05  4.019E-05  3.796E-05  3.574E-05  3.594E-05
  3.434E-05  3.698E-05  3.537E-05  3.952E-05  4.051E-05  4.402E-05  4.614E-05  4.698E-05  4.904E-05  5.193E-05
  5.433E-05  5.299E-05  5.626E-05  5.834E-05  5.857E-05  6.176E-05  6.809E-05  6.713E-05  7.029E-05  6.941E-05
  7.485E-05  7.856E-05  8.246E-05  8.078E-05  8.559E-05  8.943E-05  9.164E-05  9.366E-05  9.831E-05  1.011E-04
  1.031E-04  1.037E-04  1.083E-04  1.123E-04  1.101E-04  1.134E-04  1.142E-04  1.101E-04  1.111E-04  1.164E-04
  1.158E-04  1.153E-04  1.126E-04  1.160E-04  1.100E-04  1.053E-04  1.075E-04  1.102E-04  1.086E-04  1.049E-04
  9.774E-05  9.439E-05  9.575E-05  8.768E-05  8.727E-05  8.704E-05  8.529E-05  7.858E-05  7.866E-05  7.667E-05
  7.384E-05  7.127E-05  6.722E-05  6.417E-05  6.090E-05  5.904E-05  5.956E-05  5.541E-05  5.089E-05  5.179E-05
  5.156E-05  4.992E-05  4.835E-05  4.401E-05  4.105E-05  4.137E-05  3.852E-05  3.801E-05  3.940E-05  3.615E-05
  3.613E-05  3.797E-05  3.628E-05  3.987E-05  4.074E-05  4.296E-05  4.470E-05  4.592E-05  4.921E-05  5.055E-05
  5.386E-05  5.601E-05  5.958E-05  6.127E-05  6.235E-05  6.443E-05  6.994E-05  7.112E-05  7.432E-05  7.559E-05
  7.944E-05  7.845E-05  8.423E-05  8.620E-05  8.827E-05  9.561E-05  9.799E-05  9.989E-05  1.028E-04  1.093E-04
  1.118E-04  1.082E-04  1.135E-04  1.165E-04  1.155E-04  1.205E-04  1.225E-04  1.165E-04  1.211E-04  1.209E-04
  1.231E-04  1.200E-04  1.217E-04  1.194E-04  1.217E-04  1.152E-04  1.170E-04  1.132E-04  1.116E-04  1.107E-04
  1.029E-04  1.008E-04  1.012E-04  9.533E-05  9.486E-05  9.141E-05  9.088E-05  8.734E-05  8.228E-05  8.155E-05
  7.525E-05  7.123E-05  6.773E-05  6.556E-05  6.217E-05  6.166E-05  5.809E-05  5.393E-05  5.585E-05  5.589E-05
  5.278E-05  5.139E-05  4.725E-05  4.767E-05  4.469E-05  4.034E-05  4.215E-05  4.048E-05  3.964E-05  3.770E-05
  3.700E-05  3.953E-05  3.884E-05  4.507E-05  4.669E-05  4.826E-05  4.657E-05  5.015E-05  5.107E-05  5.053E-05
  5.232E-05  5.899E-05  6.011E-05  6.155E-05  6.332E-05  6.696E-05  7.069E-05  7.612E-05  7.322E-05  8.010E-05
  7.817E-05  8.517E-05  8.402E-05  9.150E-05  9.490E-05  9.976E-05  1.046E-04  1.033E-04  1.089E-04  1.106E-04
  1.163E-04  1.165E-04  1.191E-04  1.242E-04  1.235E-04  1.316E-04  1.333E-04  1.291E-04  1.287E-04  1.278E-04
  1.309E-04  1.302E-04  1.315E-04  1.288E-04  1.305E-04  1.240E-04  1.232E-04  1.252E-04  1.252E-04  1.178E-04
  1.124E-04  1.087E-04  1.057E-04  1.005E-04  9.946E-05  9.526E-05  9.303E-05  8.969E-05  8.849E-05  8.333E-05
  7.677E-05  7.718E-05  7.268E-05  6.617E-05  6.370E-05  6.364E-05  6.070E-05  6.085E-05  5.768E-05  5.583E-05
  5.295E-05  5.041E-05  4.852E-05  4.707E-05  4.251E-05  4.318E-05  4.211E-05  3.934E-05  4.082E-05  3.677E-05
  3.612E-05  4.125E-05  4.128E-05  4.471E-05  4.453E-05  4.779E-05  4.883E-05  4.893E-05  5.060E-05  5.162E-05
  5.773E-05  5.964E-05  6.197E-05  6.393E-05  6.843E-05  6.992E-05  7.213E-05  7.777E-05  7.795E-05  7.817E-05
  8.666E-05  8.787E-05  8.891E-05  9.135E-05  9.877E-05  9.877E-05  1.059E-04  1.092E-04  1.169E-04  1.208E-04
  1.262E-04  1.305E-04  1.410E-04  1.444E-04  1.493E-04  1.572E-04  1.560E-04  1.576E-04  1.585E-04  1.561E-04
  1.557E-04  1.579E-04  1.608E-04  1.522E-04  1.519E-04  1.531E-04  1.411E-04  1.386E-04  1.331E-04  1.272E-04
  1.219E-04  1.154E-04  1.120E-04  1.050E-04  1.053E-04  1.032E-04  9.545E-05  9.287E-05  8.793E-05  8.627E-05
  8.613E-05  7.696E-05  7.376E-05  6.942E-05  6.896E-05  6.363E-05  6.566E-05  6.208E-05  6.116E-05  5.672E-05
  5.434E-05  5.345E-05  5.003E-05  4.866E-05  4.649E-05  4.430E-05  4.391E-05  4.155E-05  3.860E-05  3.799E-05
  3.872E-05  3.866E-05  4.453E-05  4.394E-05  4.406E-05  4.778E-05  5.039E-05  5.002E-05  5.429E-05  5.316E-05
  5.703E-05  6.274E-05  6.342E-05  6.431E-05  6.784E-05  7.085E-05  7.625E-05  7.909E-05  8.332E-05  8.254E-05
  8.892E-05  9.143E-05  9.839E-05  9.843E-05  9.969E-05  1.086E-04  1.104E-04  1.223E-04  1.313E-04  1.448E-04
  1.600E-04  1.795E-04  1.974E-04  2.158E-04  2.313E-04  2.487E-04  2.502E-04  2.561E-04  2.574E-04  2.654E-04
  2.596E-04  2.585E-04  2.601E-04  2.584E-04  2.371E-04  2.297E-04  2.171E-04  1.966E-04  1.806E-04  1.693E-04
  1.449E-04  1.320E-04  1.206E-04  1.132E-04  1.115E-04  1.066E-04  1.029E-04  9.767E-05  9.333E-05  9.100E-05
  8.918E-05  8.244E-05  7.685E-05  7.754E-05  7.092E-05  6.739E-05  6.473E-05  6.502E-05  6.200E-05  5.607E-05
  5.647E-05  5.411E-05  5.237E-05  5.034E-05  4.797E-05  4.692E-05  4.531E-05  4.347E-05  4.185E-05  4.166E-05
  4.002E-05  4.334E-05  4.444E-05  4.311E-05  4.579E-05  4.797E-05  5.444E-05  5.595E-05  5.515E-05  5.523E-05
  5.976E-05  6.338E-05  6.859E-05  6.665E-05  6.961E-05  7.539E-05  7.890E-05  8.323E-05  8.759E-05  9.237E-05
  9.032E-05  9.675E-05  9.957E-05  1.088E-04  1.111E-04  1.199E-04  1.310E-04  1.486E-04  1.737E-04  2.033E-04
  2.311E-04  2.622E-04  3.017E-04  3.367E-04  3.733E-04  3.994E-04  4.245E-04  4.407E-04  4.361E-04  4.436E-04
  4.373E-04  4.457E-04  4.359E-04  4.197E-04  3.899E-04  3.644E-04  3.344E-04  3.060E-04  2.667E-04  2.307E-04
  2.019E-04  1.707E-04  1.517E-04  1.308E-04  1.155E-04  1.071E-04  1.043E-04  1.033E-04  9.603E-05  8.790E-05
  9.176E-05  8.691E-05  7.889E-05  7.880E-05  7.502E-05  7.151E-05  6.616E-05  6.542E-05  6.385E-05  6.137E-05
  5.722E-05  5.647E-05  5.376E-05  5.000E-05  4.824E-05  4.706E-05  4.605E-05  4.512E-05  4.119E-05  3.828E-05
  4.092E-05  4.154E-05  4.390E-05  4.573E-05  4.753E-05  4.764E-05  5.338E-05  5.542E-05  5.608E-05  6.056E-05
  6.341E-05  6.731E-05  6.930E-05  7.084E-05  7.439E-05  7.837E-05  8.248E-05  8.468E-05  8.929E-05  9.429E-05
  9.868E-05  9.798E-05  1.069E-04  1.121E-04  1.194E-04  1.387E-04  1.595E-04  2.036E-04  2.416E-04  2.882E-04
  3.437E-04  3.841E-04  4.411E-04  4.946E-04  5.463E-04  5.839E-04  6.340E-04  6.720E-04  6.827E-04  6.930E-04
  6.931E-04  6.936E-04  6.645E-04  6.371E-04  6.016E-04  5.582E-04  4.977E-04  4.475E-04  3.991E-04  3.391E-04
  2.893E-04  2.386E-04  2.074E-04  1.624E-04  1.386E-04  1.221E-04  1.107E-04  1.024E-04  9.479E-05  9.461E-05
  9.135E-05  8.708E-05  8.499E-05  7.831E-05  7.458E-05  7.086E-05  7.083E-05  6.790E-05  6.337E-05  6.260E-05
  5.967E-05  5.583E-05  5.331E-05  5.245E-05  4.827E-05  4.629E-05  4.541E-05  4.628E-05  4.214E-05  4.070E-05
  3.969E-05  4.397E-05  4.474E-05  4.662E-05  4.792E-05  5.203E-05  5.304E-05  5.538E-05  5.625E-05  6.071E-05
  6.210E-05  6.487E-05  6.647E-05  6.945E-05  7.659E-05  7.989E-05  8.625E-05  9.095E-05  9.042E-05  9.445E-05
  9.924E-05  1.049E-04  1.088E-04  1.205E-04  1.415E-04  1.715E-04  2.159E-04  2.759E-04  3.363E-04  4.026E-04
  4.776E-04  5.467E-04  6.173E-04  7.075E-04  7.729E-04  8.289E-04  9.061E-04  9.347E-04  9.860E-04  9.949E-04
  9.970E-04  9.816E-04  9.437E-04  9.032E-04  8.414E-04  7.645E-04  6.937E-04  6.222E-04  5.406E-04  4.830E-04
  3.959E-04  3.341E-04  2.686E-04  2.215E-04  1.723E-04  1.351E-04  1.242E-04  1.072E-04  1.026E-04  1.006E-04
  9.765E-05  9.374E-05  8.772E-05  8.149E-05  7.958E-05  7.577E-05  7.685E-05  7.048E-05  6.618E-05  6.361E-05
  5.986E-05  5.503E-05  5.440E-05  5.397E-05  4.792E-05  4.582E-05  4.631E-05  4.379E-05  4.217E-05  4.346E-05
  4.161E-05  4.338E-05  4.736E-05  4.925E-05  5.329E-05  5.208E-05  5.301E-05  5.863E-05  5.885E-05  6.264E-05
  6.503E-05  6.847E-05  7.314E-05  7.592E-05  7.521E-05  8.172E-05  8.420E-05  8.836E-05  9.622E-05  9.918E-05
  1.086E-04  1.118E-04  1.169E-04  1.366E-04  1.754E-04  2.284E-04  2.961E-04  3.760E-04  4.432E-04  5.515E-04
  6.350E-04  7.410E-04  8.421E-04  9.254E-04  1.006E-03  1.116E-03  1.206E-03  1.272E-03  1.308E-03  1.346E-03
  1.352E-03  1.315E-03  1.268E-03  1.199E-03  1.110E-03  1.027E-03  9.401E-04  8.302E-04  7.465E-04  6.336E-04
  5.405E-04  4.588E-04  3.698E-04  2.928E-04  2.232E-04  1.733E-04  1.379E-04  1.186E-04  1.083E-04  1.037E-04
  1.011E-04  9.577E-05  9.076E-05  8.609E-05  8.470E-05  8.191E-05  7.524E-05  7.367E-05  6.570E-05  6.272E-05
  5.974E-05  5.768E-05  5.901E-05  5.547E-05  4.999E-05  4.799E-05  4.729E-05  4.670E-05  4.370E-05  3.889E-05
  4.164E-05  4.323E-05  4.307E-05  4.833E-05  5.333E-05  5.554E-05  5.591E-05  5.410E-05  5.914E-05  6.195E-05
  6.743E-05  6.644E-05  7.314E-05  7.435E-05  8.164E-05  8.757E-05  9.155E-05  9.263E-05  9.844E-05  1.052E-04
  1.118E-04  1.203E-04  1.328E-04  1.712E-04  2.253E-04  3.019E-04  3.755E-04  4.790E-04  5.785E-04  7.063E-04
  8.263E-04  9.485E-04  1.064E-03  1.192E-03  1.297E-03  1.414E-03  1.496E-03  1.612E-03  1.681E-03  1.731E-03
  1.718E-03  1.665E-03  1.619E-03  1.519E-03  1.408E-03  1.295E-03  1.206E-03  1.070E-03  9.442E-04  8.229E-04
  7.038E-04  5.854E-04  4.825E-04  3.850E-04  2.930E-04  2.227E-04  1.688E-04  1.339E-04  1.146E-04  1.075E-04
  1.030E-04  1.010E-04  9.433E-05  8.584E-05  8.332E-05  7.979E-05  7.717E-05  7.365E-05  6.752E-05  6.888E-05
  6.237E-05  6.395E-05  5.972E-05  5.764E-05  5.218E-05  5.004E-05  4.815E-05  4.718E-05  4.473E-05  3.917E-05
  4.362E-05  4.329E-05  4.762E-05  5.158E-05  5.301E-05  5.570E-05  5.534E-05  5.991E-05  6.289E-05  6.406E-05
  6.821E-05  6.992E-05  7.115E-05  7.448E-05  8.480E-05  9.278E-05  9.581E-05  9.571E-05  1.015E-04  1.023E-04
  1.111E-04  1.273E-04  1.558E-04  2.085E-04  2.907E-04  3.761E-04  4.873E-04  6.165E-04  7.464E-04  8.969E-04
  1.047E-03  1.180E-03  1.319E-03  1.482E-03  1.603E-03  1.746E-03  1.874E-03  1.980E-03  2.053E-03  2.101E-03
  2.095E-03  2.087E-03  1.999E-03  1.873E-03  1.741E-03  1.608E-03  1.465E-03  1.334E-03  1.175E-03  1.035E-03
  8.847E-04  7.523E-04  6.087E-04  5.024E-04  3.888E-04  2.891E-04  2.093E-04  1.537E-04  1.246E-04  1.110E-04
  1.035E-04  9.967E-05  9.177E-05  9.119E-05  8.826E-05  8.244E-05  7.826E-05  7.417E-05  6.792E-05  6.732E-05
  6.619E-05  6.341E-05  6.158E-05  5.636E-05  5.460E-05  4.959E-05  5.045E-05  4.447E-05  4.376E-05  4.226E-05
  4.408E-05  4.610E-05  4.734E-05  5.062E-05  5.163E-05  5.171E-05  5.773E-05  6.039E-05  6.047E-05  6.449E-05
  6.885E-05  7.149E-05  7.704E-05  8.023E-05  8.277E-05  9.015E-05  9.250E-05  9.851E-05  9.962E-05  1.109E-04
  1.191E-04  1.434E-04  1.911E-04  2.639E-04  3.648E-04  4.885E-04  6.160E-04  7.737E-04  9.124E-04  1.087E-03
  1.267E-03  1.432E-03  1.613E-03  1.749E-03  1.948E-03  2.091E-03  2.260E-03  2.363E-03  2.468E-03  2.506E-03
  2.505E-03  2.465E-03  2.376E-03  2.235E-03  2.103E-03  1.918E-03  1.774E-03  1.607E-03  1.429E-03  1.243E-03
  1.084E-03  9.186E-04  7.523E-04  6.203E-04  4.788E-04  3.599E-04  2.674E-04  1.856E-04  1.375E-04  1.150E-04
  1.106E-04  1.040E-04  9.523E-05  9.326E-05  8.755E-05  8.652E-05  7.896E-05  7.204E-05  7.105E-05  7.094E-05
  6.928E-05  6.070E-05  5.933E-05  5.566E-05  5.545E-05  5.136E-05  5.126E-05  4.764E-05  4.606E-05  4.384E-05
  4.140E-05  4.461E-05  4.624E-05  4.820E-05  5.337E-05  5.504E-05  6.035E-05  6.115E-05  6.205E-05  6.619E-05
  6.966E-05  7.202E-05  7.750E-05  8.162E-05  8.632E-05  9.192E-05  9.704E-05  1.042E-04  1.087E-04  1.125E-04
  1.254E-04  1.603E-04  2.317E-04  3.381E-04  4.571E-04  5.883E-04  7.579E-04  9.219E-04  1.099E-03  1.285E-03
  1.501E-03  1.691E-03  1.899E-03  2.088E-03  2.275E-03  2.466E-03  2.632E-03  2.769E-03  2.865E-03  2.911E-03
  2.907E-03  2.860E-03  2.766E-03  2.657E-03  2.465E-03  2.275E-03  2.062E-03  1.884E-03  1.681E-03  1.512E-03
  1.313E-03  1.110E-03  9.362E-04  7.508E-04  5.851E-04  4.512E-04  3.305E-04  2.230E-04  1.630E-04  1.195E-04
  1.124E-04  1.075E-04  1.027E-04  9.617E-05  9.198E-05  8.618E-05  8.079E-05  7.664E-05  7.269E-05  7.031E-05
  6.698E-05  6.609E-05  6.019E-05  5.958E-05  5.565E-05  5.268E-05  5.148E-05  4.790E-05  4.599E-05  4.532E-05
  4.138E-05  4.481E-05  4.705E-05  5.099E-05  5.472E-05  5.870E-05  5.889E-05  6.218E-05  6.444E-05  6.716E-05
  7.014E-05  7.327E-05  7.914E-05  8.396E-05  8.839E-05  9.295E-05  9.806E-05  1.062E-04  1.131E-04  1.176E-04
  1.306E-04  1.845E-04  2.783E-04  4.060E-04  5.451E-04  7.115E-04  9.058E-04  1.098E-03  1.298E-03  1.523E-03
  1.737E-03  1.948E-03  2.176E-03  2.406E-03  2.614E-03  2.827E-03  3.024E-03  3.187E-03  3.263E-03  3.315E-03
  3.291E-03  3.239E-03  3.170E-03  3.025E-03  2.811E-03  2.612E-03  2.393E-03  2.186E-03  1.975E-03  1.758E-03
  1.513E-03  1.303E-03  1.099E-03  8.907E-04  7.070E-04  5.496E-04  3.948E-04  2.803E-04  1.890E-04  1.314E-04
  1.200E-04  1.152E-04  1.080E-04  1.033E-04  9.544E-05  8.536E-05  8.155E-05  7.833E-05  7.471E-05  6.895E-05
  6.612E-05  6.238E-05  6.167E-05  5.653E-05  5.519E-05  5.080E-05  4.985E-05  4.720E-05  4.516E-05  4.626E-05
  4.089E-05  4.668E-05  5.180E-05  5.277E-05  5.497E-05  5.795E-05  6.012E-05  6.235E-05  6.642E-05  6.874E-05
  6.965E-05  7.652E-05  7.946E-05  8.236E-05  8.681E-05  9.233E-05  9.973E-05  1.117E-04  1.166E-04  1.219E-04
  1.426E-04  2.112E-04  3.358E-04  4.842E-04  6.565E-04  8.320E-04  1.043E-03  1.275E-03  1.500E-03  1.741E-03
  1.979E-03  2.233E-03  2.472E-03  2.715E-03  2.957E-03  3.192E-03  3.406E-03  3.547E-03  3.637E-03  3.695E-03
  3.677E-03  3.633E-03  3.562E-03  3.390E-03  3.176E-03  2.960E-03  2.734E-03  2.483E-03  2.234E-03  1.976E-03
  1.743E-03  1.513E-03  1.272E-03  1.049E-03  8.582E-04  6.404E-04  4.751E-04  3.304E-04  2.122E-04  1.423E-04
  1.220E-04  1.128E-04  1.052E-04  1.020E-04  9.561E-05  8.760E-05  8.666E-05  8.273E-05  8.036E-05  7.447E-05
  6.925E-05  6.369E-05  6.052E-05  5.775E-05  5.410E-05  5.361E-05  5.159E-05  5.067E-05  4.647E-05  4.298E-05
  4.406E-05  4.660E-05  4.859E-05  5.437E-05  5.753E-05  5.873E-05  6.102E-05  6.403E-05  6.510E-05  6.762E-05
  7.180E-05  7.535E-05  8.222E-05  8.433E-05  9.125E-05  9.359E-05  9.785E-05  1.065E-04  1.142E-04  1.253E-04
  1.511E-04  2.523E-04  3.952E-04  5.644E-04  7.644E-04  9.788E-04  1.205E-03  1.463E-03  1.704E-03  1.973E-03
  2.241E-03  2.509E-03  2.780E-03  3.042E-03  3.281E-03  3.545E-03  3.756E-03  3.925E-03  4.018E-03  4.047E-03
  4.042E-03  4.023E-03  3.921E-03  3.789E-03  3.539E-03  3.273E-03  3.031E-03  2.765E-03  2.481E-03  2.248E-03
  1.987E-03  1.692E-03  1.445E-03  1.209E-03  9.777E-04  7.554E-04  5.622E-04  3.920E-04  2.539E-04  1.555E-04
  1.217E-04  1.163E-04  1.111E-04  1.039E-04  9.712E-05  9.252E-05  8.716E-05  8.250E-05  7.646E-05  7.209E-05
  6.696E-05  6.273E-05  6.463E-05  5.827E-05  5.723E-05  5.516E-05  5.110E-05  4.734E-05  4.684E-05  4.575E-05
  4.518E-05  4.898E-05  5.054E-05  5.163E-05  5.524E-05  6.032E-05  6.126E-05  6.579E-05  6.862E-05  7.060E-05
  7.494E-05  7.894E-05  8.206E-05  8.788E-05  9.047E-05  9.392E-05  1.059E-04  1.119E-04  1.201E-04  1.247E-04
  1.653E-04  2.896E-04  4.469E-04  6.412E-04  8.771E-04  1.112E-03  1.353E-03  1.632E-03  1.922E-03  2.192E-03
  2.449E-03  2.758E-03  3.024E-03  3.314E-03  3.595E-03  3.876E-03  4.114E-03  4.258E-03  4.347E-03  4.399E-03
  4.399E-03  4.349E-03  4.262E-03  4.119E-03  3.875E-03  3.581E-03  3.330E-03  3.038E-03  2.744E-03  2.475E-03
  2.196E-03  1.905E-03  1.620E-03  1.369E-03  1.113E-03  8.669E-04  6.457E-04  4.489E-04  2.891E-04  1.714E-04
  1.232E-04  1.181E-04  1.076E-04  1.026E-04  9.939E-05  9.175E-05  8.255E-05  8.346E-05  8.004E-05  7.183E-05
  7.093E-05  6.568E-05  6.367E-05  6.063E-05  5.574E-05  5.593E-05  5.496E-05  5.085E-05  5.069E-05  4.668E-05
  4.435E-05  4.767E-05  4.856E-05  5.185E-05  5.407E-05  6.013E-05  6.198E-05  6.633E-05  6.954E-05  7.462E-05
  7.583E-05  7.996E-05  8.149E-05  9.080E-05  9.358E-05  9.929E-05  1.068E-04  1.133E-04  1.214E-04  1.290E-04
  1.823E-04  3.254E-04  5.192E-04  7.380E-04  9.847E-04  1.248E-03  1.506E-03  1.798E-03  2.089E-03  2.389E-03
  2.681E-03  2.968E-03  3.287E-03  3.592E-03  3.864E-03  4.191E-03  4.427E-03  4.596E-03  4.679E-03  4.695E-03
  4.693E-03  4.651E-03  4.554E-03  4.440E-03  4.160E-03  3.894E-03  3.577E-03  3.289E-03  3.005E-03  2.674E-03
  2.384E-03  2.086E-03  1.799E-03  1.508E-03  1.233E-03  9.741E-04  7.328E-04  5.043E-04  3.213E-04  1.757E-04
  1.346E-04  1.256E-04  1.157E-04  1.059E-04  1.029E-04  9.442E-05  8.777E-05  8.441E-05  8.049E-05  7.380E-05
  7.199E-05  6.629E-05  6.205E-05  6.403E-05  5.955E-05  5.452E-05  5.279E-05  5.073E-05  4.769E-05  4.514E-05
  4.688E-05  4.529E-05  5.133E-05  5.505E-05  5.576E-05  5.544E-05  5.710E-05  6.502E-05  6.807E-05  7.207E-05
  7.567E-05  7.694E-05  8.307E-05  8.929E-05  9.262E-05  1.020E-04  1.074E-04  1.129E-04  1.224E-04  1.278E-04
  1.999E-04  3.621E-04  5.718E-04  8.072E-04  1.077E-03  1.380E-03  1.651E-03  1.968E-03  2.252E-03  2.571E-03
  2.866E-03  3.212E-03  3.517E-03  3.823E-03  4.123E-03  4.439E-03  4.704E-03  4.831E-03  4.909E-03  4.950E-03
  4.929E-03  4.903E-03  4.818E-03  4.683E-03  4.438E-03  4.146E-03  3.836E-03  3.514E-03  3.213E-03  2.898E-03
  2.574E-03  2.270E-03  1.966E-03  1.677E-03  1.349E-03  1.087E-03  8.273E-04  5.740E-04  3.621E-04  1.966E-04
  1.347E-04  1.231E-04  1.159E-04  1.118E-04  9.876E-05  9.193E-05  8.555E-05  8.412E-05  8.167E-05  7.652E-05
  7.311E-05  6.685E-05  6.191E-05  6.061E-05  6.005E-05  5.824E-05  5.099E-05  5.033E-05  4.641E-05  4.545E-05
  4.692E-05  5.001E-05  4.974E-05  5.351E-05  5.525E-05  5.769E-05  6.117E-05  6.577E-05  6.936E-05  7.466E-05
  7.933E-05  8.123E-05  8.295E-05  8.905E-05  9.401E-05  1.008E-04  1.154E-04  1.176E-04  1.247E-04  1.261E-04
  1.991E-04  3.889E-04  6.243E-04  8.865E-04  1.169E-03  1.477E-03  1.768E-03  2.088E-03  2.417E-03  2.735E-03
  3.028E-03  3.368E-03  3.683E-03  4.009E-03  4.317E-03  4.623E-03  4.874E-03  5.018E-03  5.098E-03  5.146E-03
  5.126E-03  5.068E-03  5.029E-03  4.869E-03  4.631E-03  4.306E-03  4.027E-03  3.661E-03  3.348E-03  3.078E-03
  2.724E-03  2.420E-03  2.103E-03  1.786E-03  1.468E-03  1.178E-03  8.826E-04  6.322E-04  3.891E-04  2.013E-04
  1.330E-04  1.213E-04  1.191E-04  1.067E-04  1.003E-04  9.553E-05  9.016E-05  8.731E-05  7.793E-05  7.618E-05
  7.185E-05  7.100E-05  6.815E-05  6.261E-05  5.678E-05  5.452E-05  5.518E-05  5.039E-05  4.903E-05  4.515E-05
  4.626E-05  4.687E-05  5.081E-05  5.442E-05  5.853E-05  6.045E-05  5.928E-05  5.902E-05  6.759E-05  7.167E-05
  7.466E-05  8.177E-05  8.583E-05  9.026E-05  9.226E-05  1.014E-04  1.105E-04  1.187E-04  1.246E-04  1.346E-04
  2.056E-04  4.103E-04  6.724E-04  9.544E-04  1.255E-03  1.564E-03  1.878E-03  2.199E-03  2.511E-03  2.854E-03
  3.155E-03  3.487E-03  3.804E-03  4.100E-03  4.435E-03  4.722E-03  5.031E-03  5.111E-03  5.152E-03  5.192E-03
  5.186E-03  5.201E-03  5.116E-03  4.979E-03  4.746E-03  4.425E-03  4.092E-03  3.808E-03  3.482E-03  3.176E-03
  2.819E-03  2.500E-03  2.204E-03  1.871E-03  1.564E-03  1.262E-03  9.551E-04  6.659E-04  4.125E-04  2.069E-04
  1.360E-04  1.233E-04  1.148E-04  1.079E-04  1.023E-04  9.768E-05  8.763E-05  8.658E-05  8.129E-05  7.702E-05
  7.146E-05  6.996E-05  6.702E-05  6.083E-05  6.050E-05  5.806E-05  5.550E-05  5.040E-05  4.931E-05  4.685E-05
  4.757E-05  4.791E-05  4.783E-05  5.011E-05  5.780E-05  5.840E-05  6.142E-05  6.409E-05  6.926E-05  7.505E-05
  7.633E-05  8.185E-05  8.288E-05  9.177E-05  9.730E-05  1.028E-04  1.072E-04  1.187E-04  1.270E-04  1.349E-04
  2.103E-04  4.175E-04  7.073E-04  1.003E-03  1.303E-03  1.636E-03  1.965E-03  2.275E-03  2.584E-03  2.913E-03
  3.225E-03  3.534E-03  3.845E-03  4.182E-03  4.482E-03  4.821E-03  5.061E-03  5.138E-03  5.193E-03  5.238E-03
  5.224E-03  5.187E-03  5.151E-03  5.055E-03  4.811E-03  4.475E-03  4.176E-03  3.850E-03  3.549E-03  3.235E-03
  2.925E-03  2.602E-03  2.265E-03  1.958E-03  1.632E-03  1.304E-03  1.002E-03  6.961E-04  4.299E-04  2.145E-04
  1.354E-04  1.242E-04  1.117E-04  1.115E-04  1.076E-04  1.007E-04  9.199E-05  8.331E-05  8.401E-05  7.853E-05
  7.137E-05  6.813E-05  6.900E-05  6.219E-05  5.959E-05  5.671E-05  5.380E-05  5.116E-05  4.926E-05  4.648E-05
  4.703E-05  5.184E-05  5.046E-05  5.221E-05  5.527E-05  5.500E-05  5.685E-05  6.262E-05  6.883E-05  7.160E-05
  7.673E-05  7.969E-05  8.481E-05  8.872E-05  9.406E-05  1.020E-04  1.068E-04  1.213E-04  1.258E-04  1.378E-04
  2.158E-04  4.299E-04  7.154E-04  1.034E-03  1.347E-03  1.665E-03  1.967E-03  2.287E-03  2.633E-03  2.957E-03
  3.267E-03  3.570E-03  3.934E-03  4.201E-03  4.497E-03  4.849E-03  5.116E-03  5.170E-03  5.217E-03  5.205E-03
  5.249E-03  5.214E-03  5.186E-03  5.079E-03  4.827E-03  4.535E-03  4.215E-03  3.892E-03  3.573E-03  3.254E-03
  2.908E-03  2.631E-03  2.296E-03  1.990E-03  1.644E-03  1.333E-03  1.035E-03  7.171E-04  4.346E-04  2.082E-04
  1.376E-04  1.258E-04  1.191E-04  1.162E-04  1.044E-04  9.427E-05  9.065E-05  8.912E-05  8.199E-05  7.612E-05
  6.954E-05  6.985E-05  6.456E-05  6.269E-05  6.141E-05  5.635E-05  5.330E-05  5.139E-05  4.922E-05  4.836E-05
  4.870E-05  4.709E-05  5.035E-05  5.295E-05  5.821E-05  5.770E-05  6.053E-05  6.466E-05  7.039E-05  7.400E-05
  7.438E-05  7.768E-05  8.663E-05  9.153E-05  9.619E-05  1.030E-04  1.121E-04  1.161E-04  1.280E-04  1.371E-04
  2.130E-04  4.310E-04  7.180E-04  1.026E-03  1.354E-03  1.680E-03  1.984E-03  2.292E-03  2.618E-03  2.947E-03
  3.255E-03  3.563E-03  3.884E-03  4.214E-03  4.492E-03  4.855E-03  5.107E-03  5.156E-03  5.238E-03  5.257E-03
  5.226E-03  5.213E-03  5.188E-03  5.079E-03  4.877E-03  4.526E-03  4.214E-03  3.900E-03  3.620E-03  3.272E-03
  2.937E-03  2.621E-03  2.307E-03  1.982E-03  1.652E-03  1.349E-03  1.038E-03  7.107E-04  4.356E-04  2.128E-04
  1.347E-04  1.282E-04  1.173E-04  1.108E-04  1.009E-04  9.422E-05  8.763E-05  8.291E-05  7.968E-05  7.616E-05
  7.309E-05  6.843E-05  6.626E-05  6.492E-05  6.192E-05  5.582E-05  5.464E-05  5.221E-05  4.768E-05  4.480E-05
  4.304E-05  4.961E-05  5.074E-05  5.477E-05  5.539E-05  5.958E-05  6.258E-05  6.604E-05  6.829E-05  7.456E-05
  7.386E-05  8.313E-05  8.566E-05  9.001E-05  9.168E-05  1.001E-04  1.065E-04  1.175E-04  1.272E-04  1.337E-04
  2.093E-04  4.235E-04  6.955E-04  1.010E-03  1.310E-03  1.637E-03  1.956E-03  2.281E-03  2.598E-03  2.888E-03
  3.217E-03  3.574E-03  3.851E-03  4.188E-03  4.497E-03  4.811E-03  5.076E-03  5.160E-03  5.206E-03  5.230E-03
  5.222E-03  5.178E-03  5.163E-03  5.029E-03  4.793E-03  4.473E-03  4.178E-03  3.857E-03  3.539E-03  3.215E-03
  2.902E-03  2.583E-03  2.263E-03  1.943E-03  1.619E-03  1.325E-03  1.012E-03  7.047E-04  4.259E-04  2.084E-04
  1.363E-04  1.247E-04  1.190E-04  1.107E-04  1.045E-04  9.583E-05  9.159E-05  8.177E-05  7.974E-05  7.698E-05
  7.196E-05  6.853E-05  6.725E-05  6.258E-05  5.988E-05  5.452E-05  5.445E-05  5.261E-05  4.764E-05  4.711E-05
  4.740E-05  4.903E-05  5.291E-05  5.566E-05  5.866E-05  5.886E-05  6.387E-05  6.702E-05  7.020E-05  7.293E-05
  7.732E-05  7.914E-05  8.447E-05  9.044E-05  9.383E-05  9.721E-05  1.044E-04  1.153E-04  1.253E-04  1.315E-04
  2.023E-04  4.089E-04  6.705E-04  9.503E-04  1.265E-03  1.578E-03  1.891E-03  2.214E-03  2.533E-03  2.864E-03
  3.158E-03  3.455E-03  3.807E-03  4.095E-03  4.418E-03  4.727E-03  4.976E-03  5.121E-03  5.163E-03  5.201E-03
  5.174E-03  5.155E-03  5.075E-03  4.982E-03  4.732E-03  4.410E-03  4.098E-03  3.821E-03  3.468E-03  3.165E-03
  2.843E-03  2.513E-03  2.221E-03  1.887E-03  1.566E-03  1.253E-03  9.567E-04  6.689E-04  4.105E-04  2.065E-04
  1.340E-04  1.237E-04  1.170E-04  1.105E-04  1.038E-04  9.763E-05  9.286E-05  8.660E-05  7.919E-05  7.699E-05
  7.691E-05  6.946E-05  6.749E-05  6.083E-05  5.760E-05  5.608E-05  5.356E-05  5.110E-05  4.775E-05  4.468E-05
  4.888E-05  4.903E-05  5.204E-05  5.235E-05  5.537E-05  6.015E-05  6.547E-05  6.758E-05  6.955E-05  7.236E-05
  7.851E-05  8.212E-05  8.456E-05  9.053E-05  9.743E-05  1.025E-04  1.050E-04  1.166E-04  1.232E-04  1.323E-04
  2.005E-04  3.869E-04  6.273E-04  8.960E-04  1.184E-03  1.473E-03  1.776E-03  2.111E-03  2.415E-03  2.745E-03
  3.042E-03  3.358E-03  3.673E-03  4.015E-03  4.306E-03  4.601E-03  4.870E-03  5.029E-03  5.034E-03  5.143E-03
  5.091E-03  5.117E-03  4.981E-03  4.855E-03  4.621E-03  4.306E-03  4.006E-03  3.693E-03  3.358E-03  3.048E-03
  2.730E-03  2.419E-03  2.091E-03  1.760E-03  1.464E-03  1.149E-03  8.908E-04  6.339E-04  3.868E-04  1.993E-04
  1.348E-04  1.233E-04  1.175E-04  1.073E-04  9.907E-05  9.401E-05  8.913E-05  8.437E-05  8.000E-05  7.361E-05
  7.019E-05  6.744E-05  6.713E-05  6.404E-05  5.826E-05  5.523E-05  5.326E-05  5.093E-05  4.842E-05  4.510E-05
  4.933E-05  4.893E-05  5.578E-05  5.611E-05  5.933E-05  6.144E-05  6.082E-05  6.527E-05  7.017E-05  7.465E-05
  7.877E-05  8.220E-05  8.753E-05  9.260E-05  9.625E-05  1.020E-04  1.059E-04  1.167E-04  1.231E-04  1.291E-04
  1.963E-04  3.565E-04  5.731E-04  8.098E-04  1.091E-03  1.350E-03  1.647E-03  1.945E-03  2.266E-03  2.591E-03
  2.900E-03  3.204E-03  3.504E-03  3.845E-03  4.128E-03  4.442E-03  4.706E-03  4.833E-03  4.899E-03  4.947E-03
  4.930E-03  4.894E-03  4.811E-03  4.658E-03  4.460E-03  4.135E-03  3.832E-03  3.522E-03  3.222E-03  2.894E-03
  2.603E-03  2.281E-03  1.976E-03  1.658E-03  1.380E-03  1.074E-03  8.155E-04  5.684E-04  3.583E-04  1.922E-04
  1.290E-04  1.212E-04  1.128E-04  1.104E-04  1.012E-04  9.029E-05  8.567E-05  8.755E-05  8.311E-05  7.717E-05
  7.164E-05  6.833E-05  6.388E-05  6.172E-05  5.844E-05  5.675E-05  5.347E-05  5.100E-05  4.627E-05  4.545E-05
  4.782E-05  5.080E-05  5.116E-05  5.156E-05  5.352E-05  5.637E-05  5.699E-05  6.209E-05  7.108E-05  7.203E-05
  7.676E-05  8.151E-05  8.471E-05  8.856E-05  9.157E-05  1.029E-04  1.062E-04  1.139E-04  1.190E-04  1.326E-04
  1.783E-04  3.203E-04  5.106E-04  7.337E-04  9.685E-04  1.235E-03  1.516E-03  1.819E-03  2.084E-03  2.403E-03
  2.693E-03  2.953E-03  3.298E-03  3.599E-03  3.904E-03  4.166E-03  4.410E-03  4.585E-03  4.643E-03  4.682E-03
  4.694E-03  4.662E-03  4.584E-03  4.435E-03  4.159E-03  3.900E-03  3.595E-03  3.277E-03  2.986E-03  2.673E-03
  2.399E-03  2.081E-03  1.813E-03  1.524E-03  1.241E-03  9.675E-04  7.299E-04  5.016E-04  3.297E-04  1.842E-04
  1.330E-04  1.214E-04  1.090E-04  1.060E-04  9.952E-05  9.386E-05  8.654E-05  8.467E-05  8.355E-05  7.778E-05
  7.125E-05  6.841E-05  6.387E-05  6.036E-05  5.572E-05  5.357E-05  5.347E-05  5.127E-05  5.086E-05  4.631E-05
  4.596E-05  4.544E-05  4.666E-05  5.139E-05  5.310E-05  5.666E-05  6.049E-05  6.146E-05  6.477E-05  6.816E-05
  7.650E-05  8.188E-05  8.459E-05  8.827E-05  9.382E-05  9.492E-05  1.028E-04  1.069E-04  1.212E-04  1.321E-04
  1.652E-04  2.904E-04  4.533E-04  6.464E-04  8.703E-04  1.111E-03  1.367E-03  1.638E-03  1.896E-03  2.193E-03
  2.465E-03  2.745E-03  3.034E-03  3.338E-03  3.608E-03  3.869E-03  4.108E-03  4.250E-03  4.331E-03  4.395E-03
  4.391E-03  4.379E-03  4.230E-03  4.106E-03  3.860E-03  3.582E-03  3.286E-03  3.027E-03  2.750E-03  2.473E-03
  2.207E-03  1.912E-03  1.642E-03  1.361E-03  1.117E-03  8.699E-04  6.618E-04  4.506E-04  2.863E-04  1.694E-04
  1.260E-04  1.176E-04  1.098E-04  1.014E-04  1.014E-04  8.971E-05  8.655E-05  8.468E-05  8.079E-05  7.291E-05
  6.935E-05  6.819E-05  5.984E-05  5.961E-05  5.921E-05  5.614E-05  5.560E-05  5.208E-05  5.083E-05  4.640E-05
  4.305E-05  4.823E-05  4.961E-05  5.330E-05  5.355E-05  5.600E-05  6.101E-05  6.360E-05  6.813E-05  7.231E-05
  7.296E-05  7.819E-05  8.168E-05  8.543E-05  9.312E-05  9.690E-05  1.047E-04  1.075E-04  1.135E-04  1.279E-04
  1.585E-04  2.494E-04  3.969E-04  5.705E-04  7.657E-04  9.883E-04  1.199E-03  1.450E-03  1.718E-03  1.969E-03
  2.231E-03  2.475E-03  2.766E-03  3.011E-03  3.290E-03  3.528E-03  3.775E-03  3.870E-03  4.013E-03  4.057E-03
  4.047E-03  3.997E-03  3.896E-03  3.763E-03  3.520E-03  3.276E-03  3.043E-03  2.769E-03  2.488E-03  2.244E-03
  1.942E-03  1.710E-03  1.456E-03  1.211E-03  9.741E-04  7.660E-04  5.700E-04  3.913E-04  2.494E-04  1.509E-04
  1.209E-04  1.186E-04  1.100E-04  1.014E-04  9.995E-05  9.199E-05  8.222E-05  7.722E-05  7.463E-05  7.092E-05
  6.903E-05  6.572E-05  6.226E-05  5.813E-05  5.869E-05  5.518E-05  5.228E-05  5.125E-05  4.950E-05  4.779E-05
  4.591E-05  5.005E-05  5.071E-05  5.222E-05  5.417E-05  5.871E-05  6.036E-05  6.292E-05  6.607E-05  6.973E-05
  7.129E-05  7.742E-05  8.235E-05  8.534E-05  9.389E-05  9.669E-05  1.046E-04  1.076E-04  1.101E-04  1.200E-04
  1.424E-04  2.191E-04  3.374E-04  4.797E-04  6.394E-04  8.321E-04  1.048E-03  1.264E-03  1.506E-03  1.735E-03
  1.992E-03  2.216E-03  2.471E-03  2.707E-03  2.952E-03  3.181E-03  3.393E-03  3.552E-03  3.638E-03  3.702E-03
  3.662E-03  3.647E-03  3.533E-03  3.383E-03  3.178E-03  2.948E-03  2.713E-03  2.481E-03  2.222E-03  1.991E-03
  1.743E-03  1.506E-03  1.284E-03  1.048E-03  8.463E-04  6.530E-04  4.800E-04  3.296E-04  2.185E-04  1.412E-04
  1.199E-04  1.111E-04  1.028E-04  1.015E-04  9.503E-05  8.880E-05  8.562E-05  8.042E-05  7.406E-05  7.152E-05
  7.059E-05  6.556E-05  6.001E-05  5.854E-05  5.662E-05  5.451E-05  5.092E-05  4.902E-05  4.871E-05  4.621E-05
  4.355E-05  4.641E-05  4.799E-05  5.069E-05  5.432E-05  5.670E-05  6.105E-05  6.003E-05  6.324E-05  6.609E-05
  7.025E-05  7.423E-05  7.960E-05  8.735E-05  8.809E-05  9.854E-05  9.699E-05  9.993E-05  1.109E-04  1.180E-04
  1.298E-04  1.882E-04  2.760E-04  3.889E-04  5.479E-04  7.191E-04  8.950E-04  1.098E-03  1.304E-03  1.510E-03
  1.733E-03  1.964E-03  2.173E-03  2.385E-03  2.625E-03  2.828E-03  3.014E-03  3.137E-03  3.254E-03  3.293E-03
  3.301E-03  3.243E-03  3.164E-03  3.018E-03  2.827E-03  2.619E-03  2.398E-03  2.194E-03  1.944E-03  1.741E-03
  1.522E-03  1.304E-03  1.091E-03  8.970E-04  7.229E-04  5.464E-04  4.062E-04  2.768E-04  1.862E-04  1.352E-04
  1.179E-04  1.099E-04  1.023E-04  9.818E-05  8.888E-05  8.886E-05  8.428E-05  8.119E-05  7.500E-05  7.234E-05
  6.714E-05  6.369E-05  5.852E-05  5.829E-05  5.861E-05  5.623E-05  5.188E-05  4.880E-05  4.642E-05  4.541E-05
  4.426E-05  4.583E-05  4.677E-05  5.158E-05  5.312E-05  5.862E-05  5.790E-05  5.796E-05  6.193E-05  6.506E-05
  6.910E-05  7.412E-05  7.532E-05  7.938E-05  8.492E-05  9.276E-05  9.463E-05  9.908E-05  1.039E-04  1.103E-04
  1.251E-04  1.544E-04  2.264E-04  3.299E-04  4.582E-04  6.056E-04  7.587E-04  9.395E-04  1.118E-03  1.296E-03
  1.502E-03  1.683E-03  1.875E-03  2.076E-03  2.274E-03  2.444E-03  2.643E-03  2.774E-03  2.861E-03  2.906E-03
  2.900E-03  2.850E-03  2.778E-03  2.636E-03  2.460E-03  2.270E-03  2.095E-03  1.884E-03  1.685E-03  1.486E-03
  1.303E-03  1.110E-03  9.190E-04  7.538E-04  5.940E-04  4.484E-04  3.323E-04  2.320E-04  1.533E-04  1.233E-04
  1.154E-04  1.061E-04  1.009E-04  9.511E-05  8.941E-05  8.566E-05  8.207E-05  7.940E-05  7.653E-05  7.220E-05
  6.890E-05  6.460E-05  6.219E-05  5.959E-05  5.746E-05  5.221E-05  4.757E-05  4.737E-05  4.704E-05  4.163E-05
  4.570E-05  4.471E-05  4.552E-05  4.916E-05  5.340E-05  5.451E-05  5.412E-05  5.727E-05  6.112E-05  5.960E-05
  6.883E-05  7.132E-05  7.405E-05  7.534E-05  7.702E-05  8.513E-05  8.703E-05  9.726E-05  1.011E-04  1.085E-04
  1.186E-04  1.428E-04  1.910E-04  2.647E-04  3.643E-04  4.802E-04  6.176E-04  7.707E-04  9.202E-04  1.089E-03
  1.251E-03  1.426E-03  1.578E-03  1.755E-03  1.918E-03  2.079E-03  2.246E-03  2.373E-03  2.466E-03  2.522E-03
  2.501E-03  2.468E-03  2.378E-03  2.260E-03  2.136E-03  1.940E-03  1.766E-03  1.610E-03  1.423E-03  1.254E-03
  1.095E-03  9.191E-04  7.734E-04  6.154E-04  4.795E-04  3.564E-04  2.661E-04  1.855E-04  1.367E-04  1.142E-04
  1.091E-04  1.040E-04  9.685E-05  9.368E-05  8.720E-05  8.285E-05  7.926E-05  7.775E-05  7.630E-05  7.177E-05
  6.581E-05  5.980E-05  5.970E-05  5.858E-05  5.539E-05  5.076E-05  4.625E-05  4.557E-05  4.359E-05  4.378E-05
  4.092E-05  4.487E-05  4.362E-05  4.874E-05  5.042E-05  5.385E-05  5.478E-05  5.885E-05  6.059E-05  6.267E-05
  6.653E-05  7.105E-05  7.277E-05  7.498E-05  8.063E-05  8.399E-05  8.666E-05  9.286E-05  9.618E-05  1.094E-04
  1.170E-04  1.234E-04  1.601E-04  2.109E-04  2.907E-04  3.848E-04  4.939E-04  6.069E-04  7.504E-04  8.876E-04
  1.030E-03  1.176E-03  1.324E-03  1.469E-03  1.617E-03  1.749E-03  1.864E-03  1.990E-03  2.076E-03  2.111E-03
  2.099E-03  2.067E-03  1.987E-03  1.864E-03  1.741E-03  1.624E-03  1.492E-03  1.320E-03  1.181E-03  1.021E-03
  8.849E-04  7.514E-04  6.176E-04  5.027E-04  3.814E-04  2.840E-04  2.079E-04  1.573E-04  1.248E-04  1.130E-04
  1.042E-04  1.004E-04  9.440E-05  9.286E-05  8.339E-05  8.086E-05  7.501E-05  7.203E-05  7.159E-05  6.965E-05
  6.218E-05  6.209E-05  6.211E-05  5.627E-05  5.214E-05  4.983E-05  4.746E-05  4.460E-05  4.384E-05  4.012E-05
  4.248E-05  4.149E-05  4.801E-05  4.718E-05  5.195E-05  4.994E-05  5.376E-05  5.574E-05  5.778E-05  6.341E-05
  6.940E-05  6.894E-05  6.946E-05  7.394E-05  8.055E-05  8.633E-05  8.899E-05  9.138E-05  9.963E-05  1.041E-04
  1.108E-04  1.158E-04  1.353E-04  1.723E-04  2.225E-04  2.898E-04  3.827E-04  4.877E-04  5.938E-04  6.998E-04
  8.287E-04  9.582E-04  1.078E-03  1.195E-03  1.297E-03  1.410E-03  1.515E-03  1.604E-03  1.672E-03  1.716E-03
  1.708E-03  1.690E-03  1.609E-03  1.516E-03  1.412E-03  1.307E-03  1.195E-03  1.059E-03  9.487E-04  8.339E-04
  7.098E-04  5.883E-04  4.889E-04  3.860E-04  2.979E-04  2.181E-04  1.677E-04  1.349E-04  1.202E-04  1.086E-04
  1.052E-04  9.912E-05  9.302E-05  8.748E-05  8.508E-05  7.889E-05  7.580E-05  6.983E-05  6.700E-05  6.239E-05
  6.096E-05  5.891E-05  5.963E-05  5.808E-05  5.650E-05  5.117E-05  4.866E-05  4.527E-05  4.330E-05  4.192E-05
  4.416E-05  4.142E-05  4.428E-05  4.772E-05  4.831E-05  4.901E-05  5.461E-05  5.550E-05  5.707E-05  6.092E-05
  6.131E-05  6.623E-05  7.244E-05  7.502E-05  7.749E-05  8.286E-05  8.479E-05  9.110E-05  9.369E-05  1.002E-04
  1.026E-04  1.082E-04  1.133E-04  1.367E-04  1.729E-04  2.255E-04  2.936E-04  3.636E-04  4.487E-04  5.463E-04
  6.364E-04  7.329E-04  8.351E-04  9.276E-04  1.021E-03  1.121E-03  1.182E-03  1.252E-03  1.317E-03  1.330E-03
  1.361E-03  1.332E-03  1.251E-03  1.199E-03  1.111E-03  1.012E-03  9.343E-04  8.339E-04  7.364E-04  6.378E-04
  5.467E-04  4.515E-04  3.615E-04  2.960E-04  2.259E-04  1.747E-04  1.380E-04  1.216E-04  1.143E-04  1.068E-04
  9.994E-05  9.533E-05  9.038E-05  8.257E-05  8.077E-05  7.808E-05  7.398E-05  7.037E-05  6.997E-05  6.595E-05
  6.170E-05  6.072E-05  5.608E-05  5.441E-05  5.348E-05  4.773E-05  4.456E-05  4.261E-05  3.990E-05  4.133E-05
  3.974E-05  4.283E-05  4.530E-05  4.853E-05  5.041E-05  5.238E-05  5.142E-05  5.119E-05  5.609E-05  6.031E-05
  6.545E-05  6.710E-05  6.989E-05  7.140E-05  7.705E-05  7.901E-05  8.125E-05  8.813E-05  9.090E-05  9.862E-05
  1.026E-04  1.074E-04  1.158E-04  1.194E-04  1.438E-04  1.741E-04  2.106E-04  2.693E-04  3.367E-04  4.036E-04
  4.784E-04  5.569E-04  6.334E-04  7.032E-04  7.690E-04  8.421E-04  9.029E-04  9.490E-04  9.817E-04  1.002E-03
  1.020E-03  9.830E-04  9.459E-04  8.898E-04  8.377E-04  7.605E-04  7.087E-04  6.238E-04  5.503E-04  4.790E-04
  3.991E-04  3.343E-04  2.699E-04  2.199E-04  1.752E-04  1.417E-04  1.158E-04  1.088E-04  1.070E-04  1.046E-04
  9.494E-05  9.044E-05  8.546E-05  8.366E-05  8.017E-05  7.536E-05  7.072E-05  6.907E-05  6.408E-05  6.154E-05
  5.955E-05  5.962E-05  5.754E-05  5.204E-05  5.045E-05  5.118E-05  4.912E-05  4.655E-05  4.449E-05  4.075E-05
  4.091E-05  4.448E-05  4.558E-05  4.507E-05  4.839E-05  5.025E-05  5.018E-05  5.345E-05  5.400E-05  5.839E-05
  6.031E-05  6.389E-05  6.577E-05  6.682E-05  7.350E-05  7.621E-05  7.927E-05  8.402E-05  8.734E-05  9.146E-05
  9.709E-05  1.002E-04  1.064E-04  1.087E-04  1.203E-04  1.366E-04  1.661E-04  1.981E-04  2.459E-04  2.877E-04
  3.430E-04  3.894E-04  4.479E-04  4.997E-04  5.526E-04  5.961E-04  6.388E-04  6.606E-04  6.888E-04  7.102E-04
  6.945E-04  6.891E-04  6.652E-04  6.412E-04  5.919E-04  5.497E-04  4.992E-04  4.409E-04  3.834E-04  3.378E-04
  2.817E-04  2.350E-04  1.965E-04  1.651E-04  1.393E-04  1.192E-04  1.142E-04  1.011E-04  9.892E-05  9.745E-05
  9.391E-05  9.095E-05  8.618E-05  7.904E-05  7.669E-05  7.754E-05  7.335E-05  6.652E-05  6.144E-05  5.906E-05
  5.841E-05  5.825E-05  5.537E-05  5.364E-05  4.792E-05  4.717E-05  5.080E-05  4.301E-05  4.272E-05  4.107E-05
  3.746E-05  3.722E-05  4.176E-05  4.250E-05  4.461E-05  4.792E-05  4.651E-05  5.362E-05  5.515E-05  5.892E-05
  5.881E-05  6.064E-05  6.648E-05  6.506E-05  7.190E-05  7.142E-05  7.656E-05  7.684E-05  8.365E-05  9.052E-05
  9.341E-05  9.448E-05  9.673E-05  1.038E-04  1.149E-04  1.158E-04  1.293E-04  1.464E-04  1.734E-04  2.015E-04
  2.296E-04  2.716E-04  3.031E-04  3.402E-04  3.603E-04  3.918E-04  4.207E-04  4.253E-04  4.364E-04  4.451E-04
  4.449E-04  4.354E-04  4.267E-04  4.155E-04  3.929E-04  3.688E-04  3.379E-04  3.007E-04  2.669E-04  2.323E-04
  1.972E-04  1.729E-04  1.477E-04  1.298E-04  1.146E-04  1.103E-04  1.089E-04  1.035E-04  9.606E-05  9.302E-05
  8.791E-05  8.123E-05  7.926E-05  7.390E-05  7.270E-05  7.068E-05  6.866E-05  6.480E-05  6.431E-05  6.051E-05
  5.552E-05  5.476E-05  5.345E-05  4.949E-05  4.917E-05  4.584E-05  4.393E-05  4.350E-05  4.189E-05  4.032E-05
  3.863E-05  4.195E-05  4.433E-05  4.264E-05  4.601E-05  4.807E-05  5.078E-05  5.275E-05  5.455E-05  5.398E-05
  5.723E-05  6.015E-05  6.256E-05  6.640E-05  6.867E-05  7.114E-05  7.600E-05  7.803E-05  8.223E-05  8.710E-05
  8.739E-05  9.252E-05  9.385E-05  1.047E-04  1.030E-04  1.079E-04  1.162E-04  1.242E-04  1.333E-04  1.398E-04
  1.584E-04  1.805E-04  1.950E-04  2.105E-04  2.320E-04  2.409E-04  2.552E-04  2.550E-04  2.542E-04  2.657E-04
  2.633E-04  2.547E-04  2.544E-04  2.505E-04  2.463E-04  2.279E-04  2.148E-04  1.979E-04  1.784E-04  1.606E-04
  1.453E-04  1.313E-04  1.184E-04  1.161E-04  1.061E-04  1.052E-04  9.937E-05  9.632E-05  9.515E-05  9.049E-05
  8.551E-05  8.139E-05  7.855E-05  7.591E-05  6.972E-05  7.025E-05  6.505E-05  6.442E-05  5.958E-05  5.687E-05
  5.566E-05  5.290E-05  5.346E-05  4.923E-05  4.790E-05  4.450E-05  4.168E-05  4.118E-05  4.066E-05  3.842E-05
  3.603E-05  3.793E-05  4.020E-05  4.439E-05  4.515E-05  4.767E-05  4.708E-05  5.043E-05  5.003E-05  5.290E-05
  5.525E-05  5.874E-05  6.070E-05  6.369E-05  6.546E-05  7.202E-05  7.156E-05  7.626E-05  8.210E-05  8.419E-05
  8.703E-05  8.541E-05  9.312E-05  9.633E-05  9.547E-05  1.052E-04  1.084E-04  1.120E-04  1.166E-04  1.191E-04
  1.275E-04  1.341E-04  1.368E-04  1.465E-04  1.503E-04  1.487E-04  1.495E-04  1.545E-04  1.578E-04  1.627E-04
  1.624E-04  1.551E-04  1.579E-04  1.558E-04  1.565E-04  1.482E-04  1.420E-04  1.372E-04  1.304E-04  1.250E-04
  1.218E-04  1.225E-04  1.141E-04  1.041E-04  1.023E-04  9.403E-05  9.423E-05  9.293E-05  8.918E-05  8.863E-05
  8.237E-05  8.155E-05  7.397E-05  7.379E-05  7.123E-05  6.638E-05  6.277E-05  6.050E-05  5.756E-05  5.580E-05
  5.665E-05  5.217E-05  4.788E-05  4.843E-05  4.477E-05  4.290E-05  4.007E-05  4.045E-05  4.140E-05  3.942E-05
  4.032E-05  3.890E-05  4.017E-05  4.174E-05  4.285E-05  4.641E-05  4.826E-05  4.713E-05  5.182E-05  5.354E-05
  5.454E-05  5.799E-05  6.066E-05  6.034E-05  6.305E-05  6.635E-05  7.181E-05  7.423E-05  7.867E-05  8.204E-05
  8.307E-05  8.532E-05  9.110E-05  8.946E-05  9.320E-05  9.817E-05  1.026E-04  1.094E-04  1.071E-04  1.153E-04
  1.167E-04  1.177E-04  1.200E-04  1.243E-04  1.251E-04  1.262E-04  1.255E-04  1.287E-04  1.294E-04  1.291E-04
  1.324E-04  1.295E-04  1.256E-04  1.297E-04  1.275E-04  1.223E-04  1.249E-04  1.211E-04  1.159E-04  1.161E-04
  1.117E-04  1.136E-04  1.021E-04  1.017E-04  9.867E-05  9.272E-05  9.025E-05  8.980E-05  8.395E-05  8.254E-05
  8.368E-05  7.755E-05  7.553E-05  6.989E-05  6.909E-05  6.950E-05  6.324E-05  5.856E-05  5.686E-05  5.527E-05
  5.234E-05  5.023E-05  4.917E-05  4.804E-05  4.702E-05  4.469E-05  4.165E-05  3.994E-05  3.955E-05  3.969E-05
  3.470E-05  3.428E-05  3.791E-05  4.216E-05  4.359E-05  4.713E-05  4.365E-05  4.729E-05  4.763E-05  5.117E-05
  5.388E-05  5.602E-05  5.817E-05  5.990E-05  6.225E-05  6.344E-05  6.536E-05  6.997E-05  6.966E-05  7.374E-05
  7.795E-05  8.118E-05  8.318E-05  8.546E-05  8.827E-05  9.565E-05  9.420E-05  9.786E-05  9.796E-05  1.059E-04
  1.093E-04  1.123E-04  1.148E-04  1.143E-04  1.200E-04  1.184E-04  1.215E-04  1.254E-04  1.216E-04  1.200E-04
  1.264E-04  1.206E-04  1.209E-04  1.230E-04  1.153E-04  1.161E-04  1.126E-04  1.100E-04  1.102E-04  1.119E-04
  1.033E-04  1.028E-04  9.764E-05  9.939E-05  9.281E-05  8.668E-05  9.033E-05  8.420E-05  8.286E-05  7.743E-05
  7.750E-05  7.324E-05  6.977E-05  6.630E-05  6.683E-05  6.537E-05  6.067E-05  5.981E-05  5.706E-05  5.479E-05
  4.814E-05  4.667E-05  4.671E-05  4.514E-05  4.565E-05  4.334E-05  4.069E-05  3.957E-05  3.727E-05  3.857E-05
  3.609E-05  3.547E-05  3.683E-05  3.887E-05  4.107E-05  4.072E-05  4.231E-05  4.471E-05  4.646E-05  5.014E-05
  5.242E-05  5.555E-05  6.042E-05  6.015E-05  6.133E-05  6.281E-05  6.262E-05  6.647E-05  7.026E-05  7.319E-05
  7.458E-05  7.914E-05  7.936E-05  8.116E-05  8.705E-05  8.871E-05  8.817E-05  9.366E-05  9.689E-05  1.038E-04
  9.994E-05  1.054E-04  1.081E-04  1.046E-04  1.127E-04  1.125E-04  1.111E-04  1.144E-04  1.101E-04  1.197E-04
  1.149E-04  1.117E-04  1.196E-04  1.166E-04  1.131E-04  1.103E-04  1.107E-04  1.070E-04  1.069E-04  1.059E-04
  9.907E-05  9.467E-05  9.446E-05  9.345E-05  9.159E-05  8.421E-05  8.295E-05  8.122E-05  8.083E-05  7.581E-05
  7.157E-05  6.988E-05  6.535E-05  6.583E-05  6.184E-05  6.160E-05  6.223E-05  5.635E-05  5.058E-05  4.964E-05
  5.260E-05  4.866E-05  4.691E-05  4.389E-05  4.447E-05  4.301E-05  4.070E-05  3.964E-05  3.677E-05  3.447E-05
  3.407E-05  3.454E-05  3.805E-05  3.660E-05  3.996E-05  3.925E-05  4.091E-05  4.317E-05  4.500E-05  4.719E-05
  4.831E-05  5.362E-05  5.529E-05  5.884E-05  5.801E-05  6.111E-05  6.125E-05  6.378E-05  6.844E-05  7.057E-05
  7.207E-05  7.363E-05  7.741E-05  7.658E-05  8.518E-05  8.548E-05  8.660E-05  8.878E-05  9.514E-05  9.538E-05
  9.622E-05  9.795E-05  9.884E-05  9.908E-05  1.059E-04  1.050E-04  1.051E-04  1.083E-04  1.061E-04  1.101E-04
  1.102E-04  1.083E-04  1.090E-04  1.083E-04  1.082E-04  1.053E-04  1.004E-04  1.015E-04  9.895E-05  9.561E-05
  9.808E-05  9.185E-05  8.827E-05  8.850E-05  8.403E-05  8.253E-05  7.919E-05  7.519E-05  7.599E-05  7.143E-05
  7.093E-05  7.004E-05  6.611E-05  6.163E-05  6.293E-05  5.683E-05  5.873E-05  5.610E-05  5.385E-05  5.063E-05
  5.148E-05  4.510E-05  4.534E-05  4.054E-05  3.997E-05  4.122E-05  4.050E-05  3.970E-05  3.687E-05  3.339E-05
  3.308E-05  3.438E-05  3.589E-05  3.716E-05  3.753E-05  4.054E-05  4.314E-05  4.393E-05  4.732E-05  4.969E-05
  4.975E-05  4.951E-05  4.935E-05  5.330E-05  5.634E-05  5.670E-05  5.882E-05  6.131E-05  6.488E-05  6.680E-05
  6.916E-05  6.772E-05  7.581E-05  7.527E-05  7.868E-05  8.022E-05  8.053E-05  8.482E-05  8.727E-05  9.097E-05
  9.211E-05  9.240E-05  9.261E-05  9.576E-05  9.811E-05  9.823E-05  9.633E-05  1.007E-04  9.859E-05  9.970E-05
  1.018E-04  1.031E-04  9.987E-05  1.029E-04  1.014E-04  9.991E-05  9.843E-05  9.441E-05  9.203E-05  8.851E-05
  8.912E-05  8.460E-05  8.396E-05  8.384E-05  7.993E-05  7.670E-05  7.648E-05  7.590E-05  7.180E-05  7.149E-05
  6.573E-05  6.459E-05  6.503E-05  6.198E-05  5.866E-05  5.469E-05  5.630E-05  5.166E-05  4.717E-05  4.868E-05
  4.732E-05  4.415E-05  4.236E-05  4.269E-05  4.028E-05  4.148E-05  3.689E-05  3.586E-05  3.375E-05  3.329E-05
  3.351E-05  3.230E-05  3.466E-05  3.599E-05  3.674E-05  4.186E-05  4.533E-05  4.403E-05  4.544E-05  4.789E-05
  4.847E-05  5.013E-05  5.220E-05  5.491E-05  5.611E-05  5.489E-05  5.698E-05  6.197E-05  6.646E-05  6.350E-05
  6.301E-05  6.712E-05  7.124E-05  7.345E-05  7.641E-05  7.879E-05  7.654E-05  7.709E-05  8.253E-05  8.300E-05
  8.484E-05  8.482E-05  8.578E-05  9.084E-05  9.516E-05  9.250E-05  9.660E-05  9.616E-05  9.644E-05  9.453E-05
  9.420E-05  9.930E-05  9.574E-05  9.896E-05  9.122E-05  9.193E-05  9.116E-05  9.143E-05  8.756E-05  8.523E-05
  8.739E-05  8.123E-05  8.090E-05  7.864E-05  7.822E-05  7.203E-05  7.347E-05  7.083E-05  7.440E-05  6.981E-05
  6.302E-05  6.284E-05  6.073E-05  6.003E-05  5.518E-05  5.264E-05  5.318E-05  5.171E-05  5.089E-05  4.711E-05
  4.433E-05  4.386E-05  4.275E-05  4.242E-05  4.174E-05  3.828E-05  3.673E-05  3.590E-05  3.606E-05  3.432E-05
  3.244E-05  3.514E-05  3.806E-05  3.570E-05  3.741E-05  3.968E-05  3.956E-05  4.111E-05  4.451E-05  4.568E-05
  4.802E-05  4.859E-05  5.005E-05  5.447E-05  5.258E-05  5.550E-05  5.531E-05  5.976E-05  6.234E-05  6.438E-05
  6.363E-05  6.678E-05  6.950E-05  6.806E-05  7.550E-05  7.412E-05  7.304E-05  7.701E-05  8.182E-05  7.789E-05
  8.187E-05  8.000E-05  8.605E-05  8.433E-05  8.581E-05  8.700E-05  8.730E-05  8.921E-05  9.052E-05  8.789E-05
  9.024E-05  9.077E-05  9.231E-05  9.121E-05  8.769E-05  8.866E-05  8.256E-05  8.590E-05  8.600E-05  7.986E-05
  8.119E-05  7.974E-05  8.195E-05  7.401E-05  7.295E-05  7.028E-05  7.052E-05  6.810E-05  6.694E-05  6.843E-05
  6.362E-05  6.013E-05  5.475E-05  5.637E-05  5.432E-05  5.454E-05  5.157E-05  4.776E-05  5.122E-05  5.038E-05
  4.452E-05  4.278E-05  4.062E-05  3.738E-05  3.874E-05  3.781E-05  3.599E-05  3.511E-05  3.512E-05  3.257E-05
  3.176E-05  3.084E-05  3.518E-05  3.715E-05  3.798E-05  3.740E-05  3.978E-05  3.817E-05  4.102E-05  4.525E-05
  4.293E-05  4.622E-05  4.843E-05  4.866E-05  4.757E-05  5.330E-05  5.467E-05  5.816E-05  5.842E-05  5.841E-05
  6.136E-05  6.312E-05  6.843E-05  6.607E-05  6.911E-05  6.934E-05  7.414E-05  7.488E-05  7.374E-05  7.261E-05
  7.708E-05  8.105E-05  7.893E-05  8.329E-05  7.937E-05  8.387E-05  8.024E-05  8.156E-05  8.131E-05  8.335E-05
  8.329E-05  8.698E-05  8.595E-05  8.438E-05  8.395E-05  8.446E-05  8.319E-05  8.362E-05  8.173E-05  8.024E-05
  7.413E-05  7.288E-05  7.445E-05  7.164E-05  6.924E-05  6.877E-05  6.471E-05  6.273E-05  6.382E-05  6.213E-05
  5.828E-05  5.995E-05  5.426E-05  5.006E-05  5.109E-05  5.094E-05  5.006E-05  4.732E-05  4.299E-05  4.483E-05
  4.546E-05  4.042E-05  3.746E-05  3.693E-05  3.765E-05  3.476E-05  3.678E-05  3.533E-05  3.446E-05  3.366E-05
  3.096E-05  3.133E-05  3.128E-05  3.375E-05  3.434E-05  3.630E-05  3.654E-05  3.852E-05  3.921E-05  4.195E-05
  4.217E-05  4.574E-05  4.572E-05  4.641E-05  5.071E-05  5.078E-05  5.207E-05  5.266E-05  5.710E-05  5.992E-05
  5.752E-05  5.987E-05  6.314E-05  6.978E-05  6.743E-05  6.848E-05  6.892E-05  6.976E-05  6.983E-05  6.789E-05
  7.528E-05  7.471E-05  7.566E-05  7.954E-05  7.807E-05  7.719E-05  7.925E-05  7.722E-05  8.004E-05  8.096E-05
  7.907E-05  7.875E-05  7.882E-05  8.176E-05  7.807E-05  7.483E-05  7.936E-05  7.657E-05  7.509E-05  7.530E-05
  7.542E-05  7.483E-05  7.158E-05  6.486E-05  6.686E-05  6.625E-05  6.195E-05  6.482E-05  6.173E-05  6.047E-05
  5.813E-05  5.527E-05  5.481E-05  5.179E-05  4.953E-05  4.852E-05  5.011E-05  4.857E-05  4.477E-05  4.124E-05
  4.357E-05  4.326E-05  3.836E-05  3.982E-05  3.727E-05  3.408E-05  3.422E-05  3.253E-05  3.082E-05  3.320E-05
  3.049E-05  3.353E-05  3.004E-05  3.314E-05  3.336E-05  3.320E-05  3.645E-05  3.736E-05  4.066E-05  4.056E-05
  4.125E-05  4.146E-05  4.336E-05  4.785E-05  4.875E-05  4.711E-05  5.078E-05  5.456E-05  5.615E-05  5.634E-05
  5.598E-05  6.013E-05  5.739E-05  6.132E-05  6.166E-05  6.264E-05  6.749E-05  5.977E-05  6.647E-05  6.656E-05
  6.986E-05  6.906E-05  6.959E-05  7.178E-05  7.274E-05  7.119E-05  7.231E-05  7.598E-05  7.754E-05  7.656E-05
  7.567E-05  7.673E-05  7.483E-05  7.611E-05  7.373E-05  7.400E-05  7.398E-05  7.252E-05  7.149E-05  6.998E-05
  6.904E-05  7.122E-05  6.659E-05  6.381E-05  6.370E-05  6.164E-05  6.010E-05  5.931E-05  5.686E-05  5.938E-05
  5.429E-05  5.263E-05  5.237E-05  5.164E-05  4.851E-05  4.761E-05  4.581E-05  4.106E-05  4.248E-05  4.035E-05
  4.025E-05  4.155E-05  3.709E-05  3.586E-05  3.684E-05  3.502E-05  3.208E-05  3.087E-05  3.159E-05  3.014E-05
  3.154E-05  3.004E-05  3.254E-05  3.018E-05  3.205E-05  3.465E-05  3.520E-05  3.679E-05  3.649E-05  4.081E-05
  4.087E-05  4.174E-05  4.132E-05  4.449E-05  4.804E-05  4.879E-05  4.914E-05  5.156E-05  5.403E-05  5.402E-05
  5.433E-05  5.492E-05  5.887E-05  5.723E-05  5.911E-05  6.380E-05  6.437E-05  6.007E-05  6.268E-05  6.477E-05
  6.782E-05  6.925E-05  6.725E-05  6.898E-05  7.153E-05  6.933E-05  7.178E-05  7.363E-05  7.547E-05  7.038E-05
  6.935E-05  7.029E-05  6.807E-05  7.434E-05  7.129E-05  6.821E-05  6.876E-05  7.041E-05  6.734E-05  6.974E-05
  6.645E-05  6.541E-05  6.509E-05  6.006E-05  5.759E-05  5.918E-05  5.689E-05  5.642E-05  5.870E-05  5.616E-05
  5.699E-05  5.233E-05  4.966E-05  4.896E-05  4.659E-05  4.460E-05  4.606E-05  4.262E-05  4.135E-05  3.806E-05
  3.791E-05  3.752E-05  3.611E-05  3.539E-05  3.304E-05  3.439E-05  3.338E-05  3.203E-05  3.032E-05  2.979E-05
  2.776E-05  2.782E-05  2.870E-05  3.106E-05  3.344E-05  3.250E-05  3.560E-05  3.472E-05  3.860E-05  3.642E-05
  3.971E-05  4.006E-05  4.251E-05  4.213E-05  4.353E-05  4.625E-05  4.730E-05  4.869E-05  4.827E-05  5.162E-05
  5.050E-05  5.373E-05  5.348E-05  5.462E-05  5.763E-05  5.955E-05  5.871E-05  6.048E-05  5.960E-05  6.400E-05
  6.573E-05  6.325E-05  6.327E-05  6.601E-05  6.495E-05  6.848E-05  7.151E-05  6.617E-05  6.754E-05  7.153E-05
  6.310E-05  6.600E-05  6.711E-05  6.922E-05  6.877E-05  6.497E-05  6.366E-05  6.827E-05  6.132E-05  6.122E-05
  6.373E-05  6.280E-05  6.174E-05  6.077E-05  5.950E-05  5.773E-05  5.525E-05  5.462E-05  5.402E-05  5.515E-05
  5.008E-05  5.078E-05  4.549E-05  4.628E-05  4.628E-05  4.588E-05  4.549E-05  4.081E-05  4.021E-05  3.859E-05
  3.805E-05  3.619E-05  3.447E-05  3.391E-05  3.305E-05  3.106E-05  3.228E-05  2.815E-05  2.985E-05  3.039E-05
  2.866E-05  2.856E-05  3.164E-05  3.075E-05  3.190E-05  3.289E-05  3.410E-05  3.898E-05  3.429E-05  3.664E-05
  3.612E-05  3.997E-05  3.772E-05  4.033E-05  4.240E-05  4.441E-05  4.637E-05  4.629E-05  4.821E-05  4.645E-05
  5.137E-05  5.332E-05  5.278E-05  5.139E-05  5.728E-05  5.544E-05  5.714E-05  5.678E-05  5.740E-05  6.087E-05
  5.854E-05  5.735E-05  6.137E-05  6.226E-05  6.421E-05  6.150E-05  6.708E-05  6.699E-05  6.760E-05  6.697E-05
  6.586E-05  6.156E-05  6.523E-05  6.246E-05  6.543E-05  6.006E-05  6.094E-05  6.124E-05  6.287E-05  6.198E-05
  5.803E-05  5.801E-05  5.891E-05  5.856E-05  5.653E-05  5.178E-05  5.406E-05  4.853E-05  5.079E-05  5.366E-05
  4.844E-05  4.856E-05  4.652E-05  4.280E-05  4.419E-05  4.171E-05  4.034E-05  3.888E-05  3.766E-05  3.649E-05
  3.570E-05  3.376E-05  3.330E-05  3.250E-05  3.057E-05  3.041E-05  2.928E-05  2.876E-05  2.636E-05  2.761E-05
  2.750E-05  2.795E-05  2.997E-05  3.044E-05  3.035E-05  3.276E-05  3.447E-05  3.467E-05  3.538E-05  3.648E-05
  3.904E-05  3.795E-05  3.828E-05  3.852E-05  4.290E-05  4.309E-05  4.245E-05  4.772E-05  4.402E-05  4.831E-05
  5.038E-05  4.879E-05  5.030E-05  5.315E-05  5.194E-05  5.473E-05  5.552E-05  5.611E-05  5.472E-05  5.702E-05
  5.719E-05  5.629E-05  6.069E-05  6.182E-05  6.114E-05  5.918E-05  6.312E-05  6.188E-05  6.104E-05  6.631E-05
  6.357E-05  6.235E-05  5.936E-05  6.380E-05  5.795E-05  5.862E-05  5.662E-05  5.929E-05  6.161E-05  5.794E-05
  5.489E-05  5.671E-05  5.635E-05  5.553E-05  5.520E-05  5.183E-05  5.120E-05  5.044E-05  4.894E-05  5.127E-05
  4.776E-05  4.606E-05  4.736E-05  4.389E-05  4.187E-05  3.974E-05  4.135E-05  3.746E-05  3.637E-05  3.741E-05
  3.669E-05  3.432E-05  3.469E-05  3.417E-05  3.112E-05  3.083E-05  2.873E-05  2.715E-05  2.660E-05  2.715E-05
  2.545E-05  2.777E-05  2.905E-05  2.914E-05  2.920E-05  3.073E-05  3.194E-05  3.548E-05  3.457E-05  3.376E-05
  3.510E-05  3.567E-05  3.634E-05  3.771E-05  3.825E-05  4.228E-05  4.339E-05  3.978E-05  4.093E-05  4.399E-05
  4.691E-05  4.551E-05  4.773E-05  4.922E-05  5.189E-05  5.053E-05  4.992E-05  5.160E-05  5.259E-05  5.461E-05
  5.456E-05  5.348E-05  5.606E-05  5.370E-05  5.551E-05  5.599E-05  5.881E-05  5.630E-05  5.890E-05  6.030E-05
  5.958E-05  5.700E-05  5.854E-05  5.964E-05  5.777E-05  5.580E-05  5.841E-05  5.527E-05  5.564E-05  5.681E-05
  5.663E-05  5.332E-05  5.338E-05  5.304E-05  5.273E-05  4.959E-05  4.914E-05  4.801E-05  4.862E-05  4.832E-05
  4.435E-05  4.272E-05  4.700E-05  4.219E-05  4.074E-05  4.006E-05  3.816E-05  3.754E-05  3.474E-05  3.623E-05
  3.698E-05  3.455E-05  3.289E-05  2.944E-05  3.048E-05  3.071E-05  2.696E-05  2.709E-05  2.662E-05  2.529E-05
  2.515E-05  2.438E-05  2.751E-05  2.718E-05  3.005E-05  2.878E-05  3.213E-05  2.975E-05  3.111E-05  3.213E-05
  3.412E-05  3.635E-05  3.483E-05  3.583E-05  3.800E-05  4.057E-05  4.385E-05  4.035E-05  4.330E-05  4.374E-05
  4.345E-05  4.335E-05  4.650E-05  4.604E-05  4.789E-05  4.729E-05  4.858E-05  4.901E-05  5.205E-05  5.320E-05
  5.114E-05  5.145E-05  5.413E-05  5.317E-05  5.634E-05  5.373E-05  5.686E-05  5.515E-05  5.531E-05  5.619E-05
  5.661E-05  5.517E-05  5.686E-05  5.670E-05  5.540E-05  5.490E-05  5.733E-05  5.414E-05  5.362E-05  5.378E-05
  5.292E-05  4.993E-05  4.884E-05  5.179E-05  5.094E-05  5.040E-05  4.751E-05  4.782E-05  4.767E-05  4.517E-05
  4.426E-05  4.269E-05  4.120E-05  3.849E-05  3.914E-05  3.819E-05  3.440E-05  3.655E-05  3.509E-05  3.413E-05
  3.541E-05  3.358E-05  3.187E-05  3.069E-05  2.805E-05  2.945E-05  2.693E-05  2.663E-05  2.882E-05  2.459E-05
  2.448E-05  2.451E-05  2.921E-05  2.719E-05  2.737E-05  2.949E-05  2.997E-05  3.035E-05  3.144E-05  3.387E-05
  3.351E-05  3.570E-05  3.331E-05  3.440E-05  3.679E-05  3.805E-05  3.839E-05  3.874E-05  4.095E-05  4.489E-05
  4.360E-05  4.576E-05  4.274E-05  4.395E-05  4.921E-05  4.673E-05  4.859E-05  4.692E-05  4.741E-05  4.910E-05
  4.771E-05  4.834E-05  5.151E-05  5.009E-05  5.283E-05  5.354E-05  5.522E-05  5.205E-05  5.186E-05  5.316E-05
  5.257E-05  5.294E-05  5.185E-05  5.276E-05  5.313E-05  5.341E-05  4.958E-05  5.161E-05  5.020E-05  5.041E-05
  4.984E-05  4.958E-05  4.971E-05  4.707E-05  4.700E-05  4.956E-05  4.462E-05  4.472E-05  4.517E-05  4.097E-05
  4.149E-05  3.950E-05  3.993E-05  3.737E-05  3.739E-05  3.772E-05  3.440E-05  3.424E-05  3.702E-05  3.076E-05
  3.186E-05  3.279E-05  3.174E-05  2.912E-05  2.800E-05  2.812E-05  2.821E-05  2.663E-05  2.440E-05  2.400E-05
  2.266E-05  2.466E-05  2.641E-05  2.575E-05  2.633E-05  2.937E-05  2.885E-05  2.898E-05  3.021E-05  3.060E-05
  3.207E-05  3.275E-05  3.455E-05  3.513E-05  3.496E-05  3.425E-05  3.585E-05  3.701E-05  3.944E-05  4.377E-05
  4.170E-05  4.231E-05  4.005E-05  4.404E-05  4.304E-05  4.250E-05  4.561E-05  4.482E-05  4.699E-05  4.684E-05
  4.807E-05  4.899E-05  4.812E-05  4.964E-05  5.050E-05  4.972E-05  5.248E-05  5.203E-05  5.064E-05  5.006E-05
  5.198E-05  4.983E-05  5.024E-05  4.942E-05  5.106E-05  4.882E-05  4.698E-05  4.753E-05  4.833E-05  4.832E-05
  4.847E-05  4.690E-05  4.603E-05  4.383E-05  4.348E-05  4.401E-05  4.173E-05  4.069E-05  4.361E-05  3.969E-05
  4.133E-05  3.754E-05  3.887E-05  3.894E-05  3.727E-05  3.607E-05  3.498E-05  3.354E-05  3.476E-05  3.234E-05
  3.124E-05  3.095E-05  3.113E-05  3.003E-05  2.599E-05  2.556E-05  2.619E-05  2.558E-05  2.333E-05  2.311E-05
  2.227E-05  2.300E-05  2.656E-05  2.546E-05  2.566E-05  2.644E-05  3.015E-05  2.763E-05  2.917E-05  3.145E-05
  3.303E-05  3.077E-05  3.182E-05  3.502E-05  3.246E-05  3.448E-05  3.657E-05  3.725E-05  3.920E-05  3.919E-05
  3.875E-05  3.826E-05  4.145E-05  3.838E-05  4.013E-05  4.234E-05  4.192E-05  4.429E-05  4.334E-05  4.758E-05
  4.777E-05  4.806E-05  4.559E-05  4.637E-05  4.598E-05  4.671E-05  4.886E-05  4.859E-05  4.726E-05  4.775E-05
  4.906E-05  4.923E-05  4.923E-05  5.156E-05  4.733E-05  4.685E-05  4.695E-05  4.624E-05  4.347E-05  4.554E-05
  4.608E-05  4.336E-05  4.387E-05  4.502E-05  4.351E-05  4.421E-05  4.119E-05  3.929E-05  3.954E-05  4.092E-05
  4.127E-05  3.490E-05  3.617E-05  3.547E-05  3.654E-05  3.571E-05  3.421E-05  3.341E-05  3.372E-05  3.416E-05
  3.084E-05  2.906E-05  2.868E-05  2.992E-05  2.881E-05  2.636E-05  2.552E-05  2.447E-05  2.395E-05  2.185E-05
  2.281E-05  2.342E-05  2.464E-05  2.652E-05  2.462E-05  2.421E-05  2.855E-05  2.824E-05  2.976E-05  2.900E-05
  2.992E-05  2.947E-05  3.386E-05  3.185E-05  3.152E-05  3.120E-05  3.568E-05  3.657E-05  3.458E-05  3.648E-05
  3.805E-05  3.838E-05  3.951E-05  3.987E-05  4.161E-05  4.286E-05  4.119E-05  4.218E-05  4.450E-05  4.434E-05
  4.422E-05  4.348E-05  4.391E-05  4.696E-05  4.546E-05  4.473E-05  4.620E-05  4.708E-05  4.458E-05  4.417E-05
  4.461E-05  4.566E-05  4.727E-05  4.740E-05  4.596E-05  4.543E-05  4.492E-05  4.329E-05  4.545E-05  4.355E-05
  4.274E-05  4.085E-05  4.032E-05  4.158E-05  3.881E-05  3.802E-05  4.154E-05  3.735E-05  3.780E-05  3.920E-05
  3.570E-05  3.670E-05  3.599E-05  3.283E-05  3.483E-05  3.284E-05  3.532E-05  3.224E-05  3.161E-05  2.976E-05
  2.975E-05  2.785E-05  2.848E-05  2.983E-05  2.596E-05  2.732E-05  2.452E-05  2.455E-05  2.345E-05  2.322E-05

#------------------------------------------------------------------------------
z: xorg(1.03)
p: xfac[c2*0.05] form[c1/0.05] notc noxt noyt dmin(1)
p: ymin(0) ymax(1) xmin(0) xmax(1) cmin(1) cmax(100) nosp
hc: y= 0.005 to 0.995 by 0.01 ; x= 0.5 to 0.5 by 1 ;
 1  2  3  4  5  6  7  8  9 10 11 12 13 14 15 16 17 18 19 20
21 22 23 24 25 26 27 28 29 30 31 32 33 34 35 36 37 38 39 40
41 42 43 44 45 46 47 48 49 50 51 52 53 54 55 56 57 58 59 60
61 62 63 64 65 66 67 68 69 70 71 72 73 74 75 76 77 78 79 80
81 82 83 84 85 86 87 88 89 90 91 92 93 94 95 96 97 98 99 100
z: xorg(0.0)
p: xfac[c2*0.05] form[c1/0.05] nosp afac[c5*0.625] ymin[c3] ymax[c4]
p: noxt noxn ytxt(-1) ynum(-1) xltd(-1) xstd(-1) itic(1) ylog
y: Flux [1/cm^2/source]              
#------------------------------------------------------------------------------

wt: s[c5]
\vspace{-3}
  emin  &=&   0.0000E+00 [MeV]
  emax  &=&   1.0000E+03 [MeV]
  ymin  &=&  -1.0000E-01 [cm]
  ymax  &=&   1.0000E-01 [cm]
  part. &=& all     
e:

#------------------------------------------------------------------------------
z: xorg[-1.03/0.05]
p: form[c1] xfac[c2] afac[c5] nosp notf
p: xmin( -10.00000    ) xmax(  10.00000    )
p: ymin( -10.00000    ) ymax(  10.00000    )
 
# Information for Restart Calculation
# This calculation was newly started
# istdev =  1 # 1:Batch variance, 2:History variance
# resc2  = 6.61396069836233664E+01 # Total source weight or Total source weight / maxcas
# resc3  = 9.00000000000000000E+00 # Total history number or Total batch number
# maxcas =     5000000 # History / Batch, only used for istdev=1
# rijklst= 180793790403481.0 # Next initial random number
