[ T - T r a c k ]
    title = [t-track: icntl=0]
     mesh =  xyz            # mesh type is xyz scoring mesh
   x-type =    2            # x-mesh is linear given by xmin, xmax and nx
     xmin =  -20.00000      # minimum value of x-mesh points
     xmax =   20.00000      # maximum value of x-mesh points
#    xdel =   40.00000      # mesh width of x-mesh points
       nx =    1            # number of x-mesh points
#    data = ( x(i), i = 1, nx + 1 )
#          -2.00000E+01  2.00000E+01
   y-type =    2            # y-mesh is linear given by ymin, ymax and ny
     ymin =  -110.0000      # minimum value of y-mesh points
     ymax =   10.00000      # maximum value of y-mesh points
#    ydel =   1.200000      # mesh width of y-mesh points
       ny =  100            # number of y-mesh points
#    data = ( y(i), i = 1, ny + 1 )
#          -1.10000E+02 -1.08800E+02 -1.07600E+02 -1.06400E+02 -1.05200E+02
#          -1.04000E+02 -1.02800E+02 -1.01600E+02 -1.00400E+02 -9.92000E+01
#          -9.80000E+01 -9.68000E+01 -9.56000E+01 -9.44000E+01 -9.32000E+01
#          -9.20000E+01 -9.08000E+01 -8.96000E+01 -8.84000E+01 -8.72000E+01
#          -8.60000E+01 -8.48000E+01 -8.36000E+01 -8.24000E+01 -8.12000E+01
#          -8.00000E+01 -7.88000E+01 -7.76000E+01 -7.64000E+01 -7.52000E+01
#          -7.40000E+01 -7.28000E+01 -7.16000E+01 -7.04000E+01 -6.92000E+01
#          -6.80000E+01 -6.68000E+01 -6.56000E+01 -6.44000E+01 -6.32000E+01
#          -6.20000E+01 -6.08000E+01 -5.96000E+01 -5.84000E+01 -5.72000E+01
#          -5.60000E+01 -5.48000E+01 -5.36000E+01 -5.24000E+01 -5.12000E+01
#          -5.00000E+01 -4.88000E+01 -4.76000E+01 -4.64000E+01 -4.52000E+01
#          -4.40000E+01 -4.28000E+01 -4.16000E+01 -4.04000E+01 -3.92000E+01
#          -3.80000E+01 -3.68000E+01 -3.56000E+01 -3.44000E+01 -3.32000E+01
#          -3.20000E+01 -3.08000E+01 -2.96000E+01 -2.84000E+01 -2.72000E+01
#          -2.60000E+01 -2.48000E+01 -2.36000E+01 -2.24000E+01 -2.12000E+01
#          -2.00000E+01 -1.88000E+01 -1.76000E+01 -1.64000E+01 -1.52000E+01
#          -1.40000E+01 -1.28000E+01 -1.16000E+01 -1.04000E+01 -9.20000E+00
#          -8.00000E+00 -6.80000E+00 -5.60000E+00 -4.40000E+00 -3.20000E+00
#          -2.00000E+00 -8.00000E-01  4.00000E-01  1.60000E+00  2.80000E+00
#           4.00000E+00  5.20000E+00  6.40000E+00  7.60000E+00  8.80000E+00
#           1.00000E+01
   z-type =    2            # z-mesh is linear given by zmin, zmax and nz
     zmin =  -20.00000      # minimum value of z-mesh points
     zmax =   20.00000      # maximum value of z-mesh points
#    zdel =   1.000000      # mesh width of z-mesh points
       nz =   40            # number of z-mesh points
#    data = ( z(i), i = 1, nz + 1 )
#          -2.00000E+01 -1.90000E+01 -1.80000E+01 -1.70000E+01 -1.60000E+01
#          -1.50000E+01 -1.40000E+01 -1.30000E+01 -1.20000E+01 -1.10000E+01
#          -1.00000E+01 -9.00000E+00 -8.00000E+00 -7.00000E+00 -6.00000E+00
#          -5.00000E+00 -4.00000E+00 -3.00000E+00 -2.00000E+00 -1.00000E+00
#           0.00000E+00  1.00000E+00  2.00000E+00  3.00000E+00  4.00000E+00
#           5.00000E+00  6.00000E+00  7.00000E+00  8.00000E+00  9.00000E+00
#           1.00000E+01  1.10000E+01  1.20000E+01  1.30000E+01  1.40000E+01
#           1.50000E+01  1.60000E+01  1.70000E+01  1.80000E+01  1.90000E+01
#           2.00000E+01
   e-type =    2            # e-mesh is linear given by emin, emax and ne
     emin =   0.000000      # minimum value of e-mesh points
     emax =   1000.000      # maximum value of e-mesh points
#    edel =   1000.000      # mesh width of e-mesh points
       ne =    1            # number of e-mesh points
#    data = ( e(i), i = 1, ne + 1 )
#           0.00000E+00  1.00000E+03
     unit =    1            # unit is [1/cm^2/source]
 material =  all            # (D=all) number of specific material
  2D-type =    3            # 1:Cont, 2:Clust, 3:Color, 4:xyz, 5:mat, 6:Clust+Cont, 7:Col+Cont
     axis =   yz            # axis of output
     file = track-yz-water.out  # file name of output for the above axis
     part =  all      
# kf/name :  0        
    gshow =    1            # 0: no 1:bnd, 2:bnd+mat, 3:bnd+reg 4:bnd+lat
    resol =    1            # (D=1) resolution of gshow or rshow
    width = 0.5000000       # (D=0.5) width of lines for gshow or rshow
   epsout =    1            # (D=0) generate eps file by ANGEL
#    used :        main (  %)        temp (  %)       total (  %)
#  memory :         150 (  0)           0 (  0)         150 (  0)

#------------------------------------------------------------------------------
#newpage:
#   no. =  1   ie  =  1   ix  =  1   part. = all     
#   e = (   0.0000E+00  -   1.0000E+03  )
#   x = (  -2.0000E+01  -   2.0000E+01  )

'no. =  1,  ie =  1,  ix =  1'
msuc: {\huge [t-track: icntl=0]}
msdr: {\it plotted by \ANGEL \version}
msdl: {\it calculated by \PHITS  3.02}

x: z [cm]
y: y [cm]
set: c1[ 3.000] c2[ 0.520] c5[ 0.800] c6[ 0.637] c7[ 1.333] c8[ 0.000]
p: h2fs form[c1] xfac[c2] afac[c5] scal[c6] xorg[c7] yorg[c8] nosp
set: c3[1.0e-4] c4[1.0]
p: cmin[c3] cmax[c4]
p: dmin(1e-31)
p: zlog
p: xmin( -20.00000    ) xmax(  20.00000    )
p: ymin( -110.0000    ) ymax(  10.00000    )

#   no. =  1   ie  =  1   ix  =  1
#   e = (   0.0000E+00  -   1.0000E+03  )
#   x = (  -2.0000E+01  -   2.0000E+01  )

hc:  y =   9.400000     to  -109.4000     by   1.200000     ; x =  -19.50000     to   19.50000     by   1.000000     ;
  1.698E-03  1.326E-03  2.242E-03  3.066E-03  2.591E-03  2.246E-03  2.187E-03  8.348E-04  7.801E-04  1.397E-03
  1.218E-03  1.156E-03  3.846E-04  9.294E-04  7.627E-04  5.241E-04  5.127E-04  4.575E-04  4.566E-04  3.939E-04
  3.288E-04  4.222E-04  3.380E-04  9.026E-04  7.523E-04  9.814E-04  1.218E-03  6.672E-04  1.469E-03  9.986E-04
  1.347E-03  1.349E-03  9.204E-04  1.697E-03  1.538E-03  1.343E-03  2.142E-03  1.961E-03  2.576E-03  3.204E-03
  2.001E-03  2.308E-03  1.855E-03  1.224E-03  1.694E-03  1.932E-03  1.511E-03  1.753E-03  1.120E-03  1.254E-03
  8.891E-04  1.119E-03  3.649E-04  8.642E-04  8.521E-04  6.970E-04  4.682E-04  3.899E-04  4.562E-04  3.379E-04
  2.890E-04  4.454E-04  4.220E-04  6.223E-04  1.191E-03  1.371E-03  1.413E-03  1.222E-03  1.054E-03  1.163E-03
  1.180E-03  1.161E-03  1.831E-03  2.367E-03  2.384E-03  2.098E-03  2.849E-03  2.475E-03  2.756E-03  3.643E-03
  2.657E-03  2.304E-03  1.627E-03  2.806E-03  2.350E-03  2.193E-03  1.329E-03  1.303E-03  1.195E-03  8.844E-04
  1.382E-03  1.493E-03  9.800E-04  5.112E-04  6.395E-04  6.291E-04  2.711E-04  4.244E-04  4.601E-04  3.793E-04
  1.667E-04  4.151E-04  3.276E-04  9.147E-04  5.812E-04  1.531E-03  7.734E-04  1.482E-03  1.295E-03  1.007E-03
  1.405E-03  1.549E-03  1.452E-03  2.476E-03  1.842E-03  2.139E-03  2.957E-03  2.733E-03  2.666E-03  3.131E-03
  2.040E-03  1.195E-03  1.831E-03  1.825E-03  1.610E-03  1.338E-03  1.644E-03  1.311E-03  1.667E-03  1.477E-03
  2.019E-03  1.647E-03  8.539E-04  8.592E-04  9.441E-04  6.794E-04  3.178E-04  5.128E-04  3.064E-04  2.786E-04
  2.991E-04  3.827E-04  5.891E-04  5.198E-04  6.725E-04  1.118E-03  8.541E-04  4.707E-04  9.899E-04  1.412E-03
  1.043E-03  1.471E-03  2.238E-03  1.789E-03  1.516E-03  1.687E-03  1.259E-03  1.506E-03  2.193E-03  2.072E-03
  1.983E-03  1.960E-03  1.890E-03  2.314E-03  2.045E-03  2.735E-03  1.130E-03  1.963E-03  1.091E-03  1.971E-03
  1.019E-03  9.807E-04  9.226E-04  1.288E-03  9.417E-04  6.805E-04  2.625E-04  4.140E-04  3.371E-04  1.949E-04
  2.775E-04  3.695E-04  5.288E-04  5.650E-04  6.792E-04  9.896E-04  1.182E-03  1.220E-03  1.114E-03  1.594E-03
  1.190E-03  1.020E-03  1.673E-03  2.580E-03  3.058E-03  1.645E-03  1.150E-03  1.921E-03  2.101E-03  2.362E-03
  2.322E-03  1.608E-03  2.653E-03  2.582E-03  2.204E-03  1.936E-03  1.500E-03  1.637E-03  1.888E-03  1.796E-03
  1.110E-03  1.606E-03  1.404E-03  9.467E-04  8.379E-04  8.260E-04  4.553E-04  4.919E-04  2.930E-04  3.171E-04
  2.737E-04  2.920E-04  5.913E-04  5.469E-04  4.555E-04  1.273E-03  1.009E-03  9.133E-04  1.522E-03  1.917E-03
  2.097E-03  2.004E-03  1.176E-03  2.145E-03  2.565E-03  2.528E-03  1.787E-03  2.505E-03  2.845E-03  2.985E-03
  3.811E-03  3.353E-03  3.400E-03  3.266E-03  3.062E-03  2.457E-03  2.263E-03  1.747E-03  2.263E-03  2.190E-03
  1.603E-03  1.320E-03  1.323E-03  9.046E-04  5.295E-04  7.696E-04  4.611E-04  5.354E-04  2.956E-04  2.897E-04
  3.114E-04  2.482E-04  5.217E-04  2.425E-04  8.762E-04  6.562E-04  1.276E-03  1.457E-03  1.583E-03  1.782E-03
  1.718E-03  2.704E-03  1.930E-03  1.466E-03  2.782E-03  2.194E-03  2.800E-03  2.803E-03  2.532E-03  1.951E-03
  2.036E-03  2.250E-03  2.110E-03  2.407E-03  2.778E-03  2.738E-03  2.463E-03  2.800E-03  1.889E-03  1.909E-03
  2.505E-03  1.454E-03  1.484E-03  1.337E-03  1.154E-03  6.559E-04  4.386E-04  4.506E-04  1.467E-04  1.976E-04
  2.025E-04  3.145E-04  5.138E-04  5.207E-04  1.080E-03  1.573E-03  9.062E-04  1.425E-03  7.997E-04  2.072E-03
  1.579E-03  2.035E-03  9.553E-04  2.524E-03  2.909E-03  2.604E-03  2.540E-03  2.129E-03  2.398E-03  2.747E-03
  2.038E-03  2.708E-03  3.194E-03  2.854E-03  2.976E-03  2.710E-03  2.173E-03  2.206E-03  1.945E-03  2.429E-03
  1.304E-03  9.553E-04  8.073E-04  1.247E-03  2.120E-03  9.724E-04  1.749E-04  5.269E-04  2.666E-04  2.199E-04
  2.768E-04  4.005E-04  4.165E-04  5.513E-04  8.305E-04  1.543E-03  1.090E-03  1.584E-03  1.875E-03  2.279E-03
  1.005E-03  8.588E-04  2.376E-03  3.047E-03  1.997E-03  3.497E-03  2.362E-03  1.487E-03  3.187E-03  2.115E-03
  3.864E-03  3.141E-03  1.900E-03  2.147E-03  3.568E-03  2.934E-03  2.191E-03  1.422E-03  1.636E-03  2.013E-03
  1.542E-03  1.672E-03  1.393E-03  1.700E-03  1.764E-03  9.736E-04  3.704E-04  4.888E-04  1.869E-04  2.339E-04
  3.137E-04  3.758E-04  5.418E-04  3.771E-04  9.120E-04  1.203E-03  9.838E-04  1.125E-03  1.300E-03  2.572E-03
  1.814E-03  5.380E-04  1.316E-03  2.275E-03  3.747E-03  2.964E-03  3.239E-03  2.588E-03  3.177E-03  3.277E-03
  2.086E-03  1.535E-03  1.931E-03  3.568E-03  1.950E-03  1.589E-03  1.928E-03  2.099E-03  1.610E-03  9.794E-04
  1.745E-03  7.362E-04  1.476E-03  1.428E-03  1.378E-03  5.424E-04  3.925E-04  3.774E-04  2.091E-04  2.286E-04
  2.697E-04  3.058E-04  4.133E-04  3.027E-04  8.984E-04  1.069E-03  1.026E-03  1.217E-03  1.613E-03  1.617E-03
  2.664E-03  1.588E-03  1.722E-03  2.408E-03  1.929E-03  3.466E-03  2.786E-03  3.571E-03  3.313E-03  2.051E-03
  2.040E-03  4.016E-03  5.072E-03  3.179E-03  2.091E-03  1.848E-03  1.919E-03  1.969E-03  1.589E-03  1.509E-03
  1.368E-03  8.806E-04  2.008E-03  1.069E-03  6.949E-04  1.115E-03  5.085E-04  4.794E-04  2.457E-04  2.478E-04
  2.908E-04  3.640E-04  5.098E-04  3.895E-04  1.015E-03  1.447E-03  1.327E-03  1.591E-03  1.390E-03  1.728E-03
  1.163E-03  1.968E-03  2.110E-03  2.909E-03  2.597E-03  2.287E-03  2.853E-03  3.165E-03  2.949E-03  2.531E-03
  4.738E-03  2.986E-03  3.444E-03  2.821E-03  2.102E-03  1.382E-03  1.563E-03  1.844E-03  1.777E-03  9.452E-04
  1.609E-03  1.445E-03  1.255E-03  1.404E-03  1.205E-03  1.122E-03  4.934E-04  4.856E-04  2.401E-04  2.467E-04
  3.210E-04  4.064E-04  4.731E-04  4.064E-04  9.181E-04  1.489E-03  1.343E-03  1.374E-03  1.740E-03  2.010E-03
  1.920E-03  1.907E-03  1.070E-03  2.983E-03  2.133E-03  2.582E-03  2.349E-03  2.509E-03  3.169E-03  3.192E-03
  3.008E-03  3.462E-03  1.913E-03  2.225E-03  1.997E-03  1.436E-03  3.340E-03  1.889E-03  1.369E-03  1.366E-03
  2.369E-03  1.796E-03  1.379E-03  1.589E-03  2.300E-03  1.379E-03  6.923E-04  4.146E-04  2.254E-04  2.435E-04
  3.458E-04  4.495E-04  4.987E-04  4.145E-04  1.562E-03  1.546E-03  2.034E-03  1.572E-03  1.145E-03  1.619E-03
  1.156E-03  2.104E-03  1.775E-03  2.187E-03  2.237E-03  2.093E-03  2.472E-03  2.445E-03  2.376E-03  2.718E-03
  1.579E-03  1.295E-03  1.936E-03  1.961E-03  2.082E-03  2.446E-03  2.068E-03  1.437E-03  1.861E-03  1.856E-03
  3.364E-03  1.580E-03  1.548E-03  1.589E-03  2.130E-03  1.939E-03  6.583E-04  4.006E-04  2.524E-04  2.353E-04
  3.370E-04  4.306E-04  4.841E-04  4.648E-04  1.607E-03  1.461E-03  1.649E-03  1.726E-03  2.118E-03  1.370E-03
  1.936E-03  2.232E-03  1.743E-03  1.934E-03  2.231E-03  1.415E-03  2.310E-03  2.457E-03  2.453E-03  3.617E-03
  2.812E-03  2.140E-03  2.307E-03  3.043E-03  2.319E-03  2.544E-03  1.250E-03  1.174E-03  2.194E-03  2.864E-03
  1.840E-03  1.525E-03  1.165E-03  1.682E-03  1.835E-03  1.528E-03  6.995E-04  4.616E-04  2.525E-04  2.148E-04
  3.020E-04  4.238E-04  5.156E-04  3.678E-04  1.396E-03  2.469E-03  1.203E-03  1.761E-03  1.828E-03  1.520E-03
  1.380E-03  1.673E-03  2.145E-03  1.477E-03  1.701E-03  1.415E-03  2.566E-03  3.080E-03  1.902E-03  1.651E-03
  2.433E-03  2.520E-03  3.689E-03  3.085E-03  1.876E-03  1.449E-03  1.930E-03  2.213E-03  3.297E-03  2.818E-03
  1.150E-03  1.994E-03  1.329E-03  1.500E-03  1.548E-03  1.504E-03  6.670E-04  5.025E-04  2.595E-04  1.916E-04
  3.097E-04  4.438E-04  5.455E-04  3.533E-04  1.440E-03  2.554E-03  1.053E-03  2.352E-03  1.337E-03  1.397E-03
  2.004E-03  1.763E-03  1.221E-03  2.504E-03  1.830E-03  2.682E-03  1.450E-03  2.590E-03  2.147E-03  2.466E-03
  3.567E-03  3.049E-03  3.104E-03  2.294E-03  1.897E-03  2.196E-03  2.122E-03  3.529E-03  3.083E-03  1.352E-03
  2.190E-03  1.393E-03  1.684E-03  2.138E-03  1.474E-03  1.935E-03  4.988E-04  5.692E-04  3.040E-04  1.998E-04
  2.919E-04  4.687E-04  5.533E-04  2.430E-04  1.653E-03  2.093E-03  1.714E-03  2.027E-03  2.156E-03  1.720E-03
  2.317E-03  2.458E-03  1.945E-03  2.590E-03  2.696E-03  2.181E-03  2.957E-03  2.032E-03  2.362E-03  2.570E-03
  3.238E-03  2.858E-03  2.934E-03  1.796E-03  2.380E-03  3.128E-03  3.117E-03  3.700E-03  1.390E-03  2.084E-03
  1.543E-03  1.976E-03  2.344E-03  2.066E-03  1.971E-03  2.477E-03  5.497E-04  5.354E-04  3.293E-04  2.126E-04
  3.326E-04  4.971E-04  5.288E-04  3.672E-04  1.961E-03  2.030E-03  2.288E-03  2.248E-03  1.982E-03  1.820E-03
  2.255E-03  2.002E-03  3.101E-03  2.155E-03  3.021E-03  2.010E-03  2.922E-03  2.447E-03  3.291E-03  2.919E-03
  3.391E-03  3.157E-03  2.813E-03  2.818E-03  2.782E-03  3.216E-03  3.416E-03  2.174E-03  2.112E-03  1.871E-03
  1.582E-03  2.783E-03  1.420E-03  2.205E-03  2.055E-03  1.892E-03  5.356E-04  5.213E-04  3.644E-04  1.987E-04
  2.982E-04  5.326E-04  5.378E-04  3.909E-04  1.935E-03  2.798E-03  1.655E-03  2.317E-03  2.579E-03  1.411E-03
  1.840E-03  1.565E-03  2.225E-03  3.083E-03  2.281E-03  2.834E-03  1.974E-03  3.115E-03  2.688E-03  2.772E-03
  1.976E-03  2.822E-03  3.816E-03  2.384E-03  2.968E-03  2.735E-03  2.798E-03  2.561E-03  1.507E-03  1.807E-03
  2.488E-03  2.231E-03  2.152E-03  2.810E-03  2.826E-03  2.457E-03  6.030E-04  4.620E-04  3.537E-04  1.923E-04
  2.443E-04  5.043E-04  4.687E-04  4.252E-04  1.793E-03  2.378E-03  1.347E-03  2.752E-03  2.041E-03  2.235E-03
  2.047E-03  2.413E-03  1.930E-03  2.217E-03  3.571E-03  2.015E-03  3.510E-03  1.943E-03  2.541E-03  2.689E-03
  2.588E-03  3.060E-03  2.212E-03  2.872E-03  1.999E-03  3.305E-03  3.143E-03  1.581E-03  1.766E-03  1.531E-03
  3.169E-03  2.838E-03  2.183E-03  2.327E-03  2.955E-03  2.383E-03  6.503E-04  4.639E-04  3.264E-04  1.641E-04
  2.332E-04  5.151E-04  4.885E-04  4.597E-04  2.350E-03  2.718E-03  2.677E-03  2.734E-03  2.038E-03  3.282E-03
  2.656E-03  2.085E-03  2.624E-03  1.742E-03  3.098E-03  3.067E-03  2.479E-03  2.657E-03  3.311E-03  3.653E-03
  3.126E-03  2.399E-03  1.960E-03  3.584E-03  2.796E-03  3.752E-03  2.502E-03  2.584E-03  1.991E-03  3.119E-03
  2.850E-03  2.351E-03  2.197E-03  2.274E-03  2.250E-03  2.095E-03  6.876E-04  4.634E-04  3.223E-04  2.031E-04
  2.497E-04  5.235E-04  5.698E-04  4.850E-04  2.304E-03  2.009E-03  3.317E-03  2.610E-03  2.220E-03  3.239E-03
  1.640E-03  3.043E-03  2.265E-03  3.096E-03  2.428E-03  3.081E-03  3.842E-03  2.596E-03  3.055E-03  3.698E-03
  1.464E-03  2.311E-03  3.270E-03  2.250E-03  3.604E-03  2.605E-03  1.952E-03  2.197E-03  3.450E-03  3.361E-03
  2.538E-03  2.714E-03  2.394E-03  2.825E-03  2.005E-03  1.722E-03  8.571E-04  5.485E-04  2.940E-04  1.823E-04
  2.681E-04  5.556E-04  6.057E-04  4.086E-04  1.891E-03  2.547E-03  3.876E-03  2.144E-03  2.163E-03  3.720E-03
  2.933E-03  2.564E-03  2.515E-03  2.449E-03  3.684E-03  1.953E-03  4.206E-03  4.022E-03  3.031E-03  3.748E-03
  2.638E-03  3.850E-03  2.633E-03  1.683E-03  3.834E-03  2.746E-03  2.951E-03  3.324E-03  2.988E-03  2.923E-03
  2.197E-03  2.358E-03  2.129E-03  3.286E-03  2.097E-03  1.799E-03  9.330E-04  6.153E-04  2.847E-04  1.526E-04
  2.806E-04  5.503E-04  6.183E-04  4.488E-04  2.061E-03  2.742E-03  2.709E-03  2.202E-03  3.376E-03  1.826E-03
  4.516E-03  2.719E-03  3.077E-03  2.585E-03  3.261E-03  2.715E-03  2.135E-03  3.289E-03  3.723E-03  2.606E-03
  2.950E-03  2.038E-03  1.779E-03  3.806E-03  2.281E-03  1.617E-03  2.462E-03  3.595E-03  2.405E-03  2.397E-03
  1.563E-03  2.924E-03  2.795E-03  2.666E-03  2.416E-03  2.583E-03  9.474E-04  5.799E-04  2.721E-04  1.674E-04
  2.892E-04  5.680E-04  5.871E-04  4.795E-04  2.235E-03  1.778E-03  2.533E-03  2.728E-03  3.472E-03  1.248E-03
  4.966E-03  3.276E-03  3.975E-03  2.345E-03  2.531E-03  2.733E-03  2.742E-03  1.958E-03  4.074E-03  3.059E-03
  1.911E-03  1.798E-03  3.018E-03  2.177E-03  1.572E-03  1.818E-03  3.578E-03  3.156E-03  2.185E-03  2.604E-03
  2.258E-03  2.491E-03  2.669E-03  2.619E-03  2.998E-03  1.413E-03  8.156E-04  5.469E-04  2.441E-04  1.581E-04
  2.790E-04  5.354E-04  6.329E-04  4.137E-04  2.436E-03  2.772E-03  1.998E-03  3.609E-03  2.984E-03  2.730E-03
  3.345E-03  3.668E-03  3.534E-03  2.841E-03  2.329E-03  3.478E-03  1.314E-03  3.066E-03  1.973E-03  3.394E-03
  2.733E-03  2.627E-03  2.796E-03  2.201E-03  2.465E-03  2.726E-03  3.409E-03  2.848E-03  2.086E-03  2.460E-03
  3.867E-03  3.348E-03  2.574E-03  2.775E-03  3.117E-03  1.816E-03  6.931E-04  4.687E-04  2.556E-04  1.542E-04
  2.771E-04  5.249E-04  6.489E-04  4.353E-04  2.698E-03  3.085E-03  2.891E-03  2.382E-03  1.467E-03  2.629E-03
  2.347E-03  3.842E-03  4.120E-03  5.148E-03  3.520E-03  1.821E-03  2.980E-03  1.938E-03  4.235E-03  3.030E-03
  2.132E-03  1.660E-03  2.547E-03  3.078E-03  3.807E-03  2.822E-03  2.699E-03  2.939E-03  1.967E-03  2.974E-03
  3.525E-03  3.662E-03  3.826E-03  3.086E-03  2.538E-03  2.715E-03  6.560E-04  4.096E-04  2.548E-04  1.401E-04
  2.713E-04  5.329E-04  6.317E-04  6.186E-04  4.145E-03  4.041E-03  3.333E-03  1.937E-03  2.768E-03  2.126E-03
  1.758E-03  3.486E-03  3.170E-03  3.913E-03  2.594E-03  3.291E-03  2.344E-03  3.219E-03  3.200E-03  3.836E-03
  2.078E-03  1.811E-03  3.756E-03  4.621E-03  4.121E-03  2.953E-03  3.100E-03  4.064E-03  2.118E-03  3.986E-03
  2.968E-03  3.631E-03  3.425E-03  3.381E-03  2.321E-03  2.929E-03  6.260E-04  3.899E-04  2.558E-04  1.655E-04
  2.813E-04  5.305E-04  6.164E-04  5.043E-04  4.677E-03  3.462E-03  4.340E-03  2.731E-03  2.948E-03  1.903E-03
  2.590E-03  4.738E-03  2.980E-03  4.596E-03  2.900E-03  3.815E-03  3.317E-03  2.193E-03  4.299E-03  4.029E-03
  1.916E-03  3.741E-03  4.514E-03  4.869E-03  3.443E-03  4.817E-03  2.969E-03  3.759E-03  3.575E-03  3.768E-03
  2.847E-03  4.106E-03  2.558E-03  2.960E-03  2.691E-03  2.822E-03  6.977E-04  3.164E-04  2.955E-04  1.682E-04
  2.735E-04  4.895E-04  6.518E-04  5.238E-04  4.042E-03  4.453E-03  3.870E-03  2.422E-03  3.735E-03  2.179E-03
  3.129E-03  2.063E-03  2.967E-03  4.098E-03  3.159E-03  2.869E-03  3.530E-03  3.189E-03  3.769E-03  3.527E-03
  3.840E-03  4.230E-03  4.618E-03  2.792E-03  4.246E-03  4.275E-03  4.047E-03  2.324E-03  4.153E-03  3.514E-03
  3.064E-03  4.725E-03  2.291E-03  2.092E-03  2.799E-03  2.364E-03  7.021E-04  2.842E-04  2.848E-04  1.819E-04
  2.565E-04  4.516E-04  5.996E-04  6.743E-04  3.636E-03  4.741E-03  3.279E-03  2.341E-03  3.531E-03  9.442E-04
  2.972E-03  2.238E-03  4.400E-03  4.315E-03  3.479E-03  2.942E-03  2.944E-03  3.918E-03  2.726E-03  3.667E-03
  5.891E-03  3.655E-03  5.311E-03  4.833E-03  5.377E-03  2.922E-03  3.005E-03  4.247E-03  3.614E-03  4.278E-03
  3.816E-03  3.318E-03  2.853E-03  2.421E-03  3.431E-03  2.012E-03  8.870E-04  2.837E-04  2.743E-04  1.604E-04
  2.259E-04  4.260E-04  6.161E-04  8.328E-04  4.429E-03  4.757E-03  3.949E-03  4.260E-03  4.144E-03  2.550E-03
  2.917E-03  2.516E-03  2.335E-03  3.892E-03  5.402E-03  2.469E-03  3.019E-03  3.284E-03  3.297E-03  3.392E-03
  2.473E-03  5.874E-03  4.173E-03  5.526E-03  3.452E-03  4.179E-03  2.796E-03  3.266E-03  2.472E-03  4.058E-03
  4.917E-03  3.843E-03  4.258E-03  2.479E-03  3.232E-03  2.140E-03  1.071E-03  2.881E-04  2.867E-04  1.553E-04
  2.251E-04  4.398E-04  5.763E-04  8.872E-04  4.231E-03  4.377E-03  4.106E-03  3.973E-03  3.402E-03  1.672E-03
  2.878E-03  3.636E-03  2.321E-03  3.944E-03  2.912E-03  3.856E-03  2.594E-03  3.264E-03  3.213E-03  3.388E-03
  4.805E-03  3.710E-03  5.355E-03  5.825E-03  3.373E-03  3.800E-03  3.815E-03  2.716E-03  1.703E-03  2.928E-03
  3.857E-03  4.062E-03  2.827E-03  3.338E-03  2.437E-03  3.287E-03  9.076E-04  2.847E-04  3.237E-04  1.665E-04
  1.968E-04  4.181E-04  5.299E-04  1.032E-03  3.689E-03  3.961E-03  3.598E-03  2.858E-03  3.991E-03  2.736E-03
  3.113E-03  5.070E-03  2.698E-03  2.328E-03  2.498E-03  4.696E-03  2.383E-03  4.042E-03  3.298E-03  4.025E-03
  5.155E-03  4.756E-03  4.935E-03  3.682E-03  3.624E-03  4.091E-03  3.715E-03  3.405E-03  2.483E-03  3.859E-03
  3.826E-03  4.160E-03  3.425E-03  3.635E-03  3.223E-03  4.658E-03  7.364E-04  3.327E-04  3.055E-04  1.531E-04
  2.212E-04  3.743E-04  5.299E-04  1.211E-03  3.752E-03  4.980E-03  3.355E-03  3.479E-03  4.778E-03  3.737E-03
  3.810E-03  4.077E-03  3.221E-03  1.819E-03  3.349E-03  3.428E-03  3.261E-03  2.547E-03  4.144E-03  3.528E-03
  4.418E-03  5.086E-03  4.170E-03  4.063E-03  3.607E-03  4.562E-03  3.208E-03  1.974E-03  3.226E-03  3.527E-03
  4.001E-03  4.991E-03  3.382E-03  2.940E-03  3.537E-03  5.101E-03  7.551E-04  3.844E-04  2.989E-04  1.593E-04
  2.169E-04  3.608E-04  5.881E-04  1.038E-03  3.822E-03  4.526E-03  4.301E-03  3.724E-03  4.108E-03  3.761E-03
  2.725E-03  1.586E-03  5.515E-03  3.279E-03  2.512E-03  3.327E-03  3.967E-03  3.419E-03  4.486E-03  3.427E-03
  3.546E-03  5.864E-03  4.087E-03  3.853E-03  3.631E-03  3.598E-03  2.061E-03  1.982E-03  2.666E-03  3.032E-03
  3.969E-03  3.605E-03  3.667E-03  3.469E-03  3.554E-03  4.536E-03  1.015E-03  4.106E-04  3.219E-04  1.690E-04
  2.032E-04  3.418E-04  5.608E-04  9.298E-04  3.466E-03  3.950E-03  4.131E-03  4.148E-03  2.846E-03  2.793E-03
  4.229E-03  3.100E-03  4.185E-03  2.445E-03  3.006E-03  3.216E-03  3.417E-03  3.427E-03  4.113E-03  4.161E-03
  4.071E-03  3.825E-03  4.904E-03  2.960E-03  4.173E-03  3.249E-03  2.925E-03  3.281E-03  3.473E-03  3.105E-03
  5.430E-03  3.322E-03  4.381E-03  3.995E-03  3.581E-03  4.191E-03  1.340E-03  4.507E-04  3.000E-04  1.928E-04
  2.002E-04  3.465E-04  5.063E-04  1.020E-03  2.936E-03  3.801E-03  5.164E-03  4.264E-03  3.631E-03  3.429E-03
  3.977E-03  2.839E-03  1.971E-03  4.727E-03  3.023E-03  3.192E-03  2.675E-03  4.420E-03  4.503E-03  4.620E-03
  5.659E-03  2.828E-03  4.011E-03  4.029E-03  3.192E-03  3.343E-03  2.311E-03  3.721E-03  3.199E-03  4.740E-03
  3.949E-03  3.134E-03  4.914E-03  4.007E-03  3.106E-03  4.845E-03  1.540E-03  5.007E-04  2.999E-04  1.849E-04
  2.192E-04  3.056E-04  4.515E-04  1.234E-03  3.724E-03  3.254E-03  4.931E-03  4.159E-03  5.714E-03  3.703E-03
  4.450E-03  2.538E-03  3.674E-03  4.610E-03  3.054E-03  2.581E-03  2.801E-03  4.686E-03  3.766E-03  4.056E-03
  5.117E-03  4.170E-03  3.293E-03  2.670E-03  2.631E-03  3.238E-03  2.806E-03  4.884E-03  1.972E-03  5.836E-03
  4.834E-03  3.058E-03  5.367E-03  4.102E-03  3.876E-03  4.318E-03  1.681E-03  4.477E-04  3.515E-04  2.140E-04
  2.211E-04  2.954E-04  4.164E-04  1.485E-03  4.778E-03  3.108E-03  3.834E-03  4.473E-03  5.170E-03  4.490E-03
  4.833E-03  3.651E-03  3.683E-03  3.356E-03  3.570E-03  2.745E-03  3.792E-03  2.405E-03  4.947E-03  3.671E-03
  4.163E-03  4.591E-03  5.262E-03  3.118E-03  3.650E-03  4.537E-03  4.517E-03  5.612E-03  3.580E-03  5.807E-03
  4.579E-03  3.748E-03  5.991E-03  4.427E-03  4.645E-03  3.567E-03  1.953E-03  4.266E-04  3.343E-04  2.192E-04
  2.010E-04  2.725E-04  3.680E-04  1.547E-03  4.847E-03  2.184E-03  4.491E-03  4.832E-03  4.356E-03  4.935E-03
  3.520E-03  3.145E-03  2.119E-03  3.761E-03  3.815E-03  3.305E-03  3.072E-03  2.557E-03  4.875E-03  2.644E-03
  4.359E-03  5.645E-03  2.859E-03  3.618E-03  3.682E-03  3.206E-03  4.689E-03  3.686E-03  4.362E-03  4.326E-03
  2.750E-03  4.486E-03  5.145E-03  5.860E-03  4.641E-03  2.549E-03  2.742E-03  4.022E-04  3.797E-04  1.986E-04
  1.990E-04  2.705E-04  3.654E-04  1.423E-03  6.223E-03  3.421E-03  4.061E-03  4.324E-03  5.041E-03  5.654E-03
  2.392E-03  4.914E-03  3.813E-03  3.616E-03  4.634E-03  5.564E-03  4.282E-03  4.045E-03  2.301E-03  4.030E-03
  4.181E-03  6.615E-03  4.275E-03  2.564E-03  3.795E-03  2.049E-03  6.439E-03  3.912E-03  4.767E-03  5.534E-03
  2.917E-03  6.465E-03  4.573E-03  5.258E-03  4.154E-03  2.364E-03  3.337E-03  3.988E-04  4.006E-04  2.014E-04
  1.799E-04  2.737E-04  3.534E-04  1.485E-03  6.172E-03  3.605E-03  4.167E-03  5.154E-03  4.603E-03  5.098E-03
  3.844E-03  4.952E-03  6.410E-03  3.244E-03  4.409E-03  4.073E-03  2.789E-03  2.742E-03  2.666E-03  4.672E-03
  6.056E-03  4.449E-03  4.309E-03  3.720E-03  4.680E-03  3.879E-03  4.462E-03  2.777E-03  7.776E-03  3.723E-03
  2.839E-03  6.296E-03  4.172E-03  4.275E-03  3.545E-03  3.365E-03  3.346E-03  4.017E-04  3.832E-04  2.104E-04
  1.852E-04  2.803E-04  3.546E-04  1.847E-03  4.177E-03  4.622E-03  5.204E-03  5.566E-03  4.750E-03  5.367E-03
  4.435E-03  4.271E-03  5.101E-03  5.375E-03  3.742E-03  3.749E-03  5.564E-03  3.550E-03  4.134E-03  4.057E-03
  7.345E-03  3.161E-03  3.368E-03  4.507E-03  2.825E-03  5.146E-03  4.421E-03  2.152E-03  6.274E-03  4.719E-03
  4.530E-03  5.319E-03  2.796E-03  3.245E-03  3.832E-03  4.440E-03  2.876E-03  4.165E-04  3.950E-04  2.097E-04
  1.750E-04  3.052E-04  4.112E-04  1.235E-03  4.019E-03  5.252E-03  6.003E-03  4.908E-03  5.019E-03  5.505E-03
  5.013E-03  3.003E-03  3.760E-03  5.541E-03  3.856E-03  5.441E-03  5.605E-03  4.686E-03  3.030E-03  3.472E-03
  5.551E-03  3.620E-03  4.152E-03  2.471E-03  3.176E-03  6.563E-03  3.573E-03  6.077E-03  3.962E-03  3.840E-03
  4.761E-03  4.930E-03  4.237E-03  3.780E-03  4.523E-03  4.192E-03  2.870E-03  3.897E-04  3.711E-04  2.047E-04
  1.969E-04  2.839E-04  4.247E-04  1.934E-03  3.512E-03  4.491E-03  6.060E-03  3.216E-03  5.668E-03  4.832E-03
  6.223E-03  4.466E-03  4.496E-03  5.189E-03  3.801E-03  6.060E-03  3.643E-03  5.951E-03  4.100E-03  3.116E-03
  3.451E-03  3.732E-03  3.503E-03  2.619E-03  3.145E-03  6.459E-03  3.495E-03  6.721E-03  3.711E-03  4.355E-03
  4.743E-03  5.158E-03  3.106E-03  3.324E-03  3.336E-03  4.241E-03  2.600E-03  4.452E-04  3.217E-04  2.124E-04
  1.912E-04  2.782E-04  3.983E-04  3.040E-03  4.880E-03  4.993E-03  3.215E-03  4.876E-03  7.813E-03  3.892E-03
  5.301E-03  5.177E-03  5.170E-03  5.768E-03  4.278E-03  6.327E-03  6.480E-03  6.220E-03  4.492E-03  4.149E-03
  3.055E-03  4.327E-03  5.550E-03  3.552E-03  4.686E-03  5.519E-03  3.943E-03  6.719E-03  5.482E-03  4.586E-03
  4.476E-03  3.765E-03  4.230E-03  3.643E-03  3.395E-03  4.591E-03  2.807E-03  4.513E-04  3.182E-04  2.164E-04
  1.741E-04  2.769E-04  4.345E-04  2.770E-03  5.018E-03  6.365E-03  4.179E-03  5.672E-03  6.095E-03  6.480E-03
  4.399E-03  6.069E-03  4.281E-03  3.621E-03  4.335E-03  6.013E-03  6.307E-03  3.938E-03  5.807E-03  6.632E-03
  3.553E-03  3.624E-03  3.924E-03  4.715E-03  5.912E-03  4.566E-03  5.394E-03  5.962E-03  6.186E-03  4.469E-03
  4.561E-03  2.637E-03  6.690E-03  4.257E-03  2.773E-03  4.376E-03  3.179E-03  5.047E-04  3.324E-04  2.190E-04
  1.903E-04  2.991E-04  4.705E-04  4.054E-03  3.828E-03  5.709E-03  4.243E-03  6.127E-03  4.914E-03  5.144E-03
  5.831E-03  7.512E-03  4.030E-03  3.709E-03  6.536E-03  4.476E-03  6.074E-03  5.534E-03  6.257E-03  5.826E-03
  4.728E-03  5.700E-03  2.141E-03  2.140E-03  5.160E-03  4.421E-03  6.733E-03  5.848E-03  5.855E-03  5.547E-03
  4.260E-03  3.644E-03  7.434E-03  4.020E-03  4.078E-03  4.918E-03  3.796E-03  5.251E-04  3.552E-04  2.039E-04
  2.216E-04  3.273E-04  4.208E-04  5.442E-03  4.716E-03  5.255E-03  4.748E-03  6.117E-03  3.851E-03  6.142E-03
  6.846E-03  5.946E-03  6.230E-03  4.702E-03  7.068E-03  2.317E-03  7.334E-03  6.792E-03  4.585E-03  5.322E-03
  5.443E-03  4.654E-03  5.167E-03  2.825E-03  5.527E-03  4.222E-03  7.773E-03  6.824E-03  5.520E-03  5.141E-03
  4.987E-03  4.225E-03  4.446E-03  4.583E-03  3.817E-03  7.127E-03  4.762E-03  5.914E-04  3.580E-04  2.068E-04
  2.343E-04  3.205E-04  4.378E-04  4.475E-03  3.631E-03  4.819E-03  5.503E-03  5.813E-03  4.138E-03  4.441E-03
  5.932E-03  7.604E-03  6.864E-03  6.032E-03  3.868E-03  6.282E-03  7.299E-03  7.616E-03  4.668E-03  3.963E-03
  5.591E-03  3.825E-03  5.744E-03  3.865E-03  5.074E-03  5.620E-03  8.196E-03  6.374E-03  5.538E-03  5.704E-03
  4.027E-03  6.251E-03  4.139E-03  4.292E-03  4.955E-03  7.613E-03  4.995E-03  5.897E-04  3.204E-04  1.969E-04
  2.566E-04  3.299E-04  4.151E-04  3.218E-03  3.781E-03  5.195E-03  6.713E-03  5.659E-03  5.447E-03  4.243E-03
  5.606E-03  1.079E-02  6.322E-03  5.469E-03  2.998E-03  7.358E-03  4.435E-03  7.046E-03  6.113E-03  6.761E-03
  5.187E-03  3.890E-03  5.696E-03  4.063E-03  5.478E-03  7.480E-03  7.484E-03  6.424E-03  5.763E-03  6.341E-03
  3.705E-03  6.346E-03  4.490E-03  3.841E-03  6.754E-03  7.985E-03  5.373E-03  6.657E-04  3.303E-04  1.708E-04
  2.630E-04  3.332E-04  4.567E-04  3.523E-03  4.932E-03  4.464E-03  6.617E-03  5.980E-03  4.153E-03  4.848E-03
  5.475E-03  9.821E-03  7.319E-03  6.493E-03  5.386E-03  6.199E-03  3.311E-03  6.401E-03  6.958E-03  6.128E-03
  5.059E-03  5.284E-03  4.235E-03  4.687E-03  6.360E-03  7.800E-03  5.502E-03  7.077E-03  5.771E-03  5.787E-03
  3.753E-03  5.326E-03  5.924E-03  4.335E-03  7.535E-03  6.516E-03  3.881E-03  6.496E-04  3.399E-04  1.565E-04
  2.569E-04  3.253E-04  4.867E-04  4.125E-03  4.403E-03  4.024E-03  5.093E-03  5.268E-03  5.064E-03  4.756E-03
  5.617E-03  8.036E-03  5.796E-03  7.447E-03  6.675E-03  3.622E-03  5.054E-03  7.087E-03  7.079E-03  7.684E-03
  5.069E-03  4.587E-03  3.399E-03  5.490E-03  6.405E-03  6.313E-03  6.836E-03  5.674E-03  6.620E-03  5.842E-03
  3.703E-03  3.662E-03  7.818E-03  5.188E-03  8.686E-03  4.668E-03  5.852E-03  6.733E-04  3.316E-04  1.658E-04
  2.214E-04  2.928E-04  5.605E-04  4.440E-03  3.684E-03  4.415E-03  5.810E-03  4.709E-03  7.359E-03  4.831E-03
  4.390E-03  6.452E-03  7.974E-03  7.739E-03  5.261E-03  3.277E-03  5.632E-03  4.380E-03  6.289E-03  7.551E-03
  3.984E-03  5.829E-03  3.423E-03  6.667E-03  6.364E-03  6.421E-03  5.243E-03  5.562E-03  7.437E-03  4.355E-03
  4.236E-03  3.514E-03  6.659E-03  5.386E-03  7.456E-03  4.918E-03  6.026E-03  6.425E-04  3.128E-04  1.812E-04
  2.199E-04  2.972E-04  5.363E-04  5.525E-03  5.004E-03  5.960E-03  7.191E-03  4.060E-03  7.698E-03  4.334E-03
  5.783E-03  6.883E-03  1.006E-02  7.204E-03  4.743E-03  2.942E-03  7.895E-03  4.542E-03  5.196E-03  5.590E-03
  4.939E-03  5.140E-03  5.237E-03  7.990E-03  6.168E-03  6.917E-03  7.458E-03  6.200E-03  7.555E-03  3.764E-03
  4.814E-03  3.571E-03  4.443E-03  6.465E-03  5.869E-03  5.050E-03  6.293E-03  5.726E-04  3.428E-04  1.551E-04
  1.956E-04  3.360E-04  5.545E-04  5.660E-03  5.949E-03  7.268E-03  6.439E-03  5.293E-03  6.482E-03  5.671E-03
  5.843E-03  6.024E-03  1.035E-02  7.287E-03  6.629E-03  5.522E-03  4.916E-03  5.425E-03  5.043E-03  5.935E-03
  4.891E-03  4.840E-03  6.882E-03  5.929E-03  5.855E-03  8.077E-03  7.942E-03  7.016E-03  8.031E-03  4.928E-03
  3.886E-03  5.673E-03  5.230E-03  6.505E-03  5.535E-03  6.684E-03  6.742E-03  5.812E-04  3.723E-04  1.730E-04
  1.697E-04  3.419E-04  5.579E-04  5.099E-03  4.618E-03  6.393E-03  4.514E-03  7.123E-03  5.476E-03  5.119E-03
  7.106E-03  6.052E-03  1.112E-02  5.878E-03  6.531E-03  7.793E-03  5.112E-03  4.727E-03  4.989E-03  5.648E-03
  7.182E-03  7.468E-03  8.797E-03  5.211E-03  8.394E-03  9.647E-03  7.594E-03  5.750E-03  7.212E-03  5.407E-03
  4.179E-03  5.385E-03  7.259E-03  6.753E-03  4.997E-03  6.347E-03  8.111E-03  5.923E-04  3.472E-04  1.738E-04
  1.825E-04  3.391E-04  5.663E-04  5.296E-03  7.264E-03  8.189E-03  6.764E-03  8.109E-03  5.384E-03  5.103E-03
  8.632E-03  5.546E-03  9.765E-03  1.009E-02  8.668E-03  9.660E-03  3.918E-03  5.238E-03  4.438E-03  6.618E-03
  5.545E-03  6.530E-03  9.525E-03  5.935E-03  9.068E-03  7.282E-03  4.642E-03  7.657E-03  4.554E-03  6.374E-03
  5.191E-03  5.276E-03  1.008E-02  7.895E-03  5.737E-03  5.619E-03  7.748E-03  7.025E-04  3.225E-04  1.688E-04
  1.854E-04  2.997E-04  6.735E-04  6.687E-03  6.648E-03  6.675E-03  5.482E-03  6.908E-03  6.146E-03  4.278E-03
  9.485E-03  3.695E-03  8.219E-03  1.033E-02  7.823E-03  7.450E-03  2.982E-03  5.800E-03  8.207E-03  5.141E-03
  7.414E-03  5.850E-03  8.108E-03  6.924E-03  9.763E-03  5.968E-03  3.642E-03  1.004E-02  6.053E-03  7.733E-03
  6.070E-03  5.262E-03  7.495E-03  7.853E-03  5.671E-03  5.964E-03  8.033E-03  6.782E-04  3.115E-04  1.614E-04
  1.893E-04  2.837E-04  6.719E-04  9.249E-03  5.327E-03  7.188E-03  6.072E-03  8.391E-03  5.607E-03  5.643E-03
  7.543E-03  5.201E-03  8.142E-03  1.116E-02  5.632E-03  7.042E-03  5.642E-03  6.380E-03  5.848E-03  4.259E-03
  6.560E-03  5.406E-03  9.064E-03  7.686E-03  9.179E-03  7.764E-03  7.015E-03  9.238E-03  6.499E-03  6.713E-03
  5.578E-03  6.442E-03  7.447E-03  7.452E-03  4.750E-03  4.997E-03  8.248E-03  6.729E-04  3.206E-04  1.517E-04
  1.739E-04  2.756E-04  7.511E-04  9.784E-03  6.758E-03  6.997E-03  7.962E-03  6.805E-03  5.920E-03  6.490E-03
  8.339E-03  6.077E-03  7.674E-03  1.048E-02  4.067E-03  8.706E-03  7.407E-03  6.621E-03  6.061E-03  5.979E-03
  5.268E-03  7.350E-03  7.408E-03  7.632E-03  8.485E-03  8.454E-03  7.372E-03  8.275E-03  6.820E-03  5.707E-03
  4.913E-03  6.563E-03  7.418E-03  6.997E-03  5.895E-03  5.118E-03  9.012E-03  7.010E-04  3.011E-04  1.372E-04
  1.607E-04  2.575E-04  7.597E-04  7.500E-03  7.818E-03  7.490E-03  9.203E-03  6.134E-03  6.928E-03  4.969E-03
  6.399E-03  7.531E-03  8.413E-03  9.802E-03  9.239E-03  9.006E-03  7.375E-03  5.499E-03  5.287E-03  7.920E-03
  5.147E-03  1.008E-02  4.628E-03  8.187E-03  6.343E-03  8.401E-03  8.170E-03  1.003E-02  6.927E-03  8.263E-03
  3.918E-03  6.370E-03  8.173E-03  5.789E-03  5.198E-03  4.826E-03  7.066E-03  7.386E-04  2.980E-04  1.546E-04
  1.901E-04  2.779E-04  8.931E-04  5.583E-03  8.024E-03  7.181E-03  6.482E-03  6.874E-03  6.111E-03  9.040E-03
  5.544E-03  8.597E-03  7.501E-03  9.499E-03  1.112E-02  8.284E-03  7.479E-03  4.782E-03  4.934E-03  7.080E-03
  5.588E-03  1.307E-02  7.116E-03  8.093E-03  2.985E-03  1.041E-02  5.863E-03  8.167E-03  8.342E-03  8.262E-03
  4.200E-03  8.060E-03  7.554E-03  4.855E-03  8.646E-03  5.362E-03  7.276E-03  7.457E-04  2.990E-04  1.582E-04
  2.099E-04  2.824E-04  8.837E-04  6.086E-03  8.188E-03  3.437E-03  7.571E-03  8.333E-03  6.344E-03  7.801E-03
  4.870E-03  1.087E-02  5.620E-03  9.170E-03  1.070E-02  5.970E-03  6.504E-03  5.648E-03  4.595E-03  6.119E-03
  8.216E-03  1.096E-02  9.342E-03  9.238E-03  6.923E-03  8.660E-03  7.630E-03  6.770E-03  7.157E-03  6.346E-03
  6.060E-03  8.039E-03  7.450E-03  4.432E-03  8.458E-03  4.778E-03  7.060E-03  7.998E-04  2.961E-04  1.911E-04
  2.292E-04  2.701E-04  9.277E-04  6.082E-03  1.076E-02  4.283E-03  7.611E-03  7.383E-03  5.568E-03  9.061E-03
  4.730E-03  9.049E-03  8.252E-03  9.293E-03  1.069E-02  6.050E-03  7.534E-03  7.449E-03  4.706E-03  4.251E-03
  1.204E-02  5.516E-03  5.802E-03  8.380E-03  8.118E-03  7.349E-03  9.655E-03  8.415E-03  4.956E-03  6.108E-03
  6.616E-03  9.252E-03  8.245E-03  5.043E-03  7.615E-03  5.217E-03  6.640E-03  1.005E-03  2.992E-04  2.113E-04
  2.429E-04  2.636E-04  1.008E-03  5.347E-03  9.212E-03  3.221E-03  7.293E-03  8.209E-03  3.721E-03  7.297E-03
  2.821E-03  9.659E-03  7.146E-03  1.026E-02  9.951E-03  8.654E-03  7.553E-03  8.617E-03  4.686E-03  6.788E-03
  9.213E-03  4.956E-03  6.755E-03  6.924E-03  7.350E-03  7.411E-03  8.398E-03  7.305E-03  5.121E-03  4.981E-03
  7.877E-03  1.022E-02  7.559E-03  4.622E-03  8.560E-03  4.613E-03  5.851E-03  1.097E-03  2.793E-04  2.126E-04
  2.359E-04  2.480E-04  9.922E-04  6.714E-03  8.287E-03  4.373E-03  7.420E-03  1.149E-02  4.041E-03  6.751E-03
  3.657E-03  8.675E-03  5.573E-03  9.561E-03  7.979E-03  1.109E-02  5.781E-03  9.021E-03  3.947E-03  5.688E-03
  7.472E-03  7.294E-03  8.991E-03  5.608E-03  1.045E-02  6.601E-03  9.427E-03  7.618E-03  6.840E-03  5.489E-03
  8.093E-03  9.519E-03  6.165E-03  6.076E-03  7.431E-03  6.495E-03  5.512E-03  1.319E-03  2.816E-04  2.181E-04
  2.425E-04  2.489E-04  1.092E-03  7.686E-03  9.114E-03  4.542E-03  6.759E-03  1.053E-02  6.077E-03  5.516E-03
  2.808E-03  6.832E-03  5.863E-03  5.748E-03  8.436E-03  1.225E-02  4.635E-03  7.773E-03  8.705E-03  5.706E-03
  4.095E-03  8.127E-03  1.020E-02  7.861E-03  1.227E-02  8.942E-03  8.375E-03  7.156E-03  8.072E-03  4.855E-03
  8.904E-03  9.127E-03  5.763E-03  6.610E-03  8.991E-03  7.898E-03  6.030E-03  1.502E-03  2.689E-04  2.003E-04
  2.488E-04  2.676E-04  1.093E-03  7.773E-03  8.778E-03  5.619E-03  7.297E-03  1.052E-02  8.551E-03  4.922E-03
  6.250E-03  7.171E-03  7.531E-03  6.090E-03  1.046E-02  1.056E-02  6.188E-03  6.130E-03  7.521E-03  7.073E-03
  5.212E-03  7.657E-03  9.409E-03  7.768E-03  1.122E-02  9.790E-03  6.492E-03  7.539E-03  7.815E-03  5.665E-03
  1.066E-02  5.789E-03  5.683E-03  6.070E-03  9.582E-03  9.800E-03  6.091E-03  1.092E-03  2.457E-04  1.871E-04
  2.618E-04  2.819E-04  1.192E-03  7.713E-03  6.497E-03  6.464E-03  7.806E-03  1.060E-02  9.986E-03  3.456E-03
  8.959E-03  5.944E-03  7.890E-03  6.772E-03  1.106E-02  8.170E-03  8.719E-03  7.227E-03  7.150E-03  5.170E-03
  6.685E-03  7.945E-03  8.297E-03  1.022E-02  9.084E-03  8.578E-03  8.455E-03  6.764E-03  7.932E-03  5.824E-03
  1.140E-02  5.435E-03  6.459E-03  6.864E-03  7.022E-03  8.464E-03  6.274E-03  1.459E-03  2.317E-04  1.617E-04
  2.499E-04  2.584E-04  1.304E-03  6.782E-03  1.001E-02  4.536E-03  6.040E-03  8.276E-03  9.280E-03  4.515E-03
  1.086E-02  5.262E-03  6.114E-03  7.685E-03  9.192E-03  7.085E-03  8.526E-03  5.386E-03  1.081E-02  7.824E-03
  9.143E-03  9.367E-03  5.996E-03  9.337E-03  8.082E-03  7.624E-03  9.688E-03  7.521E-03  8.914E-03  6.739E-03
  1.024E-02  7.918E-03  6.183E-03  6.770E-03  6.126E-03  8.865E-03  6.237E-03  1.999E-03  1.912E-04  1.805E-04
  2.217E-04  2.427E-04  1.642E-03  6.599E-03  9.947E-03  3.448E-03  5.284E-03  7.217E-03  9.872E-03  4.971E-03
  9.216E-03  4.744E-03  6.768E-03  8.415E-03  9.995E-03  5.504E-03  7.698E-03  6.354E-03  1.033E-02  8.878E-03
  8.149E-03  1.120E-02  7.788E-03  1.168E-02  9.232E-03  9.312E-03  8.550E-03  9.211E-03  5.822E-03  7.576E-03
  1.050E-02  9.277E-03  9.032E-03  5.678E-03  7.862E-03  9.717E-03  8.733E-03  3.171E-03  3.764E-04  3.171E-04
  1.965E-04  2.424E-04  2.078E-03  6.393E-03  1.015E-02  4.097E-03  5.049E-03  6.630E-03  9.537E-03  5.971E-03
  9.641E-03  4.828E-03  8.672E-03  8.940E-03  1.002E-02  8.343E-03  8.439E-03  6.798E-03  1.001E-02  7.758E-03
  8.058E-03  1.129E-02  8.288E-03  1.089E-02  9.808E-03  8.415E-03  7.585E-03  1.114E-02  5.851E-03  7.810E-03
  9.386E-03  6.403E-03  1.026E-02  4.191E-03  8.598E-03  1.076E-02  7.988E-03  4.319E-03  5.377E-04  4.076E-04
  3.028E-04  3.631E-04  5.595E-03  5.480E-03  1.218E-02  5.872E-03  4.973E-03  5.785E-03  9.505E-03  6.722E-03
  8.221E-03  5.820E-03  8.239E-03  7.909E-03  9.667E-03  9.153E-03  8.251E-03  8.758E-03  8.164E-03  1.026E-02
  1.068E-02  8.784E-03  1.005E-02  8.724E-03  1.254E-02  7.904E-03  7.503E-03  1.167E-02  4.853E-03  1.054E-02
  8.667E-03  5.134E-03  9.680E-03  4.519E-03  7.478E-03  1.029E-02  9.280E-03  7.156E-03  7.345E-04  5.726E-04
  9.268E-04  8.709E-04  8.797E-03  5.049E-03  1.147E-02  7.632E-03  4.976E-03  7.468E-03  1.026E-02  7.720E-03
  6.591E-03  5.629E-03  5.360E-03  7.365E-03  1.095E-02  9.427E-03  7.011E-03  9.418E-03  5.898E-03  1.095E-02
  1.173E-02  6.662E-03  9.291E-03  7.735E-03  1.268E-02  9.762E-03  7.976E-03  9.137E-03  5.119E-03  1.402E-02
  9.275E-03  6.699E-03  1.011E-02  4.490E-03  8.025E-03  8.947E-03  8.164E-03  7.933E-03  6.400E-03  9.479E-03
  5.507E-03  8.269E-03  9.834E-03  5.202E-03  9.997E-03  7.748E-03  5.867E-03  9.356E-03  9.110E-03  6.877E-03
  5.382E-03  7.351E-03  4.793E-03  6.518E-03  9.819E-03  1.243E-02  5.981E-03  7.845E-03  4.085E-03  9.184E-03
  1.173E-02  7.606E-03  8.997E-03  7.170E-03  1.218E-02  6.163E-03  8.530E-03  1.060E-02  8.233E-03  1.427E-02
  1.175E-02  6.171E-03  8.741E-03  7.965E-03  7.513E-03  8.061E-03  8.974E-03  9.678E-03  5.789E-03  9.920E-03
  5.337E-03  8.286E-03  1.083E-02  5.947E-03  1.059E-02  8.407E-03  6.374E-03  9.736E-03  1.030E-02  6.074E-03
  5.060E-03  8.385E-03  6.208E-03  7.861E-03  8.030E-03  1.230E-02  7.836E-03  9.187E-03  4.694E-03  8.486E-03
  8.975E-03  5.407E-03  9.112E-03  9.676E-03  9.363E-03  5.444E-03  8.548E-03  6.059E-03  7.053E-03  1.308E-02
  1.060E-02  7.515E-03  9.000E-03  9.597E-03  5.232E-03  7.662E-03  9.070E-03  9.864E-03  6.852E-03  9.999E-03
  4.999E-03  7.157E-03  1.062E-02  5.676E-03  1.015E-02  8.829E-03  6.639E-03  1.099E-02  1.013E-02  7.331E-03
  3.719E-03  9.988E-03  6.903E-03  8.369E-03  9.593E-03  9.566E-03  1.191E-02  9.498E-03  8.426E-03  8.108E-03
  7.126E-03  6.514E-03  8.372E-03  1.292E-02  9.779E-03  6.620E-03  1.055E-02  4.878E-03  9.136E-03  1.268E-02
  9.683E-03  7.553E-03  8.740E-03  9.883E-03  7.652E-03  6.827E-03  8.234E-03  8.681E-03  7.787E-03  7.563E-03
  6.320E-03  6.589E-03  9.608E-03  6.598E-03  8.586E-03  9.829E-03  5.358E-03  1.254E-02  7.591E-03  7.886E-03
  5.081E-03  1.032E-02  6.413E-03  7.759E-03  9.889E-03  9.967E-03  1.278E-02  1.011E-02  8.055E-03  5.649E-03
  4.064E-03  6.411E-03  8.027E-03  1.214E-02  1.036E-02  7.803E-03  1.059E-02  3.949E-03  9.938E-03  8.760E-03
  9.199E-03  7.404E-03  1.013E-02  1.086E-02  9.462E-03  8.486E-03  9.194E-03  9.697E-03  9.992E-03  6.324E-03
  6.442E-03  5.969E-03  8.351E-03  7.421E-03  9.336E-03  9.686E-03  5.904E-03  1.095E-02  5.772E-03  8.825E-03
  9.005E-03  9.632E-03  3.278E-03  6.247E-03  7.869E-03  1.098E-02  1.143E-02  5.609E-03  7.233E-03  4.784E-03
  8.647E-03  6.337E-03  9.870E-03  1.313E-02  8.224E-03  8.978E-03  9.620E-03  5.430E-03  1.100E-02  7.793E-03
  8.857E-03  7.263E-03  8.482E-03  1.253E-02  9.271E-03  8.129E-03  8.670E-03  1.026E-02  1.063E-02  6.408E-03
  7.957E-03  6.285E-03  8.130E-03  8.374E-03  9.047E-03  9.203E-03  6.341E-03  9.983E-03  5.607E-03  5.964E-03
  1.024E-02  8.498E-03  6.634E-03  8.249E-03  6.499E-03  9.849E-03  1.134E-02  7.288E-03  7.434E-03  3.728E-03
  6.029E-03  8.523E-03  8.855E-03  1.178E-02  7.318E-03  8.788E-03  7.956E-03  6.129E-03  1.184E-02  8.462E-03
  8.234E-03  6.295E-03  9.849E-03  1.147E-02  9.000E-03  6.799E-03  1.035E-02  9.441E-03  8.964E-03  6.416E-03
  8.254E-03  6.915E-03  8.010E-03  9.035E-03  7.320E-03  1.260E-02  7.522E-03  9.240E-03  7.892E-03  7.219E-03
  8.271E-03  7.333E-03  5.942E-03  1.046E-02  6.507E-03  8.152E-03  9.717E-03  8.837E-03  8.484E-03  4.879E-03
  3.962E-03  9.398E-03  9.961E-03  1.046E-02  2.929E-03  9.935E-03  8.993E-03  4.813E-03  1.122E-02  9.239E-03
  5.070E-03  5.730E-03  1.184E-02  1.222E-02  8.988E-03  6.892E-03  1.121E-02  8.872E-03  9.089E-03  7.487E-03
  7.528E-03  7.574E-03  7.524E-03  1.089E-02  7.649E-03  1.160E-02  8.154E-03  9.430E-03  1.166E-02  5.517E-03
  6.549E-03  7.097E-03  7.792E-03  8.411E-03  8.426E-03  6.094E-03  9.674E-03  1.179E-02  6.583E-03  6.703E-03
  8.014E-03  8.882E-03  1.407E-02  8.623E-03  5.069E-03  9.836E-03  7.594E-03  6.689E-03  1.242E-02  1.005E-02
  6.711E-03  6.275E-03  1.049E-02  1.027E-02  1.016E-02  5.978E-03  1.098E-02  8.626E-03  8.464E-03  5.745E-03
  8.440E-03  8.718E-03  7.448E-03  1.023E-02  6.698E-03  1.283E-02  8.442E-03  9.327E-03  1.139E-02  5.402E-03
  6.556E-03  7.965E-03  9.779E-03  1.004E-02  7.879E-03  8.573E-03  9.290E-03  1.400E-02  7.120E-03  7.371E-03
  7.020E-03  1.094E-02  1.455E-02  1.022E-02  6.366E-03  7.554E-03  7.808E-03  8.510E-03  1.134E-02  1.135E-02
  6.501E-03  7.734E-03  1.004E-02  1.003E-02  9.325E-03  5.385E-03  1.155E-02  1.072E-02  9.343E-03  5.492E-03
  8.539E-03  8.512E-03  7.586E-03  8.367E-03  7.540E-03  1.345E-02  7.645E-03  7.900E-03  1.078E-02  6.525E-03
  5.284E-03  9.688E-03  1.063E-02  4.680E-03  8.701E-03  8.011E-03  8.884E-03  1.297E-02  6.780E-03  6.664E-03
  6.095E-03  1.356E-02  1.371E-02  7.969E-03  6.754E-03  7.513E-03  9.811E-03  7.274E-03  1.086E-02  9.045E-03
  5.866E-03  1.020E-02  1.088E-02  8.715E-03  1.131E-02  8.475E-03  1.391E-02  1.033E-02  1.086E-02  6.942E-03
  6.883E-03  7.153E-03  9.563E-03  9.334E-03  8.681E-03  1.565E-02  5.956E-03  6.655E-03  9.395E-03  4.684E-03
  6.130E-03  8.918E-03  9.141E-03  6.463E-03  9.429E-03  8.022E-03  9.128E-03  1.470E-02  8.234E-03  9.507E-03
  7.412E-03  1.532E-02  9.440E-03  6.419E-03  6.205E-03  6.821E-03  1.107E-02  8.929E-03  8.385E-03  8.225E-03
  4.300E-03  9.795E-03  1.262E-02  7.222E-03  1.110E-02  7.161E-03  1.369E-02  1.085E-02  9.342E-03  8.439E-03
  8.460E-03  9.051E-03  9.167E-03  1.014E-02  1.150E-02  1.467E-02  6.198E-03  7.193E-03  7.549E-03  3.566E-03
  7.971E-03  1.023E-02  9.318E-03  7.574E-03  1.012E-02  1.008E-02  6.999E-03  1.074E-02  9.141E-03  9.663E-03
  7.438E-03  1.714E-02  7.883E-03  8.024E-03  7.905E-03  4.139E-03  9.796E-03  8.651E-03  6.601E-03  6.606E-03
  4.931E-03  8.682E-03  1.392E-02  6.837E-03  1.081E-02  8.292E-03  1.326E-02  1.042E-02  9.255E-03  7.166E-03
  9.074E-03  8.728E-03  9.087E-03  1.008E-02  1.305E-02  1.317E-02  6.340E-03  6.767E-03  8.677E-03  4.753E-03
  6.068E-03  7.554E-03  1.196E-02  7.973E-03  9.881E-03  9.436E-03  6.504E-03  9.036E-03  1.168E-02  1.048E-02
  1.135E-02  1.473E-02  8.772E-03  8.932E-03  4.983E-03  7.017E-03  1.116E-02  9.459E-03  6.579E-03  7.447E-03
  5.722E-03  8.125E-03  1.327E-02  8.090E-03  1.047E-02  8.380E-03  1.287E-02  1.213E-02  8.350E-03  7.853E-03
  8.773E-03  8.246E-03  1.009E-02  1.017E-02  1.345E-02  1.200E-02  6.164E-03  4.393E-03  9.310E-03  7.106E-03
  7.654E-03  6.860E-03  9.916E-03  7.491E-03  8.669E-03  8.094E-03  9.992E-03  7.321E-03  1.040E-02  1.122E-02
  1.452E-02  1.066E-02  9.091E-03  8.978E-03  6.391E-03  1.079E-02  1.048E-02  1.080E-02  6.894E-03  9.056E-03
  7.014E-03  8.074E-03  1.408E-02  9.120E-03  9.807E-03  1.014E-02  1.400E-02  1.195E-02  7.909E-03  9.684E-03
  7.511E-03  9.989E-03  1.040E-02  1.213E-02  1.396E-02  8.629E-03  6.348E-03  3.228E-03  9.014E-03  5.804E-03
  8.608E-03  9.099E-03  8.217E-03  9.671E-03  5.235E-03  8.637E-03  1.407E-02  6.768E-03  9.555E-03  7.580E-03
  1.826E-02  6.580E-03  7.608E-03  7.895E-03  8.007E-03  9.876E-03  9.265E-03  1.172E-02  5.499E-03  9.962E-03
  7.504E-03  8.898E-03  1.483E-02  1.055E-02  1.018E-02  1.013E-02  1.511E-02  1.115E-02  7.174E-03  9.840E-03
  8.746E-03  8.361E-03  1.131E-02  1.029E-02  1.346E-02  9.834E-03  7.145E-03  5.276E-03  6.168E-03  5.596E-03
  8.167E-03  5.946E-03  7.681E-03  1.343E-02  6.581E-03  9.227E-03  1.371E-02  7.855E-03  1.158E-02  7.547E-03
  1.930E-02  6.454E-03  7.956E-03  7.125E-03  7.898E-03  1.120E-02  9.166E-03  1.162E-02  6.499E-03  7.172E-03
  1.020E-02  1.064E-02  1.520E-02  8.604E-03  7.335E-03  1.030E-02  1.528E-02  1.009E-02  7.996E-03  1.132E-02
  9.231E-03  1.052E-02  1.031E-02  1.137E-02  1.228E-02  7.927E-03  8.102E-03  7.487E-03  9.663E-03  6.523E-03
  6.945E-03  8.032E-03  1.064E-02  1.106E-02  6.311E-03  9.276E-03  1.255E-02  5.484E-03  1.180E-02  7.518E-03
  1.838E-02  7.525E-03  9.255E-03  4.001E-03  8.899E-03  1.268E-02  8.108E-03  1.023E-02  8.072E-03  5.776E-03
  1.102E-02  1.042E-02  1.455E-02  7.883E-03  9.367E-03  9.379E-03  1.697E-02  1.086E-02  7.014E-03  1.066E-02
  8.517E-03  1.144E-02  9.450E-03  1.453E-02  1.203E-02  9.979E-03  7.538E-03  8.037E-03  1.086E-02  7.553E-03
  5.740E-03  1.045E-02  9.776E-03  1.120E-02  8.404E-03  8.885E-03  9.452E-03  1.048E-02  9.562E-03  1.371E-02
  1.200E-02  8.830E-03  1.150E-02  6.993E-03  1.324E-02  1.708E-02  1.033E-02  9.837E-03  8.062E-03  7.180E-03
  1.111E-02  1.245E-02  1.527E-02  6.679E-03  7.924E-03  7.953E-03  1.795E-02  9.481E-03  7.377E-03  9.661E-03
  9.350E-03  1.123E-02  9.993E-03  1.703E-02  1.125E-02  1.003E-02  8.605E-03  1.149E-02  1.118E-02  7.434E-03
  6.398E-03  1.209E-02  1.004E-02  9.258E-03  9.893E-03  9.808E-03  7.908E-03  1.402E-02  7.717E-03  1.409E-02
  8.578E-03  1.266E-02  1.420E-02  7.504E-03  1.175E-02  1.398E-02  9.707E-03  8.663E-03  8.084E-03  8.529E-03
  1.008E-02  1.307E-02  1.485E-02  4.989E-03  8.373E-03  7.146E-03  1.898E-02  9.011E-03  9.168E-03  1.003E-02
  9.225E-03  1.070E-02  1.038E-02  1.819E-02  1.194E-02  1.092E-02  9.830E-03  8.971E-03  7.970E-03  7.052E-03
  6.814E-03  1.153E-02  8.047E-03  1.108E-02  1.136E-02  7.249E-03  8.522E-03  1.524E-02  7.203E-03  1.037E-02
  7.567E-03  1.382E-02  1.112E-02  6.067E-03  1.155E-02  1.289E-02  1.064E-02  5.492E-03  7.729E-03  9.405E-03
  9.409E-03  1.439E-02  1.390E-02  7.924E-03  9.640E-03  9.153E-03  1.794E-02  9.188E-03  9.771E-03  8.290E-03
  8.940E-03  1.052E-02  1.024E-02  1.680E-02  1.277E-02  9.416E-03  8.569E-03  8.411E-03  6.159E-03  8.868E-03
  8.313E-03  9.913E-03  7.691E-03  1.055E-02  9.434E-03  6.893E-03  6.086E-03  1.260E-02  9.865E-03  1.389E-02
  3.911E-03  1.194E-02  6.148E-03  7.998E-03  1.424E-02  1.093E-02  1.200E-02  5.998E-03  8.935E-03  9.644E-03
  8.671E-03  1.918E-02  1.485E-02  7.488E-03  8.538E-03  8.959E-03  1.788E-02  1.043E-02  1.006E-02  9.250E-03
  1.020E-02  1.066E-02  9.336E-03  1.565E-02  1.316E-02  7.898E-03  8.168E-03  7.907E-03  4.331E-03  1.008E-02
  8.817E-03  8.905E-03  8.790E-03  1.167E-02  9.816E-03  8.083E-03  8.106E-03  1.071E-02  1.066E-02  1.407E-02
  6.069E-03  1.324E-02  6.964E-03  8.677E-03  1.325E-02  9.343E-03  1.106E-02  6.820E-03  1.090E-02  9.007E-03
  1.112E-02  1.782E-02  1.284E-02  6.948E-03  9.435E-03  1.175E-02  2.117E-02  1.219E-02  8.820E-03  1.048E-02
  1.140E-02  1.011E-02  8.833E-03  1.604E-02  1.512E-02  6.551E-03  1.061E-02  6.541E-03  6.457E-03  6.356E-03
  9.026E-03  9.837E-03  1.029E-02  1.119E-02  9.468E-03  8.866E-03  7.470E-03  9.721E-03  1.300E-02  1.262E-02

#------------------------------------------------------------------------------
# gshow
#------------------------------------------------------------------------------

p: legs[c5*0.875]

hb:   line clip z  
frame:
 -2.0000000E+01 -1.1000000E+02
  2.0000000E+01 -1.1000000E+02
  2.0000000E+01  1.0000000E+01
 -2.0000000E+01  1.0000000E+01
clip:
 -2.097561E+01 -1.111881E+02
  2.097561E+01 -1.111881E+02
  2.097561E+01 -1.099644E+02
  2.097561E+01 -1.087406E+02
  2.097561E+01 -1.075168E+02
  2.097561E+01 -1.062931E+02
  2.097561E+01 -1.050693E+02
  2.097561E+01 -1.038455E+02
  2.097561E+01 -1.026218E+02
  2.097561E+01 -1.013980E+02
  2.097561E+01 -1.001743E+02
  2.097561E+01 -9.895050E+01
  2.097561E+01 -9.772673E+01
  2.097561E+01 -9.650297E+01
  2.097561E+01 -9.527921E+01
  2.097561E+01 -9.405545E+01
  2.097561E+01 -9.283168E+01
  2.097561E+01 -9.160792E+01
  2.097561E+01 -9.038416E+01
  2.097561E+01 -8.916040E+01
  2.097561E+01 -8.793663E+01
  2.097561E+01 -8.671287E+01
  2.097561E+01 -8.548911E+01
  2.097561E+01 -8.426535E+01
  2.097561E+01 -8.304158E+01
  2.097561E+01 -8.181782E+01
  2.097561E+01 -8.059406E+01
  2.097561E+01 -7.937030E+01
  2.097561E+01 -7.814653E+01
  2.097561E+01 -7.692277E+01
  2.097561E+01 -7.569901E+01
  2.097561E+01 -7.447525E+01
  2.097561E+01 -7.325149E+01
  2.097561E+01 -7.202772E+01
  2.097561E+01 -7.080396E+01
  2.097561E+01 -6.958020E+01
  2.097561E+01 -6.835644E+01
  2.097561E+01 -6.713267E+01
  2.097561E+01 -6.590891E+01
  2.097561E+01 -6.468515E+01
  2.097561E+01 -6.346139E+01
  2.097561E+01 -6.223762E+01
  2.097561E+01 -6.101386E+01
  2.097561E+01 -5.979010E+01
  2.097561E+01 -5.856634E+01
  2.097561E+01 -5.734257E+01
  2.097561E+01 -5.611881E+01
  2.097561E+01 -5.489505E+01
  2.097561E+01 -5.367129E+01
  2.097561E+01 -5.244752E+01
  2.097561E+01 -5.122376E+01
  2.097561E+01 -5.000000E+01
  2.097561E+01 -4.877624E+01
  2.097561E+01 -4.755248E+01
  2.097561E+01 -4.632871E+01
  2.097561E+01 -4.510495E+01
  2.097561E+01 -4.388119E+01
  2.097561E+01 -4.265743E+01
  2.097561E+01 -4.143366E+01
  2.097561E+01 -4.020990E+01
  2.097561E+01 -3.898614E+01
  2.097561E+01 -3.776238E+01
  2.097561E+01 -3.653861E+01
  2.097561E+01 -3.531485E+01
  2.097561E+01 -3.409109E+01
  2.097561E+01 -3.286733E+01
  2.097561E+01 -3.164356E+01
  2.097561E+01 -3.041980E+01
  2.097561E+01 -2.919604E+01
  2.097561E+01 -2.797228E+01
  2.097561E+01 -2.674851E+01
  2.097561E+01 -2.552475E+01
  2.097561E+01 -2.430099E+01
  2.097561E+01 -2.307723E+01
  2.097561E+01 -2.185347E+01
  2.097561E+01 -2.062970E+01
  2.097561E+01 -1.940594E+01
  2.097561E+01 -1.818218E+01
  2.097561E+01 -1.695842E+01
  2.097561E+01 -1.573465E+01
  2.097561E+01 -1.451089E+01
  2.097561E+01 -1.328713E+01
  2.097561E+01 -1.206337E+01
  2.097561E+01 -1.083960E+01
  2.097561E+01 -9.615842E+00
  2.097561E+01 -8.392079E+00
  2.097561E+01 -7.168317E+00
  2.097561E+01 -5.944554E+00
  2.097561E+01 -4.720792E+00
  2.097561E+01 -3.497030E+00
  2.097561E+01 -2.273267E+00
  2.097561E+01 -1.049505E+00
  2.097561E+01  1.742574E-01
  2.097561E+01  1.398020E+00
  2.097561E+01  2.621782E+00
  2.097561E+01  3.845545E+00
  2.097561E+01  5.069307E+00
  2.097561E+01  6.293069E+00
  2.097561E+01  7.516832E+00
  2.097561E+01  8.740594E+00
  2.097561E+01  9.964356E+00
  2.097561E+01  1.118812E+01
  1.992683E+01  1.118812E+01
  1.887805E+01  1.118812E+01
  1.782927E+01  1.118812E+01
  1.678049E+01  1.118812E+01
  1.573171E+01  1.118812E+01
  1.500000E+01  1.118812E+01
  1.500000E+01  1.045641E+01
  1.500000E+01  9.964356E+00
  1.500000E+01  9.232649E+00
  1.500000E+01  8.740594E+00
  1.500000E+01  8.008887E+00
  1.500000E+01  7.516832E+00
  1.500000E+01  6.785124E+00
  1.500000E+01  6.293069E+00
  1.500000E+01  5.561362E+00
  1.500000E+01  5.069307E+00
  1.500000E+01  4.337600E+00
  1.500000E+01  3.845545E+00
  1.500000E+01  3.113837E+00
  1.500000E+01  2.621782E+00
  1.500000E+01  1.890075E+00
  1.500000E+01  1.398020E+00
  1.500000E+01  6.663125E-01
  1.500000E+01  1.742574E-01
  1.468293E+01  0.000000E+00
  1.363342E+01  0.000000E+00
  1.258464E+01  0.000000E+00
  1.153586E+01  0.000000E+00
  1.048708E+01  0.000000E+00
  9.438300E+00  0.000000E+00
  8.389519E+00  0.000000E+00
  7.340739E+00  0.000000E+00
  6.291958E+00  0.000000E+00
  5.243178E+00  0.000000E+00
  4.194398E+00  0.000000E+00
  3.145617E+00  0.000000E+00
  2.096837E+00  0.000000E+00
  1.048056E+00  0.000000E+00
 -7.244269E-04  0.000000E+00
 -1.049505E+00  0.000000E+00
 -2.098285E+00  0.000000E+00
 -3.147066E+00  0.000000E+00
 -4.195846E+00  0.000000E+00
 -5.244627E+00  0.000000E+00
 -6.293407E+00  0.000000E+00
 -7.342188E+00  0.000000E+00
 -8.390968E+00  0.000000E+00
 -9.439749E+00  0.000000E+00
 -1.048853E+01  0.000000E+00
 -1.153731E+01  0.000000E+00
 -1.258609E+01  0.000000E+00
 -1.363487E+01  0.000000E+00
 -1.468365E+01  0.000000E+00
 -1.500000E+01  1.742574E-01
 -1.500000E+01  9.059648E-01
 -1.500000E+01  1.398020E+00
 -1.500000E+01  2.129727E+00
 -1.500000E+01  2.621782E+00
 -1.500000E+01  3.353490E+00
 -1.500000E+01  3.845545E+00
 -1.500000E+01  4.577252E+00
 -1.500000E+01  5.069307E+00
 -1.500000E+01  5.801014E+00
 -1.500000E+01  6.293069E+00
 -1.500000E+01  7.024777E+00
 -1.500000E+01  7.516832E+00
 -1.500000E+01  8.248539E+00
 -1.500000E+01  8.740594E+00
 -1.500000E+01  9.472301E+00
 -1.500000E+01  9.964356E+00
 -1.500000E+01  1.069606E+01
 -1.500000E+01  1.118812E+01
 -1.573171E+01  1.118812E+01
 -1.678049E+01  1.118812E+01
 -1.782927E+01  1.118812E+01
 -1.887805E+01  1.118812E+01
 -1.992683E+01  1.118812E+01
 -2.097561E+01  1.118812E+01
 -2.097561E+01  9.964356E+00
 -2.097561E+01  8.740594E+00
 -2.097561E+01  7.516832E+00
 -2.097561E+01  6.293069E+00
 -2.097561E+01  5.069307E+00
 -2.097561E+01  3.845545E+00
 -2.097561E+01  2.621782E+00
 -2.097561E+01  1.398020E+00
 -2.097561E+01  1.742574E-01
 -2.097561E+01 -1.049505E+00
 -2.097561E+01 -2.273267E+00
 -2.097561E+01 -3.497030E+00
 -2.097561E+01 -4.720792E+00
 -2.097561E+01 -5.944554E+00
 -2.097561E+01 -7.168317E+00
 -2.097561E+01 -8.392079E+00
 -2.097561E+01 -9.615842E+00
 -2.097561E+01 -1.083960E+01
 -2.097561E+01 -1.206337E+01
 -2.097561E+01 -1.328713E+01
 -2.097561E+01 -1.451089E+01
 -2.097561E+01 -1.573465E+01
 -2.097561E+01 -1.695842E+01
 -2.097561E+01 -1.818218E+01
 -2.097561E+01 -1.940594E+01
 -2.097561E+01 -2.062970E+01
 -2.097561E+01 -2.185347E+01
 -2.097561E+01 -2.307723E+01
 -2.097561E+01 -2.430099E+01
 -2.097561E+01 -2.552475E+01
 -2.097561E+01 -2.674851E+01
 -2.097561E+01 -2.797228E+01
 -2.097561E+01 -2.919604E+01
 -2.097561E+01 -3.041980E+01
 -2.097561E+01 -3.164356E+01
 -2.097561E+01 -3.286733E+01
 -2.097561E+01 -3.409109E+01
 -2.097561E+01 -3.531485E+01
 -2.097561E+01 -3.653861E+01
 -2.097561E+01 -3.776238E+01
 -2.097561E+01 -3.898614E+01
 -2.097561E+01 -4.020990E+01
 -2.097561E+01 -4.143366E+01
 -2.097561E+01 -4.265743E+01
 -2.097561E+01 -4.388119E+01
 -2.097561E+01 -4.510495E+01
 -2.097561E+01 -4.632871E+01
 -2.097561E+01 -4.755248E+01
 -2.097561E+01 -4.877624E+01
 -2.097561E+01 -5.000000E+01
 -2.097561E+01 -5.122376E+01
 -2.097561E+01 -5.244752E+01
 -2.097561E+01 -5.367129E+01
 -2.097561E+01 -5.489505E+01
 -2.097561E+01 -5.611881E+01
 -2.097561E+01 -5.734257E+01
 -2.097561E+01 -5.856634E+01
 -2.097561E+01 -5.979010E+01
 -2.097561E+01 -6.101386E+01
 -2.097561E+01 -6.223762E+01
 -2.097561E+01 -6.346139E+01
 -2.097561E+01 -6.468515E+01
 -2.097561E+01 -6.590891E+01
 -2.097561E+01 -6.713267E+01
 -2.097561E+01 -6.835644E+01
 -2.097561E+01 -6.958020E+01
 -2.097561E+01 -7.080396E+01
 -2.097561E+01 -7.202772E+01
 -2.097561E+01 -7.325149E+01
 -2.097561E+01 -7.447525E+01
 -2.097561E+01 -7.569901E+01
 -2.097561E+01 -7.692277E+01
 -2.097561E+01 -7.814653E+01
 -2.097561E+01 -7.937030E+01
 -2.097561E+01 -8.059406E+01
 -2.097561E+01 -8.181782E+01
 -2.097561E+01 -8.304158E+01
 -2.097561E+01 -8.426535E+01
 -2.097561E+01 -8.548911E+01
 -2.097561E+01 -8.671287E+01
 -2.097561E+01 -8.793663E+01
 -2.097561E+01 -8.916040E+01
 -2.097561E+01 -9.038416E+01
 -2.097561E+01 -9.160792E+01
 -2.097561E+01 -9.283168E+01
 -2.097561E+01 -9.405545E+01
 -2.097561E+01 -9.527921E+01
 -2.097561E+01 -9.650297E+01
 -2.097561E+01 -9.772673E+01
 -2.097561E+01 -9.895050E+01
 -2.097561E+01 -1.001743E+02
 -2.097561E+01 -1.013980E+02
 -2.097561E+01 -1.026218E+02
 -2.097561E+01 -1.038455E+02
 -2.097561E+01 -1.050693E+02
 -2.097561E+01 -1.062931E+02
 -2.097561E+01 -1.075168E+02
 -2.097561E+01 -1.087406E+02
 -2.097561E+01 -1.099644E+02
 -2.097561E+01 -1.111881E+02

hb:   line clip z  
frame:
 -2.0000000E+01 -1.1000000E+02
  2.0000000E+01 -1.1000000E+02
  2.0000000E+01  1.0000000E+01
 -2.0000000E+01  1.0000000E+01
clip:
 -1.485718E+01  0.000000E+00
  1.485718E+01  0.000000E+00
  1.500000E+01  1.742574E-01
  1.500000E+01  4.913306E-01
  1.500000E+01  1.398020E+00
  1.500000E+01  1.715093E+00
  1.500000E+01  2.621782E+00
  1.500000E+01  2.938855E+00
  1.500000E+01  3.845545E+00
  1.500000E+01  4.162618E+00
  1.500000E+01  5.069307E+00
  1.500000E+01  5.386380E+00
  1.500000E+01  6.293069E+00
  1.500000E+01  6.610142E+00
  1.500000E+01  7.516832E+00
  1.500000E+01  7.833905E+00
  1.500000E+01  8.740594E+00
  1.500000E+01  9.057667E+00
  1.500000E+01  9.964356E+00
  1.500000E+01  1.028143E+01
  1.500000E+01  1.118812E+01
  1.468293E+01  1.118812E+01
  1.363415E+01  1.118812E+01
  1.258537E+01  1.118812E+01
  1.153659E+01  1.118812E+01
  1.048780E+01  1.118812E+01
  9.439024E+00  1.118812E+01
  8.390244E+00  1.118812E+01
  7.341463E+00  1.118812E+01
  6.292683E+00  1.118812E+01
  5.243902E+00  1.118812E+01
  4.195122E+00  1.118812E+01
  3.146341E+00  1.118812E+01
  2.097561E+00  1.118812E+01
  1.048781E+00  1.118812E+01
  1.234568E-08  1.118812E+01
 -1.048780E+00  1.118812E+01
 -2.097561E+00  1.118812E+01
 -3.146341E+00  1.118812E+01
 -4.195122E+00  1.118812E+01
 -5.243902E+00  1.118812E+01
 -6.292683E+00  1.118812E+01
 -7.341463E+00  1.118812E+01
 -8.390244E+00  1.118812E+01
 -9.439024E+00  1.118812E+01
 -1.048780E+01  1.118812E+01
 -1.153659E+01  1.118812E+01
 -1.258537E+01  1.118812E+01
 -1.363415E+01  1.118812E+01
 -1.468293E+01  1.118812E+01
 -1.500000E+01  1.118812E+01
 -1.500000E+01  1.087105E+01
 -1.500000E+01  9.964356E+00
 -1.500000E+01  9.647283E+00
 -1.500000E+01  8.740594E+00
 -1.500000E+01  8.423521E+00
 -1.500000E+01  7.516832E+00
 -1.500000E+01  7.199759E+00
 -1.500000E+01  6.293069E+00
 -1.500000E+01  5.975996E+00
 -1.500000E+01  5.069307E+00
 -1.500000E+01  4.752234E+00
 -1.500000E+01  3.845545E+00
 -1.500000E+01  3.528471E+00
 -1.500000E+01  2.621782E+00
 -1.500000E+01  2.304709E+00
 -1.500000E+01  1.398020E+00
 -1.500000E+01  1.080947E+00
 -1.500000E+01  1.742574E-01

#------------------------------------------------------------------------------
z: xorg(1.03)
p: xfac[c2*0.05] form[c1/0.05] notc noxt noyt dmin(1)
p: ymin(0) ymax(1) xmin(0) xmax(1) cmin(1) cmax(100) nosp
hc: y= 0.005 to 0.995 by 0.01 ; x= 0.5 to 0.5 by 1 ;
 1  2  3  4  5  6  7  8  9 10 11 12 13 14 15 16 17 18 19 20
21 22 23 24 25 26 27 28 29 30 31 32 33 34 35 36 37 38 39 40
41 42 43 44 45 46 47 48 49 50 51 52 53 54 55 56 57 58 59 60
61 62 63 64 65 66 67 68 69 70 71 72 73 74 75 76 77 78 79 80
81 82 83 84 85 86 87 88 89 90 91 92 93 94 95 96 97 98 99 100
z: xorg(0.0)
p: xfac[c2*0.05] form[c1/0.05] nosp afac[c5*0.625] ymin[c3] ymax[c4]
p: noxt noxn ytxt(-1) ynum(-1) xltd(-1) xstd(-1) itic(1) ylog
y: Relative Error
#------------------------------------------------------------------------------

wt: s[c5]
\vspace{-3}
  emin  &=&   0.0000E+00 [MeV]
  emax  &=&   1.0000E+03 [MeV]
  xmin  &=&  -2.0000E+01 [cm]
  xmax  &=&   2.0000E+01 [cm]
  part. &=& all     
e:

#------------------------------------------------------------------------------
z: xorg[-1.03/0.05]
p: form[c1] xfac[c2] afac[c5] nosp notf
p: xmin( -20.00000    ) xmax(  20.00000    )
p: ymin( -110.0000    ) ymax(  10.00000    )
 
# Information for Restart Calculation
# This calculation was newly started
# istdev =  1 # 1:Batch variance, 2:History variance
# resc2  = 6.61396069836233664E+01 # Total source weight or Total source weight / maxcas
# resc3  = 9.00000000000000000E+00 # Total history number or Total batch number
# maxcas =     5000000 # History / Batch, only used for istdev=1
# rijklst= 180793790403481.0 # Next initial random number
