[ T - Deposit ]
    title = [t-deposit: icntl=0]
     mesh =  xyz            # mesh type is xyz scoring mesh
   x-type =    2            # x-mesh is linear given by xmin, xmax and nx
     xmin = -0.1000000      # minimum value of x-mesh points
     xmax =  0.1000000      # maximum value of x-mesh points
#    xdel =  0.2000000      # mesh width of x-mesh points
       nx =    1            # number of x-mesh points
#    data = ( x(i), i = 1, nx + 1 )
#          -1.00000E-01  1.00000E-01
   y-type =    2            # y-mesh is linear given by ymin, ymax and ny
     ymin =   0.000000      # minimum value of y-mesh points
     ymax =   30.00000      # maximum value of y-mesh points
#    ydel =  0.2000000      # mesh width of y-mesh points
       ny =  150            # number of y-mesh points
#    data = ( y(i), i = 1, ny + 1 )
#           0.00000E+00  2.00000E-01  4.00000E-01  6.00000E-01  8.00000E-01
#           1.00000E+00  1.20000E+00  1.40000E+00  1.60000E+00  1.80000E+00
#           2.00000E+00  2.20000E+00  2.40000E+00  2.60000E+00  2.80000E+00
#           3.00000E+00  3.20000E+00  3.40000E+00  3.60000E+00  3.80000E+00
#           4.00000E+00  4.20000E+00  4.40000E+00  4.60000E+00  4.80000E+00
#           5.00000E+00  5.20000E+00  5.40000E+00  5.60000E+00  5.80000E+00
#           6.00000E+00  6.20000E+00  6.40000E+00  6.60000E+00  6.80000E+00
#           7.00000E+00  7.20000E+00  7.40000E+00  7.60000E+00  7.80000E+00
#           8.00000E+00  8.20000E+00  8.40000E+00  8.60000E+00  8.80000E+00
#           9.00000E+00  9.20000E+00  9.40000E+00  9.60000E+00  9.80000E+00
#           1.00000E+01  1.02000E+01  1.04000E+01  1.06000E+01  1.08000E+01
#           1.10000E+01  1.12000E+01  1.14000E+01  1.16000E+01  1.18000E+01
#           1.20000E+01  1.22000E+01  1.24000E+01  1.26000E+01  1.28000E+01
#           1.30000E+01  1.32000E+01  1.34000E+01  1.36000E+01  1.38000E+01
#           1.40000E+01  1.42000E+01  1.44000E+01  1.46000E+01  1.48000E+01
#           1.50000E+01  1.52000E+01  1.54000E+01  1.56000E+01  1.58000E+01
#           1.60000E+01  1.62000E+01  1.64000E+01  1.66000E+01  1.68000E+01
#           1.70000E+01  1.72000E+01  1.74000E+01  1.76000E+01  1.78000E+01
#           1.80000E+01  1.82000E+01  1.84000E+01  1.86000E+01  1.88000E+01
#           1.90000E+01  1.92000E+01  1.94000E+01  1.96000E+01  1.98000E+01
#           2.00000E+01  2.02000E+01  2.04000E+01  2.06000E+01  2.08000E+01
#           2.10000E+01  2.12000E+01  2.14000E+01  2.16000E+01  2.18000E+01
#           2.20000E+01  2.22000E+01  2.24000E+01  2.26000E+01  2.28000E+01
#           2.30000E+01  2.32000E+01  2.34000E+01  2.36000E+01  2.38000E+01
#           2.40000E+01  2.42000E+01  2.44000E+01  2.46000E+01  2.48000E+01
#           2.50000E+01  2.52000E+01  2.54000E+01  2.56000E+01  2.58000E+01
#           2.60000E+01  2.62000E+01  2.64000E+01  2.66000E+01  2.68000E+01
#           2.70000E+01  2.72000E+01  2.74000E+01  2.76000E+01  2.78000E+01
#           2.80000E+01  2.82000E+01  2.84000E+01  2.86000E+01  2.88000E+01
#           2.90000E+01  2.92000E+01  2.94000E+01  2.96000E+01  2.98000E+01
#           3.00000E+01
   z-type =    2            # z-mesh is linear given by zmin, zmax and nz
     zmin = -0.1000000      # minimum value of z-mesh points
     zmax =  0.1000000      # maximum value of z-mesh points
#    zdel =  0.2000000      # mesh width of z-mesh points
       nz =    1            # number of z-mesh points
#    data = ( z(i), i = 1, nz + 1 )
#          -1.00000E-01  1.00000E-01
     unit =    0            # unit is [Gy/source]
   letmat =    0            # (D=0) mat ID for LET, 0:real mat, <0: electron for H2O
  dedxfnc =    0            # (D=0) user defined multiplier, 0(no), 1, 2
 material =  all            # (D=all) number of specific material
   output =  dose           # total deposit energy
  deposit =    0            # (D=0) 0-> total deposit dist, 1-> each process
     axis =     y           # axis of output
     file = deposit-y-water.out  # file name of output for the above axis
     part =  all      
# kf/name :  0        
   epsout =    1            # (D=0) generate eps file by ANGEL
#    used :        main (  %)        temp (  %)       total (  %)
#  memory :         158 (  0)           0 (  0)         158 (  0)

#------------------------------------------------------------------------------
#newpage:
#   no. =  1   ix  =  1   iz  =  1
#   x = (  -1.0000E-01  -   1.0000E-01  )
#   z = (  -1.0000E-01  -   1.0000E-01  )

x: y [cm]
y: Dose [Gy/source]      
p: xlin ylog afac(0.8) form(0.9)
h: n            x            y(all     ),hh0l   n 
#  y-lower      y-upper      all         r.err 
   0.0000E+00   2.0000E-01   3.4716E-14  0.0122
   2.0000E-01   4.0000E-01   5.9369E-14  0.0104
   4.0000E-01   6.0000E-01   7.1023E-14  0.0090
   6.0000E-01   8.0000E-01   7.7157E-14  0.0093
   8.0000E-01   1.0000E+00   8.1465E-14  0.0071
   1.0000E+00   1.2000E+00   8.1944E-14  0.0071
   1.2000E+00   1.4000E+00   8.2669E-14  0.0099
   1.4000E+00   1.6000E+00   8.3997E-14  0.0086
   1.6000E+00   1.8000E+00   8.3636E-14  0.0082
   1.8000E+00   2.0000E+00   8.3632E-14  0.0091
   2.0000E+00   2.2000E+00   8.2452E-14  0.0069
   2.2000E+00   2.4000E+00   8.2143E-14  0.0099
   2.4000E+00   2.6000E+00   8.1027E-14  0.0115
   2.6000E+00   2.8000E+00   7.9627E-14  0.0092
   2.8000E+00   3.0000E+00   8.0100E-14  0.0082
   3.0000E+00   3.2000E+00   7.8948E-14  0.0107
   3.2000E+00   3.4000E+00   7.5940E-14  0.0077
   3.4000E+00   3.6000E+00   7.6450E-14  0.0093
   3.6000E+00   3.8000E+00   7.5217E-14  0.0084
   3.8000E+00   4.0000E+00   7.4469E-14  0.0085
   4.0000E+00   4.2000E+00   7.3243E-14  0.0095
   4.2000E+00   4.4000E+00   7.2102E-14  0.0085
   4.4000E+00   4.6000E+00   7.0640E-14  0.0092
   4.6000E+00   4.8000E+00   7.0590E-14  0.0112
   4.8000E+00   5.0000E+00   7.0539E-14  0.0082
   5.0000E+00   5.2000E+00   6.8314E-14  0.0099
   5.2000E+00   5.4000E+00   6.6821E-14  0.0115
   5.4000E+00   5.6000E+00   6.6163E-14  0.0082
   5.6000E+00   5.8000E+00   6.5130E-14  0.0105
   5.8000E+00   6.0000E+00   6.4362E-14  0.0096
   6.0000E+00   6.2000E+00   6.4910E-14  0.0098
   6.2000E+00   6.4000E+00   6.2452E-14  0.0112
   6.4000E+00   6.6000E+00   6.2274E-14  0.0110
   6.6000E+00   6.8000E+00   6.1256E-14  0.0090
   6.8000E+00   7.0000E+00   6.0222E-14  0.0114
   7.0000E+00   7.2000E+00   5.8912E-14  0.0118
   7.2000E+00   7.4000E+00   5.7881E-14  0.0102
   7.4000E+00   7.6000E+00   5.7744E-14  0.0113
   7.6000E+00   7.8000E+00   5.7410E-14  0.0086
   7.8000E+00   8.0000E+00   5.6603E-14  0.0091
   8.0000E+00   8.2000E+00   5.5558E-14  0.0108
   8.2000E+00   8.4000E+00   5.4085E-14  0.0118
   8.4000E+00   8.6000E+00   5.3632E-14  0.0111
   8.6000E+00   8.8000E+00   5.3622E-14  0.0106
   8.8000E+00   9.0000E+00   5.2945E-14  0.0114
   9.0000E+00   9.2000E+00   5.3042E-14  0.0112
   9.2000E+00   9.4000E+00   5.1785E-14  0.0105
   9.4000E+00   9.6000E+00   4.9977E-14  0.0111
   9.6000E+00   9.8000E+00   4.9915E-14  0.0115
   9.8000E+00   1.0000E+01   4.8678E-14  0.0116
   1.0000E+01   1.0200E+01   4.9564E-14  0.0113
   1.0200E+01   1.0400E+01   4.7814E-14  0.0121
   1.0400E+01   1.0600E+01   4.7292E-14  0.0127
   1.0600E+01   1.0800E+01   4.5771E-14  0.0138
   1.0800E+01   1.1000E+01   4.6157E-14  0.0139
   1.1000E+01   1.1200E+01   4.5593E-14  0.0129
   1.1200E+01   1.1400E+01   4.4912E-14  0.0113
   1.1400E+01   1.1600E+01   4.3735E-14  0.0123
   1.1600E+01   1.1800E+01   4.3100E-14  0.0138
   1.1800E+01   1.2000E+01   4.2713E-14  0.0099
   1.2000E+01   1.2200E+01   4.2087E-14  0.0117
   1.2200E+01   1.2400E+01   4.1211E-14  0.0136
   1.2400E+01   1.2600E+01   4.1436E-14  0.0134
   1.2600E+01   1.2800E+01   4.0724E-14  0.0127
   1.2800E+01   1.3000E+01   4.0297E-14  0.0102
   1.3000E+01   1.3200E+01   3.9274E-14  0.0117
   1.3200E+01   1.3400E+01   4.0128E-14  0.0124
   1.3400E+01   1.3600E+01   3.8793E-14  0.0138
   1.3600E+01   1.3800E+01   3.7919E-14  0.0121
   1.3800E+01   1.4000E+01   3.7856E-14  0.0118
   1.4000E+01   1.4200E+01   3.6897E-14  0.0115
   1.4200E+01   1.4400E+01   3.6426E-14  0.0145
   1.4400E+01   1.4600E+01   3.5840E-14  0.0130
   1.4600E+01   1.4800E+01   3.5149E-14  0.0136
   1.4800E+01   1.5000E+01   3.4414E-14  0.0164
   1.5000E+01   1.5200E+01   3.4007E-14  0.0164
   1.5200E+01   1.5400E+01   3.3805E-14  0.0153
   1.5400E+01   1.5600E+01   3.2856E-14  0.0161
   1.5600E+01   1.5800E+01   3.3175E-14  0.0111
   1.5800E+01   1.6000E+01   3.2937E-14  0.0137
   1.6000E+01   1.6200E+01   3.2829E-14  0.0181
   1.6200E+01   1.6400E+01   3.1697E-14  0.0157
   1.6400E+01   1.6600E+01   3.1065E-14  0.0166
   1.6600E+01   1.6800E+01   3.1076E-14  0.0147
   1.6800E+01   1.7000E+01   3.1121E-14  0.0147
   1.7000E+01   1.7200E+01   3.0177E-14  0.0135
   1.7200E+01   1.7400E+01   2.9703E-14  0.0122
   1.7400E+01   1.7600E+01   2.9873E-14  0.0146
   1.7600E+01   1.7800E+01   2.8755E-14  0.0190
   1.7800E+01   1.8000E+01   2.8580E-14  0.0178
   1.8000E+01   1.8200E+01   2.8056E-14  0.0171
   1.8200E+01   1.8400E+01   2.7712E-14  0.0119
   1.8400E+01   1.8600E+01   2.7439E-14  0.0179
   1.8600E+01   1.8800E+01   2.7171E-14  0.0215
   1.8800E+01   1.9000E+01   2.7147E-14  0.0140
   1.9000E+01   1.9200E+01   2.6824E-14  0.0146
   1.9200E+01   1.9400E+01   2.6736E-14  0.0157
   1.9400E+01   1.9600E+01   2.6173E-14  0.0178
   1.9600E+01   1.9800E+01   2.5172E-14  0.0163
   1.9800E+01   2.0000E+01   2.5500E-14  0.0164
   2.0000E+01   2.0200E+01   2.4916E-14  0.0146
   2.0200E+01   2.0400E+01   2.4624E-14  0.0165
   2.0400E+01   2.0600E+01   2.3908E-14  0.0143
   2.0600E+01   2.0800E+01   2.3351E-14  0.0163
   2.0800E+01   2.1000E+01   2.3515E-14  0.0167
   2.1000E+01   2.1200E+01   2.3884E-14  0.0185
   2.1200E+01   2.1400E+01   2.3479E-14  0.0161
   2.1400E+01   2.1600E+01   2.2952E-14  0.0184
   2.1600E+01   2.1800E+01   2.2770E-14  0.0202
   2.1800E+01   2.2000E+01   2.2015E-14  0.0168
   2.2000E+01   2.2200E+01   2.1788E-14  0.0178
   2.2200E+01   2.2400E+01   2.1294E-14  0.0148
   2.2400E+01   2.2600E+01   2.0721E-14  0.0139
   2.2600E+01   2.2800E+01   2.0865E-14  0.0177
   2.2800E+01   2.3000E+01   2.1124E-14  0.0185
   2.3000E+01   2.3200E+01   2.0404E-14  0.0232
   2.3200E+01   2.3400E+01   2.0773E-14  0.0183
   2.3400E+01   2.3600E+01   2.0187E-14  0.0177
   2.3600E+01   2.3800E+01   1.9765E-14  0.0161
   2.3800E+01   2.4000E+01   1.9420E-14  0.0210
   2.4000E+01   2.4200E+01   1.9780E-14  0.0173
   2.4200E+01   2.4400E+01   1.9307E-14  0.0206
   2.4400E+01   2.4600E+01   1.9466E-14  0.0186
   2.4600E+01   2.4800E+01   1.8445E-14  0.0192
   2.4800E+01   2.5000E+01   1.8433E-14  0.0198
   2.5000E+01   2.5200E+01   1.8054E-14  0.0174
   2.5200E+01   2.5400E+01   1.7508E-14  0.0202
   2.5400E+01   2.5600E+01   1.7310E-14  0.0218
   2.5600E+01   2.5800E+01   1.7216E-14  0.0206
   2.5800E+01   2.6000E+01   1.6908E-14  0.0183
   2.6000E+01   2.6200E+01   1.6753E-14  0.0181
   2.6200E+01   2.6400E+01   1.6205E-14  0.0210
   2.6400E+01   2.6600E+01   1.6484E-14  0.0160
   2.6600E+01   2.6800E+01   1.6365E-14  0.0182
   2.6800E+01   2.7000E+01   1.6323E-14  0.0185
   2.7000E+01   2.7200E+01   1.6200E-14  0.0209
   2.7200E+01   2.7400E+01   1.6023E-14  0.0203
   2.7400E+01   2.7600E+01   1.5471E-14  0.0224
   2.7600E+01   2.7800E+01   1.5090E-14  0.0233
   2.7800E+01   2.8000E+01   1.4609E-14  0.0185
   2.8000E+01   2.8200E+01   1.4425E-14  0.0191
   2.8200E+01   2.8400E+01   1.4929E-14  0.0207
   2.8400E+01   2.8600E+01   1.4719E-14  0.0220
   2.8600E+01   2.8800E+01   1.4278E-14  0.0207
   2.8800E+01   2.9000E+01   1.4302E-14  0.0233
   2.9000E+01   2.9200E+01   1.3727E-14  0.0230
   2.9200E+01   2.9400E+01   1.4378E-14  0.0265
   2.9400E+01   2.9600E+01   1.3626E-14  0.0214
   2.9600E+01   2.9800E+01   1.3516E-14  0.0191
   2.9800E+01   3.0000E+01   1.3270E-14  0.0195

'no. =  1,  iz =  1,  ix =  1'
msuc: {\huge [t-deposit: icntl=0]}
msdr: {\it plotted by \ANGEL \version}
msdl: {\it calculated by \PHITS  3.02}
wt: s(0.7)
\vspace{-3}
  xmin  &=&  -1.0000E-01 [cm]
  xmax  &=&   1.0000E-01 [cm]
  zmin  &=&  -1.0000E-01 [cm]
  zmax  &=&   1.0000E-01 [cm]
e:
 
# Information for Restart Calculation
# This calculation was newly started
# istdev =  1 # 1:Batch variance, 2:History variance
# resc2  = 2.20465357096156936E+02 # Total source weight or Total source weight / maxcas
# resc3  = 3.00000000000000000E+01 # Total history number or Total batch number
# maxcas =     5000000 # History / Batch, only used for istdev=1
# rijklst=  49630065749145.0 # Next initial random number
